INFO - 2024-08-02 04:27:21 --> Session: Class initialized using 'CodeIgniter\Session\Handlers\FileHandler' driver.
INFO - 2024-08-02 09:17:12 --> Session: Class initialized using 'CodeIgniter\Session\Handlers\FileHandler' driver.
INFO - 2024-08-02 09:17:13 --> Session: Class initialized using 'CodeIgniter\Session\Handlers\FileHandler' driver.
INFO - 2024-08-02 09:17:22 --> Session: Class initialized using 'CodeIgniter\Session\Handlers\FileHandler' driver.
INFO - 2024-08-02 09:17:22 --> Session: Class initialized using 'CodeIgniter\Session\Handlers\FileHandler' driver.
INFO - 2024-08-02 09:17:22 --> Session: Class initialized using 'CodeIgniter\Session\Handlers\FileHandler' driver.
INFO - 2024-08-02 09:17:27 --> Session: Class initialized using 'CodeIgniter\Session\Handlers\FileHandler' driver.
CRITICAL - 2024-08-02 09:17:27 --> BadMethodCallException: Call to undefined method App\Models\PeriodicalModel::approve
in SYSTEMPATH\Model.php on line 874.
 1 APPPATH\Controllers\SupervisorController.php(118): CodeIgniter\Model->__call('approve', [...])
 2 SYSTEMPATH\CodeIgniter.php(941): App\Controllers\SupervisorController->approvePeriodical('1')
 3 SYSTEMPATH\CodeIgniter.php(502): CodeIgniter\CodeIgniter->runController(Object(App\Controllers\SupervisorController))
 4 SYSTEMPATH\CodeIgniter.php(361): CodeIgniter\CodeIgniter->handleRequest(null, Object(Config\Cache), false)
 5 FCPATH\index.php(79): CodeIgniter\CodeIgniter->run()
INFO - 2024-08-02 09:24:21 --> Session: Class initialized using 'CodeIgniter\Session\Handlers\FileHandler' driver.
ERROR - 2024-08-02 09:24:21 --> mysqli_sql_exception: Unknown column 'approved_by' in 'field list' in C:\xampp\htdocs\amar\system\Database\MySQLi\Connection.php:306
Stack trace:
#0 C:\xampp\htdocs\amar\system\Database\MySQLi\Connection.php(306): mysqli->query('UPDATE `periodi...', 0)
#1 C:\xampp\htdocs\amar\system\Database\BaseConnection.php(693): CodeIgniter\Database\MySQLi\Connection->execute('UPDATE `periodi...')
#2 C:\xampp\htdocs\amar\system\Database\BaseConnection.php(607): CodeIgniter\Database\BaseConnection->simpleQuery('UPDATE `periodi...')
#3 C:\xampp\htdocs\amar\system\Database\BaseBuilder.php(2474): CodeIgniter\Database\BaseConnection->query('UPDATE `periodi...', Array, false)
#4 C:\xampp\htdocs\amar\system\Model.php(393): CodeIgniter\Database\BaseBuilder->update()
#5 C:\xampp\htdocs\amar\system\BaseModel.php(987): CodeIgniter\Model->doUpdate(Array, Array)
#6 C:\xampp\htdocs\amar\system\Model.php(807): CodeIgniter\BaseModel->update(Array, Array)
#7 C:\xampp\htdocs\amar\app\Models\PeriodicalModel.php(56): CodeIgniter\Model->update('1', Array)
#8 C:\xampp\htdocs\amar\app\Controllers\SupervisorController.php(118): App\Models\PeriodicalModel->approve('1', NULL)
#9 C:\xampp\htdocs\amar\system\CodeIgniter.php(941): App\Controllers\SupervisorController->approvePeriodical('1')
#10 C:\xampp\htdocs\amar\system\CodeIgniter.php(502): CodeIgniter\CodeIgniter->runController(Object(App\Controllers\SupervisorController))
#11 C:\xampp\htdocs\amar\system\CodeIgniter.php(361): CodeIgniter\CodeIgniter->handleRequest(NULL, Object(Config\Cache), false)
#12 C:\xampp\htdocs\amar\index.php(79): CodeIgniter\CodeIgniter->run()
#13 {main}
CRITICAL - 2024-08-02 09:24:21 --> CodeIgniter\Database\Exceptions\DatabaseException: Unknown column 'approved_by' in 'field list'
in SYSTEMPATH\Database\BaseConnection.php on line 647.
 1 SYSTEMPATH\Database\BaseBuilder.php(2474): CodeIgniter\Database\BaseConnection->query('UPDATE `periodical1` SET `status` = :status:, `approved_by` = :approved_by:
WHERE `periodical1`.`id` IN :periodical1.id:', [...], false)
 2 SYSTEMPATH\Model.php(393): CodeIgniter\Database\BaseBuilder->update()
 3 SYSTEMPATH\BaseModel.php(987): CodeIgniter\Model->doUpdate([...], [...])
 4 SYSTEMPATH\Model.php(807): CodeIgniter\BaseModel->update([...], [...])
 5 APPPATH\Models\PeriodicalModel.php(56): CodeIgniter\Model->update('1', [...])
 6 APPPATH\Controllers\SupervisorController.php(118): App\Models\PeriodicalModel->approve('1', null)
 7 SYSTEMPATH\CodeIgniter.php(941): App\Controllers\SupervisorController->approvePeriodical('1')
 8 SYSTEMPATH\CodeIgniter.php(502): CodeIgniter\CodeIgniter->runController(Object(App\Controllers\SupervisorController))
 9 SYSTEMPATH\CodeIgniter.php(361): CodeIgniter\CodeIgniter->handleRequest(null, Object(Config\Cache), false)
10 FCPATH\index.php(79): CodeIgniter\CodeIgniter->run()
CRITICAL - 2024-08-02 09:24:21 --> [Caused by] CodeIgniter\Database\Exceptions\DatabaseException: Unknown column 'approved_by' in 'field list'
in SYSTEMPATH\Database\MySQLi\Connection.php on line 311.
 1 SYSTEMPATH\Database\BaseConnection.php(693): CodeIgniter\Database\MySQLi\Connection->execute('UPDATE `periodical1` SET `status` = \'Approved\', `approved_by` = NULL
WHERE `periodical1`.`id` IN (\'1\')')
 2 SYSTEMPATH\Database\BaseConnection.php(607): CodeIgniter\Database\BaseConnection->simpleQuery('UPDATE `periodical1` SET `status` = \'Approved\', `approved_by` = NULL
WHERE `periodical1`.`id` IN (\'1\')')
 3 SYSTEMPATH\Database\BaseBuilder.php(2474): CodeIgniter\Database\BaseConnection->query('UPDATE `periodical1` SET `status` = :status:, `approved_by` = :approved_by:
WHERE `periodical1`.`id` IN :periodical1.id:', [...], false)
 4 SYSTEMPATH\Model.php(393): CodeIgniter\Database\BaseBuilder->update()
 5 SYSTEMPATH\BaseModel.php(987): CodeIgniter\Model->doUpdate([...], [...])
 6 SYSTEMPATH\Model.php(807): CodeIgniter\BaseModel->update([...], [...])
 7 APPPATH\Models\PeriodicalModel.php(56): CodeIgniter\Model->update('1', [...])
 8 APPPATH\Controllers\SupervisorController.php(118): App\Models\PeriodicalModel->approve('1', null)
 9 SYSTEMPATH\CodeIgniter.php(941): App\Controllers\SupervisorController->approvePeriodical('1')
10 SYSTEMPATH\CodeIgniter.php(502): CodeIgniter\CodeIgniter->runController(Object(App\Controllers\SupervisorController))
11 SYSTEMPATH\CodeIgniter.php(361): CodeIgniter\CodeIgniter->handleRequest(null, Object(Config\Cache), false)
12 FCPATH\index.php(79): CodeIgniter\CodeIgniter->run()
CRITICAL - 2024-08-02 09:24:21 --> [Caused by] mysqli_sql_exception: Unknown column 'approved_by' in 'field list'
in SYSTEMPATH\Database\MySQLi\Connection.php on line 306.
 1 SYSTEMPATH\Database\MySQLi\Connection.php(306): mysqli->query('UPDATE `periodical1` SET `status` = \'Approved\', `approved_by` = NULL
WHERE `periodical1`.`id` IN (\'1\')', 0)
 2 SYSTEMPATH\Database\BaseConnection.php(693): CodeIgniter\Database\MySQLi\Connection->execute('UPDATE `periodical1` SET `status` = \'Approved\', `approved_by` = NULL
WHERE `periodical1`.`id` IN (\'1\')')
 3 SYSTEMPATH\Database\BaseConnection.php(607): CodeIgniter\Database\BaseConnection->simpleQuery('UPDATE `periodical1` SET `status` = \'Approved\', `approved_by` = NULL
WHERE `periodical1`.`id` IN (\'1\')')
 4 SYSTEMPATH\Database\BaseBuilder.php(2474): CodeIgniter\Database\BaseConnection->query('UPDATE `periodical1` SET `status` = :status:, `approved_by` = :approved_by:
WHERE `periodical1`.`id` IN :periodical1.id:', [...], false)
 5 SYSTEMPATH\Model.php(393): CodeIgniter\Database\BaseBuilder->update()
 6 SYSTEMPATH\BaseModel.php(987): CodeIgniter\Model->doUpdate([...], [...])
 7 SYSTEMPATH\Model.php(807): CodeIgniter\BaseModel->update([...], [...])
 8 APPPATH\Models\PeriodicalModel.php(56): CodeIgniter\Model->update('1', [...])
 9 APPPATH\Controllers\SupervisorController.php(118): App\Models\PeriodicalModel->approve('1', null)
10 SYSTEMPATH\CodeIgniter.php(941): App\Controllers\SupervisorController->approvePeriodical('1')
11 SYSTEMPATH\CodeIgniter.php(502): CodeIgniter\CodeIgniter->runController(Object(App\Controllers\SupervisorController))
12 SYSTEMPATH\CodeIgniter.php(361): CodeIgniter\CodeIgniter->handleRequest(null, Object(Config\Cache), false)
13 FCPATH\index.php(79): CodeIgniter\CodeIgniter->run()
INFO - 2024-08-02 09:24:22 --> Session: Class initialized using 'CodeIgniter\Session\Handlers\FileHandler' driver.
ERROR - 2024-08-02 09:24:22 --> mysqli_sql_exception: Unknown column 'approved_by' in 'field list' in C:\xampp\htdocs\amar\system\Database\MySQLi\Connection.php:306
Stack trace:
#0 C:\xampp\htdocs\amar\system\Database\MySQLi\Connection.php(306): mysqli->query('UPDATE `periodi...', 0)
#1 C:\xampp\htdocs\amar\system\Database\BaseConnection.php(693): CodeIgniter\Database\MySQLi\Connection->execute('UPDATE `periodi...')
#2 C:\xampp\htdocs\amar\system\Database\BaseConnection.php(607): CodeIgniter\Database\BaseConnection->simpleQuery('UPDATE `periodi...')
#3 C:\xampp\htdocs\amar\system\Database\BaseBuilder.php(2474): CodeIgniter\Database\BaseConnection->query('UPDATE `periodi...', Array, false)
#4 C:\xampp\htdocs\amar\system\Model.php(393): CodeIgniter\Database\BaseBuilder->update()
#5 C:\xampp\htdocs\amar\system\BaseModel.php(987): CodeIgniter\Model->doUpdate(Array, Array)
#6 C:\xampp\htdocs\amar\system\Model.php(807): CodeIgniter\BaseModel->update(Array, Array)
#7 C:\xampp\htdocs\amar\app\Models\PeriodicalModel.php(56): CodeIgniter\Model->update('1', Array)
#8 C:\xampp\htdocs\amar\app\Controllers\SupervisorController.php(118): App\Models\PeriodicalModel->approve('1', NULL)
#9 C:\xampp\htdocs\amar\system\CodeIgniter.php(941): App\Controllers\SupervisorController->approvePeriodical('1')
#10 C:\xampp\htdocs\amar\system\CodeIgniter.php(502): CodeIgniter\CodeIgniter->runController(Object(App\Controllers\SupervisorController))
#11 C:\xampp\htdocs\amar\system\CodeIgniter.php(361): CodeIgniter\CodeIgniter->handleRequest(NULL, Object(Config\Cache), false)
#12 C:\xampp\htdocs\amar\index.php(79): CodeIgniter\CodeIgniter->run()
#13 {main}
CRITICAL - 2024-08-02 09:24:22 --> CodeIgniter\Database\Exceptions\DatabaseException: Unknown column 'approved_by' in 'field list'
in SYSTEMPATH\Database\BaseConnection.php on line 647.
 1 SYSTEMPATH\Database\BaseBuilder.php(2474): CodeIgniter\Database\BaseConnection->query('UPDATE `periodical1` SET `status` = :status:, `approved_by` = :approved_by:
WHERE `periodical1`.`id` IN :periodical1.id:', [...], false)
 2 SYSTEMPATH\Model.php(393): CodeIgniter\Database\BaseBuilder->update()
 3 SYSTEMPATH\BaseModel.php(987): CodeIgniter\Model->doUpdate([...], [...])
 4 SYSTEMPATH\Model.php(807): CodeIgniter\BaseModel->update([...], [...])
 5 APPPATH\Models\PeriodicalModel.php(56): CodeIgniter\Model->update('1', [...])
 6 APPPATH\Controllers\SupervisorController.php(118): App\Models\PeriodicalModel->approve('1', null)
 7 SYSTEMPATH\CodeIgniter.php(941): App\Controllers\SupervisorController->approvePeriodical('1')
 8 SYSTEMPATH\CodeIgniter.php(502): CodeIgniter\CodeIgniter->runController(Object(App\Controllers\SupervisorController))
 9 SYSTEMPATH\CodeIgniter.php(361): CodeIgniter\CodeIgniter->handleRequest(null, Object(Config\Cache), false)
10 FCPATH\index.php(79): CodeIgniter\CodeIgniter->run()
CRITICAL - 2024-08-02 09:24:22 --> [Caused by] CodeIgniter\Database\Exceptions\DatabaseException: Unknown column 'approved_by' in 'field list'
in SYSTEMPATH\Database\MySQLi\Connection.php on line 311.
 1 SYSTEMPATH\Database\BaseConnection.php(693): CodeIgniter\Database\MySQLi\Connection->execute('UPDATE `periodical1` SET `status` = \'Approved\', `approved_by` = NULL
WHERE `periodical1`.`id` IN (\'1\')')
 2 SYSTEMPATH\Database\BaseConnection.php(607): CodeIgniter\Database\BaseConnection->simpleQuery('UPDATE `periodical1` SET `status` = \'Approved\', `approved_by` = NULL
WHERE `periodical1`.`id` IN (\'1\')')
 3 SYSTEMPATH\Database\BaseBuilder.php(2474): CodeIgniter\Database\BaseConnection->query('UPDATE `periodical1` SET `status` = :status:, `approved_by` = :approved_by:
WHERE `periodical1`.`id` IN :periodical1.id:', [...], false)
 4 SYSTEMPATH\Model.php(393): CodeIgniter\Database\BaseBuilder->update()
 5 SYSTEMPATH\BaseModel.php(987): CodeIgniter\Model->doUpdate([...], [...])
 6 SYSTEMPATH\Model.php(807): CodeIgniter\BaseModel->update([...], [...])
 7 APPPATH\Models\PeriodicalModel.php(56): CodeIgniter\Model->update('1', [...])
 8 APPPATH\Controllers\SupervisorController.php(118): App\Models\PeriodicalModel->approve('1', null)
 9 SYSTEMPATH\CodeIgniter.php(941): App\Controllers\SupervisorController->approvePeriodical('1')
10 SYSTEMPATH\CodeIgniter.php(502): CodeIgniter\CodeIgniter->runController(Object(App\Controllers\SupervisorController))
11 SYSTEMPATH\CodeIgniter.php(361): CodeIgniter\CodeIgniter->handleRequest(null, Object(Config\Cache), false)
12 FCPATH\index.php(79): CodeIgniter\CodeIgniter->run()
CRITICAL - 2024-08-02 09:24:22 --> [Caused by] mysqli_sql_exception: Unknown column 'approved_by' in 'field list'
in SYSTEMPATH\Database\MySQLi\Connection.php on line 306.
 1 SYSTEMPATH\Database\MySQLi\Connection.php(306): mysqli->query('UPDATE `periodical1` SET `status` = \'Approved\', `approved_by` = NULL
WHERE `periodical1`.`id` IN (\'1\')', 0)
 2 SYSTEMPATH\Database\BaseConnection.php(693): CodeIgniter\Database\MySQLi\Connection->execute('UPDATE `periodical1` SET `status` = \'Approved\', `approved_by` = NULL
WHERE `periodical1`.`id` IN (\'1\')')
 3 SYSTEMPATH\Database\BaseConnection.php(607): CodeIgniter\Database\BaseConnection->simpleQuery('UPDATE `periodical1` SET `status` = \'Approved\', `approved_by` = NULL
WHERE `periodical1`.`id` IN (\'1\')')
 4 SYSTEMPATH\Database\BaseBuilder.php(2474): CodeIgniter\Database\BaseConnection->query('UPDATE `periodical1` SET `status` = :status:, `approved_by` = :approved_by:
WHERE `periodical1`.`id` IN :periodical1.id:', [...], false)
 5 SYSTEMPATH\Model.php(393): CodeIgniter\Database\BaseBuilder->update()
 6 SYSTEMPATH\BaseModel.php(987): CodeIgniter\Model->doUpdate([...], [...])
 7 SYSTEMPATH\Model.php(807): CodeIgniter\BaseModel->update([...], [...])
 8 APPPATH\Models\PeriodicalModel.php(56): CodeIgniter\Model->update('1', [...])
 9 APPPATH\Controllers\SupervisorController.php(118): App\Models\PeriodicalModel->approve('1', null)
10 SYSTEMPATH\CodeIgniter.php(941): App\Controllers\SupervisorController->approvePeriodical('1')
11 SYSTEMPATH\CodeIgniter.php(502): CodeIgniter\CodeIgniter->runController(Object(App\Controllers\SupervisorController))
12 SYSTEMPATH\CodeIgniter.php(361): CodeIgniter\CodeIgniter->handleRequest(null, Object(Config\Cache), false)
13 FCPATH\index.php(79): CodeIgniter\CodeIgniter->run()
INFO - 2024-08-02 09:24:38 --> Session: Class initialized using 'CodeIgniter\Session\Handlers\FileHandler' driver.
INFO - 2024-08-02 09:24:39 --> Session: Class initialized using 'CodeIgniter\Session\Handlers\FileHandler' driver.
INFO - 2024-08-02 09:25:14 --> Session: Class initialized using 'CodeIgniter\Session\Handlers\FileHandler' driver.
INFO - 2024-08-02 09:25:14 --> Session: Class initialized using 'CodeIgniter\Session\Handlers\FileHandler' driver.
INFO - 2024-08-02 09:25:19 --> Session: Class initialized using 'CodeIgniter\Session\Handlers\FileHandler' driver.
INFO - 2024-08-02 09:25:19 --> Session: Class initialized using 'CodeIgniter\Session\Handlers\FileHandler' driver.
INFO - 2024-08-02 09:25:19 --> Session: Class initialized using 'CodeIgniter\Session\Handlers\FileHandler' driver.
INFO - 2024-08-02 09:25:20 --> Session: Class initialized using 'CodeIgniter\Session\Handlers\FileHandler' driver.
INFO - 2024-08-02 09:25:28 --> Session: Class initialized using 'CodeIgniter\Session\Handlers\FileHandler' driver.
INFO - 2024-08-02 09:25:28 --> Session: Class initialized using 'CodeIgniter\Session\Handlers\FileHandler' driver.
INFO - 2024-08-02 10:38:26 --> Session: Class initialized using 'CodeIgniter\Session\Handlers\FileHandler' driver.
INFO - 2024-08-02 10:38:27 --> Session: Class initialized using 'CodeIgniter\Session\Handlers\FileHandler' driver.
INFO - 2024-08-02 10:38:34 --> Session: Class initialized using 'CodeIgniter\Session\Handlers\FileHandler' driver.
INFO - 2024-08-02 10:38:35 --> Session: Class initialized using 'CodeIgniter\Session\Handlers\FileHandler' driver.
INFO - 2024-08-02 10:39:31 --> Session: Class initialized using 'CodeIgniter\Session\Handlers\FileHandler' driver.
INFO - 2024-08-02 10:39:31 --> Session: Class initialized using 'CodeIgniter\Session\Handlers\FileHandler' driver.
INFO - 2024-08-02 10:39:52 --> Session: Class initialized using 'CodeIgniter\Session\Handlers\FileHandler' driver.
INFO - 2024-08-02 10:39:52 --> Session: Class initialized using 'CodeIgniter\Session\Handlers\FileHandler' driver.
INFO - 2024-08-02 10:43:09 --> Session: Class initialized using 'CodeIgniter\Session\Handlers\FileHandler' driver.
INFO - 2024-08-02 10:43:09 --> Session: Class initialized using 'CodeIgniter\Session\Handlers\FileHandler' driver.
INFO - 2024-08-02 11:25:45 --> Session: Class initialized using 'CodeIgniter\Session\Handlers\FileHandler' driver.
INFO - 2024-08-02 11:25:46 --> Session: Class initialized using 'CodeIgniter\Session\Handlers\FileHandler' driver.
INFO - 2024-08-02 11:25:46 --> Session: Class initialized using 'CodeIgniter\Session\Handlers\FileHandler' driver.
INFO - 2024-08-02 12:11:12 --> Session: Class initialized using 'CodeIgniter\Session\Handlers\FileHandler' driver.
INFO - 2024-08-02 12:11:14 --> Session: Class initialized using 'CodeIgniter\Session\Handlers\FileHandler' driver.
INFO - 2024-08-02 12:11:19 --> Session: Class initialized using 'CodeIgniter\Session\Handlers\FileHandler' driver.
INFO - 2024-08-02 12:11:19 --> Session: Class initialized using 'CodeIgniter\Session\Handlers\FileHandler' driver.
INFO - 2024-08-02 12:11:19 --> Session: Class initialized using 'CodeIgniter\Session\Handlers\FileHandler' driver.
INFO - 2024-08-02 12:11:28 --> Session: Class initialized using 'CodeIgniter\Session\Handlers\FileHandler' driver.
INFO - 2024-08-02 12:12:28 --> Session: Class initialized using 'CodeIgniter\Session\Handlers\FileHandler' driver.
INFO - 2024-08-02 12:13:35 --> Session: Class initialized using 'CodeIgniter\Session\Handlers\FileHandler' driver.
INFO - 2024-08-02 12:13:35 --> Session: Class initialized using 'CodeIgniter\Session\Handlers\FileHandler' driver.
INFO - 2024-08-02 12:13:36 --> Session: Class initialized using 'CodeIgniter\Session\Handlers\FileHandler' driver.
INFO - 2024-08-02 12:13:36 --> Session: Class initialized using 'CodeIgniter\Session\Handlers\FileHandler' driver.
INFO - 2024-08-02 12:13:37 --> Session: Class initialized using 'CodeIgniter\Session\Handlers\FileHandler' driver.
INFO - 2024-08-02 12:13:42 --> Session: Class initialized using 'CodeIgniter\Session\Handlers\FileHandler' driver.
INFO - 2024-08-02 12:13:54 --> Session: Class initialized using 'CodeIgniter\Session\Handlers\FileHandler' driver.
INFO - 2024-08-02 12:13:58 --> Session: Class initialized using 'CodeIgniter\Session\Handlers\FileHandler' driver.
INFO - 2024-08-02 12:13:58 --> Session: Class initialized using 'CodeIgniter\Session\Handlers\FileHandler' driver.
INFO - 2024-08-02 12:13:58 --> Session: Class initialized using 'CodeIgniter\Session\Handlers\FileHandler' driver.
INFO - 2024-08-02 12:14:23 --> Session: Class initialized using 'CodeIgniter\Session\Handlers\FileHandler' driver.
INFO - 2024-08-02 12:14:23 --> Session: Class initialized using 'CodeIgniter\Session\Handlers\FileHandler' driver.
INFO - 2024-08-02 12:14:30 --> Session: Class initialized using 'CodeIgniter\Session\Handlers\FileHandler' driver.
INFO - 2024-08-02 12:14:31 --> Session: Class initialized using 'CodeIgniter\Session\Handlers\FileHandler' driver.
INFO - 2024-08-02 12:14:31 --> Session: Class initialized using 'CodeIgniter\Session\Handlers\FileHandler' driver.
INFO - 2024-08-02 12:14:39 --> Session: Class initialized using 'CodeIgniter\Session\Handlers\FileHandler' driver.
INFO - 2024-08-02 12:14:46 --> Session: Class initialized using 'CodeIgniter\Session\Handlers\FileHandler' driver.
INFO - 2024-08-02 12:14:48 --> Session: Class initialized using 'CodeIgniter\Session\Handlers\FileHandler' driver.
INFO - 2024-08-02 12:22:09 --> Session: Class initialized using 'CodeIgniter\Session\Handlers\FileHandler' driver.
