CRITICAL - 2024-07-01 04:34:13 --> ErrorException: Undefined variable $sys_id_natur
in APPPATH\Controllers\ManuscriptController.php on line 96.
 1 APPPATH\Controllers\ManuscriptController.php(96): CodeIgniter\Debug\Exceptions->errorHandler(2, 'Undefined variable $sys_id_natur', 'C:\\xampp\\htdocs\\amar\\app\\Controllers\\ManuscriptController.php', 96)
 2 APPPATH\Controllers\ManuscriptController.php(29): App\Controllers\ManuscriptController->getAllSystemDetails()
 3 SYSTEMPATH\CodeIgniter.php(941): App\Controllers\ManuscriptController->index()
 4 SYSTEMPATH\CodeIgniter.php(502): CodeIgniter\CodeIgniter->runController(Object(App\Controllers\ManuscriptController))
 5 SYSTEMPATH\CodeIgniter.php(361): CodeIgniter\CodeIgniter->handleRequest(null, Object(Config\Cache), false)
 6 FCPATH\index.php(79): CodeIgniter\CodeIgniter->run()
CRITICAL - 2024-07-01 09:56:50 --> ErrorException: Undefined variable $sys_id_natur
in APPPATH\Controllers\ManuscriptController.php on line 96.
 1 APPPATH\Controllers\ManuscriptController.php(96): CodeIgniter\Debug\Exceptions->errorHandler(2, 'Undefined variable $sys_id_natur', 'C:\\xampp\\htdocs\\amar\\app\\Controllers\\ManuscriptController.php', 96)
 2 APPPATH\Controllers\ManuscriptController.php(29): App\Controllers\ManuscriptController->getAllSystemDetails()
 3 SYSTEMPATH\CodeIgniter.php(941): App\Controllers\ManuscriptController->index()
 4 SYSTEMPATH\CodeIgniter.php(502): CodeIgniter\CodeIgniter->runController(Object(App\Controllers\ManuscriptController))
 5 SYSTEMPATH\CodeIgniter.php(361): CodeIgniter\CodeIgniter->handleRequest(null, Object(Config\Cache), false)
 6 FCPATH\index.php(79): CodeIgniter\CodeIgniter->run()
CRITICAL - 2024-07-01 11:28:48 --> ErrorException: Undefined variable $sys_id_natur
in APPPATH\Controllers\ManuscriptController.php on line 96.
 1 APPPATH\Controllers\ManuscriptController.php(96): CodeIgniter\Debug\Exceptions->errorHandler(2, 'Undefined variable $sys_id_natur', 'C:\\xampp\\htdocs\\amar\\app\\Controllers\\ManuscriptController.php', 96)
 2 APPPATH\Controllers\ManuscriptController.php(29): App\Controllers\ManuscriptController->getAllSystemDetails()
 3 SYSTEMPATH\CodeIgniter.php(941): App\Controllers\ManuscriptController->index()
 4 SYSTEMPATH\CodeIgniter.php(502): CodeIgniter\CodeIgniter->runController(Object(App\Controllers\ManuscriptController))
 5 SYSTEMPATH\CodeIgniter.php(361): CodeIgniter\CodeIgniter->handleRequest(null, Object(Config\Cache), false)
 6 FCPATH\index.php(79): CodeIgniter\CodeIgniter->run()
CRITICAL - 2024-07-01 11:31:32 --> ErrorException: Undefined variable $sys_id_natur
in APPPATH\Controllers\ManuscriptController.php on line 96.
 1 APPPATH\Controllers\ManuscriptController.php(96): CodeIgniter\Debug\Exceptions->errorHandler(2, 'Undefined variable $sys_id_natur', 'C:\\xampp\\htdocs\\amar\\app\\Controllers\\ManuscriptController.php', 96)
 2 APPPATH\Controllers\ManuscriptController.php(29): App\Controllers\ManuscriptController->getAllSystemDetails()
 3 SYSTEMPATH\CodeIgniter.php(941): App\Controllers\ManuscriptController->index()
 4 SYSTEMPATH\CodeIgniter.php(502): CodeIgniter\CodeIgniter->runController(Object(App\Controllers\ManuscriptController))
 5 SYSTEMPATH\CodeIgniter.php(361): CodeIgniter\CodeIgniter->handleRequest(null, Object(Config\Cache), false)
 6 FCPATH\index.php(79): CodeIgniter\CodeIgniter->run()
CRITICAL - 2024-07-01 11:33:06 --> ErrorException: Undefined variable $sys_id_natur
in APPPATH\Controllers\ManuscriptController.php on line 96.
 1 APPPATH\Controllers\ManuscriptController.php(96): CodeIgniter\Debug\Exceptions->errorHandler(2, 'Undefined variable $sys_id_natur', 'C:\\xampp\\htdocs\\amar\\app\\Controllers\\ManuscriptController.php', 96)
 2 APPPATH\Controllers\ManuscriptController.php(29): App\Controllers\ManuscriptController->getAllSystemDetails()
 3 SYSTEMPATH\CodeIgniter.php(941): App\Controllers\ManuscriptController->index()
 4 SYSTEMPATH\CodeIgniter.php(502): CodeIgniter\CodeIgniter->runController(Object(App\Controllers\ManuscriptController))
 5 SYSTEMPATH\CodeIgniter.php(361): CodeIgniter\CodeIgniter->handleRequest(null, Object(Config\Cache), false)
 6 FCPATH\index.php(79): CodeIgniter\CodeIgniter->run()
CRITICAL - 2024-07-01 11:33:09 --> ErrorException: Undefined variable $sys_id_natur
in APPPATH\Controllers\ManuscriptController.php on line 96.
 1 APPPATH\Controllers\ManuscriptController.php(96): CodeIgniter\Debug\Exceptions->errorHandler(2, 'Undefined variable $sys_id_natur', 'C:\\xampp\\htdocs\\amar\\app\\Controllers\\ManuscriptController.php', 96)
 2 APPPATH\Controllers\ManuscriptController.php(29): App\Controllers\ManuscriptController->getAllSystemDetails()
 3 SYSTEMPATH\CodeIgniter.php(941): App\Controllers\ManuscriptController->index()
 4 SYSTEMPATH\CodeIgniter.php(502): CodeIgniter\CodeIgniter->runController(Object(App\Controllers\ManuscriptController))
 5 SYSTEMPATH\CodeIgniter.php(361): CodeIgniter\CodeIgniter->handleRequest(null, Object(Config\Cache), false)
 6 FCPATH\index.php(79): CodeIgniter\CodeIgniter->run()
CRITICAL - 2024-07-01 11:33:09 --> ErrorException: Undefined variable $sys_id_natur
in APPPATH\Controllers\ManuscriptController.php on line 96.
 1 APPPATH\Controllers\ManuscriptController.php(96): CodeIgniter\Debug\Exceptions->errorHandler(2, 'Undefined variable $sys_id_natur', 'C:\\xampp\\htdocs\\amar\\app\\Controllers\\ManuscriptController.php', 96)
 2 APPPATH\Controllers\ManuscriptController.php(29): App\Controllers\ManuscriptController->getAllSystemDetails()
 3 SYSTEMPATH\CodeIgniter.php(941): App\Controllers\ManuscriptController->index()
 4 SYSTEMPATH\CodeIgniter.php(502): CodeIgniter\CodeIgniter->runController(Object(App\Controllers\ManuscriptController))
 5 SYSTEMPATH\CodeIgniter.php(361): CodeIgniter\CodeIgniter->handleRequest(null, Object(Config\Cache), false)
 6 FCPATH\index.php(79): CodeIgniter\CodeIgniter->run()
CRITICAL - 2024-07-01 11:33:24 --> ErrorException: Undefined variable $sys_id_natur
in APPPATH\Controllers\ManuscriptController.php on line 96.
 1 APPPATH\Controllers\ManuscriptController.php(96): CodeIgniter\Debug\Exceptions->errorHandler(2, 'Undefined variable $sys_id_natur', 'C:\\xampp\\htdocs\\amar\\app\\Controllers\\ManuscriptController.php', 96)
 2 APPPATH\Controllers\ManuscriptController.php(29): App\Controllers\ManuscriptController->getAllSystemDetails()
 3 SYSTEMPATH\CodeIgniter.php(941): App\Controllers\ManuscriptController->index()
 4 SYSTEMPATH\CodeIgniter.php(502): CodeIgniter\CodeIgniter->runController(Object(App\Controllers\ManuscriptController))
 5 SYSTEMPATH\CodeIgniter.php(361): CodeIgniter\CodeIgniter->handleRequest(null, Object(Config\Cache), false)
 6 FCPATH\index.php(79): CodeIgniter\CodeIgniter->run()
CRITICAL - 2024-07-01 11:36:56 --> ErrorException: Undefined variable $sys_id_natur
in APPPATH\Controllers\ManuscriptController.php on line 96.
 1 APPPATH\Controllers\ManuscriptController.php(96): CodeIgniter\Debug\Exceptions->errorHandler(2, 'Undefined variable $sys_id_natur', 'C:\\xampp\\htdocs\\amar\\app\\Controllers\\ManuscriptController.php', 96)
 2 APPPATH\Controllers\ManuscriptController.php(29): App\Controllers\ManuscriptController->getAllSystemDetails()
 3 SYSTEMPATH\CodeIgniter.php(941): App\Controllers\ManuscriptController->index()
 4 SYSTEMPATH\CodeIgniter.php(502): CodeIgniter\CodeIgniter->runController(Object(App\Controllers\ManuscriptController))
 5 SYSTEMPATH\CodeIgniter.php(361): CodeIgniter\CodeIgniter->handleRequest(null, Object(Config\Cache), false)
 6 FCPATH\index.php(79): CodeIgniter\CodeIgniter->run()
CRITICAL - 2024-07-01 11:47:59 --> ErrorException: Undefined variable $sys_id_natur
in APPPATH\Controllers\ManuscriptController.php on line 97.
 1 APPPATH\Controllers\ManuscriptController.php(97): CodeIgniter\Debug\Exceptions->errorHandler(2, 'Undefined variable $sys_id_natur', 'C:\\xampp\\htdocs\\amar\\app\\Controllers\\ManuscriptController.php', 97)
 2 APPPATH\Controllers\ManuscriptController.php(30): App\Controllers\ManuscriptController->getAllSystemDetails()
 3 SYSTEMPATH\CodeIgniter.php(941): App\Controllers\ManuscriptController->index()
 4 SYSTEMPATH\CodeIgniter.php(502): CodeIgniter\CodeIgniter->runController(Object(App\Controllers\ManuscriptController))
 5 SYSTEMPATH\CodeIgniter.php(361): CodeIgniter\CodeIgniter->handleRequest(null, Object(Config\Cache), false)
 6 FCPATH\index.php(79): CodeIgniter\CodeIgniter->run()
CRITICAL - 2024-07-01 11:48:04 --> ErrorException: Undefined variable $sys_id_natur
in APPPATH\Controllers\ManuscriptController.php on line 97.
 1 APPPATH\Controllers\ManuscriptController.php(97): CodeIgniter\Debug\Exceptions->errorHandler(2, 'Undefined variable $sys_id_natur', 'C:\\xampp\\htdocs\\amar\\app\\Controllers\\ManuscriptController.php', 97)
 2 APPPATH\Controllers\ManuscriptController.php(30): App\Controllers\ManuscriptController->getAllSystemDetails()
 3 SYSTEMPATH\CodeIgniter.php(941): App\Controllers\ManuscriptController->index()
 4 SYSTEMPATH\CodeIgniter.php(502): CodeIgniter\CodeIgniter->runController(Object(App\Controllers\ManuscriptController))
 5 SYSTEMPATH\CodeIgniter.php(361): CodeIgniter\CodeIgniter->handleRequest(null, Object(Config\Cache), false)
 6 FCPATH\index.php(79): CodeIgniter\CodeIgniter->run()
CRITICAL - 2024-07-01 11:48:04 --> ErrorException: Undefined variable $sys_id_natur
in APPPATH\Controllers\ManuscriptController.php on line 97.
 1 APPPATH\Controllers\ManuscriptController.php(97): CodeIgniter\Debug\Exceptions->errorHandler(2, 'Undefined variable $sys_id_natur', 'C:\\xampp\\htdocs\\amar\\app\\Controllers\\ManuscriptController.php', 97)
 2 APPPATH\Controllers\ManuscriptController.php(30): App\Controllers\ManuscriptController->getAllSystemDetails()
 3 SYSTEMPATH\CodeIgniter.php(941): App\Controllers\ManuscriptController->index()
 4 SYSTEMPATH\CodeIgniter.php(502): CodeIgniter\CodeIgniter->runController(Object(App\Controllers\ManuscriptController))
 5 SYSTEMPATH\CodeIgniter.php(361): CodeIgniter\CodeIgniter->handleRequest(null, Object(Config\Cache), false)
 6 FCPATH\index.php(79): CodeIgniter\CodeIgniter->run()
CRITICAL - 2024-07-01 11:48:05 --> ErrorException: Undefined variable $sys_id_natur
in APPPATH\Controllers\ManuscriptController.php on line 97.
 1 APPPATH\Controllers\ManuscriptController.php(97): CodeIgniter\Debug\Exceptions->errorHandler(2, 'Undefined variable $sys_id_natur', 'C:\\xampp\\htdocs\\amar\\app\\Controllers\\ManuscriptController.php', 97)
 2 APPPATH\Controllers\ManuscriptController.php(30): App\Controllers\ManuscriptController->getAllSystemDetails()
 3 SYSTEMPATH\CodeIgniter.php(941): App\Controllers\ManuscriptController->index()
 4 SYSTEMPATH\CodeIgniter.php(502): CodeIgniter\CodeIgniter->runController(Object(App\Controllers\ManuscriptController))
 5 SYSTEMPATH\CodeIgniter.php(361): CodeIgniter\CodeIgniter->handleRequest(null, Object(Config\Cache), false)
 6 FCPATH\index.php(79): CodeIgniter\CodeIgniter->run()
CRITICAL - 2024-07-01 11:51:20 --> ErrorException: Undefined variable $sys_id_natur
in APPPATH\Controllers\ManuscriptController.php on line 97.
 1 APPPATH\Controllers\ManuscriptController.php(97): CodeIgniter\Debug\Exceptions->errorHandler(2, 'Undefined variable $sys_id_natur', 'C:\\xampp\\htdocs\\amar\\app\\Controllers\\ManuscriptController.php', 97)
 2 APPPATH\Controllers\ManuscriptController.php(30): App\Controllers\ManuscriptController->getAllSystemDetails()
 3 SYSTEMPATH\CodeIgniter.php(941): App\Controllers\ManuscriptController->index()
 4 SYSTEMPATH\CodeIgniter.php(502): CodeIgniter\CodeIgniter->runController(Object(App\Controllers\ManuscriptController))
 5 SYSTEMPATH\CodeIgniter.php(361): CodeIgniter\CodeIgniter->handleRequest(null, Object(Config\Cache), false)
 6 FCPATH\index.php(79): CodeIgniter\CodeIgniter->run()
CRITICAL - 2024-07-01 11:53:14 --> ErrorException: Namespace declaration statement has to be the very first statement or after any declare call in the script
in APPPATH\Models\ViewManuscriptModel.php on line 3.
 1 [internal function]: CodeIgniter\Debug\Exceptions->shutdownHandler()
CRITICAL - 2024-07-01 11:53:15 --> ErrorException: Namespace declaration statement has to be the very first statement or after any declare call in the script
in APPPATH\Models\ViewManuscriptModel.php on line 3.
 1 [internal function]: CodeIgniter\Debug\Exceptions->shutdownHandler()
CRITICAL - 2024-07-01 11:53:18 --> ErrorException: Namespace declaration statement has to be the very first statement or after any declare call in the script
in APPPATH\Models\ViewManuscriptModel.php on line 3.
 1 [internal function]: CodeIgniter\Debug\Exceptions->shutdownHandler()
CRITICAL - 2024-07-01 11:54:17 --> ErrorException: Namespace declaration statement has to be the very first statement or after any declare call in the script
in APPPATH\Models\ViewManuscriptModel.php on line 3.
 1 [internal function]: CodeIgniter\Debug\Exceptions->shutdownHandler()
CRITICAL - 2024-07-01 11:54:18 --> ErrorException: Namespace declaration statement has to be the very first statement or after any declare call in the script
in APPPATH\Models\ViewManuscriptModel.php on line 3.
 1 [internal function]: CodeIgniter\Debug\Exceptions->shutdownHandler()
CRITICAL - 2024-07-01 12:00:10 --> ErrorException: Undefined variable $manuscript_data
in APPPATH\Views\partials\manuscript_view.php on line 4.
 1 APPPATH\Views\partials\manuscript_view.php(4): CodeIgniter\Debug\Exceptions->errorHandler(2, 'Undefined variable $manuscript_data', 'C:\\xampp\\htdocs\\amar\\app\\Views\\partials\\manuscript_view.php', 4)
 2 SYSTEMPATH\View\View.php(228): include('C:\\xampp\\htdocs\\amar\\app\\Views\\partials\\manuscript_view.php')
 3 SYSTEMPATH\View\View.php(231): CodeIgniter\View\View->CodeIgniter\View\{closure}()
 4 SYSTEMPATH\Common.php(1178): CodeIgniter\View\View->render('partials/manuscript_view', [], true)
 5 APPPATH\Controllers\ManuscriptController.php(32): view('partials/manuscript_view')
 6 SYSTEMPATH\CodeIgniter.php(941): App\Controllers\ManuscriptController->index()
 7 SYSTEMPATH\CodeIgniter.php(502): CodeIgniter\CodeIgniter->runController(Object(App\Controllers\ManuscriptController))
 8 SYSTEMPATH\CodeIgniter.php(361): CodeIgniter\CodeIgniter->handleRequest(null, Object(Config\Cache), false)
 9 FCPATH\index.php(79): CodeIgniter\CodeIgniter->run()
CRITICAL - 2024-07-01 12:02:21 --> ErrorException: Namespace declaration statement has to be the very first statement or after any declare call in the script
in APPPATH\Models\ViewManuscriptModel.php on line 3.
 1 [internal function]: CodeIgniter\Debug\Exceptions->shutdownHandler()
CRITICAL - 2024-07-01 12:08:53 --> ErrorException: Namespace declaration statement has to be the very first statement or after any declare call in the script
in APPPATH\Models\ViewManuscriptModel.php on line 3.
 1 [internal function]: CodeIgniter\Debug\Exceptions->shutdownHandler()
CRITICAL - 2024-07-01 12:11:19 --> ErrorException: Undefined variable $sys_id_ayu
in APPPATH\Views\partials\manuscript_view.php on line 93.
 1 APPPATH\Views\partials\manuscript_view.php(93): CodeIgniter\Debug\Exceptions->errorHandler(2, 'Undefined variable $sys_id_ayu', 'C:\\xampp\\htdocs\\amar\\app\\Views\\partials\\manuscript_view.php', 93)
 2 SYSTEMPATH\View\View.php(228): include('C:\\xampp\\htdocs\\amar\\app\\Views\\partials\\manuscript_view.php')
 3 SYSTEMPATH\View\View.php(231): CodeIgniter\View\View->CodeIgniter\View\{closure}()
 4 SYSTEMPATH\Common.php(1178): CodeIgniter\View\View->render('partials/manuscript_view', [], true)
 5 APPPATH\Controllers\ManuscriptController.php(32): view('partials/manuscript_view', [...])
 6 SYSTEMPATH\CodeIgniter.php(941): App\Controllers\ManuscriptController->index()
 7 SYSTEMPATH\CodeIgniter.php(502): CodeIgniter\CodeIgniter->runController(Object(App\Controllers\ManuscriptController))
 8 SYSTEMPATH\CodeIgniter.php(361): CodeIgniter\CodeIgniter->handleRequest(null, Object(Config\Cache), false)
 9 FCPATH\index.php(79): CodeIgniter\CodeIgniter->run()
CRITICAL - 2024-07-01 12:11:58 --> ErrorException: Undefined variable $sys_id_natur
in APPPATH\Controllers\ManuscriptController.php on line 97.
 1 APPPATH\Controllers\ManuscriptController.php(97): CodeIgniter\Debug\Exceptions->errorHandler(2, 'Undefined variable $sys_id_natur', 'C:\\xampp\\htdocs\\amar\\app\\Controllers\\ManuscriptController.php', 97)
 2 APPPATH\Controllers\ManuscriptController.php(30): App\Controllers\ManuscriptController->getAllSystemDetails()
 3 SYSTEMPATH\CodeIgniter.php(941): App\Controllers\ManuscriptController->index()
 4 SYSTEMPATH\CodeIgniter.php(502): CodeIgniter\CodeIgniter->runController(Object(App\Controllers\ManuscriptController))
 5 SYSTEMPATH\CodeIgniter.php(361): CodeIgniter\CodeIgniter->handleRequest(null, Object(Config\Cache), false)
 6 FCPATH\index.php(79): CodeIgniter\CodeIgniter->run()
CRITICAL - 2024-07-01 12:14:28 --> ErrorException: Undefined variable $sys_id_natur
in APPPATH\Controllers\ManuscriptController.php on line 97.
 1 APPPATH\Controllers\ManuscriptController.php(97): CodeIgniter\Debug\Exceptions->errorHandler(2, 'Undefined variable $sys_id_natur', 'C:\\xampp\\htdocs\\amar\\app\\Controllers\\ManuscriptController.php', 97)
 2 APPPATH\Controllers\ManuscriptController.php(30): App\Controllers\ManuscriptController->getAllSystemDetails()
 3 SYSTEMPATH\CodeIgniter.php(941): App\Controllers\ManuscriptController->index()
 4 SYSTEMPATH\CodeIgniter.php(502): CodeIgniter\CodeIgniter->runController(Object(App\Controllers\ManuscriptController))
 5 SYSTEMPATH\CodeIgniter.php(361): CodeIgniter\CodeIgniter->handleRequest(null, Object(Config\Cache), false)
 6 FCPATH\index.php(79): CodeIgniter\CodeIgniter->run()
CRITICAL - 2024-07-01 12:24:18 --> ErrorException: Undefined property: stdClass::$state
in APPPATH\Views\partials\rarebook_full_details.php on line 41.
 1 APPPATH\Views\partials\rarebook_full_details.php(41): CodeIgniter\Debug\Exceptions->errorHandler(2, 'Undefined property: stdClass::$state', 'C:\\xampp\\htdocs\\amar\\app\\Views\\partials\\rarebook_full_details.php', 41)
 2 SYSTEMPATH\View\View.php(228): include('C:\\xampp\\htdocs\\amar\\app\\Views\\partials\\rarebook_full_details.php')
 3 SYSTEMPATH\View\View.php(231): CodeIgniter\View\View->CodeIgniter\View\{closure}()
 4 SYSTEMPATH\Common.php(1178): CodeIgniter\View\View->render('partials/rarebook_full_details', [], true)
 5 APPPATH\Controllers\RarebookController.php(39): view('partials/rarebook_full_details', [...])
 6 SYSTEMPATH\CodeIgniter.php(941): App\Controllers\RarebookController->viewFullRarebookDetails('1')
 7 SYSTEMPATH\CodeIgniter.php(502): CodeIgniter\CodeIgniter->runController(Object(App\Controllers\RarebookController))
 8 SYSTEMPATH\CodeIgniter.php(361): CodeIgniter\CodeIgniter->handleRequest(null, Object(Config\Cache), false)
 9 FCPATH\index.php(79): CodeIgniter\CodeIgniter->run()
