INFO - 2024-12-19 04:16:13 --> Session: Class initialized using 'CodeIgniter\Session\Handlers\FileHandler' driver.
INFO - 2024-12-19 05:37:22 --> Session: Class initialized using 'CodeIgniter\Session\Handlers\FileHandler' driver.
INFO - 2024-12-19 05:37:34 --> Session: Class initialized using 'CodeIgniter\Session\Handlers\FileHandler' driver.
INFO - 2024-12-19 05:37:34 --> Session: Class initialized using 'CodeIgniter\Session\Handlers\FileHandler' driver.
INFO - 2024-12-19 05:37:34 --> Session: Class initialized using 'CodeIgniter\Session\Handlers\FileHandler' driver.
INFO - 2024-12-19 05:39:46 --> Session: Class initialized using 'CodeIgniter\Session\Handlers\FileHandler' driver.
INFO - 2024-12-19 05:40:09 --> Session: Class initialized using 'CodeIgniter\Session\Handlers\FileHandler' driver.
INFO - 2024-12-19 05:40:09 --> Session: Class initialized using 'CodeIgniter\Session\Handlers\FileHandler' driver.
INFO - 2024-12-19 05:40:11 --> Session: Class initialized using 'CodeIgniter\Session\Handlers\FileHandler' driver.
INFO - 2024-12-19 05:40:11 --> Session: Class initialized using 'CodeIgniter\Session\Handlers\FileHandler' driver.
INFO - 2024-12-19 05:41:14 --> Session: Class initialized using 'CodeIgniter\Session\Handlers\FileHandler' driver.
INFO - 2024-12-19 05:41:14 --> Session: Class initialized using 'CodeIgniter\Session\Handlers\FileHandler' driver.
INFO - 2024-12-19 05:41:14 --> Session: Class initialized using 'CodeIgniter\Session\Handlers\FileHandler' driver.
CRITICAL - 2024-12-19 05:41:14 --> ErrorException: Undefined array key "Title"
in APPPATH\Views\partials\SupervisorView.php on line 67.
 1 APPPATH\Views\partials\SupervisorView.php(67): CodeIgniter\Debug\Exceptions->errorHandler(2, 'Undefined array key "Title"', 'C:\\xampp\\htdocs\\amar\\app\\Views\\partials\\SupervisorView.php', 67)
 2 APPPATH\Views\partials\SupervisorView.php(121): renderTableRow([...], 'Catalogue', 'http://localhost/amar/supervisor/approveCatalogue/22', 'http://localhost/amar/supervisor/rejectCatalogue/22', 2)
 3 SYSTEMPATH\View\View.php(228): include('C:\\xampp\\htdocs\\amar\\app\\Views\\partials\\SupervisorView.php')
 4 SYSTEMPATH\View\View.php(231): CodeIgniter\View\View->CodeIgniter\View\{closure}()
 5 SYSTEMPATH\Common.php(1178): CodeIgniter\View\View->render('/partials/SupervisorView', [], true)
 6 APPPATH\Controllers\SupervisorController.php(46): view('/partials/SupervisorView', [...])
 7 SYSTEMPATH\CodeIgniter.php(941): App\Controllers\SupervisorController->getalldata()
 8 SYSTEMPATH\CodeIgniter.php(502): CodeIgniter\CodeIgniter->runController(Object(App\Controllers\SupervisorController))
 9 SYSTEMPATH\CodeIgniter.php(361): CodeIgniter\CodeIgniter->handleRequest(null, Object(Config\Cache), false)
10 FCPATH\index.php(79): CodeIgniter\CodeIgniter->run()
INFO - 2024-12-19 05:41:16 --> Session: Class initialized using 'CodeIgniter\Session\Handlers\FileHandler' driver.
CRITICAL - 2024-12-19 05:41:16 --> ErrorException: Undefined array key "Title"
in APPPATH\Views\partials\SupervisorView.php on line 67.
 1 APPPATH\Views\partials\SupervisorView.php(67): CodeIgniter\Debug\Exceptions->errorHandler(2, 'Undefined array key "Title"', 'C:\\xampp\\htdocs\\amar\\app\\Views\\partials\\SupervisorView.php', 67)
 2 APPPATH\Views\partials\SupervisorView.php(121): renderTableRow([...], 'Catalogue', 'http://localhost/amar/supervisor/approveCatalogue/22', 'http://localhost/amar/supervisor/rejectCatalogue/22', 2)
 3 SYSTEMPATH\View\View.php(228): include('C:\\xampp\\htdocs\\amar\\app\\Views\\partials\\SupervisorView.php')
 4 SYSTEMPATH\View\View.php(231): CodeIgniter\View\View->CodeIgniter\View\{closure}()
 5 SYSTEMPATH\Common.php(1178): CodeIgniter\View\View->render('/partials/SupervisorView', [], true)
 6 APPPATH\Controllers\SupervisorController.php(46): view('/partials/SupervisorView', [...])
 7 SYSTEMPATH\CodeIgniter.php(941): App\Controllers\SupervisorController->getalldata()
 8 SYSTEMPATH\CodeIgniter.php(502): CodeIgniter\CodeIgniter->runController(Object(App\Controllers\SupervisorController))
 9 SYSTEMPATH\CodeIgniter.php(361): CodeIgniter\CodeIgniter->handleRequest(null, Object(Config\Cache), false)
10 FCPATH\index.php(79): CodeIgniter\CodeIgniter->run()
INFO - 2024-12-19 05:41:17 --> Session: Class initialized using 'CodeIgniter\Session\Handlers\FileHandler' driver.
CRITICAL - 2024-12-19 05:41:17 --> ErrorException: Undefined array key "Title"
in APPPATH\Views\partials\SupervisorView.php on line 67.
 1 APPPATH\Views\partials\SupervisorView.php(67): CodeIgniter\Debug\Exceptions->errorHandler(2, 'Undefined array key "Title"', 'C:\\xampp\\htdocs\\amar\\app\\Views\\partials\\SupervisorView.php', 67)
 2 APPPATH\Views\partials\SupervisorView.php(121): renderTableRow([...], 'Catalogue', 'http://localhost/amar/supervisor/approveCatalogue/22', 'http://localhost/amar/supervisor/rejectCatalogue/22', 2)
 3 SYSTEMPATH\View\View.php(228): include('C:\\xampp\\htdocs\\amar\\app\\Views\\partials\\SupervisorView.php')
 4 SYSTEMPATH\View\View.php(231): CodeIgniter\View\View->CodeIgniter\View\{closure}()
 5 SYSTEMPATH\Common.php(1178): CodeIgniter\View\View->render('/partials/SupervisorView', [], true)
 6 APPPATH\Controllers\SupervisorController.php(46): view('/partials/SupervisorView', [...])
 7 SYSTEMPATH\CodeIgniter.php(941): App\Controllers\SupervisorController->getalldata()
 8 SYSTEMPATH\CodeIgniter.php(502): CodeIgniter\CodeIgniter->runController(Object(App\Controllers\SupervisorController))
 9 SYSTEMPATH\CodeIgniter.php(361): CodeIgniter\CodeIgniter->handleRequest(null, Object(Config\Cache), false)
10 FCPATH\index.php(79): CodeIgniter\CodeIgniter->run()
INFO - 2024-12-19 05:44:05 --> Session: Class initialized using 'CodeIgniter\Session\Handlers\FileHandler' driver.
CRITICAL - 2024-12-19 05:44:05 --> ErrorException: Undefined array key "title_phonetic"
in APPPATH\Views\partials\SupervisorView.php on line 67.
 1 APPPATH\Views\partials\SupervisorView.php(67): CodeIgniter\Debug\Exceptions->errorHandler(2, 'Undefined array key "title_phonetic"', 'C:\\xampp\\htdocs\\amar\\app\\Views\\partials\\SupervisorView.php', 67)
 2 APPPATH\Views\partials\SupervisorView.php(99): renderTableRow([...], 'Manuscript', 'http://localhost/amar/supervisor/approveManuscript/43', 'http://localhost/amar/supervisor/rejectManuscript/43', 1)
 3 SYSTEMPATH\View\View.php(228): include('C:\\xampp\\htdocs\\amar\\app\\Views\\partials\\SupervisorView.php')
 4 SYSTEMPATH\View\View.php(231): CodeIgniter\View\View->CodeIgniter\View\{closure}()
 5 SYSTEMPATH\Common.php(1178): CodeIgniter\View\View->render('/partials/SupervisorView', [], true)
 6 APPPATH\Controllers\SupervisorController.php(46): view('/partials/SupervisorView', [...])
 7 SYSTEMPATH\CodeIgniter.php(941): App\Controllers\SupervisorController->getalldata()
 8 SYSTEMPATH\CodeIgniter.php(502): CodeIgniter\CodeIgniter->runController(Object(App\Controllers\SupervisorController))
 9 SYSTEMPATH\CodeIgniter.php(361): CodeIgniter\CodeIgniter->handleRequest(null, Object(Config\Cache), false)
10 FCPATH\index.php(79): CodeIgniter\CodeIgniter->run()
INFO - 2024-12-19 05:44:07 --> Session: Class initialized using 'CodeIgniter\Session\Handlers\FileHandler' driver.
CRITICAL - 2024-12-19 05:44:07 --> ErrorException: Undefined array key "title_phonetic"
in APPPATH\Views\partials\SupervisorView.php on line 67.
 1 APPPATH\Views\partials\SupervisorView.php(67): CodeIgniter\Debug\Exceptions->errorHandler(2, 'Undefined array key "title_phonetic"', 'C:\\xampp\\htdocs\\amar\\app\\Views\\partials\\SupervisorView.php', 67)
 2 APPPATH\Views\partials\SupervisorView.php(99): renderTableRow([...], 'Manuscript', 'http://localhost/amar/supervisor/approveManuscript/43', 'http://localhost/amar/supervisor/rejectManuscript/43', 1)
 3 SYSTEMPATH\View\View.php(228): include('C:\\xampp\\htdocs\\amar\\app\\Views\\partials\\SupervisorView.php')
 4 SYSTEMPATH\View\View.php(231): CodeIgniter\View\View->CodeIgniter\View\{closure}()
 5 SYSTEMPATH\Common.php(1178): CodeIgniter\View\View->render('/partials/SupervisorView', [], true)
 6 APPPATH\Controllers\SupervisorController.php(46): view('/partials/SupervisorView', [...])
 7 SYSTEMPATH\CodeIgniter.php(941): App\Controllers\SupervisorController->getalldata()
 8 SYSTEMPATH\CodeIgniter.php(502): CodeIgniter\CodeIgniter->runController(Object(App\Controllers\SupervisorController))
 9 SYSTEMPATH\CodeIgniter.php(361): CodeIgniter\CodeIgniter->handleRequest(null, Object(Config\Cache), false)
10 FCPATH\index.php(79): CodeIgniter\CodeIgniter->run()
INFO - 2024-12-19 06:03:31 --> Session: Class initialized using 'CodeIgniter\Session\Handlers\FileHandler' driver.
CRITICAL - 2024-12-19 06:03:31 --> ErrorException: Undefined array key "title_phonetic"
in APPPATH\Views\partials\SupervisorView.php on line 67.
 1 APPPATH\Views\partials\SupervisorView.php(67): CodeIgniter\Debug\Exceptions->errorHandler(2, 'Undefined array key "title_phonetic"', 'C:\\xampp\\htdocs\\amar\\app\\Views\\partials\\SupervisorView.php', 67)
 2 APPPATH\Views\partials\SupervisorView.php(99): renderTableRow([...], 'Manuscript', 'http://localhost/amar/supervisor/approveManuscript/43', 'http://localhost/amar/supervisor/rejectManuscript/43', 1)
 3 SYSTEMPATH\View\View.php(228): include('C:\\xampp\\htdocs\\amar\\app\\Views\\partials\\SupervisorView.php')
 4 SYSTEMPATH\View\View.php(231): CodeIgniter\View\View->CodeIgniter\View\{closure}()
 5 SYSTEMPATH\Common.php(1178): CodeIgniter\View\View->render('/partials/SupervisorView', [], true)
 6 APPPATH\Controllers\SupervisorController.php(46): view('/partials/SupervisorView', [...])
 7 SYSTEMPATH\CodeIgniter.php(941): App\Controllers\SupervisorController->getalldata()
 8 SYSTEMPATH\CodeIgniter.php(502): CodeIgniter\CodeIgniter->runController(Object(App\Controllers\SupervisorController))
 9 SYSTEMPATH\CodeIgniter.php(361): CodeIgniter\CodeIgniter->handleRequest(null, Object(Config\Cache), false)
10 FCPATH\index.php(79): CodeIgniter\CodeIgniter->run()
INFO - 2024-12-19 09:29:00 --> Session: Class initialized using 'CodeIgniter\Session\Handlers\FileHandler' driver.
CRITICAL - 2024-12-19 09:29:00 --> ErrorException: Undefined array key "title_phonetic"
in APPPATH\Views\partials\SupervisorView.php on line 67.
 1 APPPATH\Views\partials\SupervisorView.php(67): CodeIgniter\Debug\Exceptions->errorHandler(2, 'Undefined array key "title_phonetic"', 'C:\\xampp\\htdocs\\amar\\app\\Views\\partials\\SupervisorView.php', 67)
 2 APPPATH\Views\partials\SupervisorView.php(132): renderTableRow([...], 'Periodical', 'http://localhost/amar/supervisor/approvePeriodical/3', 'http://localhost/amar/supervisor/rejectPeriodical/3', 3)
 3 SYSTEMPATH\View\View.php(228): include('C:\\xampp\\htdocs\\amar\\app\\Views\\partials\\SupervisorView.php')
 4 SYSTEMPATH\View\View.php(231): CodeIgniter\View\View->CodeIgniter\View\{closure}()
 5 SYSTEMPATH\Common.php(1178): CodeIgniter\View\View->render('/partials/SupervisorView', [], true)
 6 APPPATH\Controllers\SupervisorController.php(46): view('/partials/SupervisorView', [...])
 7 SYSTEMPATH\CodeIgniter.php(941): App\Controllers\SupervisorController->getalldata()
 8 SYSTEMPATH\CodeIgniter.php(502): CodeIgniter\CodeIgniter->runController(Object(App\Controllers\SupervisorController))
 9 SYSTEMPATH\CodeIgniter.php(361): CodeIgniter\CodeIgniter->handleRequest(null, Object(Config\Cache), false)
10 FCPATH\index.php(79): CodeIgniter\CodeIgniter->run()
INFO - 2024-12-19 09:29:00 --> Session: Class initialized using 'CodeIgniter\Session\Handlers\FileHandler' driver.
CRITICAL - 2024-12-19 09:29:00 --> ErrorException: Undefined array key "title_phonetic"
in APPPATH\Views\partials\SupervisorView.php on line 67.
 1 APPPATH\Views\partials\SupervisorView.php(67): CodeIgniter\Debug\Exceptions->errorHandler(2, 'Undefined array key "title_phonetic"', 'C:\\xampp\\htdocs\\amar\\app\\Views\\partials\\SupervisorView.php', 67)
 2 APPPATH\Views\partials\SupervisorView.php(132): renderTableRow([...], 'Periodical', 'http://localhost/amar/supervisor/approvePeriodical/3', 'http://localhost/amar/supervisor/rejectPeriodical/3', 3)
 3 SYSTEMPATH\View\View.php(228): include('C:\\xampp\\htdocs\\amar\\app\\Views\\partials\\SupervisorView.php')
 4 SYSTEMPATH\View\View.php(231): CodeIgniter\View\View->CodeIgniter\View\{closure}()
 5 SYSTEMPATH\Common.php(1178): CodeIgniter\View\View->render('/partials/SupervisorView', [], true)
 6 APPPATH\Controllers\SupervisorController.php(46): view('/partials/SupervisorView', [...])
 7 SYSTEMPATH\CodeIgniter.php(941): App\Controllers\SupervisorController->getalldata()
 8 SYSTEMPATH\CodeIgniter.php(502): CodeIgniter\CodeIgniter->runController(Object(App\Controllers\SupervisorController))
 9 SYSTEMPATH\CodeIgniter.php(361): CodeIgniter\CodeIgniter->handleRequest(null, Object(Config\Cache), false)
10 FCPATH\index.php(79): CodeIgniter\CodeIgniter->run()
INFO - 2024-12-19 09:29:01 --> Session: Class initialized using 'CodeIgniter\Session\Handlers\FileHandler' driver.
CRITICAL - 2024-12-19 09:29:01 --> ErrorException: Undefined array key "title_phonetic"
in APPPATH\Views\partials\SupervisorView.php on line 67.
 1 APPPATH\Views\partials\SupervisorView.php(67): CodeIgniter\Debug\Exceptions->errorHandler(2, 'Undefined array key "title_phonetic"', 'C:\\xampp\\htdocs\\amar\\app\\Views\\partials\\SupervisorView.php', 67)
 2 APPPATH\Views\partials\SupervisorView.php(132): renderTableRow([...], 'Periodical', 'http://localhost/amar/supervisor/approvePeriodical/3', 'http://localhost/amar/supervisor/rejectPeriodical/3', 3)
 3 SYSTEMPATH\View\View.php(228): include('C:\\xampp\\htdocs\\amar\\app\\Views\\partials\\SupervisorView.php')
 4 SYSTEMPATH\View\View.php(231): CodeIgniter\View\View->CodeIgniter\View\{closure}()
 5 SYSTEMPATH\Common.php(1178): CodeIgniter\View\View->render('/partials/SupervisorView', [], true)
 6 APPPATH\Controllers\SupervisorController.php(46): view('/partials/SupervisorView', [...])
 7 SYSTEMPATH\CodeIgniter.php(941): App\Controllers\SupervisorController->getalldata()
 8 SYSTEMPATH\CodeIgniter.php(502): CodeIgniter\CodeIgniter->runController(Object(App\Controllers\SupervisorController))
 9 SYSTEMPATH\CodeIgniter.php(361): CodeIgniter\CodeIgniter->handleRequest(null, Object(Config\Cache), false)
10 FCPATH\index.php(79): CodeIgniter\CodeIgniter->run()
INFO - 2024-12-19 09:29:01 --> Session: Class initialized using 'CodeIgniter\Session\Handlers\FileHandler' driver.
CRITICAL - 2024-12-19 09:29:01 --> ErrorException: Undefined array key "title_phonetic"
in APPPATH\Views\partials\SupervisorView.php on line 67.
 1 APPPATH\Views\partials\SupervisorView.php(67): CodeIgniter\Debug\Exceptions->errorHandler(2, 'Undefined array key "title_phonetic"', 'C:\\xampp\\htdocs\\amar\\app\\Views\\partials\\SupervisorView.php', 67)
 2 APPPATH\Views\partials\SupervisorView.php(132): renderTableRow([...], 'Periodical', 'http://localhost/amar/supervisor/approvePeriodical/3', 'http://localhost/amar/supervisor/rejectPeriodical/3', 3)
 3 SYSTEMPATH\View\View.php(228): include('C:\\xampp\\htdocs\\amar\\app\\Views\\partials\\SupervisorView.php')
 4 SYSTEMPATH\View\View.php(231): CodeIgniter\View\View->CodeIgniter\View\{closure}()
 5 SYSTEMPATH\Common.php(1178): CodeIgniter\View\View->render('/partials/SupervisorView', [], true)
 6 APPPATH\Controllers\SupervisorController.php(46): view('/partials/SupervisorView', [...])
 7 SYSTEMPATH\CodeIgniter.php(941): App\Controllers\SupervisorController->getalldata()
 8 SYSTEMPATH\CodeIgniter.php(502): CodeIgniter\CodeIgniter->runController(Object(App\Controllers\SupervisorController))
 9 SYSTEMPATH\CodeIgniter.php(361): CodeIgniter\CodeIgniter->handleRequest(null, Object(Config\Cache), false)
10 FCPATH\index.php(79): CodeIgniter\CodeIgniter->run()
INFO - 2024-12-19 09:30:26 --> Session: Class initialized using 'CodeIgniter\Session\Handlers\FileHandler' driver.
CRITICAL - 2024-12-19 09:30:26 --> ErrorException: Undefined array key "title_phonetic"
in APPPATH\Views\partials\SupervisorView.php on line 67.
 1 APPPATH\Views\partials\SupervisorView.php(67): CodeIgniter\Debug\Exceptions->errorHandler(2, 'Undefined array key "title_phonetic"', 'C:\\xampp\\htdocs\\amar\\app\\Views\\partials\\SupervisorView.php', 67)
 2 APPPATH\Views\partials\SupervisorView.php(132): renderTableRow([...], 'Periodical', 'http://localhost/amar/supervisor/approvePeriodical/3', 'http://localhost/amar/supervisor/rejectPeriodical/3', 3)
 3 SYSTEMPATH\View\View.php(228): include('C:\\xampp\\htdocs\\amar\\app\\Views\\partials\\SupervisorView.php')
 4 SYSTEMPATH\View\View.php(231): CodeIgniter\View\View->CodeIgniter\View\{closure}()
 5 SYSTEMPATH\Common.php(1178): CodeIgniter\View\View->render('/partials/SupervisorView', [], true)
 6 APPPATH\Controllers\SupervisorController.php(46): view('/partials/SupervisorView', [...])
 7 SYSTEMPATH\CodeIgniter.php(941): App\Controllers\SupervisorController->getalldata()
 8 SYSTEMPATH\CodeIgniter.php(502): CodeIgniter\CodeIgniter->runController(Object(App\Controllers\SupervisorController))
 9 SYSTEMPATH\CodeIgniter.php(361): CodeIgniter\CodeIgniter->handleRequest(null, Object(Config\Cache), false)
10 FCPATH\index.php(79): CodeIgniter\CodeIgniter->run()
INFO - 2024-12-19 09:30:26 --> Session: Class initialized using 'CodeIgniter\Session\Handlers\FileHandler' driver.
CRITICAL - 2024-12-19 09:30:26 --> ErrorException: Undefined array key "title_phonetic"
in APPPATH\Views\partials\SupervisorView.php on line 67.
 1 APPPATH\Views\partials\SupervisorView.php(67): CodeIgniter\Debug\Exceptions->errorHandler(2, 'Undefined array key "title_phonetic"', 'C:\\xampp\\htdocs\\amar\\app\\Views\\partials\\SupervisorView.php', 67)
 2 APPPATH\Views\partials\SupervisorView.php(132): renderTableRow([...], 'Periodical', 'http://localhost/amar/supervisor/approvePeriodical/3', 'http://localhost/amar/supervisor/rejectPeriodical/3', 3)
 3 SYSTEMPATH\View\View.php(228): include('C:\\xampp\\htdocs\\amar\\app\\Views\\partials\\SupervisorView.php')
 4 SYSTEMPATH\View\View.php(231): CodeIgniter\View\View->CodeIgniter\View\{closure}()
 5 SYSTEMPATH\Common.php(1178): CodeIgniter\View\View->render('/partials/SupervisorView', [], true)
 6 APPPATH\Controllers\SupervisorController.php(46): view('/partials/SupervisorView', [...])
 7 SYSTEMPATH\CodeIgniter.php(941): App\Controllers\SupervisorController->getalldata()
 8 SYSTEMPATH\CodeIgniter.php(502): CodeIgniter\CodeIgniter->runController(Object(App\Controllers\SupervisorController))
 9 SYSTEMPATH\CodeIgniter.php(361): CodeIgniter\CodeIgniter->handleRequest(null, Object(Config\Cache), false)
10 FCPATH\index.php(79): CodeIgniter\CodeIgniter->run()
INFO - 2024-12-19 09:30:27 --> Session: Class initialized using 'CodeIgniter\Session\Handlers\FileHandler' driver.
CRITICAL - 2024-12-19 09:30:27 --> ErrorException: Undefined array key "title_phonetic"
in APPPATH\Views\partials\SupervisorView.php on line 67.
 1 APPPATH\Views\partials\SupervisorView.php(67): CodeIgniter\Debug\Exceptions->errorHandler(2, 'Undefined array key "title_phonetic"', 'C:\\xampp\\htdocs\\amar\\app\\Views\\partials\\SupervisorView.php', 67)
 2 APPPATH\Views\partials\SupervisorView.php(132): renderTableRow([...], 'Periodical', 'http://localhost/amar/supervisor/approvePeriodical/3', 'http://localhost/amar/supervisor/rejectPeriodical/3', 3)
 3 SYSTEMPATH\View\View.php(228): include('C:\\xampp\\htdocs\\amar\\app\\Views\\partials\\SupervisorView.php')
 4 SYSTEMPATH\View\View.php(231): CodeIgniter\View\View->CodeIgniter\View\{closure}()
 5 SYSTEMPATH\Common.php(1178): CodeIgniter\View\View->render('/partials/SupervisorView', [], true)
 6 APPPATH\Controllers\SupervisorController.php(46): view('/partials/SupervisorView', [...])
 7 SYSTEMPATH\CodeIgniter.php(941): App\Controllers\SupervisorController->getalldata()
 8 SYSTEMPATH\CodeIgniter.php(502): CodeIgniter\CodeIgniter->runController(Object(App\Controllers\SupervisorController))
 9 SYSTEMPATH\CodeIgniter.php(361): CodeIgniter\CodeIgniter->handleRequest(null, Object(Config\Cache), false)
10 FCPATH\index.php(79): CodeIgniter\CodeIgniter->run()
INFO - 2024-12-19 09:30:27 --> Session: Class initialized using 'CodeIgniter\Session\Handlers\FileHandler' driver.
CRITICAL - 2024-12-19 09:30:27 --> ErrorException: Undefined array key "title_phonetic"
in APPPATH\Views\partials\SupervisorView.php on line 67.
 1 APPPATH\Views\partials\SupervisorView.php(67): CodeIgniter\Debug\Exceptions->errorHandler(2, 'Undefined array key "title_phonetic"', 'C:\\xampp\\htdocs\\amar\\app\\Views\\partials\\SupervisorView.php', 67)
 2 APPPATH\Views\partials\SupervisorView.php(132): renderTableRow([...], 'Periodical', 'http://localhost/amar/supervisor/approvePeriodical/3', 'http://localhost/amar/supervisor/rejectPeriodical/3', 3)
 3 SYSTEMPATH\View\View.php(228): include('C:\\xampp\\htdocs\\amar\\app\\Views\\partials\\SupervisorView.php')
 4 SYSTEMPATH\View\View.php(231): CodeIgniter\View\View->CodeIgniter\View\{closure}()
 5 SYSTEMPATH\Common.php(1178): CodeIgniter\View\View->render('/partials/SupervisorView', [], true)
 6 APPPATH\Controllers\SupervisorController.php(46): view('/partials/SupervisorView', [...])
 7 SYSTEMPATH\CodeIgniter.php(941): App\Controllers\SupervisorController->getalldata()
 8 SYSTEMPATH\CodeIgniter.php(502): CodeIgniter\CodeIgniter->runController(Object(App\Controllers\SupervisorController))
 9 SYSTEMPATH\CodeIgniter.php(361): CodeIgniter\CodeIgniter->handleRequest(null, Object(Config\Cache), false)
10 FCPATH\index.php(79): CodeIgniter\CodeIgniter->run()
INFO - 2024-12-19 09:30:27 --> Session: Class initialized using 'CodeIgniter\Session\Handlers\FileHandler' driver.
CRITICAL - 2024-12-19 09:30:27 --> ErrorException: Undefined array key "title_phonetic"
in APPPATH\Views\partials\SupervisorView.php on line 67.
 1 APPPATH\Views\partials\SupervisorView.php(67): CodeIgniter\Debug\Exceptions->errorHandler(2, 'Undefined array key "title_phonetic"', 'C:\\xampp\\htdocs\\amar\\app\\Views\\partials\\SupervisorView.php', 67)
 2 APPPATH\Views\partials\SupervisorView.php(132): renderTableRow([...], 'Periodical', 'http://localhost/amar/supervisor/approvePeriodical/3', 'http://localhost/amar/supervisor/rejectPeriodical/3', 3)
 3 SYSTEMPATH\View\View.php(228): include('C:\\xampp\\htdocs\\amar\\app\\Views\\partials\\SupervisorView.php')
 4 SYSTEMPATH\View\View.php(231): CodeIgniter\View\View->CodeIgniter\View\{closure}()
 5 SYSTEMPATH\Common.php(1178): CodeIgniter\View\View->render('/partials/SupervisorView', [], true)
 6 APPPATH\Controllers\SupervisorController.php(46): view('/partials/SupervisorView', [...])
 7 SYSTEMPATH\CodeIgniter.php(941): App\Controllers\SupervisorController->getalldata()
 8 SYSTEMPATH\CodeIgniter.php(502): CodeIgniter\CodeIgniter->runController(Object(App\Controllers\SupervisorController))
 9 SYSTEMPATH\CodeIgniter.php(361): CodeIgniter\CodeIgniter->handleRequest(null, Object(Config\Cache), false)
10 FCPATH\index.php(79): CodeIgniter\CodeIgniter->run()
INFO - 2024-12-19 09:30:27 --> Session: Class initialized using 'CodeIgniter\Session\Handlers\FileHandler' driver.
CRITICAL - 2024-12-19 09:30:28 --> ErrorException: Undefined array key "title_phonetic"
in APPPATH\Views\partials\SupervisorView.php on line 67.
 1 APPPATH\Views\partials\SupervisorView.php(67): CodeIgniter\Debug\Exceptions->errorHandler(2, 'Undefined array key "title_phonetic"', 'C:\\xampp\\htdocs\\amar\\app\\Views\\partials\\SupervisorView.php', 67)
 2 APPPATH\Views\partials\SupervisorView.php(132): renderTableRow([...], 'Periodical', 'http://localhost/amar/supervisor/approvePeriodical/3', 'http://localhost/amar/supervisor/rejectPeriodical/3', 3)
 3 SYSTEMPATH\View\View.php(228): include('C:\\xampp\\htdocs\\amar\\app\\Views\\partials\\SupervisorView.php')
 4 SYSTEMPATH\View\View.php(231): CodeIgniter\View\View->CodeIgniter\View\{closure}()
 5 SYSTEMPATH\Common.php(1178): CodeIgniter\View\View->render('/partials/SupervisorView', [], true)
 6 APPPATH\Controllers\SupervisorController.php(46): view('/partials/SupervisorView', [...])
 7 SYSTEMPATH\CodeIgniter.php(941): App\Controllers\SupervisorController->getalldata()
 8 SYSTEMPATH\CodeIgniter.php(502): CodeIgniter\CodeIgniter->runController(Object(App\Controllers\SupervisorController))
 9 SYSTEMPATH\CodeIgniter.php(361): CodeIgniter\CodeIgniter->handleRequest(null, Object(Config\Cache), false)
10 FCPATH\index.php(79): CodeIgniter\CodeIgniter->run()
INFO - 2024-12-19 09:30:28 --> Session: Class initialized using 'CodeIgniter\Session\Handlers\FileHandler' driver.
CRITICAL - 2024-12-19 09:30:28 --> ErrorException: Undefined array key "title_phonetic"
in APPPATH\Views\partials\SupervisorView.php on line 67.
 1 APPPATH\Views\partials\SupervisorView.php(67): CodeIgniter\Debug\Exceptions->errorHandler(2, 'Undefined array key "title_phonetic"', 'C:\\xampp\\htdocs\\amar\\app\\Views\\partials\\SupervisorView.php', 67)
 2 APPPATH\Views\partials\SupervisorView.php(132): renderTableRow([...], 'Periodical', 'http://localhost/amar/supervisor/approvePeriodical/3', 'http://localhost/amar/supervisor/rejectPeriodical/3', 3)
 3 SYSTEMPATH\View\View.php(228): include('C:\\xampp\\htdocs\\amar\\app\\Views\\partials\\SupervisorView.php')
 4 SYSTEMPATH\View\View.php(231): CodeIgniter\View\View->CodeIgniter\View\{closure}()
 5 SYSTEMPATH\Common.php(1178): CodeIgniter\View\View->render('/partials/SupervisorView', [], true)
 6 APPPATH\Controllers\SupervisorController.php(46): view('/partials/SupervisorView', [...])
 7 SYSTEMPATH\CodeIgniter.php(941): App\Controllers\SupervisorController->getalldata()
 8 SYSTEMPATH\CodeIgniter.php(502): CodeIgniter\CodeIgniter->runController(Object(App\Controllers\SupervisorController))
 9 SYSTEMPATH\CodeIgniter.php(361): CodeIgniter\CodeIgniter->handleRequest(null, Object(Config\Cache), false)
10 FCPATH\index.php(79): CodeIgniter\CodeIgniter->run()
INFO - 2024-12-19 09:30:28 --> Session: Class initialized using 'CodeIgniter\Session\Handlers\FileHandler' driver.
CRITICAL - 2024-12-19 09:30:28 --> ErrorException: Undefined array key "title_phonetic"
in APPPATH\Views\partials\SupervisorView.php on line 67.
 1 APPPATH\Views\partials\SupervisorView.php(67): CodeIgniter\Debug\Exceptions->errorHandler(2, 'Undefined array key "title_phonetic"', 'C:\\xampp\\htdocs\\amar\\app\\Views\\partials\\SupervisorView.php', 67)
 2 APPPATH\Views\partials\SupervisorView.php(132): renderTableRow([...], 'Periodical', 'http://localhost/amar/supervisor/approvePeriodical/3', 'http://localhost/amar/supervisor/rejectPeriodical/3', 3)
 3 SYSTEMPATH\View\View.php(228): include('C:\\xampp\\htdocs\\amar\\app\\Views\\partials\\SupervisorView.php')
 4 SYSTEMPATH\View\View.php(231): CodeIgniter\View\View->CodeIgniter\View\{closure}()
 5 SYSTEMPATH\Common.php(1178): CodeIgniter\View\View->render('/partials/SupervisorView', [], true)
 6 APPPATH\Controllers\SupervisorController.php(46): view('/partials/SupervisorView', [...])
 7 SYSTEMPATH\CodeIgniter.php(941): App\Controllers\SupervisorController->getalldata()
 8 SYSTEMPATH\CodeIgniter.php(502): CodeIgniter\CodeIgniter->runController(Object(App\Controllers\SupervisorController))
 9 SYSTEMPATH\CodeIgniter.php(361): CodeIgniter\CodeIgniter->handleRequest(null, Object(Config\Cache), false)
10 FCPATH\index.php(79): CodeIgniter\CodeIgniter->run()
INFO - 2024-12-19 09:30:29 --> Session: Class initialized using 'CodeIgniter\Session\Handlers\FileHandler' driver.
CRITICAL - 2024-12-19 09:30:29 --> ErrorException: Undefined array key "title_phonetic"
in APPPATH\Views\partials\SupervisorView.php on line 67.
 1 APPPATH\Views\partials\SupervisorView.php(67): CodeIgniter\Debug\Exceptions->errorHandler(2, 'Undefined array key "title_phonetic"', 'C:\\xampp\\htdocs\\amar\\app\\Views\\partials\\SupervisorView.php', 67)
 2 APPPATH\Views\partials\SupervisorView.php(132): renderTableRow([...], 'Periodical', 'http://localhost/amar/supervisor/approvePeriodical/3', 'http://localhost/amar/supervisor/rejectPeriodical/3', 3)
 3 SYSTEMPATH\View\View.php(228): include('C:\\xampp\\htdocs\\amar\\app\\Views\\partials\\SupervisorView.php')
 4 SYSTEMPATH\View\View.php(231): CodeIgniter\View\View->CodeIgniter\View\{closure}()
 5 SYSTEMPATH\Common.php(1178): CodeIgniter\View\View->render('/partials/SupervisorView', [], true)
 6 APPPATH\Controllers\SupervisorController.php(46): view('/partials/SupervisorView', [...])
 7 SYSTEMPATH\CodeIgniter.php(941): App\Controllers\SupervisorController->getalldata()
 8 SYSTEMPATH\CodeIgniter.php(502): CodeIgniter\CodeIgniter->runController(Object(App\Controllers\SupervisorController))
 9 SYSTEMPATH\CodeIgniter.php(361): CodeIgniter\CodeIgniter->handleRequest(null, Object(Config\Cache), false)
10 FCPATH\index.php(79): CodeIgniter\CodeIgniter->run()
INFO - 2024-12-19 09:30:30 --> Session: Class initialized using 'CodeIgniter\Session\Handlers\FileHandler' driver.
CRITICAL - 2024-12-19 09:30:30 --> ErrorException: Undefined array key "title_phonetic"
in APPPATH\Views\partials\SupervisorView.php on line 67.
 1 APPPATH\Views\partials\SupervisorView.php(67): CodeIgniter\Debug\Exceptions->errorHandler(2, 'Undefined array key "title_phonetic"', 'C:\\xampp\\htdocs\\amar\\app\\Views\\partials\\SupervisorView.php', 67)
 2 APPPATH\Views\partials\SupervisorView.php(132): renderTableRow([...], 'Periodical', 'http://localhost/amar/supervisor/approvePeriodical/3', 'http://localhost/amar/supervisor/rejectPeriodical/3', 3)
 3 SYSTEMPATH\View\View.php(228): include('C:\\xampp\\htdocs\\amar\\app\\Views\\partials\\SupervisorView.php')
 4 SYSTEMPATH\View\View.php(231): CodeIgniter\View\View->CodeIgniter\View\{closure}()
 5 SYSTEMPATH\Common.php(1178): CodeIgniter\View\View->render('/partials/SupervisorView', [], true)
 6 APPPATH\Controllers\SupervisorController.php(46): view('/partials/SupervisorView', [...])
 7 SYSTEMPATH\CodeIgniter.php(941): App\Controllers\SupervisorController->getalldata()
 8 SYSTEMPATH\CodeIgniter.php(502): CodeIgniter\CodeIgniter->runController(Object(App\Controllers\SupervisorController))
 9 SYSTEMPATH\CodeIgniter.php(361): CodeIgniter\CodeIgniter->handleRequest(null, Object(Config\Cache), false)
10 FCPATH\index.php(79): CodeIgniter\CodeIgniter->run()
INFO - 2024-12-19 09:30:30 --> Session: Class initialized using 'CodeIgniter\Session\Handlers\FileHandler' driver.
CRITICAL - 2024-12-19 09:30:30 --> ErrorException: Undefined array key "title_phonetic"
in APPPATH\Views\partials\SupervisorView.php on line 67.
 1 APPPATH\Views\partials\SupervisorView.php(67): CodeIgniter\Debug\Exceptions->errorHandler(2, 'Undefined array key "title_phonetic"', 'C:\\xampp\\htdocs\\amar\\app\\Views\\partials\\SupervisorView.php', 67)
 2 APPPATH\Views\partials\SupervisorView.php(132): renderTableRow([...], 'Periodical', 'http://localhost/amar/supervisor/approvePeriodical/3', 'http://localhost/amar/supervisor/rejectPeriodical/3', 3)
 3 SYSTEMPATH\View\View.php(228): include('C:\\xampp\\htdocs\\amar\\app\\Views\\partials\\SupervisorView.php')
 4 SYSTEMPATH\View\View.php(231): CodeIgniter\View\View->CodeIgniter\View\{closure}()
 5 SYSTEMPATH\Common.php(1178): CodeIgniter\View\View->render('/partials/SupervisorView', [], true)
 6 APPPATH\Controllers\SupervisorController.php(46): view('/partials/SupervisorView', [...])
 7 SYSTEMPATH\CodeIgniter.php(941): App\Controllers\SupervisorController->getalldata()
 8 SYSTEMPATH\CodeIgniter.php(502): CodeIgniter\CodeIgniter->runController(Object(App\Controllers\SupervisorController))
 9 SYSTEMPATH\CodeIgniter.php(361): CodeIgniter\CodeIgniter->handleRequest(null, Object(Config\Cache), false)
10 FCPATH\index.php(79): CodeIgniter\CodeIgniter->run()
INFO - 2024-12-19 09:31:03 --> Session: Class initialized using 'CodeIgniter\Session\Handlers\FileHandler' driver.
INFO - 2024-12-19 09:31:04 --> Session: Class initialized using 'CodeIgniter\Session\Handlers\FileHandler' driver.
INFO - 2024-12-19 09:31:04 --> Session: Class initialized using 'CodeIgniter\Session\Handlers\FileHandler' driver.
INFO - 2024-12-19 09:31:05 --> Session: Class initialized using 'CodeIgniter\Session\Handlers\FileHandler' driver.
INFO - 2024-12-19 09:35:39 --> Session: Class initialized using 'CodeIgniter\Session\Handlers\FileHandler' driver.
INFO - 2024-12-19 09:35:39 --> Session: Class initialized using 'CodeIgniter\Session\Handlers\FileHandler' driver.
INFO - 2024-12-19 09:35:39 --> Session: Class initialized using 'CodeIgniter\Session\Handlers\FileHandler' driver.
CRITICAL - 2024-12-19 09:35:39 --> ErrorException: Undefined array key "title_phonetic"
in APPPATH\Views\partials\SupervisorView.php on line 67.
 1 APPPATH\Views\partials\SupervisorView.php(67): CodeIgniter\Debug\Exceptions->errorHandler(2, 'Undefined array key "title_phonetic"', 'C:\\xampp\\htdocs\\amar\\app\\Views\\partials\\SupervisorView.php', 67)
 2 APPPATH\Views\partials\SupervisorView.php(132): renderTableRow([...], 'Periodical', 'http://localhost/amar/supervisor/approvePeriodical/3', 'http://localhost/amar/supervisor/rejectPeriodical/3', 3)
 3 SYSTEMPATH\View\View.php(228): include('C:\\xampp\\htdocs\\amar\\app\\Views\\partials\\SupervisorView.php')
 4 SYSTEMPATH\View\View.php(231): CodeIgniter\View\View->CodeIgniter\View\{closure}()
 5 SYSTEMPATH\Common.php(1178): CodeIgniter\View\View->render('/partials/SupervisorView', [], true)
 6 APPPATH\Controllers\SupervisorController.php(46): view('/partials/SupervisorView', [...])
 7 SYSTEMPATH\CodeIgniter.php(941): App\Controllers\SupervisorController->getalldata()
 8 SYSTEMPATH\CodeIgniter.php(502): CodeIgniter\CodeIgniter->runController(Object(App\Controllers\SupervisorController))
 9 SYSTEMPATH\CodeIgniter.php(361): CodeIgniter\CodeIgniter->handleRequest(null, Object(Config\Cache), false)
10 FCPATH\index.php(79): CodeIgniter\CodeIgniter->run()
INFO - 2024-12-19 09:42:18 --> Session: Class initialized using 'CodeIgniter\Session\Handlers\FileHandler' driver.
INFO - 2024-12-19 09:42:51 --> Session: Class initialized using 'CodeIgniter\Session\Handlers\FileHandler' driver.
INFO - 2024-12-19 09:43:03 --> Session: Class initialized using 'CodeIgniter\Session\Handlers\FileHandler' driver.
INFO - 2024-12-19 09:43:20 --> Session: Class initialized using 'CodeIgniter\Session\Handlers\FileHandler' driver.
INFO - 2024-12-19 09:45:50 --> Session: Class initialized using 'CodeIgniter\Session\Handlers\FileHandler' driver.
INFO - 2024-12-19 09:45:52 --> Session: Class initialized using 'CodeIgniter\Session\Handlers\FileHandler' driver.
INFO - 2024-12-19 09:45:56 --> Session: Class initialized using 'CodeIgniter\Session\Handlers\FileHandler' driver.
INFO - 2024-12-19 09:45:56 --> Session: Class initialized using 'CodeIgniter\Session\Handlers\FileHandler' driver.
INFO - 2024-12-19 09:45:56 --> Session: Class initialized using 'CodeIgniter\Session\Handlers\FileHandler' driver.
INFO - 2024-12-19 09:45:58 --> Session: Class initialized using 'CodeIgniter\Session\Handlers\FileHandler' driver.
CRITICAL - 2024-12-19 09:45:58 --> ErrorException: Undefined array key "Title"
in APPPATH\Views\partials\cataloguerdashboardview.php on line 58.
 1 APPPATH\Views\partials\cataloguerdashboardview.php(58): CodeIgniter\Debug\Exceptions->errorHandler(2, 'Undefined array key "Title"', 'C:\\xampp\\htdocs\\amar\\app\\Views\\partials\\cataloguerdashboardview.php', 58)
 2 SYSTEMPATH\View\View.php(228): include('C:\\xampp\\htdocs\\amar\\app\\Views\\partials\\cataloguerdashboardview.php')
 3 SYSTEMPATH\View\View.php(231): CodeIgniter\View\View->CodeIgniter\View\{closure}()
 4 SYSTEMPATH\Common.php(1178): CodeIgniter\View\View->render('/partials/cataloguerdashboardview', [], true)
 5 APPPATH\Controllers\SupervisorController.php(59): view('/partials/cataloguerdashboardview', [...])
 6 SYSTEMPATH\CodeIgniter.php(941): App\Controllers\SupervisorController->getCataloguerApprovedData()
 7 SYSTEMPATH\CodeIgniter.php(502): CodeIgniter\CodeIgniter->runController(Object(App\Controllers\SupervisorController))
 8 SYSTEMPATH\CodeIgniter.php(361): CodeIgniter\CodeIgniter->handleRequest(null, Object(Config\Cache), false)
 9 FCPATH\index.php(79): CodeIgniter\CodeIgniter->run()
INFO - 2024-12-19 09:46:03 --> Session: Class initialized using 'CodeIgniter\Session\Handlers\FileHandler' driver.
CRITICAL - 2024-12-19 09:46:03 --> ErrorException: Undefined array key "Title"
in APPPATH\Views\partials\cataloguerdashboardview.php on line 58.
 1 APPPATH\Views\partials\cataloguerdashboardview.php(58): CodeIgniter\Debug\Exceptions->errorHandler(2, 'Undefined array key "Title"', 'C:\\xampp\\htdocs\\amar\\app\\Views\\partials\\cataloguerdashboardview.php', 58)
 2 SYSTEMPATH\View\View.php(228): include('C:\\xampp\\htdocs\\amar\\app\\Views\\partials\\cataloguerdashboardview.php')
 3 SYSTEMPATH\View\View.php(231): CodeIgniter\View\View->CodeIgniter\View\{closure}()
 4 SYSTEMPATH\Common.php(1178): CodeIgniter\View\View->render('/partials/cataloguerdashboardview', [], true)
 5 APPPATH\Controllers\SupervisorController.php(59): view('/partials/cataloguerdashboardview', [...])
 6 SYSTEMPATH\CodeIgniter.php(941): App\Controllers\SupervisorController->getCataloguerApprovedData()
 7 SYSTEMPATH\CodeIgniter.php(502): CodeIgniter\CodeIgniter->runController(Object(App\Controllers\SupervisorController))
 8 SYSTEMPATH\CodeIgniter.php(361): CodeIgniter\CodeIgniter->handleRequest(null, Object(Config\Cache), false)
 9 FCPATH\index.php(79): CodeIgniter\CodeIgniter->run()
INFO - 2024-12-19 09:46:20 --> Session: Class initialized using 'CodeIgniter\Session\Handlers\FileHandler' driver.
INFO - 2024-12-19 09:46:21 --> Session: Class initialized using 'CodeIgniter\Session\Handlers\FileHandler' driver.
CRITICAL - 2024-12-19 09:46:21 --> ErrorException: Undefined array key "Title"
in APPPATH\Views\partials\SupervisorDashboardView.php on line 136.
 1 APPPATH\Views\partials\SupervisorDashboardView.php(136): CodeIgniter\Debug\Exceptions->errorHandler(2, 'Undefined array key "Title"', 'C:\\xampp\\htdocs\\amar\\app\\Views\\partials\\SupervisorDashboardView.php', 136)
 2 APPPATH\Views\partials\SupervisorDashboardView.php(90): renderTableRow([...], 'Manuscript', 'http://localhost/amar/supervisor/approve', 'http://localhost/amar/supervisor/reject', 1)
 3 SYSTEMPATH\View\View.php(228): include('C:\\xampp\\htdocs\\amar\\app\\Views\\partials\\SupervisorDashboardView.php')
 4 SYSTEMPATH\View\View.php(231): CodeIgniter\View\View->CodeIgniter\View\{closure}()
 5 SYSTEMPATH\Common.php(1178): CodeIgniter\View\View->render('/partials/SupervisorDashboardView', [], true)
 6 APPPATH\Controllers\SupervisorController.php(101): view('/partials/SupervisorDashboardView', [...])
 7 SYSTEMPATH\CodeIgniter.php(941): App\Controllers\SupervisorController->rejected()
 8 SYSTEMPATH\CodeIgniter.php(502): CodeIgniter\CodeIgniter->runController(Object(App\Controllers\SupervisorController))
 9 SYSTEMPATH\CodeIgniter.php(361): CodeIgniter\CodeIgniter->handleRequest(null, Object(Config\Cache), false)
10 FCPATH\index.php(79): CodeIgniter\CodeIgniter->run()
INFO - 2024-12-19 09:46:29 --> Session: Class initialized using 'CodeIgniter\Session\Handlers\FileHandler' driver.
INFO - 2024-12-19 09:46:30 --> Session: Class initialized using 'CodeIgniter\Session\Handlers\FileHandler' driver.
CRITICAL - 2024-12-19 09:46:30 --> ErrorException: Undefined array key "Title"
in APPPATH\Views\partials\SupervisorDashboardView.php on line 136.
 1 APPPATH\Views\partials\SupervisorDashboardView.php(136): CodeIgniter\Debug\Exceptions->errorHandler(2, 'Undefined array key "Title"', 'C:\\xampp\\htdocs\\amar\\app\\Views\\partials\\SupervisorDashboardView.php', 136)
 2 APPPATH\Views\partials\SupervisorDashboardView.php(90): renderTableRow([...], 'Manuscript', 'http://localhost/amar/supervisor/approve', 'http://localhost/amar/supervisor/reject', 1)
 3 SYSTEMPATH\View\View.php(228): include('C:\\xampp\\htdocs\\amar\\app\\Views\\partials\\SupervisorDashboardView.php')
 4 SYSTEMPATH\View\View.php(231): CodeIgniter\View\View->CodeIgniter\View\{closure}()
 5 SYSTEMPATH\Common.php(1178): CodeIgniter\View\View->render('/partials/SupervisorDashboardView', [], true)
 6 APPPATH\Controllers\SupervisorController.php(101): view('/partials/SupervisorDashboardView', [...])
 7 SYSTEMPATH\CodeIgniter.php(941): App\Controllers\SupervisorController->rejected()
 8 SYSTEMPATH\CodeIgniter.php(502): CodeIgniter\CodeIgniter->runController(Object(App\Controllers\SupervisorController))
 9 SYSTEMPATH\CodeIgniter.php(361): CodeIgniter\CodeIgniter->handleRequest(null, Object(Config\Cache), false)
10 FCPATH\index.php(79): CodeIgniter\CodeIgniter->run()
INFO - 2024-12-19 09:46:56 --> Session: Class initialized using 'CodeIgniter\Session\Handlers\FileHandler' driver.
INFO - 2024-12-19 09:48:16 --> Session: Class initialized using 'CodeIgniter\Session\Handlers\FileHandler' driver.
INFO - 2024-12-19 09:48:17 --> Session: Class initialized using 'CodeIgniter\Session\Handlers\FileHandler' driver.
WARNING - 2024-12-19 09:48:17 --> [DEPRECATED] htmlspecialchars(): Passing null to parameter #1 ($string) of type string is deprecated in APPPATH\Views\partials\SupervisorDashboardView.php on line 140.
 1 APPPATH\Views\partials\SupervisorDashboardView.php(140): htmlspecialchars(null)
 2 APPPATH\Views\partials\SupervisorDashboardView.php(90): renderTableRow([...], 'Manuscript', 'http://localhost/amar/supervisor/approve', 'http://localhost/amar/supervisor/reject', 1)
 3 SYSTEMPATH\View\View.php(228): include('C:\\xampp\\htdocs\\amar\\app\\Views\\partials\\SupervisorDashboardView.php')
 4 SYSTEMPATH\View\View.php(231): CodeIgniter\View\View->CodeIgniter\View\{closure}()
 5 SYSTEMPATH\Common.php(1178): CodeIgniter\View\View->render('/partials/SupervisorDashboardView', [], true)
 6 APPPATH\Controllers\SupervisorController.php(101): view('/partials/SupervisorDashboardView', [...])
 7 SYSTEMPATH\CodeIgniter.php(941): App\Controllers\SupervisorController->rejected()
 8 SYSTEMPATH\CodeIgniter.php(502): CodeIgniter\CodeIgniter->runController(Object(App\Controllers\SupervisorController))
 9 SYSTEMPATH\CodeIgniter.php(361): CodeIgniter\CodeIgniter->handleRequest(null, Object(Config\Cache), false)
10 FCPATH\index.php(79): CodeIgniter\CodeIgniter->run()
WARNING - 2024-12-19 09:48:17 --> [DEPRECATED] htmlspecialchars(): Passing null to parameter #1 ($string) of type string is deprecated in APPPATH\Views\partials\SupervisorDashboardView.php on line 136.
 1 APPPATH\Views\partials\SupervisorDashboardView.php(136): htmlspecialchars(null)
 2 APPPATH\Views\partials\SupervisorDashboardView.php(90): renderTableRow([...], 'Manuscript', 'http://localhost/amar/supervisor/approve', 'http://localhost/amar/supervisor/reject', 6)
 3 SYSTEMPATH\View\View.php(228): include('C:\\xampp\\htdocs\\amar\\app\\Views\\partials\\SupervisorDashboardView.php')
 4 SYSTEMPATH\View\View.php(231): CodeIgniter\View\View->CodeIgniter\View\{closure}()
 5 SYSTEMPATH\Common.php(1178): CodeIgniter\View\View->render('/partials/SupervisorDashboardView', [], true)
 6 APPPATH\Controllers\SupervisorController.php(101): view('/partials/SupervisorDashboardView', [...])
 7 SYSTEMPATH\CodeIgniter.php(941): App\Controllers\SupervisorController->rejected()
 8 SYSTEMPATH\CodeIgniter.php(502): CodeIgniter\CodeIgniter->runController(Object(App\Controllers\SupervisorController))
 9 SYSTEMPATH\CodeIgniter.php(361): CodeIgniter\CodeIgniter->handleRequest(null, Object(Config\Cache), false)
10 FCPATH\index.php(79): CodeIgniter\CodeIgniter->run()
INFO - 2024-12-19 09:48:19 --> Session: Class initialized using 'CodeIgniter\Session\Handlers\FileHandler' driver.
INFO - 2024-12-19 09:48:20 --> Session: Class initialized using 'CodeIgniter\Session\Handlers\FileHandler' driver.
CRITICAL - 2024-12-19 09:48:20 --> ErrorException: Undefined array key "Title"
in APPPATH\Views\partials\cataloguerdashboardview.php on line 58.
 1 APPPATH\Views\partials\cataloguerdashboardview.php(58): CodeIgniter\Debug\Exceptions->errorHandler(2, 'Undefined array key "Title"', 'C:\\xampp\\htdocs\\amar\\app\\Views\\partials\\cataloguerdashboardview.php', 58)
 2 SYSTEMPATH\View\View.php(228): include('C:\\xampp\\htdocs\\amar\\app\\Views\\partials\\cataloguerdashboardview.php')
 3 SYSTEMPATH\View\View.php(231): CodeIgniter\View\View->CodeIgniter\View\{closure}()
 4 SYSTEMPATH\Common.php(1178): CodeIgniter\View\View->render('/partials/cataloguerdashboardview', [], true)
 5 APPPATH\Controllers\SupervisorController.php(59): view('/partials/cataloguerdashboardview', [...])
 6 SYSTEMPATH\CodeIgniter.php(941): App\Controllers\SupervisorController->getCataloguerApprovedData()
 7 SYSTEMPATH\CodeIgniter.php(502): CodeIgniter\CodeIgniter->runController(Object(App\Controllers\SupervisorController))
 8 SYSTEMPATH\CodeIgniter.php(361): CodeIgniter\CodeIgniter->handleRequest(null, Object(Config\Cache), false)
 9 FCPATH\index.php(79): CodeIgniter\CodeIgniter->run()
INFO - 2024-12-19 09:49:27 --> Session: Class initialized using 'CodeIgniter\Session\Handlers\FileHandler' driver.
CRITICAL - 2024-12-19 09:49:27 --> ErrorException: Undefined array key "Title"
in APPPATH\Views\partials\cataloguerdashboardview.php on line 58.
 1 APPPATH\Views\partials\cataloguerdashboardview.php(58): CodeIgniter\Debug\Exceptions->errorHandler(2, 'Undefined array key "Title"', 'C:\\xampp\\htdocs\\amar\\app\\Views\\partials\\cataloguerdashboardview.php', 58)
 2 SYSTEMPATH\View\View.php(228): include('C:\\xampp\\htdocs\\amar\\app\\Views\\partials\\cataloguerdashboardview.php')
 3 SYSTEMPATH\View\View.php(231): CodeIgniter\View\View->CodeIgniter\View\{closure}()
 4 SYSTEMPATH\Common.php(1178): CodeIgniter\View\View->render('/partials/cataloguerdashboardview', [], true)
 5 APPPATH\Controllers\SupervisorController.php(59): view('/partials/cataloguerdashboardview', [...])
 6 SYSTEMPATH\CodeIgniter.php(941): App\Controllers\SupervisorController->getCataloguerApprovedData()
 7 SYSTEMPATH\CodeIgniter.php(502): CodeIgniter\CodeIgniter->runController(Object(App\Controllers\SupervisorController))
 8 SYSTEMPATH\CodeIgniter.php(361): CodeIgniter\CodeIgniter->handleRequest(null, Object(Config\Cache), false)
 9 FCPATH\index.php(79): CodeIgniter\CodeIgniter->run()
INFO - 2024-12-19 09:49:28 --> Session: Class initialized using 'CodeIgniter\Session\Handlers\FileHandler' driver.
CRITICAL - 2024-12-19 09:49:28 --> ErrorException: Undefined array key "Title"
in APPPATH\Views\partials\cataloguerdashboardview.php on line 58.
 1 APPPATH\Views\partials\cataloguerdashboardview.php(58): CodeIgniter\Debug\Exceptions->errorHandler(2, 'Undefined array key "Title"', 'C:\\xampp\\htdocs\\amar\\app\\Views\\partials\\cataloguerdashboardview.php', 58)
 2 SYSTEMPATH\View\View.php(228): include('C:\\xampp\\htdocs\\amar\\app\\Views\\partials\\cataloguerdashboardview.php')
 3 SYSTEMPATH\View\View.php(231): CodeIgniter\View\View->CodeIgniter\View\{closure}()
 4 SYSTEMPATH\Common.php(1178): CodeIgniter\View\View->render('/partials/cataloguerdashboardview', [], true)
 5 APPPATH\Controllers\SupervisorController.php(59): view('/partials/cataloguerdashboardview', [...])
 6 SYSTEMPATH\CodeIgniter.php(941): App\Controllers\SupervisorController->getCataloguerApprovedData()
 7 SYSTEMPATH\CodeIgniter.php(502): CodeIgniter\CodeIgniter->runController(Object(App\Controllers\SupervisorController))
 8 SYSTEMPATH\CodeIgniter.php(361): CodeIgniter\CodeIgniter->handleRequest(null, Object(Config\Cache), false)
 9 FCPATH\index.php(79): CodeIgniter\CodeIgniter->run()
INFO - 2024-12-19 09:49:28 --> Session: Class initialized using 'CodeIgniter\Session\Handlers\FileHandler' driver.
CRITICAL - 2024-12-19 09:49:28 --> ErrorException: Undefined array key "Title"
in APPPATH\Views\partials\cataloguerdashboardview.php on line 58.
 1 APPPATH\Views\partials\cataloguerdashboardview.php(58): CodeIgniter\Debug\Exceptions->errorHandler(2, 'Undefined array key "Title"', 'C:\\xampp\\htdocs\\amar\\app\\Views\\partials\\cataloguerdashboardview.php', 58)
 2 SYSTEMPATH\View\View.php(228): include('C:\\xampp\\htdocs\\amar\\app\\Views\\partials\\cataloguerdashboardview.php')
 3 SYSTEMPATH\View\View.php(231): CodeIgniter\View\View->CodeIgniter\View\{closure}()
 4 SYSTEMPATH\Common.php(1178): CodeIgniter\View\View->render('/partials/cataloguerdashboardview', [], true)
 5 APPPATH\Controllers\SupervisorController.php(59): view('/partials/cataloguerdashboardview', [...])
 6 SYSTEMPATH\CodeIgniter.php(941): App\Controllers\SupervisorController->getCataloguerApprovedData()
 7 SYSTEMPATH\CodeIgniter.php(502): CodeIgniter\CodeIgniter->runController(Object(App\Controllers\SupervisorController))
 8 SYSTEMPATH\CodeIgniter.php(361): CodeIgniter\CodeIgniter->handleRequest(null, Object(Config\Cache), false)
 9 FCPATH\index.php(79): CodeIgniter\CodeIgniter->run()
INFO - 2024-12-19 09:49:29 --> Session: Class initialized using 'CodeIgniter\Session\Handlers\FileHandler' driver.
CRITICAL - 2024-12-19 09:49:29 --> ErrorException: Undefined array key "Title"
in APPPATH\Views\partials\cataloguerdashboardview.php on line 58.
 1 APPPATH\Views\partials\cataloguerdashboardview.php(58): CodeIgniter\Debug\Exceptions->errorHandler(2, 'Undefined array key "Title"', 'C:\\xampp\\htdocs\\amar\\app\\Views\\partials\\cataloguerdashboardview.php', 58)
 2 SYSTEMPATH\View\View.php(228): include('C:\\xampp\\htdocs\\amar\\app\\Views\\partials\\cataloguerdashboardview.php')
 3 SYSTEMPATH\View\View.php(231): CodeIgniter\View\View->CodeIgniter\View\{closure}()
 4 SYSTEMPATH\Common.php(1178): CodeIgniter\View\View->render('/partials/cataloguerdashboardview', [], true)
 5 APPPATH\Controllers\SupervisorController.php(59): view('/partials/cataloguerdashboardview', [...])
 6 SYSTEMPATH\CodeIgniter.php(941): App\Controllers\SupervisorController->getCataloguerApprovedData()
 7 SYSTEMPATH\CodeIgniter.php(502): CodeIgniter\CodeIgniter->runController(Object(App\Controllers\SupervisorController))
 8 SYSTEMPATH\CodeIgniter.php(361): CodeIgniter\CodeIgniter->handleRequest(null, Object(Config\Cache), false)
 9 FCPATH\index.php(79): CodeIgniter\CodeIgniter->run()
INFO - 2024-12-19 09:51:35 --> Session: Class initialized using 'CodeIgniter\Session\Handlers\FileHandler' driver.
WARNING - 2024-12-19 09:51:35 --> [DEPRECATED] htmlspecialchars(): Passing null to parameter #1 ($string) of type string is deprecated in APPPATH\Views\partials\cataloguerdashboardview.php on line 62.
 1 APPPATH\Views\partials\cataloguerdashboardview.php(62): htmlspecialchars(null)
 2 SYSTEMPATH\View\View.php(228): include('C:\\xampp\\htdocs\\amar\\app\\Views\\partials\\cataloguerdashboardview.php')
 3 SYSTEMPATH\View\View.php(231): CodeIgniter\View\View->CodeIgniter\View\{closure}()
 4 SYSTEMPATH\Common.php(1178): CodeIgniter\View\View->render('/partials/cataloguerdashboardview', [], true)
 5 APPPATH\Controllers\SupervisorController.php(59): view('/partials/cataloguerdashboardview', [...])
 6 SYSTEMPATH\CodeIgniter.php(941): App\Controllers\SupervisorController->getCataloguerApprovedData()
 7 SYSTEMPATH\CodeIgniter.php(502): CodeIgniter\CodeIgniter->runController(Object(App\Controllers\SupervisorController))
 8 SYSTEMPATH\CodeIgniter.php(361): CodeIgniter\CodeIgniter->handleRequest(null, Object(Config\Cache), false)
 9 FCPATH\index.php(79): CodeIgniter\CodeIgniter->run()
WARNING - 2024-12-19 09:51:35 --> [DEPRECATED] htmlspecialchars(): Passing null to parameter #1 ($string) of type string is deprecated in APPPATH\Views\partials\cataloguerdashboardview.php on line 58.
 1 APPPATH\Views\partials\cataloguerdashboardview.php(58): htmlspecialchars(null)
 2 SYSTEMPATH\View\View.php(228): include('C:\\xampp\\htdocs\\amar\\app\\Views\\partials\\cataloguerdashboardview.php')
 3 SYSTEMPATH\View\View.php(231): CodeIgniter\View\View->CodeIgniter\View\{closure}()
 4 SYSTEMPATH\Common.php(1178): CodeIgniter\View\View->render('/partials/cataloguerdashboardview', [], true)
 5 APPPATH\Controllers\SupervisorController.php(59): view('/partials/cataloguerdashboardview', [...])
 6 SYSTEMPATH\CodeIgniter.php(941): App\Controllers\SupervisorController->getCataloguerApprovedData()
 7 SYSTEMPATH\CodeIgniter.php(502): CodeIgniter\CodeIgniter->runController(Object(App\Controllers\SupervisorController))
 8 SYSTEMPATH\CodeIgniter.php(361): CodeIgniter\CodeIgniter->handleRequest(null, Object(Config\Cache), false)
 9 FCPATH\index.php(79): CodeIgniter\CodeIgniter->run()
INFO - 2024-12-19 09:52:01 --> Session: Class initialized using 'CodeIgniter\Session\Handlers\FileHandler' driver.
INFO - 2024-12-19 09:52:01 --> Session: Class initialized using 'CodeIgniter\Session\Handlers\FileHandler' driver.
INFO - 2024-12-19 09:52:15 --> Session: Class initialized using 'CodeIgniter\Session\Handlers\FileHandler' driver.
INFO - 2024-12-19 09:52:15 --> Session: Class initialized using 'CodeIgniter\Session\Handlers\FileHandler' driver.
INFO - 2024-12-19 09:52:15 --> Session: Class initialized using 'CodeIgniter\Session\Handlers\FileHandler' driver.
CRITICAL - 2024-12-19 09:52:15 --> ErrorException: Undefined array key "Title"
in APPPATH\Views\partials\CataloguerView.php on line 112.
 1 APPPATH\Views\partials\CataloguerView.php(112): CodeIgniter\Debug\Exceptions->errorHandler(2, 'Undefined array key "Title"', 'C:\\xampp\\htdocs\\amar\\app\\Views\\partials\\CataloguerView.php', 112)
 2 SYSTEMPATH\View\View.php(228): include('C:\\xampp\\htdocs\\amar\\app\\Views\\partials\\CataloguerView.php')
 3 SYSTEMPATH\View\View.php(231): CodeIgniter\View\View->CodeIgniter\View\{closure}()
 4 SYSTEMPATH\Common.php(1178): CodeIgniter\View\View->render('/partials/CataloguerView', [], true)
 5 APPPATH\Controllers\CataloguerController.php(30): view('/partials/CataloguerView', [...])
 6 SYSTEMPATH\CodeIgniter.php(941): App\Controllers\CataloguerController->getalldata()
 7 SYSTEMPATH\CodeIgniter.php(502): CodeIgniter\CodeIgniter->runController(Object(App\Controllers\CataloguerController))
 8 SYSTEMPATH\CodeIgniter.php(361): CodeIgniter\CodeIgniter->handleRequest(null, Object(Config\Cache), false)
 9 FCPATH\index.php(79): CodeIgniter\CodeIgniter->run()
INFO - 2024-12-19 09:57:39 --> Session: Class initialized using 'CodeIgniter\Session\Handlers\FileHandler' driver.
INFO - 2024-12-19 09:58:06 --> Session: Class initialized using 'CodeIgniter\Session\Handlers\FileHandler' driver.
INFO - 2024-12-19 09:58:06 --> Session: Class initialized using 'CodeIgniter\Session\Handlers\FileHandler' driver.
INFO - 2024-12-19 09:58:06 --> Session: Class initialized using 'CodeIgniter\Session\Handlers\FileHandler' driver.
INFO - 2024-12-19 09:58:06 --> Session: Class initialized using 'CodeIgniter\Session\Handlers\FileHandler' driver.
INFO - 2024-12-19 09:58:08 --> Session: Class initialized using 'CodeIgniter\Session\Handlers\FileHandler' driver.
INFO - 2024-12-19 09:58:08 --> Session: Class initialized using 'CodeIgniter\Session\Handlers\FileHandler' driver.
INFO - 2024-12-19 09:58:12 --> Session: Class initialized using 'CodeIgniter\Session\Handlers\FileHandler' driver.
INFO - 2024-12-19 09:58:12 --> Session: Class initialized using 'CodeIgniter\Session\Handlers\FileHandler' driver.
INFO - 2024-12-19 09:58:12 --> Session: Class initialized using 'CodeIgniter\Session\Handlers\FileHandler' driver.
INFO - 2024-12-19 09:58:15 --> Session: Class initialized using 'CodeIgniter\Session\Handlers\FileHandler' driver.
WARNING - 2024-12-19 09:58:15 --> [DEPRECATED] htmlspecialchars(): Passing null to parameter #1 ($string) of type string is deprecated in APPPATH\Views\partials\cataloguerdashboardview.php on line 62.
 1 APPPATH\Views\partials\cataloguerdashboardview.php(62): htmlspecialchars(null)
 2 SYSTEMPATH\View\View.php(228): include('C:\\xampp\\htdocs\\amar\\app\\Views\\partials\\cataloguerdashboardview.php')
 3 SYSTEMPATH\View\View.php(231): CodeIgniter\View\View->CodeIgniter\View\{closure}()
 4 SYSTEMPATH\Common.php(1178): CodeIgniter\View\View->render('/partials/cataloguerdashboardview', [], true)
 5 APPPATH\Controllers\SupervisorController.php(59): view('/partials/cataloguerdashboardview', [...])
 6 SYSTEMPATH\CodeIgniter.php(941): App\Controllers\SupervisorController->getCataloguerApprovedData()
 7 SYSTEMPATH\CodeIgniter.php(502): CodeIgniter\CodeIgniter->runController(Object(App\Controllers\SupervisorController))
 8 SYSTEMPATH\CodeIgniter.php(361): CodeIgniter\CodeIgniter->handleRequest(null, Object(Config\Cache), false)
 9 FCPATH\index.php(79): CodeIgniter\CodeIgniter->run()
WARNING - 2024-12-19 09:58:15 --> [DEPRECATED] htmlspecialchars(): Passing null to parameter #1 ($string) of type string is deprecated in APPPATH\Views\partials\cataloguerdashboardview.php on line 58.
 1 APPPATH\Views\partials\cataloguerdashboardview.php(58): htmlspecialchars(null)
 2 SYSTEMPATH\View\View.php(228): include('C:\\xampp\\htdocs\\amar\\app\\Views\\partials\\cataloguerdashboardview.php')
 3 SYSTEMPATH\View\View.php(231): CodeIgniter\View\View->CodeIgniter\View\{closure}()
 4 SYSTEMPATH\Common.php(1178): CodeIgniter\View\View->render('/partials/cataloguerdashboardview', [], true)
 5 APPPATH\Controllers\SupervisorController.php(59): view('/partials/cataloguerdashboardview', [...])
 6 SYSTEMPATH\CodeIgniter.php(941): App\Controllers\SupervisorController->getCataloguerApprovedData()
 7 SYSTEMPATH\CodeIgniter.php(502): CodeIgniter\CodeIgniter->runController(Object(App\Controllers\SupervisorController))
 8 SYSTEMPATH\CodeIgniter.php(361): CodeIgniter\CodeIgniter->handleRequest(null, Object(Config\Cache), false)
 9 FCPATH\index.php(79): CodeIgniter\CodeIgniter->run()
INFO - 2024-12-19 09:58:34 --> Session: Class initialized using 'CodeIgniter\Session\Handlers\FileHandler' driver.
INFO - 2024-12-19 09:58:34 --> Session: Class initialized using 'CodeIgniter\Session\Handlers\FileHandler' driver.
INFO - 2024-12-19 09:58:50 --> Session: Class initialized using 'CodeIgniter\Session\Handlers\FileHandler' driver.
INFO - 2024-12-19 09:58:50 --> Session: Class initialized using 'CodeIgniter\Session\Handlers\FileHandler' driver.
INFO - 2024-12-19 09:58:50 --> Session: Class initialized using 'CodeIgniter\Session\Handlers\FileHandler' driver.
INFO - 2024-12-19 09:59:26 --> Session: Class initialized using 'CodeIgniter\Session\Handlers\FileHandler' driver.
INFO - 2024-12-19 09:59:27 --> Session: Class initialized using 'CodeIgniter\Session\Handlers\FileHandler' driver.
INFO - 2024-12-19 09:59:29 --> Session: Class initialized using 'CodeIgniter\Session\Handlers\FileHandler' driver.
INFO - 2024-12-19 09:59:30 --> Session: Class initialized using 'CodeIgniter\Session\Handlers\FileHandler' driver.
INFO - 2024-12-19 09:59:32 --> Session: Class initialized using 'CodeIgniter\Session\Handlers\FileHandler' driver.
CRITICAL - 2024-12-19 09:59:32 --> ErrorException: Undefined array key "Title"
in APPPATH\Views\partials\amrdataview.php on line 48.
 1 APPPATH\Views\partials\amrdataview.php(48): CodeIgniter\Debug\Exceptions->errorHandler(2, 'Undefined array key "Title"', 'C:\\xampp\\htdocs\\amar\\app\\Views\\partials\\amrdataview.php', 48)
 2 SYSTEMPATH\View\View.php(228): include('C:\\xampp\\htdocs\\amar\\app\\Views\\partials\\amrdataview.php')
 3 SYSTEMPATH\View\View.php(231): CodeIgniter\View\View->CodeIgniter\View\{closure}()
 4 SYSTEMPATH\Common.php(1178): CodeIgniter\View\View->render('partials/amrdataview', [], true)
 5 APPPATH\Controllers\AMRController.php(192): view('partials/amrdataview', [...])
 6 SYSTEMPATH\CodeIgniter.php(941): App\Controllers\AMRController->statuswisedata('3')
 7 SYSTEMPATH\CodeIgniter.php(502): CodeIgniter\CodeIgniter->runController(Object(App\Controllers\AMRController))
 8 SYSTEMPATH\CodeIgniter.php(361): CodeIgniter\CodeIgniter->handleRequest(null, Object(Config\Cache), false)
 9 FCPATH\index.php(79): CodeIgniter\CodeIgniter->run()
INFO - 2024-12-19 10:06:45 --> Session: Class initialized using 'CodeIgniter\Session\Handlers\FileHandler' driver.
CRITICAL - 2024-12-19 10:06:45 --> ErrorException: Undefined array key "Title"
in APPPATH\Views\partials\amrdataview.php on line 48.
 1 APPPATH\Views\partials\amrdataview.php(48): CodeIgniter\Debug\Exceptions->errorHandler(2, 'Undefined array key "Title"', 'C:\\xampp\\htdocs\\amar\\app\\Views\\partials\\amrdataview.php', 48)
 2 SYSTEMPATH\View\View.php(228): include('C:\\xampp\\htdocs\\amar\\app\\Views\\partials\\amrdataview.php')
 3 SYSTEMPATH\View\View.php(231): CodeIgniter\View\View->CodeIgniter\View\{closure}()
 4 SYSTEMPATH\Common.php(1178): CodeIgniter\View\View->render('partials/amrdataview', [], true)
 5 APPPATH\Controllers\AMRController.php(192): view('partials/amrdataview', [...])
 6 SYSTEMPATH\CodeIgniter.php(941): App\Controllers\AMRController->statuswisedata('3')
 7 SYSTEMPATH\CodeIgniter.php(502): CodeIgniter\CodeIgniter->runController(Object(App\Controllers\AMRController))
 8 SYSTEMPATH\CodeIgniter.php(361): CodeIgniter\CodeIgniter->handleRequest(null, Object(Config\Cache), false)
 9 FCPATH\index.php(79): CodeIgniter\CodeIgniter->run()
INFO - 2024-12-19 10:06:46 --> Session: Class initialized using 'CodeIgniter\Session\Handlers\FileHandler' driver.
CRITICAL - 2024-12-19 10:06:46 --> ErrorException: Undefined array key "Title"
in APPPATH\Views\partials\amrdataview.php on line 48.
 1 APPPATH\Views\partials\amrdataview.php(48): CodeIgniter\Debug\Exceptions->errorHandler(2, 'Undefined array key "Title"', 'C:\\xampp\\htdocs\\amar\\app\\Views\\partials\\amrdataview.php', 48)
 2 SYSTEMPATH\View\View.php(228): include('C:\\xampp\\htdocs\\amar\\app\\Views\\partials\\amrdataview.php')
 3 SYSTEMPATH\View\View.php(231): CodeIgniter\View\View->CodeIgniter\View\{closure}()
 4 SYSTEMPATH\Common.php(1178): CodeIgniter\View\View->render('partials/amrdataview', [], true)
 5 APPPATH\Controllers\AMRController.php(192): view('partials/amrdataview', [...])
 6 SYSTEMPATH\CodeIgniter.php(941): App\Controllers\AMRController->statuswisedata('3')
 7 SYSTEMPATH\CodeIgniter.php(502): CodeIgniter\CodeIgniter->runController(Object(App\Controllers\AMRController))
 8 SYSTEMPATH\CodeIgniter.php(361): CodeIgniter\CodeIgniter->handleRequest(null, Object(Config\Cache), false)
 9 FCPATH\index.php(79): CodeIgniter\CodeIgniter->run()
INFO - 2024-12-19 10:06:46 --> Session: Class initialized using 'CodeIgniter\Session\Handlers\FileHandler' driver.
CRITICAL - 2024-12-19 10:06:46 --> ErrorException: Undefined array key "Title"
in APPPATH\Views\partials\amrdataview.php on line 48.
 1 APPPATH\Views\partials\amrdataview.php(48): CodeIgniter\Debug\Exceptions->errorHandler(2, 'Undefined array key "Title"', 'C:\\xampp\\htdocs\\amar\\app\\Views\\partials\\amrdataview.php', 48)
 2 SYSTEMPATH\View\View.php(228): include('C:\\xampp\\htdocs\\amar\\app\\Views\\partials\\amrdataview.php')
 3 SYSTEMPATH\View\View.php(231): CodeIgniter\View\View->CodeIgniter\View\{closure}()
 4 SYSTEMPATH\Common.php(1178): CodeIgniter\View\View->render('partials/amrdataview', [], true)
 5 APPPATH\Controllers\AMRController.php(192): view('partials/amrdataview', [...])
 6 SYSTEMPATH\CodeIgniter.php(941): App\Controllers\AMRController->statuswisedata('3')
 7 SYSTEMPATH\CodeIgniter.php(502): CodeIgniter\CodeIgniter->runController(Object(App\Controllers\AMRController))
 8 SYSTEMPATH\CodeIgniter.php(361): CodeIgniter\CodeIgniter->handleRequest(null, Object(Config\Cache), false)
 9 FCPATH\index.php(79): CodeIgniter\CodeIgniter->run()
INFO - 2024-12-19 10:06:47 --> Session: Class initialized using 'CodeIgniter\Session\Handlers\FileHandler' driver.
CRITICAL - 2024-12-19 10:06:47 --> ErrorException: Undefined array key "Title"
in APPPATH\Views\partials\amrdataview.php on line 48.
 1 APPPATH\Views\partials\amrdataview.php(48): CodeIgniter\Debug\Exceptions->errorHandler(2, 'Undefined array key "Title"', 'C:\\xampp\\htdocs\\amar\\app\\Views\\partials\\amrdataview.php', 48)
 2 SYSTEMPATH\View\View.php(228): include('C:\\xampp\\htdocs\\amar\\app\\Views\\partials\\amrdataview.php')
 3 SYSTEMPATH\View\View.php(231): CodeIgniter\View\View->CodeIgniter\View\{closure}()
 4 SYSTEMPATH\Common.php(1178): CodeIgniter\View\View->render('partials/amrdataview', [], true)
 5 APPPATH\Controllers\AMRController.php(192): view('partials/amrdataview', [...])
 6 SYSTEMPATH\CodeIgniter.php(941): App\Controllers\AMRController->statuswisedata('3')
 7 SYSTEMPATH\CodeIgniter.php(502): CodeIgniter\CodeIgniter->runController(Object(App\Controllers\AMRController))
 8 SYSTEMPATH\CodeIgniter.php(361): CodeIgniter\CodeIgniter->handleRequest(null, Object(Config\Cache), false)
 9 FCPATH\index.php(79): CodeIgniter\CodeIgniter->run()
INFO - 2024-12-19 10:06:47 --> Session: Class initialized using 'CodeIgniter\Session\Handlers\FileHandler' driver.
CRITICAL - 2024-12-19 10:06:47 --> ErrorException: Undefined array key "Title"
in APPPATH\Views\partials\amrdataview.php on line 48.
 1 APPPATH\Views\partials\amrdataview.php(48): CodeIgniter\Debug\Exceptions->errorHandler(2, 'Undefined array key "Title"', 'C:\\xampp\\htdocs\\amar\\app\\Views\\partials\\amrdataview.php', 48)
 2 SYSTEMPATH\View\View.php(228): include('C:\\xampp\\htdocs\\amar\\app\\Views\\partials\\amrdataview.php')
 3 SYSTEMPATH\View\View.php(231): CodeIgniter\View\View->CodeIgniter\View\{closure}()
 4 SYSTEMPATH\Common.php(1178): CodeIgniter\View\View->render('partials/amrdataview', [], true)
 5 APPPATH\Controllers\AMRController.php(192): view('partials/amrdataview', [...])
 6 SYSTEMPATH\CodeIgniter.php(941): App\Controllers\AMRController->statuswisedata('3')
 7 SYSTEMPATH\CodeIgniter.php(502): CodeIgniter\CodeIgniter->runController(Object(App\Controllers\AMRController))
 8 SYSTEMPATH\CodeIgniter.php(361): CodeIgniter\CodeIgniter->handleRequest(null, Object(Config\Cache), false)
 9 FCPATH\index.php(79): CodeIgniter\CodeIgniter->run()
INFO - 2024-12-19 10:06:47 --> Session: Class initialized using 'CodeIgniter\Session\Handlers\FileHandler' driver.
CRITICAL - 2024-12-19 10:06:47 --> ErrorException: Undefined array key "Title"
in APPPATH\Views\partials\amrdataview.php on line 48.
 1 APPPATH\Views\partials\amrdataview.php(48): CodeIgniter\Debug\Exceptions->errorHandler(2, 'Undefined array key "Title"', 'C:\\xampp\\htdocs\\amar\\app\\Views\\partials\\amrdataview.php', 48)
 2 SYSTEMPATH\View\View.php(228): include('C:\\xampp\\htdocs\\amar\\app\\Views\\partials\\amrdataview.php')
 3 SYSTEMPATH\View\View.php(231): CodeIgniter\View\View->CodeIgniter\View\{closure}()
 4 SYSTEMPATH\Common.php(1178): CodeIgniter\View\View->render('partials/amrdataview', [], true)
 5 APPPATH\Controllers\AMRController.php(192): view('partials/amrdataview', [...])
 6 SYSTEMPATH\CodeIgniter.php(941): App\Controllers\AMRController->statuswisedata('3')
 7 SYSTEMPATH\CodeIgniter.php(502): CodeIgniter\CodeIgniter->runController(Object(App\Controllers\AMRController))
 8 SYSTEMPATH\CodeIgniter.php(361): CodeIgniter\CodeIgniter->handleRequest(null, Object(Config\Cache), false)
 9 FCPATH\index.php(79): CodeIgniter\CodeIgniter->run()
INFO - 2024-12-19 10:06:47 --> Session: Class initialized using 'CodeIgniter\Session\Handlers\FileHandler' driver.
CRITICAL - 2024-12-19 10:06:47 --> ErrorException: Undefined array key "Title"
in APPPATH\Views\partials\amrdataview.php on line 48.
 1 APPPATH\Views\partials\amrdataview.php(48): CodeIgniter\Debug\Exceptions->errorHandler(2, 'Undefined array key "Title"', 'C:\\xampp\\htdocs\\amar\\app\\Views\\partials\\amrdataview.php', 48)
 2 SYSTEMPATH\View\View.php(228): include('C:\\xampp\\htdocs\\amar\\app\\Views\\partials\\amrdataview.php')
 3 SYSTEMPATH\View\View.php(231): CodeIgniter\View\View->CodeIgniter\View\{closure}()
 4 SYSTEMPATH\Common.php(1178): CodeIgniter\View\View->render('partials/amrdataview', [], true)
 5 APPPATH\Controllers\AMRController.php(192): view('partials/amrdataview', [...])
 6 SYSTEMPATH\CodeIgniter.php(941): App\Controllers\AMRController->statuswisedata('3')
 7 SYSTEMPATH\CodeIgniter.php(502): CodeIgniter\CodeIgniter->runController(Object(App\Controllers\AMRController))
 8 SYSTEMPATH\CodeIgniter.php(361): CodeIgniter\CodeIgniter->handleRequest(null, Object(Config\Cache), false)
 9 FCPATH\index.php(79): CodeIgniter\CodeIgniter->run()
INFO - 2024-12-19 10:06:48 --> Session: Class initialized using 'CodeIgniter\Session\Handlers\FileHandler' driver.
CRITICAL - 2024-12-19 10:06:48 --> ErrorException: Undefined array key "Title"
in APPPATH\Views\partials\amrdataview.php on line 48.
 1 APPPATH\Views\partials\amrdataview.php(48): CodeIgniter\Debug\Exceptions->errorHandler(2, 'Undefined array key "Title"', 'C:\\xampp\\htdocs\\amar\\app\\Views\\partials\\amrdataview.php', 48)
 2 SYSTEMPATH\View\View.php(228): include('C:\\xampp\\htdocs\\amar\\app\\Views\\partials\\amrdataview.php')
 3 SYSTEMPATH\View\View.php(231): CodeIgniter\View\View->CodeIgniter\View\{closure}()
 4 SYSTEMPATH\Common.php(1178): CodeIgniter\View\View->render('partials/amrdataview', [], true)
 5 APPPATH\Controllers\AMRController.php(192): view('partials/amrdataview', [...])
 6 SYSTEMPATH\CodeIgniter.php(941): App\Controllers\AMRController->statuswisedata('3')
 7 SYSTEMPATH\CodeIgniter.php(502): CodeIgniter\CodeIgniter->runController(Object(App\Controllers\AMRController))
 8 SYSTEMPATH\CodeIgniter.php(361): CodeIgniter\CodeIgniter->handleRequest(null, Object(Config\Cache), false)
 9 FCPATH\index.php(79): CodeIgniter\CodeIgniter->run()
INFO - 2024-12-19 10:06:48 --> Session: Class initialized using 'CodeIgniter\Session\Handlers\FileHandler' driver.
INFO - 2024-12-19 10:06:50 --> Session: Class initialized using 'CodeIgniter\Session\Handlers\FileHandler' driver.
INFO - 2024-12-19 10:06:50 --> Session: Class initialized using 'CodeIgniter\Session\Handlers\FileHandler' driver.
INFO - 2024-12-19 10:06:51 --> Session: Class initialized using 'CodeIgniter\Session\Handlers\FileHandler' driver.
INFO - 2024-12-19 10:06:51 --> Session: Class initialized using 'CodeIgniter\Session\Handlers\FileHandler' driver.
INFO - 2024-12-19 10:06:51 --> Session: Class initialized using 'CodeIgniter\Session\Handlers\FileHandler' driver.
INFO - 2024-12-19 10:06:52 --> Session: Class initialized using 'CodeIgniter\Session\Handlers\FileHandler' driver.
INFO - 2024-12-19 10:06:55 --> Session: Class initialized using 'CodeIgniter\Session\Handlers\FileHandler' driver.
INFO - 2024-12-19 10:06:56 --> Session: Class initialized using 'CodeIgniter\Session\Handlers\FileHandler' driver.
INFO - 2024-12-19 10:06:57 --> Session: Class initialized using 'CodeIgniter\Session\Handlers\FileHandler' driver.
INFO - 2024-12-19 10:06:58 --> Session: Class initialized using 'CodeIgniter\Session\Handlers\FileHandler' driver.
INFO - 2024-12-19 10:07:00 --> Session: Class initialized using 'CodeIgniter\Session\Handlers\FileHandler' driver.
INFO - 2024-12-19 10:07:00 --> Session: Class initialized using 'CodeIgniter\Session\Handlers\FileHandler' driver.
CRITICAL - 2024-12-19 10:07:00 --> ErrorException: Undefined array key "Title"
in APPPATH\Views\partials\amrdataview.php on line 48.
 1 APPPATH\Views\partials\amrdataview.php(48): CodeIgniter\Debug\Exceptions->errorHandler(2, 'Undefined array key "Title"', 'C:\\xampp\\htdocs\\amar\\app\\Views\\partials\\amrdataview.php', 48)
 2 SYSTEMPATH\View\View.php(228): include('C:\\xampp\\htdocs\\amar\\app\\Views\\partials\\amrdataview.php')
 3 SYSTEMPATH\View\View.php(231): CodeIgniter\View\View->CodeIgniter\View\{closure}()
 4 SYSTEMPATH\Common.php(1178): CodeIgniter\View\View->render('partials/amrdataview', [], true)
 5 APPPATH\Controllers\AMRController.php(192): view('partials/amrdataview', [...])
 6 SYSTEMPATH\CodeIgniter.php(941): App\Controllers\AMRController->statuswisedata('3')
 7 SYSTEMPATH\CodeIgniter.php(502): CodeIgniter\CodeIgniter->runController(Object(App\Controllers\AMRController))
 8 SYSTEMPATH\CodeIgniter.php(361): CodeIgniter\CodeIgniter->handleRequest(null, Object(Config\Cache), false)
 9 FCPATH\index.php(79): CodeIgniter\CodeIgniter->run()
INFO - 2024-12-19 10:15:16 --> Session: Class initialized using 'CodeIgniter\Session\Handlers\FileHandler' driver.
INFO - 2024-12-19 10:15:26 --> Session: Class initialized using 'CodeIgniter\Session\Handlers\FileHandler' driver.
INFO - 2024-12-19 10:15:27 --> Session: Class initialized using 'CodeIgniter\Session\Handlers\FileHandler' driver.
INFO - 2024-12-19 10:15:34 --> Session: Class initialized using 'CodeIgniter\Session\Handlers\FileHandler' driver.
INFO - 2024-12-19 10:15:36 --> Session: Class initialized using 'CodeIgniter\Session\Handlers\FileHandler' driver.
INFO - 2024-12-19 10:15:37 --> Session: Class initialized using 'CodeIgniter\Session\Handlers\FileHandler' driver.
INFO - 2024-12-19 10:15:39 --> Session: Class initialized using 'CodeIgniter\Session\Handlers\FileHandler' driver.
INFO - 2024-12-19 10:15:46 --> Session: Class initialized using 'CodeIgniter\Session\Handlers\FileHandler' driver.
INFO - 2024-12-19 10:18:44 --> Session: Class initialized using 'CodeIgniter\Session\Handlers\FileHandler' driver.
INFO - 2024-12-19 10:19:03 --> Session: Class initialized using 'CodeIgniter\Session\Handlers\FileHandler' driver.
INFO - 2024-12-19 10:19:04 --> Session: Class initialized using 'CodeIgniter\Session\Handlers\FileHandler' driver.
INFO - 2024-12-19 10:28:52 --> Session: Class initialized using 'CodeIgniter\Session\Handlers\FileHandler' driver.
INFO - 2024-12-19 10:29:14 --> Session: Class initialized using 'CodeIgniter\Session\Handlers\FileHandler' driver.
INFO - 2024-12-19 10:29:14 --> Session: Class initialized using 'CodeIgniter\Session\Handlers\FileHandler' driver.
INFO - 2024-12-19 10:34:33 --> Session: Class initialized using 'CodeIgniter\Session\Handlers\FileHandler' driver.
INFO - 2024-12-19 10:34:48 --> Session: Class initialized using 'CodeIgniter\Session\Handlers\FileHandler' driver.
INFO - 2024-12-19 10:34:48 --> Session: Class initialized using 'CodeIgniter\Session\Handlers\FileHandler' driver.
INFO - 2024-12-19 10:35:50 --> Session: Class initialized using 'CodeIgniter\Session\Handlers\FileHandler' driver.
INFO - 2024-12-19 10:35:50 --> Session: Class initialized using 'CodeIgniter\Session\Handlers\FileHandler' driver.
INFO - 2024-12-19 10:36:01 --> Session: Class initialized using 'CodeIgniter\Session\Handlers\FileHandler' driver.
INFO - 2024-12-19 10:36:01 --> Session: Class initialized using 'CodeIgniter\Session\Handlers\FileHandler' driver.
INFO - 2024-12-19 10:36:01 --> Session: Class initialized using 'CodeIgniter\Session\Handlers\FileHandler' driver.
INFO - 2024-12-19 10:36:05 --> Session: Class initialized using 'CodeIgniter\Session\Handlers\FileHandler' driver.
INFO - 2024-12-19 10:36:08 --> Session: Class initialized using 'CodeIgniter\Session\Handlers\FileHandler' driver.
WARNING - 2024-12-19 10:36:08 --> [DEPRECATED] htmlspecialchars(): Passing null to parameter #1 ($string) of type string is deprecated in APPPATH\Views\partials\cataloguerdashboardview.php on line 62.
 1 APPPATH\Views\partials\cataloguerdashboardview.php(62): htmlspecialchars(null)
 2 SYSTEMPATH\View\View.php(228): include('C:\\xampp\\htdocs\\amar\\app\\Views\\partials\\cataloguerdashboardview.php')
 3 SYSTEMPATH\View\View.php(231): CodeIgniter\View\View->CodeIgniter\View\{closure}()
 4 SYSTEMPATH\Common.php(1178): CodeIgniter\View\View->render('/partials/cataloguerdashboardview', [], true)
 5 APPPATH\Controllers\SupervisorController.php(59): view('/partials/cataloguerdashboardview', [...])
 6 SYSTEMPATH\CodeIgniter.php(941): App\Controllers\SupervisorController->getCataloguerApprovedData()
 7 SYSTEMPATH\CodeIgniter.php(502): CodeIgniter\CodeIgniter->runController(Object(App\Controllers\SupervisorController))
 8 SYSTEMPATH\CodeIgniter.php(361): CodeIgniter\CodeIgniter->handleRequest(null, Object(Config\Cache), false)
 9 FCPATH\index.php(79): CodeIgniter\CodeIgniter->run()
WARNING - 2024-12-19 10:36:08 --> [DEPRECATED] htmlspecialchars(): Passing null to parameter #1 ($string) of type string is deprecated in APPPATH\Views\partials\cataloguerdashboardview.php on line 58.
 1 APPPATH\Views\partials\cataloguerdashboardview.php(58): htmlspecialchars(null)
 2 SYSTEMPATH\View\View.php(228): include('C:\\xampp\\htdocs\\amar\\app\\Views\\partials\\cataloguerdashboardview.php')
 3 SYSTEMPATH\View\View.php(231): CodeIgniter\View\View->CodeIgniter\View\{closure}()
 4 SYSTEMPATH\Common.php(1178): CodeIgniter\View\View->render('/partials/cataloguerdashboardview', [], true)
 5 APPPATH\Controllers\SupervisorController.php(59): view('/partials/cataloguerdashboardview', [...])
 6 SYSTEMPATH\CodeIgniter.php(941): App\Controllers\SupervisorController->getCataloguerApprovedData()
 7 SYSTEMPATH\CodeIgniter.php(502): CodeIgniter\CodeIgniter->runController(Object(App\Controllers\SupervisorController))
 8 SYSTEMPATH\CodeIgniter.php(361): CodeIgniter\CodeIgniter->handleRequest(null, Object(Config\Cache), false)
 9 FCPATH\index.php(79): CodeIgniter\CodeIgniter->run()
