CRITICAL - 2024-04-16 11:17:39 --> Error: Class 'config\Database' not found
in APPPATH\Controllers\SearchController.php on line 11.
 1 SYSTEMPATH\CodeIgniter.php(941): App\Controllers\SearchController->index()
 2 SYSTEMPATH\CodeIgniter.php(502): CodeIgniter\CodeIgniter->runController(Object(App\Controllers\SearchController))
 3 SYSTEMPATH\CodeIgniter.php(361): CodeIgniter\CodeIgniter->handleRequest(null, Object(Config\Cache), false)
 4 FCPATH\index.php(79): CodeIgniter\CodeIgniter->run()
CRITICAL - 2024-04-16 11:17:42 --> Error: Class 'config\Database' not found
in APPPATH\Controllers\SearchController.php on line 11.
 1 SYSTEMPATH\CodeIgniter.php(941): App\Controllers\SearchController->index()
 2 SYSTEMPATH\CodeIgniter.php(502): CodeIgniter\CodeIgniter->runController(Object(App\Controllers\SearchController))
 3 SYSTEMPATH\CodeIgniter.php(361): CodeIgniter\CodeIgniter->handleRequest(null, Object(Config\Cache), false)
 4 FCPATH\index.php(79): CodeIgniter\CodeIgniter->run()
CRITICAL - 2024-04-16 11:18:59 --> Error: Class 'config\Database' not found
in APPPATH\Controllers\SearchController.php on line 11.
 1 SYSTEMPATH\CodeIgniter.php(941): App\Controllers\SearchController->index()
 2 SYSTEMPATH\CodeIgniter.php(502): CodeIgniter\CodeIgniter->runController(Object(App\Controllers\SearchController))
 3 SYSTEMPATH\CodeIgniter.php(361): CodeIgniter\CodeIgniter->handleRequest(null, Object(Config\Cache), false)
 4 FCPATH\index.php(79): CodeIgniter\CodeIgniter->run()
CRITICAL - 2024-04-16 11:18:59 --> Error: Class 'config\Database' not found
in APPPATH\Controllers\SearchController.php on line 11.
 1 SYSTEMPATH\CodeIgniter.php(941): App\Controllers\SearchController->index()
 2 SYSTEMPATH\CodeIgniter.php(502): CodeIgniter\CodeIgniter->runController(Object(App\Controllers\SearchController))
 3 SYSTEMPATH\CodeIgniter.php(361): CodeIgniter\CodeIgniter->handleRequest(null, Object(Config\Cache), false)
 4 FCPATH\index.php(79): CodeIgniter\CodeIgniter->run()
CRITICAL - 2024-04-16 11:19:00 --> Error: Class 'config\Database' not found
in APPPATH\Controllers\SearchController.php on line 11.
 1 SYSTEMPATH\CodeIgniter.php(941): App\Controllers\SearchController->index()
 2 SYSTEMPATH\CodeIgniter.php(502): CodeIgniter\CodeIgniter->runController(Object(App\Controllers\SearchController))
 3 SYSTEMPATH\CodeIgniter.php(361): CodeIgniter\CodeIgniter->handleRequest(null, Object(Config\Cache), false)
 4 FCPATH\index.php(79): CodeIgniter\CodeIgniter->run()
CRITICAL - 2024-04-16 11:20:27 --> Error: Class 'config\Database' not found
in APPPATH\Controllers\SearchController.php on line 11.
 1 SYSTEMPATH\CodeIgniter.php(941): App\Controllers\SearchController->index()
 2 SYSTEMPATH\CodeIgniter.php(502): CodeIgniter\CodeIgniter->runController(Object(App\Controllers\SearchController))
 3 SYSTEMPATH\CodeIgniter.php(361): CodeIgniter\CodeIgniter->handleRequest(null, Object(Config\Cache), false)
 4 FCPATH\index.php(79): CodeIgniter\CodeIgniter->run()
CRITICAL - 2024-04-16 11:20:27 --> Error: Class 'config\Database' not found
in APPPATH\Controllers\SearchController.php on line 11.
 1 SYSTEMPATH\CodeIgniter.php(941): App\Controllers\SearchController->index()
 2 SYSTEMPATH\CodeIgniter.php(502): CodeIgniter\CodeIgniter->runController(Object(App\Controllers\SearchController))
 3 SYSTEMPATH\CodeIgniter.php(361): CodeIgniter\CodeIgniter->handleRequest(null, Object(Config\Cache), false)
 4 FCPATH\index.php(79): CodeIgniter\CodeIgniter->run()
CRITICAL - 2024-04-16 11:20:28 --> Error: Class 'config\Database' not found
in APPPATH\Controllers\SearchController.php on line 11.
 1 SYSTEMPATH\CodeIgniter.php(941): App\Controllers\SearchController->index()
 2 SYSTEMPATH\CodeIgniter.php(502): CodeIgniter\CodeIgniter->runController(Object(App\Controllers\SearchController))
 3 SYSTEMPATH\CodeIgniter.php(361): CodeIgniter\CodeIgniter->handleRequest(null, Object(Config\Cache), false)
 4 FCPATH\index.php(79): CodeIgniter\CodeIgniter->run()
CRITICAL - 2024-04-16 12:53:33 --> Error: Class 'App\Controllers\SearchModel' not found
in APPPATH\Controllers\SearchController.php on line 21.
 1 SYSTEMPATH\CodeIgniter.php(941): App\Controllers\SearchController->index()
 2 SYSTEMPATH\CodeIgniter.php(502): CodeIgniter\CodeIgniter->runController(Object(App\Controllers\SearchController))
 3 SYSTEMPATH\CodeIgniter.php(361): CodeIgniter\CodeIgniter->handleRequest(null, Object(Config\Cache), false)
 4 FCPATH\index.php(79): CodeIgniter\CodeIgniter->run()
