INFO - 2024-10-14 04:57:44 --> Session: Class initialized using 'CodeIgniter\Session\Handlers\FileHandler' driver.
INFO - 2024-10-14 05:23:23 --> Session: Class initialized using 'CodeIgniter\Session\Handlers\FileHandler' driver.
INFO - 2024-10-14 05:23:26 --> Session: Class initialized using 'CodeIgniter\Session\Handlers\FileHandler' driver.
INFO - 2024-10-14 05:23:31 --> Session: Class initialized using 'CodeIgniter\Session\Handlers\FileHandler' driver.
INFO - 2024-10-14 05:23:31 --> Session: Class initialized using 'CodeIgniter\Session\Handlers\FileHandler' driver.
INFO - 2024-10-14 05:23:31 --> Session: Class initialized using 'CodeIgniter\Session\Handlers\FileHandler' driver.
INFO - 2024-10-14 05:23:35 --> Session: Class initialized using 'CodeIgniter\Session\Handlers\FileHandler' driver.
WARNING - 2024-10-14 05:23:35 --> [DEPRECATED] htmlspecialchars(): Passing null to parameter #1 ($string) of type string is deprecated in APPPATH\Views\partials\SupervisorDashboardView.php on line 103.
 1 APPPATH\Views\partials\SupervisorDashboardView.php(103): htmlspecialchars(null)
 2 APPPATH\Views\partials\SupervisorDashboardView.php(57): renderTableRow([...], 'Manuscript', 1)
 3 SYSTEMPATH\View\View.php(228): include('C:\\xampp\\htdocs\\amar\\app\\Views\\partials\\SupervisorDashboardView.php')
 4 SYSTEMPATH\View\View.php(231): CodeIgniter\View\View->CodeIgniter\View\{closure}()
 5 SYSTEMPATH\Common.php(1178): CodeIgniter\View\View->render('/partials/SupervisorDashboardView', [], true)
 6 APPPATH\Controllers\SupervisorController.php(62): view('/partials/SupervisorDashboardView', [...])
 7 SYSTEMPATH\CodeIgniter.php(941): App\Controllers\SupervisorController->getCataloguerApprovedData()
 8 SYSTEMPATH\CodeIgniter.php(502): CodeIgniter\CodeIgniter->runController(Object(App\Controllers\SupervisorController))
 9 SYSTEMPATH\CodeIgniter.php(361): CodeIgniter\CodeIgniter->handleRequest(null, Object(Config\Cache), false)
10 FCPATH\index.php(79): CodeIgniter\CodeIgniter->run()
INFO - 2024-10-14 05:23:43 --> Session: Class initialized using 'CodeIgniter\Session\Handlers\FileHandler' driver.
WARNING - 2024-10-14 05:23:43 --> [DEPRECATED] htmlspecialchars(): Passing null to parameter #1 ($string) of type string is deprecated in APPPATH\Views\partials\SupervisorDashboardView.php on line 103.
 1 APPPATH\Views\partials\SupervisorDashboardView.php(103): htmlspecialchars(null)
 2 APPPATH\Views\partials\SupervisorDashboardView.php(57): renderTableRow([...], 'Manuscript', 1)
 3 SYSTEMPATH\View\View.php(228): include('C:\\xampp\\htdocs\\amar\\app\\Views\\partials\\SupervisorDashboardView.php')
 4 SYSTEMPATH\View\View.php(231): CodeIgniter\View\View->CodeIgniter\View\{closure}()
 5 SYSTEMPATH\Common.php(1178): CodeIgniter\View\View->render('/partials/SupervisorDashboardView', [], true)
 6 APPPATH\Controllers\SupervisorController.php(62): view('/partials/SupervisorDashboardView', [...])
 7 SYSTEMPATH\CodeIgniter.php(941): App\Controllers\SupervisorController->getCataloguerApprovedData()
 8 SYSTEMPATH\CodeIgniter.php(502): CodeIgniter\CodeIgniter->runController(Object(App\Controllers\SupervisorController))
 9 SYSTEMPATH\CodeIgniter.php(361): CodeIgniter\CodeIgniter->handleRequest(null, Object(Config\Cache), false)
10 FCPATH\index.php(79): CodeIgniter\CodeIgniter->run()
INFO - 2024-10-14 05:23:46 --> Session: Class initialized using 'CodeIgniter\Session\Handlers\FileHandler' driver.
INFO - 2024-10-14 05:23:52 --> Session: Class initialized using 'CodeIgniter\Session\Handlers\FileHandler' driver.
INFO - 2024-10-14 05:23:58 --> Session: Class initialized using 'CodeIgniter\Session\Handlers\FileHandler' driver.
INFO - 2024-10-14 05:27:11 --> Session: Class initialized using 'CodeIgniter\Session\Handlers\FileHandler' driver.
INFO - 2024-10-14 05:27:12 --> Session: Class initialized using 'CodeIgniter\Session\Handlers\FileHandler' driver.
INFO - 2024-10-14 05:36:08 --> Session: Class initialized using 'CodeIgniter\Session\Handlers\FileHandler' driver.
INFO - 2024-10-14 05:38:58 --> Session: Class initialized using 'CodeIgniter\Session\Handlers\FileHandler' driver.
WARNING - 2024-10-14 05:38:58 --> [DEPRECATED] htmlspecialchars(): Passing null to parameter #1 ($string) of type string is deprecated in APPPATH\Views\partials\SupervisorDashboardView.php on line 101.
 1 APPPATH\Views\partials\SupervisorDashboardView.php(101): htmlspecialchars(null)
 2 APPPATH\Views\partials\SupervisorDashboardView.php(57): renderTableRow([...], 'Manuscript', 1)
 3 SYSTEMPATH\View\View.php(228): include('C:\\xampp\\htdocs\\amar\\app\\Views\\partials\\SupervisorDashboardView.php')
 4 SYSTEMPATH\View\View.php(231): CodeIgniter\View\View->CodeIgniter\View\{closure}()
 5 SYSTEMPATH\Common.php(1178): CodeIgniter\View\View->render('/partials/SupervisorDashboardView', [], true)
 6 APPPATH\Controllers\SupervisorController.php(76): view('/partials/SupervisorDashboardView', [...])
 7 SYSTEMPATH\CodeIgniter.php(941): App\Controllers\SupervisorController->approved()
 8 SYSTEMPATH\CodeIgniter.php(502): CodeIgniter\CodeIgniter->runController(Object(App\Controllers\SupervisorController))
 9 SYSTEMPATH\CodeIgniter.php(361): CodeIgniter\CodeIgniter->handleRequest(null, Object(Config\Cache), false)
10 FCPATH\index.php(79): CodeIgniter\CodeIgniter->run()
INFO - 2024-10-14 05:39:00 --> Session: Class initialized using 'CodeIgniter\Session\Handlers\FileHandler' driver.
INFO - 2024-10-14 05:39:01 --> Session: Class initialized using 'CodeIgniter\Session\Handlers\FileHandler' driver.
WARNING - 2024-10-14 05:39:01 --> [DEPRECATED] htmlspecialchars(): Passing null to parameter #1 ($string) of type string is deprecated in APPPATH\Views\partials\SupervisorDashboardView.php on line 101.
 1 APPPATH\Views\partials\SupervisorDashboardView.php(101): htmlspecialchars(null)
 2 APPPATH\Views\partials\SupervisorDashboardView.php(57): renderTableRow([...], 'Manuscript', 1)
 3 SYSTEMPATH\View\View.php(228): include('C:\\xampp\\htdocs\\amar\\app\\Views\\partials\\SupervisorDashboardView.php')
 4 SYSTEMPATH\View\View.php(231): CodeIgniter\View\View->CodeIgniter\View\{closure}()
 5 SYSTEMPATH\Common.php(1178): CodeIgniter\View\View->render('/partials/SupervisorDashboardView', [], true)
 6 APPPATH\Controllers\SupervisorController.php(76): view('/partials/SupervisorDashboardView', [...])
 7 SYSTEMPATH\CodeIgniter.php(941): App\Controllers\SupervisorController->approved()
 8 SYSTEMPATH\CodeIgniter.php(502): CodeIgniter\CodeIgniter->runController(Object(App\Controllers\SupervisorController))
 9 SYSTEMPATH\CodeIgniter.php(361): CodeIgniter\CodeIgniter->handleRequest(null, Object(Config\Cache), false)
10 FCPATH\index.php(79): CodeIgniter\CodeIgniter->run()
INFO - 2024-10-14 05:39:05 --> Session: Class initialized using 'CodeIgniter\Session\Handlers\FileHandler' driver.
INFO - 2024-10-14 05:39:07 --> Session: Class initialized using 'CodeIgniter\Session\Handlers\FileHandler' driver.
INFO - 2024-10-14 05:39:09 --> Session: Class initialized using 'CodeIgniter\Session\Handlers\FileHandler' driver.
INFO - 2024-10-14 05:39:12 --> Session: Class initialized using 'CodeIgniter\Session\Handlers\FileHandler' driver.
WARNING - 2024-10-14 05:39:12 --> [DEPRECATED] htmlspecialchars(): Passing null to parameter #1 ($string) of type string is deprecated in APPPATH\Views\partials\SupervisorDashboardView.php on line 103.
 1 APPPATH\Views\partials\SupervisorDashboardView.php(103): htmlspecialchars(null)
 2 APPPATH\Views\partials\SupervisorDashboardView.php(57): renderTableRow([...], 'Manuscript', 1)
 3 SYSTEMPATH\View\View.php(228): include('C:\\xampp\\htdocs\\amar\\app\\Views\\partials\\SupervisorDashboardView.php')
 4 SYSTEMPATH\View\View.php(231): CodeIgniter\View\View->CodeIgniter\View\{closure}()
 5 SYSTEMPATH\Common.php(1178): CodeIgniter\View\View->render('/partials/SupervisorDashboardView', [], true)
 6 APPPATH\Controllers\SupervisorController.php(62): view('/partials/SupervisorDashboardView', [...])
 7 SYSTEMPATH\CodeIgniter.php(941): App\Controllers\SupervisorController->getCataloguerApprovedData()
 8 SYSTEMPATH\CodeIgniter.php(502): CodeIgniter\CodeIgniter->runController(Object(App\Controllers\SupervisorController))
 9 SYSTEMPATH\CodeIgniter.php(361): CodeIgniter\CodeIgniter->handleRequest(null, Object(Config\Cache), false)
10 FCPATH\index.php(79): CodeIgniter\CodeIgniter->run()
INFO - 2024-10-14 05:39:20 --> Session: Class initialized using 'CodeIgniter\Session\Handlers\FileHandler' driver.
WARNING - 2024-10-14 05:39:20 --> [DEPRECATED] htmlspecialchars(): Passing null to parameter #1 ($string) of type string is deprecated in APPPATH\Views\partials\SupervisorDashboardView.php on line 103.
 1 APPPATH\Views\partials\SupervisorDashboardView.php(103): htmlspecialchars(null)
 2 APPPATH\Views\partials\SupervisorDashboardView.php(57): renderTableRow([...], 'Manuscript', 1)
 3 SYSTEMPATH\View\View.php(228): include('C:\\xampp\\htdocs\\amar\\app\\Views\\partials\\SupervisorDashboardView.php')
 4 SYSTEMPATH\View\View.php(231): CodeIgniter\View\View->CodeIgniter\View\{closure}()
 5 SYSTEMPATH\Common.php(1178): CodeIgniter\View\View->render('/partials/SupervisorDashboardView', [], true)
 6 APPPATH\Controllers\SupervisorController.php(62): view('/partials/SupervisorDashboardView', [...])
 7 SYSTEMPATH\CodeIgniter.php(941): App\Controllers\SupervisorController->getCataloguerApprovedData()
 8 SYSTEMPATH\CodeIgniter.php(502): CodeIgniter\CodeIgniter->runController(Object(App\Controllers\SupervisorController))
 9 SYSTEMPATH\CodeIgniter.php(361): CodeIgniter\CodeIgniter->handleRequest(null, Object(Config\Cache), false)
10 FCPATH\index.php(79): CodeIgniter\CodeIgniter->run()
INFO - 2024-10-14 06:27:15 --> Session: Class initialized using 'CodeIgniter\Session\Handlers\FileHandler' driver.
INFO - 2024-10-14 06:27:15 --> Session: Class initialized using 'CodeIgniter\Session\Handlers\FileHandler' driver.
INFO - 2024-10-14 06:27:18 --> Session: Class initialized using 'CodeIgniter\Session\Handlers\FileHandler' driver.
WARNING - 2024-10-14 06:27:18 --> [DEPRECATED] htmlspecialchars(): Passing null to parameter #1 ($string) of type string is deprecated in APPPATH\Views\partials\SupervisorDashboardView.php on line 101.
 1 APPPATH\Views\partials\SupervisorDashboardView.php(101): htmlspecialchars(null)
 2 APPPATH\Views\partials\SupervisorDashboardView.php(57): renderTableRow([...], 'Manuscript', 1)
 3 SYSTEMPATH\View\View.php(228): include('C:\\xampp\\htdocs\\amar\\app\\Views\\partials\\SupervisorDashboardView.php')
 4 SYSTEMPATH\View\View.php(231): CodeIgniter\View\View->CodeIgniter\View\{closure}()
 5 SYSTEMPATH\Common.php(1178): CodeIgniter\View\View->render('/partials/SupervisorDashboardView', [], true)
 6 APPPATH\Controllers\SupervisorController.php(76): view('/partials/SupervisorDashboardView', [...])
 7 SYSTEMPATH\CodeIgniter.php(941): App\Controllers\SupervisorController->approved()
 8 SYSTEMPATH\CodeIgniter.php(502): CodeIgniter\CodeIgniter->runController(Object(App\Controllers\SupervisorController))
 9 SYSTEMPATH\CodeIgniter.php(361): CodeIgniter\CodeIgniter->handleRequest(null, Object(Config\Cache), false)
10 FCPATH\index.php(79): CodeIgniter\CodeIgniter->run()
INFO - 2024-10-14 06:27:21 --> Session: Class initialized using 'CodeIgniter\Session\Handlers\FileHandler' driver.
