CRITICAL - 2024-05-30 12:43:38 --> Error: Call to undefined function App\Controllers\getAllSystemDetails()
in APPPATH\Controllers\ManuscriptController.php on line 25.
 1 SYSTEMPATH\CodeIgniter.php(941): App\Controllers\ManuscriptController->index()
 2 SYSTEMPATH\CodeIgniter.php(502): CodeIgniter\CodeIgniter->runController(Object(App\Controllers\ManuscriptController))
 3 SYSTEMPATH\CodeIgniter.php(361): CodeIgniter\CodeIgniter->handleRequest(null, Object(Config\Cache), false)
 4 FCPATH\index.php(79): CodeIgniter\CodeIgniter->run()
CRITICAL - 2024-05-30 12:43:39 --> Error: Call to undefined function App\Controllers\getAllSystemDetails()
in APPPATH\Controllers\ManuscriptController.php on line 25.
 1 SYSTEMPATH\CodeIgniter.php(941): App\Controllers\ManuscriptController->index()
 2 SYSTEMPATH\CodeIgniter.php(502): CodeIgniter\CodeIgniter->runController(Object(App\Controllers\ManuscriptController))
 3 SYSTEMPATH\CodeIgniter.php(361): CodeIgniter\CodeIgniter->handleRequest(null, Object(Config\Cache), false)
 4 FCPATH\index.php(79): CodeIgniter\CodeIgniter->run()
CRITICAL - 2024-05-30 12:44:00 --> Error: Call to undefined function App\Controllers\getAllSystemDetails()
in APPPATH\Controllers\ManuscriptController.php on line 11.
 1 SYSTEMPATH\CodeIgniter.php(941): App\Controllers\ManuscriptController->index()
 2 SYSTEMPATH\CodeIgniter.php(502): CodeIgniter\CodeIgniter->runController(Object(App\Controllers\ManuscriptController))
 3 SYSTEMPATH\CodeIgniter.php(361): CodeIgniter\CodeIgniter->handleRequest(null, Object(Config\Cache), false)
 4 FCPATH\index.php(79): CodeIgniter\CodeIgniter->run()
CRITICAL - 2024-05-30 12:44:02 --> Error: Call to undefined function App\Controllers\getAllSystemDetails()
in APPPATH\Controllers\ManuscriptController.php on line 11.
 1 SYSTEMPATH\CodeIgniter.php(941): App\Controllers\ManuscriptController->index()
 2 SYSTEMPATH\CodeIgniter.php(502): CodeIgniter\CodeIgniter->runController(Object(App\Controllers\ManuscriptController))
 3 SYSTEMPATH\CodeIgniter.php(361): CodeIgniter\CodeIgniter->handleRequest(null, Object(Config\Cache), false)
 4 FCPATH\index.php(79): CodeIgniter\CodeIgniter->run()
CRITICAL - 2024-05-30 12:44:02 --> Error: Call to undefined function App\Controllers\getAllSystemDetails()
in APPPATH\Controllers\ManuscriptController.php on line 11.
 1 SYSTEMPATH\CodeIgniter.php(941): App\Controllers\ManuscriptController->index()
 2 SYSTEMPATH\CodeIgniter.php(502): CodeIgniter\CodeIgniter->runController(Object(App\Controllers\ManuscriptController))
 3 SYSTEMPATH\CodeIgniter.php(361): CodeIgniter\CodeIgniter->handleRequest(null, Object(Config\Cache), false)
 4 FCPATH\index.php(79): CodeIgniter\CodeIgniter->run()
CRITICAL - 2024-05-30 12:47:35 --> ParseError: syntax error, unexpected '->' (T_OBJECT_OPERATOR)
in APPPATH\Controllers\ManuscriptController.php on line 30.
 1 SYSTEMPATH\Autoloader\Autoloader.php(290): CodeIgniter\Autoloader\Autoloader->includeFile('D:\\Xampp-server-php_7-4-30\\htdocs\\amar\\app\\Controllers\\ManuscriptController.php')
 2 SYSTEMPATH\Autoloader\Autoloader.php(266): CodeIgniter\Autoloader\Autoloader->loadInNamespace('App\\Controllers\\ManuscriptController')
 3 [internal function]: CodeIgniter\Autoloader\Autoloader->loadClass('App\\Controllers\\ManuscriptController')
 4 [internal function]: spl_autoload_call('App\\Controllers\\ManuscriptController')
 5 SYSTEMPATH\CodeIgniter.php(899): class_exists('\\App\\Controllers\\ManuscriptController', true)
 6 SYSTEMPATH\CodeIgniter.php(489): CodeIgniter\CodeIgniter->startController()
 7 SYSTEMPATH\CodeIgniter.php(361): CodeIgniter\CodeIgniter->handleRequest(null, Object(Config\Cache), false)
 8 FCPATH\index.php(79): CodeIgniter\CodeIgniter->run()
CRITICAL - 2024-05-30 12:47:36 --> ParseError: syntax error, unexpected '->' (T_OBJECT_OPERATOR)
in APPPATH\Controllers\ManuscriptController.php on line 30.
 1 SYSTEMPATH\Autoloader\Autoloader.php(290): CodeIgniter\Autoloader\Autoloader->includeFile('D:\\Xampp-server-php_7-4-30\\htdocs\\amar\\app\\Controllers\\ManuscriptController.php')
 2 SYSTEMPATH\Autoloader\Autoloader.php(266): CodeIgniter\Autoloader\Autoloader->loadInNamespace('App\\Controllers\\ManuscriptController')
 3 [internal function]: CodeIgniter\Autoloader\Autoloader->loadClass('App\\Controllers\\ManuscriptController')
 4 [internal function]: spl_autoload_call('App\\Controllers\\ManuscriptController')
 5 SYSTEMPATH\CodeIgniter.php(899): class_exists('\\App\\Controllers\\ManuscriptController', true)
 6 SYSTEMPATH\CodeIgniter.php(489): CodeIgniter\CodeIgniter->startController()
 7 SYSTEMPATH\CodeIgniter.php(361): CodeIgniter\CodeIgniter->handleRequest(null, Object(Config\Cache), false)
 8 FCPATH\index.php(79): CodeIgniter\CodeIgniter->run()
CRITICAL - 2024-05-30 12:47:38 --> ParseError: syntax error, unexpected '->' (T_OBJECT_OPERATOR)
in APPPATH\Controllers\ManuscriptController.php on line 30.
 1 SYSTEMPATH\Autoloader\Autoloader.php(290): CodeIgniter\Autoloader\Autoloader->includeFile('D:\\Xampp-server-php_7-4-30\\htdocs\\amar\\app\\Controllers\\ManuscriptController.php')
 2 SYSTEMPATH\Autoloader\Autoloader.php(266): CodeIgniter\Autoloader\Autoloader->loadInNamespace('App\\Controllers\\ManuscriptController')
 3 [internal function]: CodeIgniter\Autoloader\Autoloader->loadClass('App\\Controllers\\ManuscriptController')
 4 [internal function]: spl_autoload_call('App\\Controllers\\ManuscriptController')
 5 SYSTEMPATH\CodeIgniter.php(899): class_exists('\\App\\Controllers\\ManuscriptController', true)
 6 SYSTEMPATH\CodeIgniter.php(489): CodeIgniter\CodeIgniter->startController()
 7 SYSTEMPATH\CodeIgniter.php(361): CodeIgniter\CodeIgniter->handleRequest(null, Object(Config\Cache), false)
 8 FCPATH\index.php(79): CodeIgniter\CodeIgniter->run()
CRITICAL - 2024-05-30 12:47:44 --> ParseError: syntax error, unexpected '->' (T_OBJECT_OPERATOR)
in APPPATH\Controllers\ManuscriptController.php on line 30.
 1 SYSTEMPATH\Autoloader\Autoloader.php(290): CodeIgniter\Autoloader\Autoloader->includeFile('D:\\Xampp-server-php_7-4-30\\htdocs\\amar\\app\\Controllers\\ManuscriptController.php')
 2 SYSTEMPATH\Autoloader\Autoloader.php(266): CodeIgniter\Autoloader\Autoloader->loadInNamespace('App\\Controllers\\ManuscriptController')
 3 [internal function]: CodeIgniter\Autoloader\Autoloader->loadClass('App\\Controllers\\ManuscriptController')
 4 [internal function]: spl_autoload_call('App\\Controllers\\ManuscriptController')
 5 SYSTEMPATH\CodeIgniter.php(899): class_exists('\\App\\Controllers\\ManuscriptController', true)
 6 SYSTEMPATH\CodeIgniter.php(489): CodeIgniter\CodeIgniter->startController()
 7 SYSTEMPATH\CodeIgniter.php(361): CodeIgniter\CodeIgniter->handleRequest(null, Object(Config\Cache), false)
 8 FCPATH\index.php(79): CodeIgniter\CodeIgniter->run()
