INFO - 2024-09-12 04:26:14 --> Session: Class initialized using 'CodeIgniter\Session\Handlers\FileHandler' driver.
INFO - 2024-09-12 04:26:31 --> Session: Class initialized using 'CodeIgniter\Session\Handlers\FileHandler' driver.
INFO - 2024-09-12 04:26:35 --> Session: Class initialized using 'CodeIgniter\Session\Handlers\FileHandler' driver.
INFO - 2024-09-12 04:26:36 --> Session: Class initialized using 'CodeIgniter\Session\Handlers\FileHandler' driver.
INFO - 2024-09-12 04:26:36 --> Session: Class initialized using 'CodeIgniter\Session\Handlers\FileHandler' driver.
INFO - 2024-09-12 04:26:38 --> Session: Class initialized using 'CodeIgniter\Session\Handlers\FileHandler' driver.
WARNING - 2024-09-12 04:26:38 --> [DEPRECATED] htmlspecialchars(): Passing null to parameter #1 ($string) of type string is deprecated in APPPATH\Views\partials\SupervisorDashboardView.php on line 101.
 1 APPPATH\Views\partials\SupervisorDashboardView.php(101): htmlspecialchars(null)
 2 APPPATH\Views\partials\SupervisorDashboardView.php(57): renderTableRow([...], 'Manuscript', 1)
 3 SYSTEMPATH\View\View.php(228): include('C:\\xampp\\htdocs\\amar\\app\\Views\\partials\\SupervisorDashboardView.php')
 4 SYSTEMPATH\View\View.php(231): CodeIgniter\View\View->CodeIgniter\View\{closure}()
 5 SYSTEMPATH\Common.php(1178): CodeIgniter\View\View->render('/partials/SupervisorDashboardView', [], true)
 6 APPPATH\Controllers\SupervisorController.php(76): view('/partials/SupervisorDashboardView', [...])
 7 SYSTEMPATH\CodeIgniter.php(941): App\Controllers\SupervisorController->approved()
 8 SYSTEMPATH\CodeIgniter.php(502): CodeIgniter\CodeIgniter->runController(Object(App\Controllers\SupervisorController))
 9 SYSTEMPATH\CodeIgniter.php(361): CodeIgniter\CodeIgniter->handleRequest(null, Object(Config\Cache), false)
10 FCPATH\index.php(79): CodeIgniter\CodeIgniter->run()
WARNING - 2024-09-12 04:26:38 --> [DEPRECATED] htmlspecialchars(): Passing null to parameter #1 ($string) of type string is deprecated in APPPATH\Views\partials\SupervisorDashboardView.php on line 101.
 1 APPPATH\Views\partials\SupervisorDashboardView.php(101): htmlspecialchars(null)
 2 APPPATH\Views\partials\SupervisorDashboardView.php(57): renderTableRow([...], 'Manuscript', 2)
 3 SYSTEMPATH\View\View.php(228): include('C:\\xampp\\htdocs\\amar\\app\\Views\\partials\\SupervisorDashboardView.php')
 4 SYSTEMPATH\View\View.php(231): CodeIgniter\View\View->CodeIgniter\View\{closure}()
 5 SYSTEMPATH\Common.php(1178): CodeIgniter\View\View->render('/partials/SupervisorDashboardView', [], true)
 6 APPPATH\Controllers\SupervisorController.php(76): view('/partials/SupervisorDashboardView', [...])
 7 SYSTEMPATH\CodeIgniter.php(941): App\Controllers\SupervisorController->approved()
 8 SYSTEMPATH\CodeIgniter.php(502): CodeIgniter\CodeIgniter->runController(Object(App\Controllers\SupervisorController))
 9 SYSTEMPATH\CodeIgniter.php(361): CodeIgniter\CodeIgniter->handleRequest(null, Object(Config\Cache), false)
10 FCPATH\index.php(79): CodeIgniter\CodeIgniter->run()
INFO - 2024-09-12 04:26:42 --> Session: Class initialized using 'CodeIgniter\Session\Handlers\FileHandler' driver.
INFO - 2024-09-12 04:26:44 --> Session: Class initialized using 'CodeIgniter\Session\Handlers\FileHandler' driver.
WARNING - 2024-09-12 04:26:44 --> [DEPRECATED] htmlspecialchars(): Passing null to parameter #1 ($string) of type string is deprecated in APPPATH\Views\partials\SupervisorDashboardView.php on line 103.
 1 APPPATH\Views\partials\SupervisorDashboardView.php(103): htmlspecialchars(null)
 2 APPPATH\Views\partials\SupervisorDashboardView.php(57): renderTableRow([...], 'Manuscript', 1)
 3 SYSTEMPATH\View\View.php(228): include('C:\\xampp\\htdocs\\amar\\app\\Views\\partials\\SupervisorDashboardView.php')
 4 SYSTEMPATH\View\View.php(231): CodeIgniter\View\View->CodeIgniter\View\{closure}()
 5 SYSTEMPATH\Common.php(1178): CodeIgniter\View\View->render('/partials/SupervisorDashboardView', [], true)
 6 APPPATH\Controllers\SupervisorController.php(62): view('/partials/SupervisorDashboardView', [...])
 7 SYSTEMPATH\CodeIgniter.php(941): App\Controllers\SupervisorController->getCataloguerApprovedData()
 8 SYSTEMPATH\CodeIgniter.php(502): CodeIgniter\CodeIgniter->runController(Object(App\Controllers\SupervisorController))
 9 SYSTEMPATH\CodeIgniter.php(361): CodeIgniter\CodeIgniter->handleRequest(null, Object(Config\Cache), false)
10 FCPATH\index.php(79): CodeIgniter\CodeIgniter->run()
INFO - 2024-09-12 04:26:50 --> Session: Class initialized using 'CodeIgniter\Session\Handlers\FileHandler' driver.
INFO - 2024-09-12 04:26:51 --> Session: Class initialized using 'CodeIgniter\Session\Handlers\FileHandler' driver.
WARNING - 2024-09-12 04:26:51 --> [DEPRECATED] htmlspecialchars(): Passing null to parameter #1 ($string) of type string is deprecated in APPPATH\Views\partials\SupervisorDashboardView.php on line 101.
 1 APPPATH\Views\partials\SupervisorDashboardView.php(101): htmlspecialchars(null)
 2 APPPATH\Views\partials\SupervisorDashboardView.php(57): renderTableRow([...], 'Manuscript', 1)
 3 SYSTEMPATH\View\View.php(228): include('C:\\xampp\\htdocs\\amar\\app\\Views\\partials\\SupervisorDashboardView.php')
 4 SYSTEMPATH\View\View.php(231): CodeIgniter\View\View->CodeIgniter\View\{closure}()
 5 SYSTEMPATH\Common.php(1178): CodeIgniter\View\View->render('/partials/SupervisorDashboardView', [], true)
 6 APPPATH\Controllers\SupervisorController.php(76): view('/partials/SupervisorDashboardView', [...])
 7 SYSTEMPATH\CodeIgniter.php(941): App\Controllers\SupervisorController->approved()
 8 SYSTEMPATH\CodeIgniter.php(502): CodeIgniter\CodeIgniter->runController(Object(App\Controllers\SupervisorController))
 9 SYSTEMPATH\CodeIgniter.php(361): CodeIgniter\CodeIgniter->handleRequest(null, Object(Config\Cache), false)
10 FCPATH\index.php(79): CodeIgniter\CodeIgniter->run()
WARNING - 2024-09-12 04:26:51 --> [DEPRECATED] htmlspecialchars(): Passing null to parameter #1 ($string) of type string is deprecated in APPPATH\Views\partials\SupervisorDashboardView.php on line 101.
 1 APPPATH\Views\partials\SupervisorDashboardView.php(101): htmlspecialchars(null)
 2 APPPATH\Views\partials\SupervisorDashboardView.php(57): renderTableRow([...], 'Manuscript', 2)
 3 SYSTEMPATH\View\View.php(228): include('C:\\xampp\\htdocs\\amar\\app\\Views\\partials\\SupervisorDashboardView.php')
 4 SYSTEMPATH\View\View.php(231): CodeIgniter\View\View->CodeIgniter\View\{closure}()
 5 SYSTEMPATH\Common.php(1178): CodeIgniter\View\View->render('/partials/SupervisorDashboardView', [], true)
 6 APPPATH\Controllers\SupervisorController.php(76): view('/partials/SupervisorDashboardView', [...])
 7 SYSTEMPATH\CodeIgniter.php(941): App\Controllers\SupervisorController->approved()
 8 SYSTEMPATH\CodeIgniter.php(502): CodeIgniter\CodeIgniter->runController(Object(App\Controllers\SupervisorController))
 9 SYSTEMPATH\CodeIgniter.php(361): CodeIgniter\CodeIgniter->handleRequest(null, Object(Config\Cache), false)
10 FCPATH\index.php(79): CodeIgniter\CodeIgniter->run()
INFO - 2024-09-12 04:26:53 --> Session: Class initialized using 'CodeIgniter\Session\Handlers\FileHandler' driver.
INFO - 2024-09-12 04:26:59 --> Session: Class initialized using 'CodeIgniter\Session\Handlers\FileHandler' driver.
INFO - 2024-09-12 04:26:59 --> Session: Class initialized using 'CodeIgniter\Session\Handlers\FileHandler' driver.
INFO - 2024-09-12 04:27:04 --> Session: Class initialized using 'CodeIgniter\Session\Handlers\FileHandler' driver.
INFO - 2024-09-12 04:27:04 --> Session: Class initialized using 'CodeIgniter\Session\Handlers\FileHandler' driver.
INFO - 2024-09-12 04:27:04 --> Session: Class initialized using 'CodeIgniter\Session\Handlers\FileHandler' driver.
INFO - 2024-09-12 04:27:06 --> Session: Class initialized using 'CodeIgniter\Session\Handlers\FileHandler' driver.
CRITICAL - 2024-09-12 04:27:06 --> ErrorException: Undefined variable $data
in APPPATH\Views\partials\amrdataview.php on line 15.
 1 APPPATH\Views\partials\amrdataview.php(15): CodeIgniter\Debug\Exceptions->errorHandler(2, 'Undefined variable $data', 'C:\\xampp\\htdocs\\amar\\app\\Views\\partials\\amrdataview.php', 15)
 2 SYSTEMPATH\View\View.php(228): include('C:\\xampp\\htdocs\\amar\\app\\Views\\partials\\amrdataview.php')
 3 SYSTEMPATH\View\View.php(231): CodeIgniter\View\View->CodeIgniter\View\{closure}()
 4 SYSTEMPATH\Common.php(1178): CodeIgniter\View\View->render('partials/amrdataview', [], true)
 5 APPPATH\Controllers\AMRController.php(214): view('partials/amrdataview', [...])
 6 SYSTEMPATH\CodeIgniter.php(941): App\Controllers\AMRController->statuswisedata('2')
 7 SYSTEMPATH\CodeIgniter.php(502): CodeIgniter\CodeIgniter->runController(Object(App\Controllers\AMRController))
 8 SYSTEMPATH\CodeIgniter.php(361): CodeIgniter\CodeIgniter->handleRequest(null, Object(Config\Cache), false)
 9 FCPATH\index.php(79): CodeIgniter\CodeIgniter->run()
INFO - 2024-09-12 04:27:08 --> Session: Class initialized using 'CodeIgniter\Session\Handlers\FileHandler' driver.
INFO - 2024-09-12 04:27:10 --> Session: Class initialized using 'CodeIgniter\Session\Handlers\FileHandler' driver.
INFO - 2024-09-12 04:27:12 --> Session: Class initialized using 'CodeIgniter\Session\Handlers\FileHandler' driver.
CRITICAL - 2024-09-12 04:27:12 --> ErrorException: Undefined variable $data
in APPPATH\Views\partials\amrdataview.php on line 15.
 1 APPPATH\Views\partials\amrdataview.php(15): CodeIgniter\Debug\Exceptions->errorHandler(2, 'Undefined variable $data', 'C:\\xampp\\htdocs\\amar\\app\\Views\\partials\\amrdataview.php', 15)
 2 SYSTEMPATH\View\View.php(228): include('C:\\xampp\\htdocs\\amar\\app\\Views\\partials\\amrdataview.php')
 3 SYSTEMPATH\View\View.php(231): CodeIgniter\View\View->CodeIgniter\View\{closure}()
 4 SYSTEMPATH\Common.php(1178): CodeIgniter\View\View->render('partials/amrdataview', [], true)
 5 APPPATH\Controllers\AMRController.php(214): view('partials/amrdataview', [])
 6 SYSTEMPATH\CodeIgniter.php(941): App\Controllers\AMRController->statuswisedata('1')
 7 SYSTEMPATH\CodeIgniter.php(502): CodeIgniter\CodeIgniter->runController(Object(App\Controllers\AMRController))
 8 SYSTEMPATH\CodeIgniter.php(361): CodeIgniter\CodeIgniter->handleRequest(null, Object(Config\Cache), false)
 9 FCPATH\index.php(79): CodeIgniter\CodeIgniter->run()
INFO - 2024-09-12 04:27:13 --> Session: Class initialized using 'CodeIgniter\Session\Handlers\FileHandler' driver.
INFO - 2024-09-12 04:27:15 --> Session: Class initialized using 'CodeIgniter\Session\Handlers\FileHandler' driver.
INFO - 2024-09-12 04:27:16 --> Session: Class initialized using 'CodeIgniter\Session\Handlers\FileHandler' driver.
INFO - 2024-09-12 06:49:51 --> Session: Class initialized using 'CodeIgniter\Session\Handlers\FileHandler' driver.
INFO - 2024-09-12 06:49:51 --> Session: Class initialized using 'CodeIgniter\Session\Handlers\FileHandler' driver.
CRITICAL - 2024-09-12 06:49:51 --> ErrorException: Undefined variable $data
in APPPATH\Views\partials\amrdataview.php on line 15.
 1 APPPATH\Views\partials\amrdataview.php(15): CodeIgniter\Debug\Exceptions->errorHandler(2, 'Undefined variable $data', 'C:\\xampp\\htdocs\\amar\\app\\Views\\partials\\amrdataview.php', 15)
 2 SYSTEMPATH\View\View.php(228): include('C:\\xampp\\htdocs\\amar\\app\\Views\\partials\\amrdataview.php')
 3 SYSTEMPATH\View\View.php(231): CodeIgniter\View\View->CodeIgniter\View\{closure}()
 4 SYSTEMPATH\Common.php(1178): CodeIgniter\View\View->render('partials/amrdataview', [], true)
 5 APPPATH\Controllers\AMRController.php(214): view('partials/amrdataview', [])
 6 SYSTEMPATH\CodeIgniter.php(941): App\Controllers\AMRController->statuswisedata('1')
 7 SYSTEMPATH\CodeIgniter.php(502): CodeIgniter\CodeIgniter->runController(Object(App\Controllers\AMRController))
 8 SYSTEMPATH\CodeIgniter.php(361): CodeIgniter\CodeIgniter->handleRequest(null, Object(Config\Cache), false)
 9 FCPATH\index.php(79): CodeIgniter\CodeIgniter->run()
CRITICAL - 2024-09-12 06:49:51 --> ErrorException: Undefined variable $data
in APPPATH\Views\partials\amrdataview.php on line 15.
 1 APPPATH\Views\partials\amrdataview.php(15): CodeIgniter\Debug\Exceptions->errorHandler(2, 'Undefined variable $data', 'C:\\xampp\\htdocs\\amar\\app\\Views\\partials\\amrdataview.php', 15)
 2 SYSTEMPATH\View\View.php(228): include('C:\\xampp\\htdocs\\amar\\app\\Views\\partials\\amrdataview.php')
 3 SYSTEMPATH\View\View.php(231): CodeIgniter\View\View->CodeIgniter\View\{closure}()
 4 SYSTEMPATH\Common.php(1178): CodeIgniter\View\View->render('partials/amrdataview', [], true)
 5 APPPATH\Controllers\AMRController.php(214): view('partials/amrdataview', [])
 6 SYSTEMPATH\CodeIgniter.php(941): App\Controllers\AMRController->statuswisedata('1')
 7 SYSTEMPATH\CodeIgniter.php(502): CodeIgniter\CodeIgniter->runController(Object(App\Controllers\AMRController))
 8 SYSTEMPATH\CodeIgniter.php(361): CodeIgniter\CodeIgniter->handleRequest(null, Object(Config\Cache), false)
 9 FCPATH\index.php(79): CodeIgniter\CodeIgniter->run()
INFO - 2024-09-12 06:50:41 --> Session: Class initialized using 'CodeIgniter\Session\Handlers\FileHandler' driver.
INFO - 2024-09-12 06:50:42 --> Session: Class initialized using 'CodeIgniter\Session\Handlers\FileHandler' driver.
INFO - 2024-09-12 06:50:49 --> Session: Class initialized using 'CodeIgniter\Session\Handlers\FileHandler' driver.
INFO - 2024-09-12 06:50:49 --> Session: Class initialized using 'CodeIgniter\Session\Handlers\FileHandler' driver.
INFO - 2024-09-12 06:50:49 --> Session: Class initialized using 'CodeIgniter\Session\Handlers\FileHandler' driver.
INFO - 2024-09-12 06:54:52 --> Session: Class initialized using 'CodeIgniter\Session\Handlers\FileHandler' driver.
CRITICAL - 2024-09-12 06:54:52 --> ErrorException: Undefined variable $data
in APPPATH\Views\partials\amrdataview.php on line 15.
 1 APPPATH\Views\partials\amrdataview.php(15): CodeIgniter\Debug\Exceptions->errorHandler(2, 'Undefined variable $data', 'C:\\xampp\\htdocs\\amar\\app\\Views\\partials\\amrdataview.php', 15)
 2 SYSTEMPATH\View\View.php(228): include('C:\\xampp\\htdocs\\amar\\app\\Views\\partials\\amrdataview.php')
 3 SYSTEMPATH\View\View.php(231): CodeIgniter\View\View->CodeIgniter\View\{closure}()
 4 SYSTEMPATH\Common.php(1178): CodeIgniter\View\View->render('partials/amrdataview', [], true)
 5 APPPATH\Controllers\AMRController.php(214): view('partials/amrdataview', [])
 6 SYSTEMPATH\CodeIgniter.php(941): App\Controllers\AMRController->statuswisedata('1')
 7 SYSTEMPATH\CodeIgniter.php(502): CodeIgniter\CodeIgniter->runController(Object(App\Controllers\AMRController))
 8 SYSTEMPATH\CodeIgniter.php(361): CodeIgniter\CodeIgniter->handleRequest(null, Object(Config\Cache), false)
 9 FCPATH\index.php(79): CodeIgniter\CodeIgniter->run()
INFO - 2024-09-12 06:54:54 --> Session: Class initialized using 'CodeIgniter\Session\Handlers\FileHandler' driver.
INFO - 2024-09-12 06:54:55 --> Session: Class initialized using 'CodeIgniter\Session\Handlers\FileHandler' driver.
CRITICAL - 2024-09-12 06:54:55 --> ErrorException: Undefined variable $data
in APPPATH\Views\partials\amrdataview.php on line 15.
 1 APPPATH\Views\partials\amrdataview.php(15): CodeIgniter\Debug\Exceptions->errorHandler(2, 'Undefined variable $data', 'C:\\xampp\\htdocs\\amar\\app\\Views\\partials\\amrdataview.php', 15)
 2 SYSTEMPATH\View\View.php(228): include('C:\\xampp\\htdocs\\amar\\app\\Views\\partials\\amrdataview.php')
 3 SYSTEMPATH\View\View.php(231): CodeIgniter\View\View->CodeIgniter\View\{closure}()
 4 SYSTEMPATH\Common.php(1178): CodeIgniter\View\View->render('partials/amrdataview', [], true)
 5 APPPATH\Controllers\AMRController.php(214): view('partials/amrdataview', [...])
 6 SYSTEMPATH\CodeIgniter.php(941): App\Controllers\AMRController->statuswisedata('2')
 7 SYSTEMPATH\CodeIgniter.php(502): CodeIgniter\CodeIgniter->runController(Object(App\Controllers\AMRController))
 8 SYSTEMPATH\CodeIgniter.php(361): CodeIgniter\CodeIgniter->handleRequest(null, Object(Config\Cache), false)
 9 FCPATH\index.php(79): CodeIgniter\CodeIgniter->run()
INFO - 2024-09-12 06:54:57 --> Session: Class initialized using 'CodeIgniter\Session\Handlers\FileHandler' driver.
INFO - 2024-09-12 06:55:04 --> Session: Class initialized using 'CodeIgniter\Session\Handlers\FileHandler' driver.
