INFO - 2025-01-09 08:38:01 --> Session: Class initialized using 'CodeIgniter\Session\Handlers\FileHandler' driver.
INFO - 2025-01-09 09:00:03 --> Session: Class initialized using 'CodeIgniter\Session\Handlers\FileHandler' driver.
INFO - 2025-01-09 09:00:06 --> Session: Class initialized using 'CodeIgniter\Session\Handlers\FileHandler' driver.
INFO - 2025-01-09 09:00:07 --> Session: Class initialized using 'CodeIgniter\Session\Handlers\FileHandler' driver.
INFO - 2025-01-09 09:00:07 --> Session: Class initialized using 'CodeIgniter\Session\Handlers\FileHandler' driver.
INFO - 2025-01-09 09:00:11 --> Session: Class initialized using 'CodeIgniter\Session\Handlers\FileHandler' driver.
INFO - 2025-01-09 09:00:19 --> Session: Class initialized using 'CodeIgniter\Session\Handlers\FileHandler' driver.
INFO - 2025-01-09 09:00:20 --> Session: Class initialized using 'CodeIgniter\Session\Handlers\FileHandler' driver.
WARNING - 2025-01-09 09:00:20 --> [DEPRECATED] htmlspecialchars(): Passing null to parameter #1 ($string) of type string is deprecated in APPPATH\Views\partials\SupervisorDashboardView.php on line 140.
 1 APPPATH\Views\partials\SupervisorDashboardView.php(140): htmlspecialchars(null)
 2 APPPATH\Views\partials\SupervisorDashboardView.php(90): renderTableRow([...], 'Manuscript', 'http://localhost/amar/supervisor/approve', 'http://localhost/amar/supervisor/reject', 1)
 3 SYSTEMPATH\View\View.php(228): include('C:\\xampp\\htdocs\\amar\\app\\Views\\partials\\SupervisorDashboardView.php')
 4 SYSTEMPATH\View\View.php(231): CodeIgniter\View\View->CodeIgniter\View\{closure}()
 5 SYSTEMPATH\Common.php(1178): CodeIgniter\View\View->render('/partials/SupervisorDashboardView', [], true)
 6 APPPATH\Controllers\SupervisorController.php(113): view('/partials/SupervisorDashboardView', [...])
 7 SYSTEMPATH\CodeIgniter.php(941): App\Controllers\SupervisorController->rejected()
 8 SYSTEMPATH\CodeIgniter.php(502): CodeIgniter\CodeIgniter->runController(Object(App\Controllers\SupervisorController))
 9 SYSTEMPATH\CodeIgniter.php(361): CodeIgniter\CodeIgniter->handleRequest(null, Object(Config\Cache), false)
10 FCPATH\index.php(79): CodeIgniter\CodeIgniter->run()
WARNING - 2025-01-09 09:00:20 --> [DEPRECATED] htmlspecialchars(): Passing null to parameter #1 ($string) of type string is deprecated in APPPATH\Views\partials\SupervisorDashboardView.php on line 136.
 1 APPPATH\Views\partials\SupervisorDashboardView.php(136): htmlspecialchars(null)
 2 APPPATH\Views\partials\SupervisorDashboardView.php(90): renderTableRow([...], 'Manuscript', 'http://localhost/amar/supervisor/approve', 'http://localhost/amar/supervisor/reject', 6)
 3 SYSTEMPATH\View\View.php(228): include('C:\\xampp\\htdocs\\amar\\app\\Views\\partials\\SupervisorDashboardView.php')
 4 SYSTEMPATH\View\View.php(231): CodeIgniter\View\View->CodeIgniter\View\{closure}()
 5 SYSTEMPATH\Common.php(1178): CodeIgniter\View\View->render('/partials/SupervisorDashboardView', [], true)
 6 APPPATH\Controllers\SupervisorController.php(113): view('/partials/SupervisorDashboardView', [...])
 7 SYSTEMPATH\CodeIgniter.php(941): App\Controllers\SupervisorController->rejected()
 8 SYSTEMPATH\CodeIgniter.php(502): CodeIgniter\CodeIgniter->runController(Object(App\Controllers\SupervisorController))
 9 SYSTEMPATH\CodeIgniter.php(361): CodeIgniter\CodeIgniter->handleRequest(null, Object(Config\Cache), false)
10 FCPATH\index.php(79): CodeIgniter\CodeIgniter->run()
INFO - 2025-01-09 09:00:28 --> Session: Class initialized using 'CodeIgniter\Session\Handlers\FileHandler' driver.
INFO - 2025-01-09 09:00:32 --> Session: Class initialized using 'CodeIgniter\Session\Handlers\FileHandler' driver.
WARNING - 2025-01-09 09:00:32 --> [DEPRECATED] htmlspecialchars(): Passing null to parameter #1 ($string) of type string is deprecated in APPPATH\Views\partials\SupervisorDashboardView.php on line 140.
 1 APPPATH\Views\partials\SupervisorDashboardView.php(140): htmlspecialchars(null)
 2 APPPATH\Views\partials\SupervisorDashboardView.php(90): renderTableRow([...], 'Manuscript', 'http://localhost/amar/supervisor/approve', 'http://localhost/amar/supervisor/reject', 1)
 3 SYSTEMPATH\View\View.php(228): include('C:\\xampp\\htdocs\\amar\\app\\Views\\partials\\SupervisorDashboardView.php')
 4 SYSTEMPATH\View\View.php(231): CodeIgniter\View\View->CodeIgniter\View\{closure}()
 5 SYSTEMPATH\Common.php(1178): CodeIgniter\View\View->render('/partials/SupervisorDashboardView', [], true)
 6 APPPATH\Controllers\SupervisorController.php(113): view('/partials/SupervisorDashboardView', [...])
 7 SYSTEMPATH\CodeIgniter.php(941): App\Controllers\SupervisorController->rejected()
 8 SYSTEMPATH\CodeIgniter.php(502): CodeIgniter\CodeIgniter->runController(Object(App\Controllers\SupervisorController))
 9 SYSTEMPATH\CodeIgniter.php(361): CodeIgniter\CodeIgniter->handleRequest(null, Object(Config\Cache), false)
10 FCPATH\index.php(79): CodeIgniter\CodeIgniter->run()
WARNING - 2025-01-09 09:00:32 --> [DEPRECATED] htmlspecialchars(): Passing null to parameter #1 ($string) of type string is deprecated in APPPATH\Views\partials\SupervisorDashboardView.php on line 136.
 1 APPPATH\Views\partials\SupervisorDashboardView.php(136): htmlspecialchars(null)
 2 APPPATH\Views\partials\SupervisorDashboardView.php(90): renderTableRow([...], 'Manuscript', 'http://localhost/amar/supervisor/approve', 'http://localhost/amar/supervisor/reject', 6)
 3 SYSTEMPATH\View\View.php(228): include('C:\\xampp\\htdocs\\amar\\app\\Views\\partials\\SupervisorDashboardView.php')
 4 SYSTEMPATH\View\View.php(231): CodeIgniter\View\View->CodeIgniter\View\{closure}()
 5 SYSTEMPATH\Common.php(1178): CodeIgniter\View\View->render('/partials/SupervisorDashboardView', [], true)
 6 APPPATH\Controllers\SupervisorController.php(113): view('/partials/SupervisorDashboardView', [...])
 7 SYSTEMPATH\CodeIgniter.php(941): App\Controllers\SupervisorController->rejected()
 8 SYSTEMPATH\CodeIgniter.php(502): CodeIgniter\CodeIgniter->runController(Object(App\Controllers\SupervisorController))
 9 SYSTEMPATH\CodeIgniter.php(361): CodeIgniter\CodeIgniter->handleRequest(null, Object(Config\Cache), false)
10 FCPATH\index.php(79): CodeIgniter\CodeIgniter->run()
INFO - 2025-01-09 09:00:38 --> Session: Class initialized using 'CodeIgniter\Session\Handlers\FileHandler' driver.
WARNING - 2025-01-09 09:00:38 --> [DEPRECATED] htmlspecialchars(): Passing null to parameter #1 ($string) of type string is deprecated in APPPATH\Views\partials\SupervisorDashboardView.php on line 140.
 1 APPPATH\Views\partials\SupervisorDashboardView.php(140): htmlspecialchars(null)
 2 APPPATH\Views\partials\SupervisorDashboardView.php(90): renderTableRow([...], 'Manuscript', 'http://localhost/amar/supervisor/approve', 'http://localhost/amar/supervisor/reject', 1)
 3 SYSTEMPATH\View\View.php(228): include('C:\\xampp\\htdocs\\amar\\app\\Views\\partials\\SupervisorDashboardView.php')
 4 SYSTEMPATH\View\View.php(231): CodeIgniter\View\View->CodeIgniter\View\{closure}()
 5 SYSTEMPATH\Common.php(1178): CodeIgniter\View\View->render('/partials/SupervisorDashboardView', [], true)
 6 APPPATH\Controllers\SupervisorController.php(127): view('/partials/SupervisorDashboardView', [...])
 7 SYSTEMPATH\CodeIgniter.php(941): App\Controllers\SupervisorController->published()
 8 SYSTEMPATH\CodeIgniter.php(502): CodeIgniter\CodeIgniter->runController(Object(App\Controllers\SupervisorController))
 9 SYSTEMPATH\CodeIgniter.php(361): CodeIgniter\CodeIgniter->handleRequest(null, Object(Config\Cache), false)
10 FCPATH\index.php(79): CodeIgniter\CodeIgniter->run()
WARNING - 2025-01-09 09:00:38 --> [DEPRECATED] htmlspecialchars(): Passing null to parameter #1 ($string) of type string is deprecated in APPPATH\Views\partials\SupervisorDashboardView.php on line 136.
 1 APPPATH\Views\partials\SupervisorDashboardView.php(136): htmlspecialchars(null)
 2 APPPATH\Views\partials\SupervisorDashboardView.php(90): renderTableRow([...], 'Manuscript', 'http://localhost/amar/supervisor/approve', 'http://localhost/amar/supervisor/reject', 5)
 3 SYSTEMPATH\View\View.php(228): include('C:\\xampp\\htdocs\\amar\\app\\Views\\partials\\SupervisorDashboardView.php')
 4 SYSTEMPATH\View\View.php(231): CodeIgniter\View\View->CodeIgniter\View\{closure}()
 5 SYSTEMPATH\Common.php(1178): CodeIgniter\View\View->render('/partials/SupervisorDashboardView', [], true)
 6 APPPATH\Controllers\SupervisorController.php(127): view('/partials/SupervisorDashboardView', [...])
 7 SYSTEMPATH\CodeIgniter.php(941): App\Controllers\SupervisorController->published()
 8 SYSTEMPATH\CodeIgniter.php(502): CodeIgniter\CodeIgniter->runController(Object(App\Controllers\SupervisorController))
 9 SYSTEMPATH\CodeIgniter.php(361): CodeIgniter\CodeIgniter->handleRequest(null, Object(Config\Cache), false)
10 FCPATH\index.php(79): CodeIgniter\CodeIgniter->run()
INFO - 2025-01-09 09:02:06 --> Session: Class initialized using 'CodeIgniter\Session\Handlers\FileHandler' driver.
INFO - 2025-01-09 09:02:16 --> Session: Class initialized using 'CodeIgniter\Session\Handlers\FileHandler' driver.
WARNING - 2025-01-09 09:02:16 --> [DEPRECATED] htmlspecialchars(): Passing null to parameter #1 ($string) of type string is deprecated in APPPATH\Views\partials\SupervisorDashboardView.php on line 140.
 1 APPPATH\Views\partials\SupervisorDashboardView.php(140): htmlspecialchars(null)
 2 APPPATH\Views\partials\SupervisorDashboardView.php(90): renderTableRow([...], 'Manuscript', 'http://localhost/amar/supervisor/approve', 'http://localhost/amar/supervisor/reject', 1)
 3 SYSTEMPATH\View\View.php(228): include('C:\\xampp\\htdocs\\amar\\app\\Views\\partials\\SupervisorDashboardView.php')
 4 SYSTEMPATH\View\View.php(231): CodeIgniter\View\View->CodeIgniter\View\{closure}()
 5 SYSTEMPATH\Common.php(1178): CodeIgniter\View\View->render('/partials/SupervisorDashboardView', [], true)
 6 APPPATH\Controllers\SupervisorController.php(113): view('/partials/SupervisorDashboardView', [...])
 7 SYSTEMPATH\CodeIgniter.php(941): App\Controllers\SupervisorController->rejected()
 8 SYSTEMPATH\CodeIgniter.php(502): CodeIgniter\CodeIgniter->runController(Object(App\Controllers\SupervisorController))
 9 SYSTEMPATH\CodeIgniter.php(361): CodeIgniter\CodeIgniter->handleRequest(null, Object(Config\Cache), false)
10 FCPATH\index.php(79): CodeIgniter\CodeIgniter->run()
WARNING - 2025-01-09 09:02:16 --> [DEPRECATED] htmlspecialchars(): Passing null to parameter #1 ($string) of type string is deprecated in APPPATH\Views\partials\SupervisorDashboardView.php on line 136.
 1 APPPATH\Views\partials\SupervisorDashboardView.php(136): htmlspecialchars(null)
 2 APPPATH\Views\partials\SupervisorDashboardView.php(90): renderTableRow([...], 'Manuscript', 'http://localhost/amar/supervisor/approve', 'http://localhost/amar/supervisor/reject', 6)
 3 SYSTEMPATH\View\View.php(228): include('C:\\xampp\\htdocs\\amar\\app\\Views\\partials\\SupervisorDashboardView.php')
 4 SYSTEMPATH\View\View.php(231): CodeIgniter\View\View->CodeIgniter\View\{closure}()
 5 SYSTEMPATH\Common.php(1178): CodeIgniter\View\View->render('/partials/SupervisorDashboardView', [], true)
 6 APPPATH\Controllers\SupervisorController.php(113): view('/partials/SupervisorDashboardView', [...])
 7 SYSTEMPATH\CodeIgniter.php(941): App\Controllers\SupervisorController->rejected()
 8 SYSTEMPATH\CodeIgniter.php(502): CodeIgniter\CodeIgniter->runController(Object(App\Controllers\SupervisorController))
 9 SYSTEMPATH\CodeIgniter.php(361): CodeIgniter\CodeIgniter->handleRequest(null, Object(Config\Cache), false)
10 FCPATH\index.php(79): CodeIgniter\CodeIgniter->run()
INFO - 2025-01-09 09:02:23 --> Session: Class initialized using 'CodeIgniter\Session\Handlers\FileHandler' driver.
