INFO - 2024-07-30 04:22:44 --> Session: Class initialized using 'CodeIgniter\Session\Handlers\FileHandler' driver.
INFO - 2024-07-30 09:15:34 --> Session: Class initialized using 'CodeIgniter\Session\Handlers\FileHandler' driver.
INFO - 2024-07-30 09:15:34 --> Session: Class initialized using 'CodeIgniter\Session\Handlers\FileHandler' driver.
INFO - 2024-07-30 09:15:36 --> Session: Class initialized using 'CodeIgniter\Session\Handlers\FileHandler' driver.
INFO - 2024-07-30 09:15:41 --> Session: Class initialized using 'CodeIgniter\Session\Handlers\FileHandler' driver.
INFO - 2024-07-30 09:15:41 --> Session: Class initialized using 'CodeIgniter\Session\Handlers\FileHandler' driver.
INFO - 2024-07-30 09:15:41 --> Session: Class initialized using 'CodeIgniter\Session\Handlers\FileHandler' driver.
INFO - 2024-07-30 09:18:06 --> Session: Class initialized using 'CodeIgniter\Session\Handlers\FileHandler' driver.
INFO - 2024-07-30 09:18:08 --> Session: Class initialized using 'CodeIgniter\Session\Handlers\FileHandler' driver.
INFO - 2024-07-30 09:18:08 --> Session: Class initialized using 'CodeIgniter\Session\Handlers\FileHandler' driver.
INFO - 2024-07-30 09:18:09 --> Session: Class initialized using 'CodeIgniter\Session\Handlers\FileHandler' driver.
INFO - 2024-07-30 09:18:10 --> Session: Class initialized using 'CodeIgniter\Session\Handlers\FileHandler' driver.
INFO - 2024-07-30 09:18:11 --> Session: Class initialized using 'CodeIgniter\Session\Handlers\FileHandler' driver.
INFO - 2024-07-30 09:18:11 --> Session: Class initialized using 'CodeIgniter\Session\Handlers\FileHandler' driver.
INFO - 2024-07-30 09:18:14 --> Session: Class initialized using 'CodeIgniter\Session\Handlers\FileHandler' driver.
INFO - 2024-07-30 09:18:14 --> Session: Class initialized using 'CodeIgniter\Session\Handlers\FileHandler' driver.
INFO - 2024-07-30 09:18:19 --> Session: Class initialized using 'CodeIgniter\Session\Handlers\FileHandler' driver.
INFO - 2024-07-30 09:18:19 --> Session: Class initialized using 'CodeIgniter\Session\Handlers\FileHandler' driver.
INFO - 2024-07-30 09:18:19 --> Session: Class initialized using 'CodeIgniter\Session\Handlers\FileHandler' driver.
INFO - 2024-07-30 09:18:32 --> Session: Class initialized using 'CodeIgniter\Session\Handlers\FileHandler' driver.
INFO - 2024-07-30 09:18:44 --> Session: Class initialized using 'CodeIgniter\Session\Handlers\FileHandler' driver.
INFO - 2024-07-30 09:31:20 --> Session: Class initialized using 'CodeIgniter\Session\Handlers\FileHandler' driver.
INFO - 2024-07-30 09:31:22 --> Session: Class initialized using 'CodeIgniter\Session\Handlers\FileHandler' driver.
INFO - 2024-07-30 09:31:23 --> Session: Class initialized using 'CodeIgniter\Session\Handlers\FileHandler' driver.
INFO - 2024-07-30 09:31:25 --> Session: Class initialized using 'CodeIgniter\Session\Handlers\FileHandler' driver.
INFO - 2024-07-30 09:31:29 --> Session: Class initialized using 'CodeIgniter\Session\Handlers\FileHandler' driver.
INFO - 2024-07-30 09:31:29 --> Session: Class initialized using 'CodeIgniter\Session\Handlers\FileHandler' driver.
INFO - 2024-07-30 09:31:29 --> Session: Class initialized using 'CodeIgniter\Session\Handlers\FileHandler' driver.
INFO - 2024-07-30 09:31:34 --> Session: Class initialized using 'CodeIgniter\Session\Handlers\FileHandler' driver.
INFO - 2024-07-30 09:39:25 --> Session: Class initialized using 'CodeIgniter\Session\Handlers\FileHandler' driver.
CRITICAL - 2024-07-30 09:39:25 --> BadMethodCallException: Call to undefined method App\Models\RareBookModel::fetchRarebook_data
in SYSTEMPATH\Model.php on line 874.
 1 APPPATH\Controllers\SupervisorController.php(37): CodeIgniter\Model->__call('fetchRarebook_data', [])
 2 APPPATH\Controllers\SupervisorController.php(21): App\Controllers\SupervisorController->get_rarebook_data()
 3 SYSTEMPATH\CodeIgniter.php(941): App\Controllers\SupervisorController->getalldata()
 4 SYSTEMPATH\CodeIgniter.php(502): CodeIgniter\CodeIgniter->runController(Object(App\Controllers\SupervisorController))
 5 SYSTEMPATH\CodeIgniter.php(361): CodeIgniter\CodeIgniter->handleRequest(null, Object(Config\Cache), false)
 6 FCPATH\index.php(79): CodeIgniter\CodeIgniter->run()
INFO - 2024-07-30 09:39:29 --> Session: Class initialized using 'CodeIgniter\Session\Handlers\FileHandler' driver.
CRITICAL - 2024-07-30 09:39:29 --> BadMethodCallException: Call to undefined method App\Models\RareBookModel::fetchRarebook_data
in SYSTEMPATH\Model.php on line 874.
 1 APPPATH\Controllers\SupervisorController.php(37): CodeIgniter\Model->__call('fetchRarebook_data', [])
 2 APPPATH\Controllers\SupervisorController.php(21): App\Controllers\SupervisorController->get_rarebook_data()
 3 SYSTEMPATH\CodeIgniter.php(941): App\Controllers\SupervisorController->getalldata()
 4 SYSTEMPATH\CodeIgniter.php(502): CodeIgniter\CodeIgniter->runController(Object(App\Controllers\SupervisorController))
 5 SYSTEMPATH\CodeIgniter.php(361): CodeIgniter\CodeIgniter->handleRequest(null, Object(Config\Cache), false)
 6 FCPATH\index.php(79): CodeIgniter\CodeIgniter->run()
INFO - 2024-07-30 09:39:30 --> Session: Class initialized using 'CodeIgniter\Session\Handlers\FileHandler' driver.
INFO - 2024-07-30 09:39:32 --> Session: Class initialized using 'CodeIgniter\Session\Handlers\FileHandler' driver.
INFO - 2024-07-30 09:39:37 --> Session: Class initialized using 'CodeIgniter\Session\Handlers\FileHandler' driver.
INFO - 2024-07-30 09:39:37 --> Session: Class initialized using 'CodeIgniter\Session\Handlers\FileHandler' driver.
INFO - 2024-07-30 09:39:37 --> Session: Class initialized using 'CodeIgniter\Session\Handlers\FileHandler' driver.
CRITICAL - 2024-07-30 09:39:37 --> BadMethodCallException: Call to undefined method App\Models\RareBookModel::fetchRarebook_data
in SYSTEMPATH\Model.php on line 874.
 1 APPPATH\Controllers\SupervisorController.php(37): CodeIgniter\Model->__call('fetchRarebook_data', [])
 2 APPPATH\Controllers\SupervisorController.php(21): App\Controllers\SupervisorController->get_rarebook_data()
 3 SYSTEMPATH\CodeIgniter.php(941): App\Controllers\SupervisorController->getalldata()
 4 SYSTEMPATH\CodeIgniter.php(502): CodeIgniter\CodeIgniter->runController(Object(App\Controllers\SupervisorController))
 5 SYSTEMPATH\CodeIgniter.php(361): CodeIgniter\CodeIgniter->handleRequest(null, Object(Config\Cache), false)
 6 FCPATH\index.php(79): CodeIgniter\CodeIgniter->run()
INFO - 2024-07-30 09:40:15 --> Session: Class initialized using 'CodeIgniter\Session\Handlers\FileHandler' driver.
INFO - 2024-07-30 09:40:16 --> Session: Class initialized using 'CodeIgniter\Session\Handlers\FileHandler' driver.
INFO - 2024-07-30 09:40:21 --> Session: Class initialized using 'CodeIgniter\Session\Handlers\FileHandler' driver.
INFO - 2024-07-30 09:40:27 --> Session: Class initialized using 'CodeIgniter\Session\Handlers\FileHandler' driver.
INFO - 2024-07-30 09:40:31 --> Session: Class initialized using 'CodeIgniter\Session\Handlers\FileHandler' driver.
INFO - 2024-07-30 09:40:33 --> Session: Class initialized using 'CodeIgniter\Session\Handlers\FileHandler' driver.
INFO - 2024-07-30 09:40:43 --> Session: Class initialized using 'CodeIgniter\Session\Handlers\FileHandler' driver.
INFO - 2024-07-30 10:59:39 --> Session: Class initialized using 'CodeIgniter\Session\Handlers\FileHandler' driver.
INFO - 2024-07-30 10:59:39 --> Session: Class initialized using 'CodeIgniter\Session\Handlers\FileHandler' driver.
INFO - 2024-07-30 10:59:41 --> Session: Class initialized using 'CodeIgniter\Session\Handlers\FileHandler' driver.
INFO - 2024-07-30 10:59:42 --> Session: Class initialized using 'CodeIgniter\Session\Handlers\FileHandler' driver.
INFO - 2024-07-30 10:59:55 --> Session: Class initialized using 'CodeIgniter\Session\Handlers\FileHandler' driver.
INFO - 2024-07-30 10:59:55 --> Session: Class initialized using 'CodeIgniter\Session\Handlers\FileHandler' driver.
INFO - 2024-07-30 10:59:55 --> Session: Class initialized using 'CodeIgniter\Session\Handlers\FileHandler' driver.
CRITICAL - 2024-07-30 11:00:49 --> ErrorException: Cannot redeclare App\Controllers\SupervisorController::approve()
in APPPATH\Controllers\SupervisorController.php on line 81.
 1 [internal function]: CodeIgniter\Debug\Exceptions->shutdownHandler()
CRITICAL - 2024-07-30 11:00:52 --> ErrorException: Cannot redeclare App\Controllers\SupervisorController::approve()
in APPPATH\Controllers\SupervisorController.php on line 81.
 1 [internal function]: CodeIgniter\Debug\Exceptions->shutdownHandler()
INFO - 2024-07-30 11:00:53 --> Session: Class initialized using 'CodeIgniter\Session\Handlers\FileHandler' driver.
INFO - 2024-07-30 11:01:24 --> Session: Class initialized using 'CodeIgniter\Session\Handlers\FileHandler' driver.
INFO - 2024-07-30 11:01:24 --> Session: Class initialized using 'CodeIgniter\Session\Handlers\FileHandler' driver.
CRITICAL - 2024-07-30 11:01:24 --> ErrorException: Cannot redeclare App\Controllers\SupervisorController::approve()
in APPPATH\Controllers\SupervisorController.php on line 81.
 1 [internal function]: CodeIgniter\Debug\Exceptions->shutdownHandler()
INFO - 2024-07-30 11:02:06 --> Session: Class initialized using 'CodeIgniter\Session\Handlers\FileHandler' driver.
INFO - 2024-07-30 11:02:08 --> Session: Class initialized using 'CodeIgniter\Session\Handlers\FileHandler' driver.
INFO - 2024-07-30 11:02:08 --> Session: Class initialized using 'CodeIgniter\Session\Handlers\FileHandler' driver.
INFO - 2024-07-30 11:26:23 --> Session: Class initialized using 'CodeIgniter\Session\Handlers\FileHandler' driver.
INFO - 2024-07-30 11:26:31 --> Session: Class initialized using 'CodeIgniter\Session\Handlers\FileHandler' driver.
INFO - 2024-07-30 11:26:31 --> Session: Class initialized using 'CodeIgniter\Session\Handlers\FileHandler' driver.
INFO - 2024-07-30 11:26:35 --> Session: Class initialized using 'CodeIgniter\Session\Handlers\FileHandler' driver.
INFO - 2024-07-30 11:26:35 --> Session: Class initialized using 'CodeIgniter\Session\Handlers\FileHandler' driver.
INFO - 2024-07-30 11:26:40 --> Session: Class initialized using 'CodeIgniter\Session\Handlers\FileHandler' driver.
INFO - 2024-07-30 11:26:40 --> Session: Class initialized using 'CodeIgniter\Session\Handlers\FileHandler' driver.
INFO - 2024-07-30 11:26:45 --> Session: Class initialized using 'CodeIgniter\Session\Handlers\FileHandler' driver.
INFO - 2024-07-30 11:26:46 --> Session: Class initialized using 'CodeIgniter\Session\Handlers\FileHandler' driver.
INFO - 2024-07-30 11:26:55 --> Session: Class initialized using 'CodeIgniter\Session\Handlers\FileHandler' driver.
INFO - 2024-07-30 11:26:55 --> Session: Class initialized using 'CodeIgniter\Session\Handlers\FileHandler' driver.
INFO - 2024-07-30 11:26:56 --> Session: Class initialized using 'CodeIgniter\Session\Handlers\FileHandler' driver.
INFO - 2024-07-30 11:26:56 --> Session: Class initialized using 'CodeIgniter\Session\Handlers\FileHandler' driver.
INFO - 2024-07-30 11:27:08 --> Session: Class initialized using 'CodeIgniter\Session\Handlers\FileHandler' driver.
INFO - 2024-07-30 11:27:08 --> Session: Class initialized using 'CodeIgniter\Session\Handlers\FileHandler' driver.
INFO - 2024-07-30 11:27:57 --> Session: Class initialized using 'CodeIgniter\Session\Handlers\FileHandler' driver.
INFO - 2024-07-30 11:27:58 --> Session: Class initialized using 'CodeIgniter\Session\Handlers\FileHandler' driver.
INFO - 2024-07-30 11:29:10 --> Session: Class initialized using 'CodeIgniter\Session\Handlers\FileHandler' driver.
INFO - 2024-07-30 11:46:05 --> Session: Class initialized using 'CodeIgniter\Session\Handlers\FileHandler' driver.
ERROR - 2024-07-30 11:46:05 --> mysqli_sql_exception: Table 'amar.rarebook' doesn't exist in C:\xampp\htdocs\amar\system\Database\MySQLi\Connection.php:306
Stack trace:
#0 C:\xampp\htdocs\amar\system\Database\MySQLi\Connection.php(306): mysqli->query('SELECT *\nFROM `...', 0)
#1 C:\xampp\htdocs\amar\system\Database\BaseConnection.php(693): CodeIgniter\Database\MySQLi\Connection->execute('SELECT *\nFROM `...')
#2 C:\xampp\htdocs\amar\system\Database\BaseConnection.php(607): CodeIgniter\Database\BaseConnection->simpleQuery('SELECT *\nFROM `...')
#3 C:\xampp\htdocs\amar\system\Database\BaseBuilder.php(1616): CodeIgniter\Database\BaseConnection->query('SELECT *\nFROM `...', Array, false)
#4 C:\xampp\htdocs\amar\system\Model.php(242): CodeIgniter\Database\BaseBuilder->get()
#5 C:\xampp\htdocs\amar\system\BaseModel.php(638): CodeIgniter\Model->doFindAll(0, 0)
#6 C:\xampp\htdocs\amar\app\Models\RareBookModel.php(42): CodeIgniter\BaseModel->findAll()
#7 C:\xampp\htdocs\amar\app\Controllers\SupervisorController.php(37): App\Models\RareBookModel->fetch_data()
#8 C:\xampp\htdocs\amar\app\Controllers\SupervisorController.php(21): App\Controllers\SupervisorController->get_rarebook_data()
#9 C:\xampp\htdocs\amar\system\CodeIgniter.php(941): App\Controllers\SupervisorController->getalldata()
#10 C:\xampp\htdocs\amar\system\CodeIgniter.php(502): CodeIgniter\CodeIgniter->runController(Object(App\Controllers\SupervisorController))
#11 C:\xampp\htdocs\amar\system\CodeIgniter.php(361): CodeIgniter\CodeIgniter->handleRequest(NULL, Object(Config\Cache), false)
#12 C:\xampp\htdocs\amar\index.php(79): CodeIgniter\CodeIgniter->run()
#13 {main}
CRITICAL - 2024-07-30 11:46:05 --> CodeIgniter\Database\Exceptions\DatabaseException: Table 'amar.rarebook' doesn't exist
in SYSTEMPATH\Database\BaseConnection.php on line 647.
 1 SYSTEMPATH\Database\BaseBuilder.php(1616): CodeIgniter\Database\BaseConnection->query('SELECT *
FROM `rarebook`
WHERE `status` = :status:', [...], false)
 2 SYSTEMPATH\Model.php(242): CodeIgniter\Database\BaseBuilder->get()
 3 SYSTEMPATH\BaseModel.php(638): CodeIgniter\Model->doFindAll(0, 0)
 4 APPPATH\Models\RareBookModel.php(42): CodeIgniter\BaseModel->findAll()
 5 APPPATH\Controllers\SupervisorController.php(37): App\Models\RareBookModel->fetch_data()
 6 APPPATH\Controllers\SupervisorController.php(21): App\Controllers\SupervisorController->get_rarebook_data()
 7 SYSTEMPATH\CodeIgniter.php(941): App\Controllers\SupervisorController->getalldata()
 8 SYSTEMPATH\CodeIgniter.php(502): CodeIgniter\CodeIgniter->runController(Object(App\Controllers\SupervisorController))
 9 SYSTEMPATH\CodeIgniter.php(361): CodeIgniter\CodeIgniter->handleRequest(null, Object(Config\Cache), false)
10 FCPATH\index.php(79): CodeIgniter\CodeIgniter->run()
CRITICAL - 2024-07-30 11:46:05 --> [Caused by] CodeIgniter\Database\Exceptions\DatabaseException: Table 'amar.rarebook' doesn't exist
in SYSTEMPATH\Database\MySQLi\Connection.php on line 311.
 1 SYSTEMPATH\Database\BaseConnection.php(693): CodeIgniter\Database\MySQLi\Connection->execute('SELECT *
FROM `rarebook`
WHERE `status` = \'Pending\'')
 2 SYSTEMPATH\Database\BaseConnection.php(607): CodeIgniter\Database\BaseConnection->simpleQuery('SELECT *
FROM `rarebook`
WHERE `status` = \'Pending\'')
 3 SYSTEMPATH\Database\BaseBuilder.php(1616): CodeIgniter\Database\BaseConnection->query('SELECT *
FROM `rarebook`
WHERE `status` = :status:', [...], false)
 4 SYSTEMPATH\Model.php(242): CodeIgniter\Database\BaseBuilder->get()
 5 SYSTEMPATH\BaseModel.php(638): CodeIgniter\Model->doFindAll(0, 0)
 6 APPPATH\Models\RareBookModel.php(42): CodeIgniter\BaseModel->findAll()
 7 APPPATH\Controllers\SupervisorController.php(37): App\Models\RareBookModel->fetch_data()
 8 APPPATH\Controllers\SupervisorController.php(21): App\Controllers\SupervisorController->get_rarebook_data()
 9 SYSTEMPATH\CodeIgniter.php(941): App\Controllers\SupervisorController->getalldata()
10 SYSTEMPATH\CodeIgniter.php(502): CodeIgniter\CodeIgniter->runController(Object(App\Controllers\SupervisorController))
11 SYSTEMPATH\CodeIgniter.php(361): CodeIgniter\CodeIgniter->handleRequest(null, Object(Config\Cache), false)
12 FCPATH\index.php(79): CodeIgniter\CodeIgniter->run()
CRITICAL - 2024-07-30 11:46:05 --> [Caused by] mysqli_sql_exception: Table 'amar.rarebook' doesn't exist
in SYSTEMPATH\Database\MySQLi\Connection.php on line 306.
 1 SYSTEMPATH\Database\MySQLi\Connection.php(306): mysqli->query('SELECT *
FROM `rarebook`
WHERE `status` = \'Pending\'', 0)
 2 SYSTEMPATH\Database\BaseConnection.php(693): CodeIgniter\Database\MySQLi\Connection->execute('SELECT *
FROM `rarebook`
WHERE `status` = \'Pending\'')
 3 SYSTEMPATH\Database\BaseConnection.php(607): CodeIgniter\Database\BaseConnection->simpleQuery('SELECT *
FROM `rarebook`
WHERE `status` = \'Pending\'')
 4 SYSTEMPATH\Database\BaseBuilder.php(1616): CodeIgniter\Database\BaseConnection->query('SELECT *
FROM `rarebook`
WHERE `status` = :status:', [...], false)
 5 SYSTEMPATH\Model.php(242): CodeIgniter\Database\BaseBuilder->get()
 6 SYSTEMPATH\BaseModel.php(638): CodeIgniter\Model->doFindAll(0, 0)
 7 APPPATH\Models\RareBookModel.php(42): CodeIgniter\BaseModel->findAll()
 8 APPPATH\Controllers\SupervisorController.php(37): App\Models\RareBookModel->fetch_data()
 9 APPPATH\Controllers\SupervisorController.php(21): App\Controllers\SupervisorController->get_rarebook_data()
10 SYSTEMPATH\CodeIgniter.php(941): App\Controllers\SupervisorController->getalldata()
11 SYSTEMPATH\CodeIgniter.php(502): CodeIgniter\CodeIgniter->runController(Object(App\Controllers\SupervisorController))
12 SYSTEMPATH\CodeIgniter.php(361): CodeIgniter\CodeIgniter->handleRequest(null, Object(Config\Cache), false)
13 FCPATH\index.php(79): CodeIgniter\CodeIgniter->run()
INFO - 2024-07-30 11:46:12 --> Session: Class initialized using 'CodeIgniter\Session\Handlers\FileHandler' driver.
ERROR - 2024-07-30 11:46:12 --> mysqli_sql_exception: Table 'amar.rarebook' doesn't exist in C:\xampp\htdocs\amar\system\Database\MySQLi\Connection.php:306
Stack trace:
#0 C:\xampp\htdocs\amar\system\Database\MySQLi\Connection.php(306): mysqli->query('SELECT *\nFROM `...', 0)
#1 C:\xampp\htdocs\amar\system\Database\BaseConnection.php(693): CodeIgniter\Database\MySQLi\Connection->execute('SELECT *\nFROM `...')
#2 C:\xampp\htdocs\amar\system\Database\BaseConnection.php(607): CodeIgniter\Database\BaseConnection->simpleQuery('SELECT *\nFROM `...')
#3 C:\xampp\htdocs\amar\system\Database\BaseBuilder.php(1616): CodeIgniter\Database\BaseConnection->query('SELECT *\nFROM `...', Array, false)
#4 C:\xampp\htdocs\amar\system\Model.php(242): CodeIgniter\Database\BaseBuilder->get()
#5 C:\xampp\htdocs\amar\system\BaseModel.php(638): CodeIgniter\Model->doFindAll(0, 0)
#6 C:\xampp\htdocs\amar\app\Models\RareBookModel.php(42): CodeIgniter\BaseModel->findAll()
#7 C:\xampp\htdocs\amar\app\Controllers\SupervisorController.php(37): App\Models\RareBookModel->fetch_data()
#8 C:\xampp\htdocs\amar\app\Controllers\SupervisorController.php(21): App\Controllers\SupervisorController->get_rarebook_data()
#9 C:\xampp\htdocs\amar\system\CodeIgniter.php(941): App\Controllers\SupervisorController->getalldata()
#10 C:\xampp\htdocs\amar\system\CodeIgniter.php(502): CodeIgniter\CodeIgniter->runController(Object(App\Controllers\SupervisorController))
#11 C:\xampp\htdocs\amar\system\CodeIgniter.php(361): CodeIgniter\CodeIgniter->handleRequest(NULL, Object(Config\Cache), false)
#12 C:\xampp\htdocs\amar\index.php(79): CodeIgniter\CodeIgniter->run()
#13 {main}
CRITICAL - 2024-07-30 11:46:12 --> CodeIgniter\Database\Exceptions\DatabaseException: Table 'amar.rarebook' doesn't exist
in SYSTEMPATH\Database\BaseConnection.php on line 647.
 1 SYSTEMPATH\Database\BaseBuilder.php(1616): CodeIgniter\Database\BaseConnection->query('SELECT *
FROM `rarebook`
WHERE `status` = :status:', [...], false)
 2 SYSTEMPATH\Model.php(242): CodeIgniter\Database\BaseBuilder->get()
 3 SYSTEMPATH\BaseModel.php(638): CodeIgniter\Model->doFindAll(0, 0)
 4 APPPATH\Models\RareBookModel.php(42): CodeIgniter\BaseModel->findAll()
 5 APPPATH\Controllers\SupervisorController.php(37): App\Models\RareBookModel->fetch_data()
 6 APPPATH\Controllers\SupervisorController.php(21): App\Controllers\SupervisorController->get_rarebook_data()
 7 SYSTEMPATH\CodeIgniter.php(941): App\Controllers\SupervisorController->getalldata()
 8 SYSTEMPATH\CodeIgniter.php(502): CodeIgniter\CodeIgniter->runController(Object(App\Controllers\SupervisorController))
 9 SYSTEMPATH\CodeIgniter.php(361): CodeIgniter\CodeIgniter->handleRequest(null, Object(Config\Cache), false)
10 FCPATH\index.php(79): CodeIgniter\CodeIgniter->run()
CRITICAL - 2024-07-30 11:46:12 --> [Caused by] CodeIgniter\Database\Exceptions\DatabaseException: Table 'amar.rarebook' doesn't exist
in SYSTEMPATH\Database\MySQLi\Connection.php on line 311.
 1 SYSTEMPATH\Database\BaseConnection.php(693): CodeIgniter\Database\MySQLi\Connection->execute('SELECT *
FROM `rarebook`
WHERE `status` = \'Pending\'')
 2 SYSTEMPATH\Database\BaseConnection.php(607): CodeIgniter\Database\BaseConnection->simpleQuery('SELECT *
FROM `rarebook`
WHERE `status` = \'Pending\'')
 3 SYSTEMPATH\Database\BaseBuilder.php(1616): CodeIgniter\Database\BaseConnection->query('SELECT *
FROM `rarebook`
WHERE `status` = :status:', [...], false)
 4 SYSTEMPATH\Model.php(242): CodeIgniter\Database\BaseBuilder->get()
 5 SYSTEMPATH\BaseModel.php(638): CodeIgniter\Model->doFindAll(0, 0)
 6 APPPATH\Models\RareBookModel.php(42): CodeIgniter\BaseModel->findAll()
 7 APPPATH\Controllers\SupervisorController.php(37): App\Models\RareBookModel->fetch_data()
 8 APPPATH\Controllers\SupervisorController.php(21): App\Controllers\SupervisorController->get_rarebook_data()
 9 SYSTEMPATH\CodeIgniter.php(941): App\Controllers\SupervisorController->getalldata()
10 SYSTEMPATH\CodeIgniter.php(502): CodeIgniter\CodeIgniter->runController(Object(App\Controllers\SupervisorController))
11 SYSTEMPATH\CodeIgniter.php(361): CodeIgniter\CodeIgniter->handleRequest(null, Object(Config\Cache), false)
12 FCPATH\index.php(79): CodeIgniter\CodeIgniter->run()
CRITICAL - 2024-07-30 11:46:12 --> [Caused by] mysqli_sql_exception: Table 'amar.rarebook' doesn't exist
in SYSTEMPATH\Database\MySQLi\Connection.php on line 306.
 1 SYSTEMPATH\Database\MySQLi\Connection.php(306): mysqli->query('SELECT *
FROM `rarebook`
WHERE `status` = \'Pending\'', 0)
 2 SYSTEMPATH\Database\BaseConnection.php(693): CodeIgniter\Database\MySQLi\Connection->execute('SELECT *
FROM `rarebook`
WHERE `status` = \'Pending\'')
 3 SYSTEMPATH\Database\BaseConnection.php(607): CodeIgniter\Database\BaseConnection->simpleQuery('SELECT *
FROM `rarebook`
WHERE `status` = \'Pending\'')
 4 SYSTEMPATH\Database\BaseBuilder.php(1616): CodeIgniter\Database\BaseConnection->query('SELECT *
FROM `rarebook`
WHERE `status` = :status:', [...], false)
 5 SYSTEMPATH\Model.php(242): CodeIgniter\Database\BaseBuilder->get()
 6 SYSTEMPATH\BaseModel.php(638): CodeIgniter\Model->doFindAll(0, 0)
 7 APPPATH\Models\RareBookModel.php(42): CodeIgniter\BaseModel->findAll()
 8 APPPATH\Controllers\SupervisorController.php(37): App\Models\RareBookModel->fetch_data()
 9 APPPATH\Controllers\SupervisorController.php(21): App\Controllers\SupervisorController->get_rarebook_data()
10 SYSTEMPATH\CodeIgniter.php(941): App\Controllers\SupervisorController->getalldata()
11 SYSTEMPATH\CodeIgniter.php(502): CodeIgniter\CodeIgniter->runController(Object(App\Controllers\SupervisorController))
12 SYSTEMPATH\CodeIgniter.php(361): CodeIgniter\CodeIgniter->handleRequest(null, Object(Config\Cache), false)
13 FCPATH\index.php(79): CodeIgniter\CodeIgniter->run()
INFO - 2024-07-30 11:46:21 --> Session: Class initialized using 'CodeIgniter\Session\Handlers\FileHandler' driver.
ERROR - 2024-07-30 11:46:21 --> mysqli_sql_exception: Table 'amar.rarebook' doesn't exist in C:\xampp\htdocs\amar\system\Database\MySQLi\Connection.php:306
Stack trace:
#0 C:\xampp\htdocs\amar\system\Database\MySQLi\Connection.php(306): mysqli->query('SELECT *\nFROM `...', 0)
#1 C:\xampp\htdocs\amar\system\Database\BaseConnection.php(693): CodeIgniter\Database\MySQLi\Connection->execute('SELECT *\nFROM `...')
#2 C:\xampp\htdocs\amar\system\Database\BaseConnection.php(607): CodeIgniter\Database\BaseConnection->simpleQuery('SELECT *\nFROM `...')
#3 C:\xampp\htdocs\amar\system\Database\BaseBuilder.php(1616): CodeIgniter\Database\BaseConnection->query('SELECT *\nFROM `...', Array, false)
#4 C:\xampp\htdocs\amar\system\Model.php(242): CodeIgniter\Database\BaseBuilder->get()
#5 C:\xampp\htdocs\amar\system\BaseModel.php(638): CodeIgniter\Model->doFindAll(0, 0)
#6 C:\xampp\htdocs\amar\app\Models\RareBookModel.php(42): CodeIgniter\BaseModel->findAll()
#7 C:\xampp\htdocs\amar\app\Controllers\SupervisorController.php(37): App\Models\RareBookModel->fetch_data()
#8 C:\xampp\htdocs\amar\app\Controllers\SupervisorController.php(21): App\Controllers\SupervisorController->get_rarebook_data()
#9 C:\xampp\htdocs\amar\system\CodeIgniter.php(941): App\Controllers\SupervisorController->getalldata()
#10 C:\xampp\htdocs\amar\system\CodeIgniter.php(502): CodeIgniter\CodeIgniter->runController(Object(App\Controllers\SupervisorController))
#11 C:\xampp\htdocs\amar\system\CodeIgniter.php(361): CodeIgniter\CodeIgniter->handleRequest(NULL, Object(Config\Cache), false)
#12 C:\xampp\htdocs\amar\index.php(79): CodeIgniter\CodeIgniter->run()
#13 {main}
CRITICAL - 2024-07-30 11:46:21 --> CodeIgniter\Database\Exceptions\DatabaseException: Table 'amar.rarebook' doesn't exist
in SYSTEMPATH\Database\BaseConnection.php on line 647.
 1 SYSTEMPATH\Database\BaseBuilder.php(1616): CodeIgniter\Database\BaseConnection->query('SELECT *
FROM `rarebook`
WHERE `status` = :status:', [...], false)
 2 SYSTEMPATH\Model.php(242): CodeIgniter\Database\BaseBuilder->get()
 3 SYSTEMPATH\BaseModel.php(638): CodeIgniter\Model->doFindAll(0, 0)
 4 APPPATH\Models\RareBookModel.php(42): CodeIgniter\BaseModel->findAll()
 5 APPPATH\Controllers\SupervisorController.php(37): App\Models\RareBookModel->fetch_data()
 6 APPPATH\Controllers\SupervisorController.php(21): App\Controllers\SupervisorController->get_rarebook_data()
 7 SYSTEMPATH\CodeIgniter.php(941): App\Controllers\SupervisorController->getalldata()
 8 SYSTEMPATH\CodeIgniter.php(502): CodeIgniter\CodeIgniter->runController(Object(App\Controllers\SupervisorController))
 9 SYSTEMPATH\CodeIgniter.php(361): CodeIgniter\CodeIgniter->handleRequest(null, Object(Config\Cache), false)
10 FCPATH\index.php(79): CodeIgniter\CodeIgniter->run()
CRITICAL - 2024-07-30 11:46:21 --> [Caused by] CodeIgniter\Database\Exceptions\DatabaseException: Table 'amar.rarebook' doesn't exist
in SYSTEMPATH\Database\MySQLi\Connection.php on line 311.
 1 SYSTEMPATH\Database\BaseConnection.php(693): CodeIgniter\Database\MySQLi\Connection->execute('SELECT *
FROM `rarebook`
WHERE `status` = \'Pending\'')
 2 SYSTEMPATH\Database\BaseConnection.php(607): CodeIgniter\Database\BaseConnection->simpleQuery('SELECT *
FROM `rarebook`
WHERE `status` = \'Pending\'')
 3 SYSTEMPATH\Database\BaseBuilder.php(1616): CodeIgniter\Database\BaseConnection->query('SELECT *
FROM `rarebook`
WHERE `status` = :status:', [...], false)
 4 SYSTEMPATH\Model.php(242): CodeIgniter\Database\BaseBuilder->get()
 5 SYSTEMPATH\BaseModel.php(638): CodeIgniter\Model->doFindAll(0, 0)
 6 APPPATH\Models\RareBookModel.php(42): CodeIgniter\BaseModel->findAll()
 7 APPPATH\Controllers\SupervisorController.php(37): App\Models\RareBookModel->fetch_data()
 8 APPPATH\Controllers\SupervisorController.php(21): App\Controllers\SupervisorController->get_rarebook_data()
 9 SYSTEMPATH\CodeIgniter.php(941): App\Controllers\SupervisorController->getalldata()
10 SYSTEMPATH\CodeIgniter.php(502): CodeIgniter\CodeIgniter->runController(Object(App\Controllers\SupervisorController))
11 SYSTEMPATH\CodeIgniter.php(361): CodeIgniter\CodeIgniter->handleRequest(null, Object(Config\Cache), false)
12 FCPATH\index.php(79): CodeIgniter\CodeIgniter->run()
CRITICAL - 2024-07-30 11:46:21 --> [Caused by] mysqli_sql_exception: Table 'amar.rarebook' doesn't exist
in SYSTEMPATH\Database\MySQLi\Connection.php on line 306.
 1 SYSTEMPATH\Database\MySQLi\Connection.php(306): mysqli->query('SELECT *
FROM `rarebook`
WHERE `status` = \'Pending\'', 0)
 2 SYSTEMPATH\Database\BaseConnection.php(693): CodeIgniter\Database\MySQLi\Connection->execute('SELECT *
FROM `rarebook`
WHERE `status` = \'Pending\'')
 3 SYSTEMPATH\Database\BaseConnection.php(607): CodeIgniter\Database\BaseConnection->simpleQuery('SELECT *
FROM `rarebook`
WHERE `status` = \'Pending\'')
 4 SYSTEMPATH\Database\BaseBuilder.php(1616): CodeIgniter\Database\BaseConnection->query('SELECT *
FROM `rarebook`
WHERE `status` = :status:', [...], false)
 5 SYSTEMPATH\Model.php(242): CodeIgniter\Database\BaseBuilder->get()
 6 SYSTEMPATH\BaseModel.php(638): CodeIgniter\Model->doFindAll(0, 0)
 7 APPPATH\Models\RareBookModel.php(42): CodeIgniter\BaseModel->findAll()
 8 APPPATH\Controllers\SupervisorController.php(37): App\Models\RareBookModel->fetch_data()
 9 APPPATH\Controllers\SupervisorController.php(21): App\Controllers\SupervisorController->get_rarebook_data()
10 SYSTEMPATH\CodeIgniter.php(941): App\Controllers\SupervisorController->getalldata()
11 SYSTEMPATH\CodeIgniter.php(502): CodeIgniter\CodeIgniter->runController(Object(App\Controllers\SupervisorController))
12 SYSTEMPATH\CodeIgniter.php(361): CodeIgniter\CodeIgniter->handleRequest(null, Object(Config\Cache), false)
13 FCPATH\index.php(79): CodeIgniter\CodeIgniter->run()
INFO - 2024-07-30 11:46:23 --> Session: Class initialized using 'CodeIgniter\Session\Handlers\FileHandler' driver.
ERROR - 2024-07-30 11:46:24 --> mysqli_sql_exception: Table 'amar.rarebook' doesn't exist in C:\xampp\htdocs\amar\system\Database\MySQLi\Connection.php:306
Stack trace:
#0 C:\xampp\htdocs\amar\system\Database\MySQLi\Connection.php(306): mysqli->query('SELECT *\nFROM `...', 0)
#1 C:\xampp\htdocs\amar\system\Database\BaseConnection.php(693): CodeIgniter\Database\MySQLi\Connection->execute('SELECT *\nFROM `...')
#2 C:\xampp\htdocs\amar\system\Database\BaseConnection.php(607): CodeIgniter\Database\BaseConnection->simpleQuery('SELECT *\nFROM `...')
#3 C:\xampp\htdocs\amar\system\Database\BaseBuilder.php(1616): CodeIgniter\Database\BaseConnection->query('SELECT *\nFROM `...', Array, false)
#4 C:\xampp\htdocs\amar\system\Model.php(242): CodeIgniter\Database\BaseBuilder->get()
#5 C:\xampp\htdocs\amar\system\BaseModel.php(638): CodeIgniter\Model->doFindAll(0, 0)
#6 C:\xampp\htdocs\amar\app\Models\RareBookModel.php(42): CodeIgniter\BaseModel->findAll()
#7 C:\xampp\htdocs\amar\app\Controllers\SupervisorController.php(37): App\Models\RareBookModel->fetch_data()
#8 C:\xampp\htdocs\amar\app\Controllers\SupervisorController.php(21): App\Controllers\SupervisorController->get_rarebook_data()
#9 C:\xampp\htdocs\amar\system\CodeIgniter.php(941): App\Controllers\SupervisorController->getalldata()
#10 C:\xampp\htdocs\amar\system\CodeIgniter.php(502): CodeIgniter\CodeIgniter->runController(Object(App\Controllers\SupervisorController))
#11 C:\xampp\htdocs\amar\system\CodeIgniter.php(361): CodeIgniter\CodeIgniter->handleRequest(NULL, Object(Config\Cache), false)
#12 C:\xampp\htdocs\amar\index.php(79): CodeIgniter\CodeIgniter->run()
#13 {main}
CRITICAL - 2024-07-30 11:46:24 --> CodeIgniter\Database\Exceptions\DatabaseException: Table 'amar.rarebook' doesn't exist
in SYSTEMPATH\Database\BaseConnection.php on line 647.
 1 SYSTEMPATH\Database\BaseBuilder.php(1616): CodeIgniter\Database\BaseConnection->query('SELECT *
FROM `rarebook`
WHERE `status` = :status:', [...], false)
 2 SYSTEMPATH\Model.php(242): CodeIgniter\Database\BaseBuilder->get()
 3 SYSTEMPATH\BaseModel.php(638): CodeIgniter\Model->doFindAll(0, 0)
 4 APPPATH\Models\RareBookModel.php(42): CodeIgniter\BaseModel->findAll()
 5 APPPATH\Controllers\SupervisorController.php(37): App\Models\RareBookModel->fetch_data()
 6 APPPATH\Controllers\SupervisorController.php(21): App\Controllers\SupervisorController->get_rarebook_data()
 7 SYSTEMPATH\CodeIgniter.php(941): App\Controllers\SupervisorController->getalldata()
 8 SYSTEMPATH\CodeIgniter.php(502): CodeIgniter\CodeIgniter->runController(Object(App\Controllers\SupervisorController))
 9 SYSTEMPATH\CodeIgniter.php(361): CodeIgniter\CodeIgniter->handleRequest(null, Object(Config\Cache), false)
10 FCPATH\index.php(79): CodeIgniter\CodeIgniter->run()
CRITICAL - 2024-07-30 11:46:24 --> [Caused by] CodeIgniter\Database\Exceptions\DatabaseException: Table 'amar.rarebook' doesn't exist
in SYSTEMPATH\Database\MySQLi\Connection.php on line 311.
 1 SYSTEMPATH\Database\BaseConnection.php(693): CodeIgniter\Database\MySQLi\Connection->execute('SELECT *
FROM `rarebook`
WHERE `status` = \'Pending\'')
 2 SYSTEMPATH\Database\BaseConnection.php(607): CodeIgniter\Database\BaseConnection->simpleQuery('SELECT *
FROM `rarebook`
WHERE `status` = \'Pending\'')
 3 SYSTEMPATH\Database\BaseBuilder.php(1616): CodeIgniter\Database\BaseConnection->query('SELECT *
FROM `rarebook`
WHERE `status` = :status:', [...], false)
 4 SYSTEMPATH\Model.php(242): CodeIgniter\Database\BaseBuilder->get()
 5 SYSTEMPATH\BaseModel.php(638): CodeIgniter\Model->doFindAll(0, 0)
 6 APPPATH\Models\RareBookModel.php(42): CodeIgniter\BaseModel->findAll()
 7 APPPATH\Controllers\SupervisorController.php(37): App\Models\RareBookModel->fetch_data()
 8 APPPATH\Controllers\SupervisorController.php(21): App\Controllers\SupervisorController->get_rarebook_data()
 9 SYSTEMPATH\CodeIgniter.php(941): App\Controllers\SupervisorController->getalldata()
10 SYSTEMPATH\CodeIgniter.php(502): CodeIgniter\CodeIgniter->runController(Object(App\Controllers\SupervisorController))
11 SYSTEMPATH\CodeIgniter.php(361): CodeIgniter\CodeIgniter->handleRequest(null, Object(Config\Cache), false)
12 FCPATH\index.php(79): CodeIgniter\CodeIgniter->run()
CRITICAL - 2024-07-30 11:46:24 --> [Caused by] mysqli_sql_exception: Table 'amar.rarebook' doesn't exist
in SYSTEMPATH\Database\MySQLi\Connection.php on line 306.
 1 SYSTEMPATH\Database\MySQLi\Connection.php(306): mysqli->query('SELECT *
FROM `rarebook`
WHERE `status` = \'Pending\'', 0)
 2 SYSTEMPATH\Database\BaseConnection.php(693): CodeIgniter\Database\MySQLi\Connection->execute('SELECT *
FROM `rarebook`
WHERE `status` = \'Pending\'')
 3 SYSTEMPATH\Database\BaseConnection.php(607): CodeIgniter\Database\BaseConnection->simpleQuery('SELECT *
FROM `rarebook`
WHERE `status` = \'Pending\'')
 4 SYSTEMPATH\Database\BaseBuilder.php(1616): CodeIgniter\Database\BaseConnection->query('SELECT *
FROM `rarebook`
WHERE `status` = :status:', [...], false)
 5 SYSTEMPATH\Model.php(242): CodeIgniter\Database\BaseBuilder->get()
 6 SYSTEMPATH\BaseModel.php(638): CodeIgniter\Model->doFindAll(0, 0)
 7 APPPATH\Models\RareBookModel.php(42): CodeIgniter\BaseModel->findAll()
 8 APPPATH\Controllers\SupervisorController.php(37): App\Models\RareBookModel->fetch_data()
 9 APPPATH\Controllers\SupervisorController.php(21): App\Controllers\SupervisorController->get_rarebook_data()
10 SYSTEMPATH\CodeIgniter.php(941): App\Controllers\SupervisorController->getalldata()
11 SYSTEMPATH\CodeIgniter.php(502): CodeIgniter\CodeIgniter->runController(Object(App\Controllers\SupervisorController))
12 SYSTEMPATH\CodeIgniter.php(361): CodeIgniter\CodeIgniter->handleRequest(null, Object(Config\Cache), false)
13 FCPATH\index.php(79): CodeIgniter\CodeIgniter->run()
INFO - 2024-07-30 11:46:24 --> Session: Class initialized using 'CodeIgniter\Session\Handlers\FileHandler' driver.
INFO - 2024-07-30 11:46:25 --> Session: Class initialized using 'CodeIgniter\Session\Handlers\FileHandler' driver.
INFO - 2024-07-30 11:46:27 --> Session: Class initialized using 'CodeIgniter\Session\Handlers\FileHandler' driver.
INFO - 2024-07-30 11:46:27 --> Session: Class initialized using 'CodeIgniter\Session\Handlers\FileHandler' driver.
INFO - 2024-07-30 11:46:28 --> Session: Class initialized using 'CodeIgniter\Session\Handlers\FileHandler' driver.
INFO - 2024-07-30 11:46:39 --> Session: Class initialized using 'CodeIgniter\Session\Handlers\FileHandler' driver.
INFO - 2024-07-30 11:46:40 --> Session: Class initialized using 'CodeIgniter\Session\Handlers\FileHandler' driver.
INFO - 2024-07-30 11:46:47 --> Session: Class initialized using 'CodeIgniter\Session\Handlers\FileHandler' driver.
INFO - 2024-07-30 11:46:47 --> Session: Class initialized using 'CodeIgniter\Session\Handlers\FileHandler' driver.
INFO - 2024-07-30 11:46:47 --> Session: Class initialized using 'CodeIgniter\Session\Handlers\FileHandler' driver.
ERROR - 2024-07-30 11:46:47 --> mysqli_sql_exception: Table 'amar.rarebook' doesn't exist in C:\xampp\htdocs\amar\system\Database\MySQLi\Connection.php:306
Stack trace:
#0 C:\xampp\htdocs\amar\system\Database\MySQLi\Connection.php(306): mysqli->query('SELECT *\nFROM `...', 0)
#1 C:\xampp\htdocs\amar\system\Database\BaseConnection.php(693): CodeIgniter\Database\MySQLi\Connection->execute('SELECT *\nFROM `...')
#2 C:\xampp\htdocs\amar\system\Database\BaseConnection.php(607): CodeIgniter\Database\BaseConnection->simpleQuery('SELECT *\nFROM `...')
#3 C:\xampp\htdocs\amar\system\Database\BaseBuilder.php(1616): CodeIgniter\Database\BaseConnection->query('SELECT *\nFROM `...', Array, false)
#4 C:\xampp\htdocs\amar\system\Model.php(242): CodeIgniter\Database\BaseBuilder->get()
#5 C:\xampp\htdocs\amar\system\BaseModel.php(638): CodeIgniter\Model->doFindAll(0, 0)
#6 C:\xampp\htdocs\amar\app\Models\RareBookModel.php(42): CodeIgniter\BaseModel->findAll()
#7 C:\xampp\htdocs\amar\app\Controllers\SupervisorController.php(37): App\Models\RareBookModel->fetch_data()
#8 C:\xampp\htdocs\amar\app\Controllers\SupervisorController.php(21): App\Controllers\SupervisorController->get_rarebook_data()
#9 C:\xampp\htdocs\amar\system\CodeIgniter.php(941): App\Controllers\SupervisorController->getalldata()
#10 C:\xampp\htdocs\amar\system\CodeIgniter.php(502): CodeIgniter\CodeIgniter->runController(Object(App\Controllers\SupervisorController))
#11 C:\xampp\htdocs\amar\system\CodeIgniter.php(361): CodeIgniter\CodeIgniter->handleRequest(NULL, Object(Config\Cache), false)
#12 C:\xampp\htdocs\amar\index.php(79): CodeIgniter\CodeIgniter->run()
#13 {main}
CRITICAL - 2024-07-30 11:46:47 --> CodeIgniter\Database\Exceptions\DatabaseException: Table 'amar.rarebook' doesn't exist
in SYSTEMPATH\Database\BaseConnection.php on line 647.
 1 SYSTEMPATH\Database\BaseBuilder.php(1616): CodeIgniter\Database\BaseConnection->query('SELECT *
FROM `rarebook`
WHERE `status` = :status:', [...], false)
 2 SYSTEMPATH\Model.php(242): CodeIgniter\Database\BaseBuilder->get()
 3 SYSTEMPATH\BaseModel.php(638): CodeIgniter\Model->doFindAll(0, 0)
 4 APPPATH\Models\RareBookModel.php(42): CodeIgniter\BaseModel->findAll()
 5 APPPATH\Controllers\SupervisorController.php(37): App\Models\RareBookModel->fetch_data()
 6 APPPATH\Controllers\SupervisorController.php(21): App\Controllers\SupervisorController->get_rarebook_data()
 7 SYSTEMPATH\CodeIgniter.php(941): App\Controllers\SupervisorController->getalldata()
 8 SYSTEMPATH\CodeIgniter.php(502): CodeIgniter\CodeIgniter->runController(Object(App\Controllers\SupervisorController))
 9 SYSTEMPATH\CodeIgniter.php(361): CodeIgniter\CodeIgniter->handleRequest(null, Object(Config\Cache), false)
10 FCPATH\index.php(79): CodeIgniter\CodeIgniter->run()
CRITICAL - 2024-07-30 11:46:47 --> [Caused by] CodeIgniter\Database\Exceptions\DatabaseException: Table 'amar.rarebook' doesn't exist
in SYSTEMPATH\Database\MySQLi\Connection.php on line 311.
 1 SYSTEMPATH\Database\BaseConnection.php(693): CodeIgniter\Database\MySQLi\Connection->execute('SELECT *
FROM `rarebook`
WHERE `status` = \'Pending\'')
 2 SYSTEMPATH\Database\BaseConnection.php(607): CodeIgniter\Database\BaseConnection->simpleQuery('SELECT *
FROM `rarebook`
WHERE `status` = \'Pending\'')
 3 SYSTEMPATH\Database\BaseBuilder.php(1616): CodeIgniter\Database\BaseConnection->query('SELECT *
FROM `rarebook`
WHERE `status` = :status:', [...], false)
 4 SYSTEMPATH\Model.php(242): CodeIgniter\Database\BaseBuilder->get()
 5 SYSTEMPATH\BaseModel.php(638): CodeIgniter\Model->doFindAll(0, 0)
 6 APPPATH\Models\RareBookModel.php(42): CodeIgniter\BaseModel->findAll()
 7 APPPATH\Controllers\SupervisorController.php(37): App\Models\RareBookModel->fetch_data()
 8 APPPATH\Controllers\SupervisorController.php(21): App\Controllers\SupervisorController->get_rarebook_data()
 9 SYSTEMPATH\CodeIgniter.php(941): App\Controllers\SupervisorController->getalldata()
10 SYSTEMPATH\CodeIgniter.php(502): CodeIgniter\CodeIgniter->runController(Object(App\Controllers\SupervisorController))
11 SYSTEMPATH\CodeIgniter.php(361): CodeIgniter\CodeIgniter->handleRequest(null, Object(Config\Cache), false)
12 FCPATH\index.php(79): CodeIgniter\CodeIgniter->run()
CRITICAL - 2024-07-30 11:46:47 --> [Caused by] mysqli_sql_exception: Table 'amar.rarebook' doesn't exist
in SYSTEMPATH\Database\MySQLi\Connection.php on line 306.
 1 SYSTEMPATH\Database\MySQLi\Connection.php(306): mysqli->query('SELECT *
FROM `rarebook`
WHERE `status` = \'Pending\'', 0)
 2 SYSTEMPATH\Database\BaseConnection.php(693): CodeIgniter\Database\MySQLi\Connection->execute('SELECT *
FROM `rarebook`
WHERE `status` = \'Pending\'')
 3 SYSTEMPATH\Database\BaseConnection.php(607): CodeIgniter\Database\BaseConnection->simpleQuery('SELECT *
FROM `rarebook`
WHERE `status` = \'Pending\'')
 4 SYSTEMPATH\Database\BaseBuilder.php(1616): CodeIgniter\Database\BaseConnection->query('SELECT *
FROM `rarebook`
WHERE `status` = :status:', [...], false)
 5 SYSTEMPATH\Model.php(242): CodeIgniter\Database\BaseBuilder->get()
 6 SYSTEMPATH\BaseModel.php(638): CodeIgniter\Model->doFindAll(0, 0)
 7 APPPATH\Models\RareBookModel.php(42): CodeIgniter\BaseModel->findAll()
 8 APPPATH\Controllers\SupervisorController.php(37): App\Models\RareBookModel->fetch_data()
 9 APPPATH\Controllers\SupervisorController.php(21): App\Controllers\SupervisorController->get_rarebook_data()
10 SYSTEMPATH\CodeIgniter.php(941): App\Controllers\SupervisorController->getalldata()
11 SYSTEMPATH\CodeIgniter.php(502): CodeIgniter\CodeIgniter->runController(Object(App\Controllers\SupervisorController))
12 SYSTEMPATH\CodeIgniter.php(361): CodeIgniter\CodeIgniter->handleRequest(null, Object(Config\Cache), false)
13 FCPATH\index.php(79): CodeIgniter\CodeIgniter->run()
INFO - 2024-07-30 11:48:22 --> Session: Class initialized using 'CodeIgniter\Session\Handlers\FileHandler' driver.
INFO - 2024-07-30 11:49:07 --> Session: Class initialized using 'CodeIgniter\Session\Handlers\FileHandler' driver.
INFO - 2024-07-30 11:49:07 --> Session: Class initialized using 'CodeIgniter\Session\Handlers\FileHandler' driver.
INFO - 2024-07-30 11:49:07 --> Session: Class initialized using 'CodeIgniter\Session\Handlers\FileHandler' driver.
INFO - 2024-07-30 11:49:53 --> Session: Class initialized using 'CodeIgniter\Session\Handlers\FileHandler' driver.
INFO - 2024-07-30 11:49:54 --> Session: Class initialized using 'CodeIgniter\Session\Handlers\FileHandler' driver.
INFO - 2024-07-30 11:49:56 --> Session: Class initialized using 'CodeIgniter\Session\Handlers\FileHandler' driver.
INFO - 2024-07-30 11:49:56 --> Session: Class initialized using 'CodeIgniter\Session\Handlers\FileHandler' driver.
INFO - 2024-07-30 11:50:00 --> Session: Class initialized using 'CodeIgniter\Session\Handlers\FileHandler' driver.
INFO - 2024-07-30 11:59:02 --> Session: Class initialized using 'CodeIgniter\Session\Handlers\FileHandler' driver.
INFO - 2024-07-30 11:59:04 --> Session: Class initialized using 'CodeIgniter\Session\Handlers\FileHandler' driver.
