CRITICAL - 2024-05-28 10:14:12 --> ParseError: syntax error, unexpected '>'
in APPPATH\Views\partials\manuscript_view.php on line 51.
 1 SYSTEMPATH\View\View.php(231): CodeIgniter\View\View->CodeIgniter\View\{closure}()
 2 SYSTEMPATH\Common.php(1178): CodeIgniter\View\View->render('partials/manuscript_view', [], true)
 3 APPPATH\Controllers\ManuscriptController.php(25): view('partials/manuscript_view', [...])
 4 SYSTEMPATH\CodeIgniter.php(941): App\Controllers\ManuscriptController->index()
 5 SYSTEMPATH\CodeIgniter.php(502): CodeIgniter\CodeIgniter->runController(Object(App\Controllers\ManuscriptController))
 6 SYSTEMPATH\CodeIgniter.php(361): CodeIgniter\CodeIgniter->handleRequest(null, Object(Config\Cache), false)
 7 FCPATH\index.php(79): CodeIgniter\CodeIgniter->run()
CRITICAL - 2024-05-28 10:14:28 --> ParseError: syntax error, unexpected '>'
in APPPATH\Views\partials\manuscript_view.php on line 51.
 1 SYSTEMPATH\View\View.php(231): CodeIgniter\View\View->CodeIgniter\View\{closure}()
 2 SYSTEMPATH\Common.php(1178): CodeIgniter\View\View->render('partials/manuscript_view', [], true)
 3 APPPATH\Controllers\ManuscriptController.php(25): view('partials/manuscript_view', [...])
 4 SYSTEMPATH\CodeIgniter.php(941): App\Controllers\ManuscriptController->index()
 5 SYSTEMPATH\CodeIgniter.php(502): CodeIgniter\CodeIgniter->runController(Object(App\Controllers\ManuscriptController))
 6 SYSTEMPATH\CodeIgniter.php(361): CodeIgniter\CodeIgniter->handleRequest(null, Object(Config\Cache), false)
 7 FCPATH\index.php(79): CodeIgniter\CodeIgniter->run()
CRITICAL - 2024-05-28 10:14:29 --> ParseError: syntax error, unexpected '>'
in APPPATH\Views\partials\manuscript_view.php on line 51.
 1 SYSTEMPATH\View\View.php(231): CodeIgniter\View\View->CodeIgniter\View\{closure}()
 2 SYSTEMPATH\Common.php(1178): CodeIgniter\View\View->render('partials/manuscript_view', [], true)
 3 APPPATH\Controllers\ManuscriptController.php(25): view('partials/manuscript_view', [...])
 4 SYSTEMPATH\CodeIgniter.php(941): App\Controllers\ManuscriptController->index()
 5 SYSTEMPATH\CodeIgniter.php(502): CodeIgniter\CodeIgniter->runController(Object(App\Controllers\ManuscriptController))
 6 SYSTEMPATH\CodeIgniter.php(361): CodeIgniter\CodeIgniter->handleRequest(null, Object(Config\Cache), false)
 7 FCPATH\index.php(79): CodeIgniter\CodeIgniter->run()
CRITICAL - 2024-05-28 10:15:44 --> ParseError: syntax error, unexpected '/'
in APPPATH\Views\partials\manuscript_view.php on line 54.
 1 SYSTEMPATH\View\View.php(231): CodeIgniter\View\View->CodeIgniter\View\{closure}()
 2 SYSTEMPATH\Common.php(1178): CodeIgniter\View\View->render('partials/manuscript_view', [], true)
 3 APPPATH\Controllers\ManuscriptController.php(25): view('partials/manuscript_view', [...])
 4 SYSTEMPATH\CodeIgniter.php(941): App\Controllers\ManuscriptController->index()
 5 SYSTEMPATH\CodeIgniter.php(502): CodeIgniter\CodeIgniter->runController(Object(App\Controllers\ManuscriptController))
 6 SYSTEMPATH\CodeIgniter.php(361): CodeIgniter\CodeIgniter->handleRequest(null, Object(Config\Cache), false)
 7 FCPATH\index.php(79): CodeIgniter\CodeIgniter->run()
CRITICAL - 2024-05-28 10:15:46 --> ParseError: syntax error, unexpected '/'
in APPPATH\Views\partials\manuscript_view.php on line 54.
 1 SYSTEMPATH\View\View.php(231): CodeIgniter\View\View->CodeIgniter\View\{closure}()
 2 SYSTEMPATH\Common.php(1178): CodeIgniter\View\View->render('partials/manuscript_view', [], true)
 3 APPPATH\Controllers\ManuscriptController.php(25): view('partials/manuscript_view', [...])
 4 SYSTEMPATH\CodeIgniter.php(941): App\Controllers\ManuscriptController->index()
 5 SYSTEMPATH\CodeIgniter.php(502): CodeIgniter\CodeIgniter->runController(Object(App\Controllers\ManuscriptController))
 6 SYSTEMPATH\CodeIgniter.php(361): CodeIgniter\CodeIgniter->handleRequest(null, Object(Config\Cache), false)
 7 FCPATH\index.php(79): CodeIgniter\CodeIgniter->run()
CRITICAL - 2024-05-28 10:15:50 --> ParseError: syntax error, unexpected '/'
in APPPATH\Views\partials\manuscript_view.php on line 54.
 1 SYSTEMPATH\View\View.php(231): CodeIgniter\View\View->CodeIgniter\View\{closure}()
 2 SYSTEMPATH\Common.php(1178): CodeIgniter\View\View->render('partials/manuscript_view', [], true)
 3 APPPATH\Controllers\ManuscriptController.php(25): view('partials/manuscript_view', [...])
 4 SYSTEMPATH\CodeIgniter.php(941): App\Controllers\ManuscriptController->index()
 5 SYSTEMPATH\CodeIgniter.php(502): CodeIgniter\CodeIgniter->runController(Object(App\Controllers\ManuscriptController))
 6 SYSTEMPATH\CodeIgniter.php(361): CodeIgniter\CodeIgniter->handleRequest(null, Object(Config\Cache), false)
 7 FCPATH\index.php(79): CodeIgniter\CodeIgniter->run()
CRITICAL - 2024-05-28 10:35:16 --> ParseError: syntax error, unexpected 'at' (T_STRING)
in APPPATH\Views\partials\manuscript_full_details.php on line 31.
 1 SYSTEMPATH\View\View.php(231): CodeIgniter\View\View->CodeIgniter\View\{closure}()
 2 SYSTEMPATH\Common.php(1178): CodeIgniter\View\View->render('partials/manuscript_full_details', [], true)
 3 APPPATH\Controllers\ManuscriptController.php(39): view('partials/manuscript_full_details', [...])
 4 SYSTEMPATH\CodeIgniter.php(941): App\Controllers\ManuscriptController->viewFullManuscriptDetails('1')
 5 SYSTEMPATH\CodeIgniter.php(502): CodeIgniter\CodeIgniter->runController(Object(App\Controllers\ManuscriptController))
 6 SYSTEMPATH\CodeIgniter.php(361): CodeIgniter\CodeIgniter->handleRequest(null, Object(Config\Cache), false)
 7 FCPATH\index.php(79): CodeIgniter\CodeIgniter->run()
CRITICAL - 2024-05-28 10:35:18 --> ParseError: syntax error, unexpected 'at' (T_STRING)
in APPPATH\Views\partials\manuscript_full_details.php on line 31.
 1 SYSTEMPATH\View\View.php(231): CodeIgniter\View\View->CodeIgniter\View\{closure}()
 2 SYSTEMPATH\Common.php(1178): CodeIgniter\View\View->render('partials/manuscript_full_details', [], true)
 3 APPPATH\Controllers\ManuscriptController.php(39): view('partials/manuscript_full_details', [...])
 4 SYSTEMPATH\CodeIgniter.php(941): App\Controllers\ManuscriptController->viewFullManuscriptDetails('1')
 5 SYSTEMPATH\CodeIgniter.php(502): CodeIgniter\CodeIgniter->runController(Object(App\Controllers\ManuscriptController))
 6 SYSTEMPATH\CodeIgniter.php(361): CodeIgniter\CodeIgniter->handleRequest(null, Object(Config\Cache), false)
 7 FCPATH\index.php(79): CodeIgniter\CodeIgniter->run()
CRITICAL - 2024-05-28 10:35:53 --> ParseError: syntax error, unexpected 'at' (T_STRING)
in APPPATH\Views\partials\manuscript_full_details.php on line 31.
 1 SYSTEMPATH\View\View.php(231): CodeIgniter\View\View->CodeIgniter\View\{closure}()
 2 SYSTEMPATH\Common.php(1178): CodeIgniter\View\View->render('partials/manuscript_full_details', [], true)
 3 APPPATH\Controllers\ManuscriptController.php(39): view('partials/manuscript_full_details', [...])
 4 SYSTEMPATH\CodeIgniter.php(941): App\Controllers\ManuscriptController->viewFullManuscriptDetails('1')
 5 SYSTEMPATH\CodeIgniter.php(502): CodeIgniter\CodeIgniter->runController(Object(App\Controllers\ManuscriptController))
 6 SYSTEMPATH\CodeIgniter.php(361): CodeIgniter\CodeIgniter->handleRequest(null, Object(Config\Cache), false)
 7 FCPATH\index.php(79): CodeIgniter\CodeIgniter->run()
CRITICAL - 2024-05-28 10:38:28 --> ParseError: syntax error, unexpected 'at' (T_STRING)
in APPPATH\Views\partials\manuscript_full_details.php on line 31.
 1 SYSTEMPATH\View\View.php(231): CodeIgniter\View\View->CodeIgniter\View\{closure}()
 2 SYSTEMPATH\Common.php(1178): CodeIgniter\View\View->render('partials/manuscript_full_details', [], true)
 3 APPPATH\Controllers\ManuscriptController.php(39): view('partials/manuscript_full_details', [...])
 4 SYSTEMPATH\CodeIgniter.php(941): App\Controllers\ManuscriptController->viewFullManuscriptDetails('1')
 5 SYSTEMPATH\CodeIgniter.php(502): CodeIgniter\CodeIgniter->runController(Object(App\Controllers\ManuscriptController))
 6 SYSTEMPATH\CodeIgniter.php(361): CodeIgniter\CodeIgniter->handleRequest(null, Object(Config\Cache), false)
 7 FCPATH\index.php(79): CodeIgniter\CodeIgniter->run()
CRITICAL - 2024-05-28 11:50:22 --> ErrorException: Use of undefined constant manuscript - assumed 'manuscript' (this will throw an Error in a future version of PHP)
in APPPATH\Views\partials\manuscript_full_details.php on line 11.
 1 APPPATH\Views\partials\manuscript_full_details.php(11): CodeIgniter\Debug\Exceptions->errorHandler(2, 'Use of undefined constant manuscript - assumed \'manuscript\' (this will throw an Error in a future version of PHP)', 'D:\\Xampp-server-php_7-4-30\\htdocs\\amar\\app\\Views\\partials\\manuscript_full_details.php', 11, [...])
 2 SYSTEMPATH\View\View.php(228): include('D:\\Xampp-server-php_7-4-30\\htdocs\\amar\\app\\Views\\partials\\manuscript_full_details.php')
 3 SYSTEMPATH\View\View.php(231): CodeIgniter\View\View->CodeIgniter\View\{closure}()
 4 SYSTEMPATH\Common.php(1178): CodeIgniter\View\View->render('partials/manuscript_full_details', [], true)
 5 APPPATH\Controllers\ManuscriptController.php(39): view('partials/manuscript_full_details', [...])
 6 SYSTEMPATH\CodeIgniter.php(941): App\Controllers\ManuscriptController->viewFullManuscriptDetails('1')
 7 SYSTEMPATH\CodeIgniter.php(502): CodeIgniter\CodeIgniter->runController(Object(App\Controllers\ManuscriptController))
 8 SYSTEMPATH\CodeIgniter.php(361): CodeIgniter\CodeIgniter->handleRequest(null, Object(Config\Cache), false)
 9 FCPATH\index.php(79): CodeIgniter\CodeIgniter->run()
CRITICAL - 2024-05-28 12:33:00 --> ErrorException: Use of undefined constant CCRAS - assumed 'CCRAS' (this will throw an Error in a future version of PHP)
in APPPATH\Views\partials\manuscript_full_details.php on line 236.
 1 APPPATH\Views\partials\manuscript_full_details.php(236): CodeIgniter\Debug\Exceptions->errorHandler(2, 'Use of undefined constant CCRAS - assumed \'CCRAS\' (this will throw an Error in a future version of PHP)', 'D:\\Xampp-server-php_7-4-30\\htdocs\\amar\\app\\Views\\partials\\manuscript_full_details.php', 236, [...])
 2 SYSTEMPATH\View\View.php(228): include('D:\\Xampp-server-php_7-4-30\\htdocs\\amar\\app\\Views\\partials\\manuscript_full_details.php')
 3 SYSTEMPATH\View\View.php(231): CodeIgniter\View\View->CodeIgniter\View\{closure}()
 4 SYSTEMPATH\Common.php(1178): CodeIgniter\View\View->render('partials/manuscript_full_details', [], true)
 5 APPPATH\Controllers\ManuscriptController.php(39): view('partials/manuscript_full_details', [...])
 6 SYSTEMPATH\CodeIgniter.php(941): App\Controllers\ManuscriptController->viewFullManuscriptDetails('1')
 7 SYSTEMPATH\CodeIgniter.php(502): CodeIgniter\CodeIgniter->runController(Object(App\Controllers\ManuscriptController))
 8 SYSTEMPATH\CodeIgniter.php(361): CodeIgniter\CodeIgniter->handleRequest(null, Object(Config\Cache), false)
 9 FCPATH\index.php(79): CodeIgniter\CodeIgniter->run()
