CRITICAL - 2024-04-15 07:42:31 --> CodeIgniter\View\Exceptions\ViewException: Invalid file: "layouts/base1.php"
in SYSTEMPATH\Exceptions\FrameworkException.php on line 39.
 1 SYSTEMPATH\View\View.php(216): CodeIgniter\Exceptions\FrameworkException::forInvalidFile('layouts/base1.php')
 2 SYSTEMPATH\View\View.php(244): CodeIgniter\View\View->render('layouts/base1', [], true)
 3 SYSTEMPATH\Common.php(1178): CodeIgniter\View\View->render('partials/home', [], true)
 4 APPPATH\Controllers\Home.php(9): view('partials/home')
 5 SYSTEMPATH\CodeIgniter.php(941): App\Controllers\Home->index()
 6 SYSTEMPATH\CodeIgniter.php(502): CodeIgniter\CodeIgniter->runController(Object(App\Controllers\Home))
 7 SYSTEMPATH\CodeIgniter.php(361): CodeIgniter\CodeIgniter->handleRequest(null, Object(Config\Cache), false)
 8 FCPATH\index.php(79): CodeIgniter\CodeIgniter->run()
CRITICAL - 2024-04-15 07:43:08 --> ParseError: syntax error, unexpected '?>'
in APPPATH\Views\partials\home.php on line 1.
 1 SYSTEMPATH\View\View.php(231): CodeIgniter\View\View->CodeIgniter\View\{closure}()
 2 SYSTEMPATH\Common.php(1178): CodeIgniter\View\View->render('partials/home', [], true)
 3 APPPATH\Controllers\Home.php(9): view('partials/home')
 4 SYSTEMPATH\CodeIgniter.php(941): App\Controllers\Home->index()
 5 SYSTEMPATH\CodeIgniter.php(502): CodeIgniter\CodeIgniter->runController(Object(App\Controllers\Home))
 6 SYSTEMPATH\CodeIgniter.php(361): CodeIgniter\CodeIgniter->handleRequest(null, Object(Config\Cache), false)
 7 FCPATH\index.php(79): CodeIgniter\CodeIgniter->run()
CRITICAL - 2024-04-15 07:43:10 --> ParseError: syntax error, unexpected '?>'
in APPPATH\Views\partials\home.php on line 1.
 1 SYSTEMPATH\View\View.php(231): CodeIgniter\View\View->CodeIgniter\View\{closure}()
 2 SYSTEMPATH\Common.php(1178): CodeIgniter\View\View->render('partials/home', [], true)
 3 APPPATH\Controllers\Home.php(9): view('partials/home')
 4 SYSTEMPATH\CodeIgniter.php(941): App\Controllers\Home->index()
 5 SYSTEMPATH\CodeIgniter.php(502): CodeIgniter\CodeIgniter->runController(Object(App\Controllers\Home))
 6 SYSTEMPATH\CodeIgniter.php(361): CodeIgniter\CodeIgniter->handleRequest(null, Object(Config\Cache), false)
 7 FCPATH\index.php(79): CodeIgniter\CodeIgniter->run()
CRITICAL - 2024-04-15 08:01:28 --> CodeIgniter\Exceptions\ConfigException: Config\App::$baseURL "http://localhost:lht-ci/" is not a valid URL.
in SYSTEMPATH\HTTP\SiteURI.php on line 199.
 1 SYSTEMPATH\HTTP\SiteURI.php(145): CodeIgniter\HTTP\SiteURI->normalizeBaseURL(Object(Config\App))
 2 SYSTEMPATH\HTTP\SiteURI.php(100): CodeIgniter\HTTP\SiteURI->determineBaseURL(Object(Config\App), null, null)
 3 SYSTEMPATH\HTTP\SiteURIFactory.php(224): CodeIgniter\HTTP\SiteURI->__construct(Object(Config\App), '/', null)
 4 SYSTEMPATH\HTTP\SiteURIFactory.php(45): CodeIgniter\HTTP\SiteURIFactory->createURIFromRoutePath('/')
 5 SYSTEMPATH\Config\Services.php(799): CodeIgniter\HTTP\SiteURIFactory->createFromGlobals()
 6 SYSTEMPATH\Config\BaseService.php(258): CodeIgniter\Config\Services::uri(null, false)
 7 SYSTEMPATH\Config\BaseService.php(199): CodeIgniter\Config\BaseService::__callStatic('uri', [...])
 8 SYSTEMPATH\Config\Services.php(792): CodeIgniter\Config\BaseService::getSharedInstance('uri', null)
 9 SYSTEMPATH\Config\BaseService.php(258): CodeIgniter\Config\Services::uri()
10 SYSTEMPATH\Config\Services.php(566): CodeIgniter\Config\BaseService::__callStatic('uri', [])
11 SYSTEMPATH\Config\BaseService.php(258): CodeIgniter\Config\Services::incomingrequest(Object(Config\App), false)
12 SYSTEMPATH\Config\Services.php(524): CodeIgniter\Config\BaseService::__callStatic('incomingrequest', [...])
13 SYSTEMPATH\Config\BaseService.php(258): CodeIgniter\Config\Services::request(Object(Config\App), false)
14 SYSTEMPATH\Config\BaseService.php(199): CodeIgniter\Config\BaseService::__callStatic('request', [...])
15 SYSTEMPATH\Config\Services.php(559): CodeIgniter\Config\BaseService::getSharedInstance('request', Object(Config\App))
16 SYSTEMPATH\Config\BaseService.php(258): CodeIgniter\Config\Services::incomingrequest(Object(Config\App))
17 SYSTEMPATH\Config\Services.php(539): CodeIgniter\Config\BaseService::__callStatic('incomingrequest', [...])
18 SYSTEMPATH\Config\BaseService.php(258): CodeIgniter\Config\Services::createRequest(Object(Config\App))
19 SYSTEMPATH\CodeIgniter.php(655): CodeIgniter\Config\BaseService::__callStatic('createRequest', [...])
20 SYSTEMPATH\CodeIgniter.php(355): CodeIgniter\CodeIgniter->getRequestObject()
21 FCPATH\index.php(79): CodeIgniter\CodeIgniter->run()
CRITICAL - 2024-04-15 08:01:28 --> ErrorException: Uncaught CodeIgniter\Exceptions\ConfigException: Config\App::$baseURL "http://localhost:lht-ci/" is not a valid URL. in D:\Xampp-server-php_7-4-30\htdocs\lht-ci\system\HTTP\SiteURI.php:199
Stack trace:
#0 D:\Xampp-server-php_7-4-30\htdocs\lht-ci\system\HTTP\SiteURI.php(145): CodeIgniter\HTTP\SiteURI->normalizeBaseURL(Object(Config\App))
#1 D:\Xampp-server-php_7-4-30\htdocs\lht-ci\system\HTTP\SiteURI.php(100): CodeIgniter\HTTP\SiteURI->determineBaseURL(Object(Config\App), NULL, NULL)
#2 D:\Xampp-server-php_7-4-30\htdocs\lht-ci\system\HTTP\SiteURIFactory.php(224): CodeIgniter\HTTP\SiteURI->__construct(Object(Config\App), '/', NULL)
#3 D:\Xampp-server-php_7-4-30\htdocs\lht-ci\system\HTTP\SiteURIFactory.php(45): CodeIgniter\HTTP\SiteURIFactory->createURIFromRoutePath('/')
#4 D:\Xampp-server-php_7-4-30\htdocs\lht-ci\system\Config\Services.php(799): CodeIgniter\HTTP\SiteURIFactory->createFromGlobals()
#5 D:\Xampp-server-php_7-4-30\htdocs\lht-ci\system\Config\BaseService.php(258): CodeIgniter\Config\Services::uri(NU
【Previous Exception】
CodeIgniter\Exceptions\ConfigException
Config\App::$baseURL "http://localhost:lht-ci/" is not a valid URL.
#0 D:\Xampp-server-php_7-4-30\htdocs\lht-ci\system\HTTP\SiteURI.php(145): CodeIgniter\HTTP\SiteURI->normalizeBaseURL(Object(Config\App))
#1 D:\Xampp-server-php_7-4-30\htdocs\lht-ci\system\HTTP\SiteURI.php(100): CodeIgniter\HTTP\SiteURI->determineBaseURL(Object(Config\App), NULL, NULL)
#2 D:\Xampp-server-php_7-4-30\htdocs\lht-ci\system\HTTP\SiteURIFactory.php(224): CodeIgniter\HTTP\SiteURI->__construct(Object(Config\App), '/', NULL)
#3 D:\Xampp-server-php_7-4-30\htdocs\lht-ci\system\HTTP\SiteURIFactory.php(45): CodeIgniter\HTTP\SiteURIFactory->createURIFromRoutePath('/')
#4 D:\Xampp-server-php_7-4-30\htdocs\lht-ci\system\Config\Services.php(799): CodeIgniter\HTTP\SiteURIFactory->createFromGlobals()
#5 D:\Xampp-server-php_7-4-30\htdocs\lht-ci\system\Config\BaseService.php(258): CodeIgniter\Config\Services::uri(NULL, false)
#6 D:\Xampp-server-php_7-4-30\htdocs\lht-ci\system\Config\BaseService.php(199): CodeIgniter\Config\BaseService::__callStatic('uri', Array)
#7 D:\Xampp-server-php_7-4-30\htdocs\lht-ci\system\Config\Services.php(792): CodeIgniter\Config\BaseService::getSharedInstance('uri', NULL)
#8 D:\Xampp-server-php_7-4-30\htdocs\lht-ci\system\Config\BaseService.php(258): CodeIgniter\Config\Services::uri()
#9 D:\Xampp-server-php_7-4-30\htdocs\lht-ci\system\Config\Services.php(566): CodeIgniter\Config\BaseService::__callStatic('uri', Array)
#10 D:\Xampp-server-php_7-4-30\htdocs\lht-ci\system\Config\BaseService.php(258): CodeIgniter\Config\Services::incomingrequest(Object(Config\App), false)
#11 D:\Xampp-server-php_7-4-30\htdocs\lht-ci\system\Config\Services.php(524): CodeIgniter\Config\BaseService::__callStatic('incomingrequest', Array)
#12 D:\Xampp-server-php_7-4-30\htdocs\lht-ci\system\Config\BaseService.php(258): CodeIgniter\Config\Services::request(Object(Config\App), false)
#13 D:\Xampp-server-php_7-4-30\htdocs\lht-ci\system\Config\BaseService.php(199): CodeIgniter\Config\BaseService::__callStatic('request', Array)
#14 D:\Xampp-server-php_7-4-30\htdocs\lht-ci\system\Config\Services.php(559): CodeIgniter\Config\BaseService::getSharedInstance('request', Object(Config\App))
#15 D:\Xampp-server-php_7-4-30\htdocs\lht-ci\system\Config\BaseService.php(258): CodeIgniter\Config\Services::incomingrequest(Object(Config\App))
#16 D:\Xampp-server-php_7-4-30\htdocs\lht-ci\system\Config\Services.php(539): CodeIgniter\Config\BaseService::__callStatic('incomingrequest', Array)
#17 D:\Xampp-server-php_7-4-30\htdocs\lht-ci\system\Config\BaseService.php(258): CodeIgniter\Config\Services::createRequest(Object(Config\App))
#18 D:\Xampp-server-php_7-4-30\htdocs\lht-ci\system\CodeIgniter.php(655): CodeIgniter\Config\BaseService::__callStatic('createRequest', Array)
#19 D:\Xampp-server-php_7-4-30\htdocs\lht-ci\system\CodeIgniter.php(355): CodeIgniter\CodeIgniter->getRequestObject()
#20 D:\Xampp-server-php_7-4-30\htdocs\lht-ci\index.php(79): CodeIgniter\CodeIgniter->run()
#21 {main}
in SYSTEMPATH\HTTP\SiteURI.php on line 199.
 1 [internal function]: CodeIgniter\Debug\Exceptions->shutdownHandler()
CRITICAL - 2024-04-15 08:01:29 --> CodeIgniter\Exceptions\ConfigException: Config\App::$baseURL "http://localhost:lht-ci/" is not a valid URL.
in SYSTEMPATH\HTTP\SiteURI.php on line 199.
 1 SYSTEMPATH\HTTP\SiteURI.php(145): CodeIgniter\HTTP\SiteURI->normalizeBaseURL(Object(Config\App))
 2 SYSTEMPATH\HTTP\SiteURI.php(100): CodeIgniter\HTTP\SiteURI->determineBaseURL(Object(Config\App), null, null)
 3 SYSTEMPATH\HTTP\SiteURIFactory.php(224): CodeIgniter\HTTP\SiteURI->__construct(Object(Config\App), '/', null)
 4 SYSTEMPATH\HTTP\SiteURIFactory.php(45): CodeIgniter\HTTP\SiteURIFactory->createURIFromRoutePath('/')
 5 SYSTEMPATH\Config\Services.php(799): CodeIgniter\HTTP\SiteURIFactory->createFromGlobals()
 6 SYSTEMPATH\Config\BaseService.php(258): CodeIgniter\Config\Services::uri(null, false)
 7 SYSTEMPATH\Config\BaseService.php(199): CodeIgniter\Config\BaseService::__callStatic('uri', [...])
 8 SYSTEMPATH\Config\Services.php(792): CodeIgniter\Config\BaseService::getSharedInstance('uri', null)
 9 SYSTEMPATH\Config\BaseService.php(258): CodeIgniter\Config\Services::uri()
10 SYSTEMPATH\Config\Services.php(566): CodeIgniter\Config\BaseService::__callStatic('uri', [])
11 SYSTEMPATH\Config\BaseService.php(258): CodeIgniter\Config\Services::incomingrequest(Object(Config\App), false)
12 SYSTEMPATH\Config\Services.php(524): CodeIgniter\Config\BaseService::__callStatic('incomingrequest', [...])
13 SYSTEMPATH\Config\BaseService.php(258): CodeIgniter\Config\Services::request(Object(Config\App), false)
14 SYSTEMPATH\Config\BaseService.php(199): CodeIgniter\Config\BaseService::__callStatic('request', [...])
15 SYSTEMPATH\Config\Services.php(559): CodeIgniter\Config\BaseService::getSharedInstance('request', Object(Config\App))
16 SYSTEMPATH\Config\BaseService.php(258): CodeIgniter\Config\Services::incomingrequest(Object(Config\App))
17 SYSTEMPATH\Config\Services.php(539): CodeIgniter\Config\BaseService::__callStatic('incomingrequest', [...])
18 SYSTEMPATH\Config\BaseService.php(258): CodeIgniter\Config\Services::createRequest(Object(Config\App))
19 SYSTEMPATH\CodeIgniter.php(655): CodeIgniter\Config\BaseService::__callStatic('createRequest', [...])
20 SYSTEMPATH\CodeIgniter.php(355): CodeIgniter\CodeIgniter->getRequestObject()
21 FCPATH\index.php(79): CodeIgniter\CodeIgniter->run()
CRITICAL - 2024-04-15 08:01:29 --> ErrorException: Uncaught CodeIgniter\Exceptions\ConfigException: Config\App::$baseURL "http://localhost:lht-ci/" is not a valid URL. in D:\Xampp-server-php_7-4-30\htdocs\lht-ci\system\HTTP\SiteURI.php:199
Stack trace:
#0 D:\Xampp-server-php_7-4-30\htdocs\lht-ci\system\HTTP\SiteURI.php(145): CodeIgniter\HTTP\SiteURI->normalizeBaseURL(Object(Config\App))
#1 D:\Xampp-server-php_7-4-30\htdocs\lht-ci\system\HTTP\SiteURI.php(100): CodeIgniter\HTTP\SiteURI->determineBaseURL(Object(Config\App), NULL, NULL)
#2 D:\Xampp-server-php_7-4-30\htdocs\lht-ci\system\HTTP\SiteURIFactory.php(224): CodeIgniter\HTTP\SiteURI->__construct(Object(Config\App), '/', NULL)
#3 D:\Xampp-server-php_7-4-30\htdocs\lht-ci\system\HTTP\SiteURIFactory.php(45): CodeIgniter\HTTP\SiteURIFactory->createURIFromRoutePath('/')
#4 D:\Xampp-server-php_7-4-30\htdocs\lht-ci\system\Config\Services.php(799): CodeIgniter\HTTP\SiteURIFactory->createFromGlobals()
#5 D:\Xampp-server-php_7-4-30\htdocs\lht-ci\system\Config\BaseService.php(258): CodeIgniter\Config\Services::uri(NU
【Previous Exception】
CodeIgniter\Exceptions\ConfigException
Config\App::$baseURL "http://localhost:lht-ci/" is not a valid URL.
#0 D:\Xampp-server-php_7-4-30\htdocs\lht-ci\system\HTTP\SiteURI.php(145): CodeIgniter\HTTP\SiteURI->normalizeBaseURL(Object(Config\App))
#1 D:\Xampp-server-php_7-4-30\htdocs\lht-ci\system\HTTP\SiteURI.php(100): CodeIgniter\HTTP\SiteURI->determineBaseURL(Object(Config\App), NULL, NULL)
#2 D:\Xampp-server-php_7-4-30\htdocs\lht-ci\system\HTTP\SiteURIFactory.php(224): CodeIgniter\HTTP\SiteURI->__construct(Object(Config\App), '/', NULL)
#3 D:\Xampp-server-php_7-4-30\htdocs\lht-ci\system\HTTP\SiteURIFactory.php(45): CodeIgniter\HTTP\SiteURIFactory->createURIFromRoutePath('/')
#4 D:\Xampp-server-php_7-4-30\htdocs\lht-ci\system\Config\Services.php(799): CodeIgniter\HTTP\SiteURIFactory->createFromGlobals()
#5 D:\Xampp-server-php_7-4-30\htdocs\lht-ci\system\Config\BaseService.php(258): CodeIgniter\Config\Services::uri(NULL, false)
#6 D:\Xampp-server-php_7-4-30\htdocs\lht-ci\system\Config\BaseService.php(199): CodeIgniter\Config\BaseService::__callStatic('uri', Array)
#7 D:\Xampp-server-php_7-4-30\htdocs\lht-ci\system\Config\Services.php(792): CodeIgniter\Config\BaseService::getSharedInstance('uri', NULL)
#8 D:\Xampp-server-php_7-4-30\htdocs\lht-ci\system\Config\BaseService.php(258): CodeIgniter\Config\Services::uri()
#9 D:\Xampp-server-php_7-4-30\htdocs\lht-ci\system\Config\Services.php(566): CodeIgniter\Config\BaseService::__callStatic('uri', Array)
#10 D:\Xampp-server-php_7-4-30\htdocs\lht-ci\system\Config\BaseService.php(258): CodeIgniter\Config\Services::incomingrequest(Object(Config\App), false)
#11 D:\Xampp-server-php_7-4-30\htdocs\lht-ci\system\Config\Services.php(524): CodeIgniter\Config\BaseService::__callStatic('incomingrequest', Array)
#12 D:\Xampp-server-php_7-4-30\htdocs\lht-ci\system\Config\BaseService.php(258): CodeIgniter\Config\Services::request(Object(Config\App), false)
#13 D:\Xampp-server-php_7-4-30\htdocs\lht-ci\system\Config\BaseService.php(199): CodeIgniter\Config\BaseService::__callStatic('request', Array)
#14 D:\Xampp-server-php_7-4-30\htdocs\lht-ci\system\Config\Services.php(559): CodeIgniter\Config\BaseService::getSharedInstance('request', Object(Config\App))
#15 D:\Xampp-server-php_7-4-30\htdocs\lht-ci\system\Config\BaseService.php(258): CodeIgniter\Config\Services::incomingrequest(Object(Config\App))
#16 D:\Xampp-server-php_7-4-30\htdocs\lht-ci\system\Config\Services.php(539): CodeIgniter\Config\BaseService::__callStatic('incomingrequest', Array)
#17 D:\Xampp-server-php_7-4-30\htdocs\lht-ci\system\Config\BaseService.php(258): CodeIgniter\Config\Services::createRequest(Object(Config\App))
#18 D:\Xampp-server-php_7-4-30\htdocs\lht-ci\system\CodeIgniter.php(655): CodeIgniter\Config\BaseService::__callStatic('createRequest', Array)
#19 D:\Xampp-server-php_7-4-30\htdocs\lht-ci\system\CodeIgniter.php(355): CodeIgniter\CodeIgniter->getRequestObject()
#20 D:\Xampp-server-php_7-4-30\htdocs\lht-ci\index.php(79): CodeIgniter\CodeIgniter->run()
#21 {main}
in SYSTEMPATH\HTTP\SiteURI.php on line 199.
 1 [internal function]: CodeIgniter\Debug\Exceptions->shutdownHandler()
CRITICAL - 2024-04-15 08:01:33 --> CodeIgniter\Exceptions\ConfigException: Config\App::$baseURL "http://localhost:lht-ci/" is not a valid URL.
in SYSTEMPATH\HTTP\SiteURI.php on line 199.
 1 SYSTEMPATH\HTTP\SiteURI.php(145): CodeIgniter\HTTP\SiteURI->normalizeBaseURL(Object(Config\App))
 2 SYSTEMPATH\HTTP\SiteURI.php(100): CodeIgniter\HTTP\SiteURI->determineBaseURL(Object(Config\App), null, null)
 3 SYSTEMPATH\HTTP\SiteURIFactory.php(224): CodeIgniter\HTTP\SiteURI->__construct(Object(Config\App), '/', null)
 4 SYSTEMPATH\HTTP\SiteURIFactory.php(45): CodeIgniter\HTTP\SiteURIFactory->createURIFromRoutePath('/')
 5 SYSTEMPATH\Config\Services.php(799): CodeIgniter\HTTP\SiteURIFactory->createFromGlobals()
 6 SYSTEMPATH\Config\BaseService.php(258): CodeIgniter\Config\Services::uri(null, false)
 7 SYSTEMPATH\Config\BaseService.php(199): CodeIgniter\Config\BaseService::__callStatic('uri', [...])
 8 SYSTEMPATH\Config\Services.php(792): CodeIgniter\Config\BaseService::getSharedInstance('uri', null)
 9 SYSTEMPATH\Config\BaseService.php(258): CodeIgniter\Config\Services::uri()
10 SYSTEMPATH\Config\Services.php(566): CodeIgniter\Config\BaseService::__callStatic('uri', [])
11 SYSTEMPATH\Config\BaseService.php(258): CodeIgniter\Config\Services::incomingrequest(Object(Config\App), false)
12 SYSTEMPATH\Config\Services.php(524): CodeIgniter\Config\BaseService::__callStatic('incomingrequest', [...])
13 SYSTEMPATH\Config\BaseService.php(258): CodeIgniter\Config\Services::request(Object(Config\App), false)
14 SYSTEMPATH\Config\BaseService.php(199): CodeIgniter\Config\BaseService::__callStatic('request', [...])
15 SYSTEMPATH\Config\Services.php(559): CodeIgniter\Config\BaseService::getSharedInstance('request', Object(Config\App))
16 SYSTEMPATH\Config\BaseService.php(258): CodeIgniter\Config\Services::incomingrequest(Object(Config\App))
17 SYSTEMPATH\Config\Services.php(539): CodeIgniter\Config\BaseService::__callStatic('incomingrequest', [...])
18 SYSTEMPATH\Config\BaseService.php(258): CodeIgniter\Config\Services::createRequest(Object(Config\App))
19 SYSTEMPATH\CodeIgniter.php(655): CodeIgniter\Config\BaseService::__callStatic('createRequest', [...])
20 SYSTEMPATH\CodeIgniter.php(355): CodeIgniter\CodeIgniter->getRequestObject()
21 FCPATH\index.php(79): CodeIgniter\CodeIgniter->run()
CRITICAL - 2024-04-15 08:01:33 --> ErrorException: Uncaught CodeIgniter\Exceptions\ConfigException: Config\App::$baseURL "http://localhost:lht-ci/" is not a valid URL. in D:\Xampp-server-php_7-4-30\htdocs\lht-ci\system\HTTP\SiteURI.php:199
Stack trace:
#0 D:\Xampp-server-php_7-4-30\htdocs\lht-ci\system\HTTP\SiteURI.php(145): CodeIgniter\HTTP\SiteURI->normalizeBaseURL(Object(Config\App))
#1 D:\Xampp-server-php_7-4-30\htdocs\lht-ci\system\HTTP\SiteURI.php(100): CodeIgniter\HTTP\SiteURI->determineBaseURL(Object(Config\App), NULL, NULL)
#2 D:\Xampp-server-php_7-4-30\htdocs\lht-ci\system\HTTP\SiteURIFactory.php(224): CodeIgniter\HTTP\SiteURI->__construct(Object(Config\App), '/', NULL)
#3 D:\Xampp-server-php_7-4-30\htdocs\lht-ci\system\HTTP\SiteURIFactory.php(45): CodeIgniter\HTTP\SiteURIFactory->createURIFromRoutePath('/')
#4 D:\Xampp-server-php_7-4-30\htdocs\lht-ci\system\Config\Services.php(799): CodeIgniter\HTTP\SiteURIFactory->createFromGlobals()
#5 D:\Xampp-server-php_7-4-30\htdocs\lht-ci\system\Config\BaseService.php(258): CodeIgniter\Config\Services::uri(NU
【Previous Exception】
CodeIgniter\Exceptions\ConfigException
Config\App::$baseURL "http://localhost:lht-ci/" is not a valid URL.
#0 D:\Xampp-server-php_7-4-30\htdocs\lht-ci\system\HTTP\SiteURI.php(145): CodeIgniter\HTTP\SiteURI->normalizeBaseURL(Object(Config\App))
#1 D:\Xampp-server-php_7-4-30\htdocs\lht-ci\system\HTTP\SiteURI.php(100): CodeIgniter\HTTP\SiteURI->determineBaseURL(Object(Config\App), NULL, NULL)
#2 D:\Xampp-server-php_7-4-30\htdocs\lht-ci\system\HTTP\SiteURIFactory.php(224): CodeIgniter\HTTP\SiteURI->__construct(Object(Config\App), '/', NULL)
#3 D:\Xampp-server-php_7-4-30\htdocs\lht-ci\system\HTTP\SiteURIFactory.php(45): CodeIgniter\HTTP\SiteURIFactory->createURIFromRoutePath('/')
#4 D:\Xampp-server-php_7-4-30\htdocs\lht-ci\system\Config\Services.php(799): CodeIgniter\HTTP\SiteURIFactory->createFromGlobals()
#5 D:\Xampp-server-php_7-4-30\htdocs\lht-ci\system\Config\BaseService.php(258): CodeIgniter\Config\Services::uri(NULL, false)
#6 D:\Xampp-server-php_7-4-30\htdocs\lht-ci\system\Config\BaseService.php(199): CodeIgniter\Config\BaseService::__callStatic('uri', Array)
#7 D:\Xampp-server-php_7-4-30\htdocs\lht-ci\system\Config\Services.php(792): CodeIgniter\Config\BaseService::getSharedInstance('uri', NULL)
#8 D:\Xampp-server-php_7-4-30\htdocs\lht-ci\system\Config\BaseService.php(258): CodeIgniter\Config\Services::uri()
#9 D:\Xampp-server-php_7-4-30\htdocs\lht-ci\system\Config\Services.php(566): CodeIgniter\Config\BaseService::__callStatic('uri', Array)
#10 D:\Xampp-server-php_7-4-30\htdocs\lht-ci\system\Config\BaseService.php(258): CodeIgniter\Config\Services::incomingrequest(Object(Config\App), false)
#11 D:\Xampp-server-php_7-4-30\htdocs\lht-ci\system\Config\Services.php(524): CodeIgniter\Config\BaseService::__callStatic('incomingrequest', Array)
#12 D:\Xampp-server-php_7-4-30\htdocs\lht-ci\system\Config\BaseService.php(258): CodeIgniter\Config\Services::request(Object(Config\App), false)
#13 D:\Xampp-server-php_7-4-30\htdocs\lht-ci\system\Config\BaseService.php(199): CodeIgniter\Config\BaseService::__callStatic('request', Array)
#14 D:\Xampp-server-php_7-4-30\htdocs\lht-ci\system\Config\Services.php(559): CodeIgniter\Config\BaseService::getSharedInstance('request', Object(Config\App))
#15 D:\Xampp-server-php_7-4-30\htdocs\lht-ci\system\Config\BaseService.php(258): CodeIgniter\Config\Services::incomingrequest(Object(Config\App))
#16 D:\Xampp-server-php_7-4-30\htdocs\lht-ci\system\Config\Services.php(539): CodeIgniter\Config\BaseService::__callStatic('incomingrequest', Array)
#17 D:\Xampp-server-php_7-4-30\htdocs\lht-ci\system\Config\BaseService.php(258): CodeIgniter\Config\Services::createRequest(Object(Config\App))
#18 D:\Xampp-server-php_7-4-30\htdocs\lht-ci\system\CodeIgniter.php(655): CodeIgniter\Config\BaseService::__callStatic('createRequest', Array)
#19 D:\Xampp-server-php_7-4-30\htdocs\lht-ci\system\CodeIgniter.php(355): CodeIgniter\CodeIgniter->getRequestObject()
#20 D:\Xampp-server-php_7-4-30\htdocs\lht-ci\index.php(79): CodeIgniter\CodeIgniter->run()
#21 {main}
in SYSTEMPATH\HTTP\SiteURI.php on line 199.
 1 [internal function]: CodeIgniter\Debug\Exceptions->shutdownHandler()
CRITICAL - 2024-04-15 08:01:33 --> CodeIgniter\Exceptions\ConfigException: Config\App::$baseURL "http://localhost:lht-ci/" is not a valid URL.
in SYSTEMPATH\HTTP\SiteURI.php on line 199.
 1 SYSTEMPATH\HTTP\SiteURI.php(145): CodeIgniter\HTTP\SiteURI->normalizeBaseURL(Object(Config\App))
 2 SYSTEMPATH\HTTP\SiteURI.php(100): CodeIgniter\HTTP\SiteURI->determineBaseURL(Object(Config\App), null, null)
 3 SYSTEMPATH\HTTP\SiteURIFactory.php(224): CodeIgniter\HTTP\SiteURI->__construct(Object(Config\App), '/', null)
 4 SYSTEMPATH\HTTP\SiteURIFactory.php(45): CodeIgniter\HTTP\SiteURIFactory->createURIFromRoutePath('/')
 5 SYSTEMPATH\Config\Services.php(799): CodeIgniter\HTTP\SiteURIFactory->createFromGlobals()
 6 SYSTEMPATH\Config\BaseService.php(258): CodeIgniter\Config\Services::uri(null, false)
 7 SYSTEMPATH\Config\BaseService.php(199): CodeIgniter\Config\BaseService::__callStatic('uri', [...])
 8 SYSTEMPATH\Config\Services.php(792): CodeIgniter\Config\BaseService::getSharedInstance('uri', null)
 9 SYSTEMPATH\Config\BaseService.php(258): CodeIgniter\Config\Services::uri()
10 SYSTEMPATH\Config\Services.php(566): CodeIgniter\Config\BaseService::__callStatic('uri', [])
11 SYSTEMPATH\Config\BaseService.php(258): CodeIgniter\Config\Services::incomingrequest(Object(Config\App), false)
12 SYSTEMPATH\Config\Services.php(524): CodeIgniter\Config\BaseService::__callStatic('incomingrequest', [...])
13 SYSTEMPATH\Config\BaseService.php(258): CodeIgniter\Config\Services::request(Object(Config\App), false)
14 SYSTEMPATH\Config\BaseService.php(199): CodeIgniter\Config\BaseService::__callStatic('request', [...])
15 SYSTEMPATH\Config\Services.php(559): CodeIgniter\Config\BaseService::getSharedInstance('request', Object(Config\App))
16 SYSTEMPATH\Config\BaseService.php(258): CodeIgniter\Config\Services::incomingrequest(Object(Config\App))
17 SYSTEMPATH\Config\Services.php(539): CodeIgniter\Config\BaseService::__callStatic('incomingrequest', [...])
18 SYSTEMPATH\Config\BaseService.php(258): CodeIgniter\Config\Services::createRequest(Object(Config\App))
19 SYSTEMPATH\CodeIgniter.php(655): CodeIgniter\Config\BaseService::__callStatic('createRequest', [...])
20 SYSTEMPATH\CodeIgniter.php(355): CodeIgniter\CodeIgniter->getRequestObject()
21 FCPATH\index.php(79): CodeIgniter\CodeIgniter->run()
CRITICAL - 2024-04-15 08:01:33 --> ErrorException: Uncaught CodeIgniter\Exceptions\ConfigException: Config\App::$baseURL "http://localhost:lht-ci/" is not a valid URL. in D:\Xampp-server-php_7-4-30\htdocs\lht-ci\system\HTTP\SiteURI.php:199
Stack trace:
#0 D:\Xampp-server-php_7-4-30\htdocs\lht-ci\system\HTTP\SiteURI.php(145): CodeIgniter\HTTP\SiteURI->normalizeBaseURL(Object(Config\App))
#1 D:\Xampp-server-php_7-4-30\htdocs\lht-ci\system\HTTP\SiteURI.php(100): CodeIgniter\HTTP\SiteURI->determineBaseURL(Object(Config\App), NULL, NULL)
#2 D:\Xampp-server-php_7-4-30\htdocs\lht-ci\system\HTTP\SiteURIFactory.php(224): CodeIgniter\HTTP\SiteURI->__construct(Object(Config\App), '/', NULL)
#3 D:\Xampp-server-php_7-4-30\htdocs\lht-ci\system\HTTP\SiteURIFactory.php(45): CodeIgniter\HTTP\SiteURIFactory->createURIFromRoutePath('/')
#4 D:\Xampp-server-php_7-4-30\htdocs\lht-ci\system\Config\Services.php(799): CodeIgniter\HTTP\SiteURIFactory->createFromGlobals()
#5 D:\Xampp-server-php_7-4-30\htdocs\lht-ci\system\Config\BaseService.php(258): CodeIgniter\Config\Services::uri(NU
【Previous Exception】
CodeIgniter\Exceptions\ConfigException
Config\App::$baseURL "http://localhost:lht-ci/" is not a valid URL.
#0 D:\Xampp-server-php_7-4-30\htdocs\lht-ci\system\HTTP\SiteURI.php(145): CodeIgniter\HTTP\SiteURI->normalizeBaseURL(Object(Config\App))
#1 D:\Xampp-server-php_7-4-30\htdocs\lht-ci\system\HTTP\SiteURI.php(100): CodeIgniter\HTTP\SiteURI->determineBaseURL(Object(Config\App), NULL, NULL)
#2 D:\Xampp-server-php_7-4-30\htdocs\lht-ci\system\HTTP\SiteURIFactory.php(224): CodeIgniter\HTTP\SiteURI->__construct(Object(Config\App), '/', NULL)
#3 D:\Xampp-server-php_7-4-30\htdocs\lht-ci\system\HTTP\SiteURIFactory.php(45): CodeIgniter\HTTP\SiteURIFactory->createURIFromRoutePath('/')
#4 D:\Xampp-server-php_7-4-30\htdocs\lht-ci\system\Config\Services.php(799): CodeIgniter\HTTP\SiteURIFactory->createFromGlobals()
#5 D:\Xampp-server-php_7-4-30\htdocs\lht-ci\system\Config\BaseService.php(258): CodeIgniter\Config\Services::uri(NULL, false)
#6 D:\Xampp-server-php_7-4-30\htdocs\lht-ci\system\Config\BaseService.php(199): CodeIgniter\Config\BaseService::__callStatic('uri', Array)
#7 D:\Xampp-server-php_7-4-30\htdocs\lht-ci\system\Config\Services.php(792): CodeIgniter\Config\BaseService::getSharedInstance('uri', NULL)
#8 D:\Xampp-server-php_7-4-30\htdocs\lht-ci\system\Config\BaseService.php(258): CodeIgniter\Config\Services::uri()
#9 D:\Xampp-server-php_7-4-30\htdocs\lht-ci\system\Config\Services.php(566): CodeIgniter\Config\BaseService::__callStatic('uri', Array)
#10 D:\Xampp-server-php_7-4-30\htdocs\lht-ci\system\Config\BaseService.php(258): CodeIgniter\Config\Services::incomingrequest(Object(Config\App), false)
#11 D:\Xampp-server-php_7-4-30\htdocs\lht-ci\system\Config\Services.php(524): CodeIgniter\Config\BaseService::__callStatic('incomingrequest', Array)
#12 D:\Xampp-server-php_7-4-30\htdocs\lht-ci\system\Config\BaseService.php(258): CodeIgniter\Config\Services::request(Object(Config\App), false)
#13 D:\Xampp-server-php_7-4-30\htdocs\lht-ci\system\Config\BaseService.php(199): CodeIgniter\Config\BaseService::__callStatic('request', Array)
#14 D:\Xampp-server-php_7-4-30\htdocs\lht-ci\system\Config\Services.php(559): CodeIgniter\Config\BaseService::getSharedInstance('request', Object(Config\App))
#15 D:\Xampp-server-php_7-4-30\htdocs\lht-ci\system\Config\BaseService.php(258): CodeIgniter\Config\Services::incomingrequest(Object(Config\App))
#16 D:\Xampp-server-php_7-4-30\htdocs\lht-ci\system\Config\Services.php(539): CodeIgniter\Config\BaseService::__callStatic('incomingrequest', Array)
#17 D:\Xampp-server-php_7-4-30\htdocs\lht-ci\system\Config\BaseService.php(258): CodeIgniter\Config\Services::createRequest(Object(Config\App))
#18 D:\Xampp-server-php_7-4-30\htdocs\lht-ci\system\CodeIgniter.php(655): CodeIgniter\Config\BaseService::__callStatic('createRequest', Array)
#19 D:\Xampp-server-php_7-4-30\htdocs\lht-ci\system\CodeIgniter.php(355): CodeIgniter\CodeIgniter->getRequestObject()
#20 D:\Xampp-server-php_7-4-30\htdocs\lht-ci\index.php(79): CodeIgniter\CodeIgniter->run()
#21 {main}
in SYSTEMPATH\HTTP\SiteURI.php on line 199.
 1 [internal function]: CodeIgniter\Debug\Exceptions->shutdownHandler()
CRITICAL - 2024-04-15 08:02:17 --> CodeIgniter\Exceptions\ConfigException: Config\App::$baseURL "http://localhost:lht-ci/" is not a valid URL.
in SYSTEMPATH\HTTP\SiteURI.php on line 199.
 1 SYSTEMPATH\HTTP\SiteURI.php(145): CodeIgniter\HTTP\SiteURI->normalizeBaseURL(Object(Config\App))
 2 SYSTEMPATH\HTTP\SiteURI.php(100): CodeIgniter\HTTP\SiteURI->determineBaseURL(Object(Config\App), null, null)
 3 SYSTEMPATH\HTTP\SiteURIFactory.php(224): CodeIgniter\HTTP\SiteURI->__construct(Object(Config\App), '/', null)
 4 SYSTEMPATH\HTTP\SiteURIFactory.php(45): CodeIgniter\HTTP\SiteURIFactory->createURIFromRoutePath('/')
 5 SYSTEMPATH\Config\Services.php(799): CodeIgniter\HTTP\SiteURIFactory->createFromGlobals()
 6 SYSTEMPATH\Config\BaseService.php(258): CodeIgniter\Config\Services::uri(null, false)
 7 SYSTEMPATH\Config\BaseService.php(199): CodeIgniter\Config\BaseService::__callStatic('uri', [...])
 8 SYSTEMPATH\Config\Services.php(792): CodeIgniter\Config\BaseService::getSharedInstance('uri', null)
 9 SYSTEMPATH\Config\BaseService.php(258): CodeIgniter\Config\Services::uri()
10 SYSTEMPATH\Config\Services.php(566): CodeIgniter\Config\BaseService::__callStatic('uri', [])
11 SYSTEMPATH\Config\BaseService.php(258): CodeIgniter\Config\Services::incomingrequest(Object(Config\App), false)
12 SYSTEMPATH\Config\Services.php(524): CodeIgniter\Config\BaseService::__callStatic('incomingrequest', [...])
13 SYSTEMPATH\Config\BaseService.php(258): CodeIgniter\Config\Services::request(Object(Config\App), false)
14 SYSTEMPATH\Config\BaseService.php(199): CodeIgniter\Config\BaseService::__callStatic('request', [...])
15 SYSTEMPATH\Config\Services.php(559): CodeIgniter\Config\BaseService::getSharedInstance('request', Object(Config\App))
16 SYSTEMPATH\Config\BaseService.php(258): CodeIgniter\Config\Services::incomingrequest(Object(Config\App))
17 SYSTEMPATH\Config\Services.php(539): CodeIgniter\Config\BaseService::__callStatic('incomingrequest', [...])
18 SYSTEMPATH\Config\BaseService.php(258): CodeIgniter\Config\Services::createRequest(Object(Config\App))
19 SYSTEMPATH\CodeIgniter.php(655): CodeIgniter\Config\BaseService::__callStatic('createRequest', [...])
20 SYSTEMPATH\CodeIgniter.php(355): CodeIgniter\CodeIgniter->getRequestObject()
21 FCPATH\index.php(79): CodeIgniter\CodeIgniter->run()
CRITICAL - 2024-04-15 08:02:17 --> ErrorException: Uncaught CodeIgniter\Exceptions\ConfigException: Config\App::$baseURL "http://localhost:lht-ci/" is not a valid URL. in D:\Xampp-server-php_7-4-30\htdocs\lht-ci\system\HTTP\SiteURI.php:199
Stack trace:
#0 D:\Xampp-server-php_7-4-30\htdocs\lht-ci\system\HTTP\SiteURI.php(145): CodeIgniter\HTTP\SiteURI->normalizeBaseURL(Object(Config\App))
#1 D:\Xampp-server-php_7-4-30\htdocs\lht-ci\system\HTTP\SiteURI.php(100): CodeIgniter\HTTP\SiteURI->determineBaseURL(Object(Config\App), NULL, NULL)
#2 D:\Xampp-server-php_7-4-30\htdocs\lht-ci\system\HTTP\SiteURIFactory.php(224): CodeIgniter\HTTP\SiteURI->__construct(Object(Config\App), '/', NULL)
#3 D:\Xampp-server-php_7-4-30\htdocs\lht-ci\system\HTTP\SiteURIFactory.php(45): CodeIgniter\HTTP\SiteURIFactory->createURIFromRoutePath('/')
#4 D:\Xampp-server-php_7-4-30\htdocs\lht-ci\system\Config\Services.php(799): CodeIgniter\HTTP\SiteURIFactory->createFromGlobals()
#5 D:\Xampp-server-php_7-4-30\htdocs\lht-ci\system\Config\BaseService.php(258): CodeIgniter\Config\Services::uri(NU
【Previous Exception】
CodeIgniter\Exceptions\ConfigException
Config\App::$baseURL "http://localhost:lht-ci/" is not a valid URL.
#0 D:\Xampp-server-php_7-4-30\htdocs\lht-ci\system\HTTP\SiteURI.php(145): CodeIgniter\HTTP\SiteURI->normalizeBaseURL(Object(Config\App))
#1 D:\Xampp-server-php_7-4-30\htdocs\lht-ci\system\HTTP\SiteURI.php(100): CodeIgniter\HTTP\SiteURI->determineBaseURL(Object(Config\App), NULL, NULL)
#2 D:\Xampp-server-php_7-4-30\htdocs\lht-ci\system\HTTP\SiteURIFactory.php(224): CodeIgniter\HTTP\SiteURI->__construct(Object(Config\App), '/', NULL)
#3 D:\Xampp-server-php_7-4-30\htdocs\lht-ci\system\HTTP\SiteURIFactory.php(45): CodeIgniter\HTTP\SiteURIFactory->createURIFromRoutePath('/')
#4 D:\Xampp-server-php_7-4-30\htdocs\lht-ci\system\Config\Services.php(799): CodeIgniter\HTTP\SiteURIFactory->createFromGlobals()
#5 D:\Xampp-server-php_7-4-30\htdocs\lht-ci\system\Config\BaseService.php(258): CodeIgniter\Config\Services::uri(NULL, false)
#6 D:\Xampp-server-php_7-4-30\htdocs\lht-ci\system\Config\BaseService.php(199): CodeIgniter\Config\BaseService::__callStatic('uri', Array)
#7 D:\Xampp-server-php_7-4-30\htdocs\lht-ci\system\Config\Services.php(792): CodeIgniter\Config\BaseService::getSharedInstance('uri', NULL)
#8 D:\Xampp-server-php_7-4-30\htdocs\lht-ci\system\Config\BaseService.php(258): CodeIgniter\Config\Services::uri()
#9 D:\Xampp-server-php_7-4-30\htdocs\lht-ci\system\Config\Services.php(566): CodeIgniter\Config\BaseService::__callStatic('uri', Array)
#10 D:\Xampp-server-php_7-4-30\htdocs\lht-ci\system\Config\BaseService.php(258): CodeIgniter\Config\Services::incomingrequest(Object(Config\App), false)
#11 D:\Xampp-server-php_7-4-30\htdocs\lht-ci\system\Config\Services.php(524): CodeIgniter\Config\BaseService::__callStatic('incomingrequest', Array)
#12 D:\Xampp-server-php_7-4-30\htdocs\lht-ci\system\Config\BaseService.php(258): CodeIgniter\Config\Services::request(Object(Config\App), false)
#13 D:\Xampp-server-php_7-4-30\htdocs\lht-ci\system\Config\BaseService.php(199): CodeIgniter\Config\BaseService::__callStatic('request', Array)
#14 D:\Xampp-server-php_7-4-30\htdocs\lht-ci\system\Config\Services.php(559): CodeIgniter\Config\BaseService::getSharedInstance('request', Object(Config\App))
#15 D:\Xampp-server-php_7-4-30\htdocs\lht-ci\system\Config\BaseService.php(258): CodeIgniter\Config\Services::incomingrequest(Object(Config\App))
#16 D:\Xampp-server-php_7-4-30\htdocs\lht-ci\system\Config\Services.php(539): CodeIgniter\Config\BaseService::__callStatic('incomingrequest', Array)
#17 D:\Xampp-server-php_7-4-30\htdocs\lht-ci\system\Config\BaseService.php(258): CodeIgniter\Config\Services::createRequest(Object(Config\App))
#18 D:\Xampp-server-php_7-4-30\htdocs\lht-ci\system\CodeIgniter.php(655): CodeIgniter\Config\BaseService::__callStatic('createRequest', Array)
#19 D:\Xampp-server-php_7-4-30\htdocs\lht-ci\system\CodeIgniter.php(355): CodeIgniter\CodeIgniter->getRequestObject()
#20 D:\Xampp-server-php_7-4-30\htdocs\lht-ci\index.php(79): CodeIgniter\CodeIgniter->run()
#21 {main}
in SYSTEMPATH\HTTP\SiteURI.php on line 199.
 1 [internal function]: CodeIgniter\Debug\Exceptions->shutdownHandler()
CRITICAL - 2024-04-15 08:02:18 --> CodeIgniter\Exceptions\ConfigException: Config\App::$baseURL "http://localhost:lht-ci/" is not a valid URL.
in SYSTEMPATH\HTTP\SiteURI.php on line 199.
 1 SYSTEMPATH\HTTP\SiteURI.php(145): CodeIgniter\HTTP\SiteURI->normalizeBaseURL(Object(Config\App))
 2 SYSTEMPATH\HTTP\SiteURI.php(100): CodeIgniter\HTTP\SiteURI->determineBaseURL(Object(Config\App), null, null)
 3 SYSTEMPATH\HTTP\SiteURIFactory.php(224): CodeIgniter\HTTP\SiteURI->__construct(Object(Config\App), '/', null)
 4 SYSTEMPATH\HTTP\SiteURIFactory.php(45): CodeIgniter\HTTP\SiteURIFactory->createURIFromRoutePath('/')
 5 SYSTEMPATH\Config\Services.php(799): CodeIgniter\HTTP\SiteURIFactory->createFromGlobals()
 6 SYSTEMPATH\Config\BaseService.php(258): CodeIgniter\Config\Services::uri(null, false)
 7 SYSTEMPATH\Config\BaseService.php(199): CodeIgniter\Config\BaseService::__callStatic('uri', [...])
 8 SYSTEMPATH\Config\Services.php(792): CodeIgniter\Config\BaseService::getSharedInstance('uri', null)
 9 SYSTEMPATH\Config\BaseService.php(258): CodeIgniter\Config\Services::uri()
10 SYSTEMPATH\Config\Services.php(566): CodeIgniter\Config\BaseService::__callStatic('uri', [])
11 SYSTEMPATH\Config\BaseService.php(258): CodeIgniter\Config\Services::incomingrequest(Object(Config\App), false)
12 SYSTEMPATH\Config\Services.php(524): CodeIgniter\Config\BaseService::__callStatic('incomingrequest', [...])
13 SYSTEMPATH\Config\BaseService.php(258): CodeIgniter\Config\Services::request(Object(Config\App), false)
14 SYSTEMPATH\Config\BaseService.php(199): CodeIgniter\Config\BaseService::__callStatic('request', [...])
15 SYSTEMPATH\Config\Services.php(559): CodeIgniter\Config\BaseService::getSharedInstance('request', Object(Config\App))
16 SYSTEMPATH\Config\BaseService.php(258): CodeIgniter\Config\Services::incomingrequest(Object(Config\App))
17 SYSTEMPATH\Config\Services.php(539): CodeIgniter\Config\BaseService::__callStatic('incomingrequest', [...])
18 SYSTEMPATH\Config\BaseService.php(258): CodeIgniter\Config\Services::createRequest(Object(Config\App))
19 SYSTEMPATH\CodeIgniter.php(655): CodeIgniter\Config\BaseService::__callStatic('createRequest', [...])
20 SYSTEMPATH\CodeIgniter.php(355): CodeIgniter\CodeIgniter->getRequestObject()
21 FCPATH\index.php(79): CodeIgniter\CodeIgniter->run()
CRITICAL - 2024-04-15 08:02:18 --> ErrorException: Uncaught CodeIgniter\Exceptions\ConfigException: Config\App::$baseURL "http://localhost:lht-ci/" is not a valid URL. in D:\Xampp-server-php_7-4-30\htdocs\lht-ci\system\HTTP\SiteURI.php:199
Stack trace:
#0 D:\Xampp-server-php_7-4-30\htdocs\lht-ci\system\HTTP\SiteURI.php(145): CodeIgniter\HTTP\SiteURI->normalizeBaseURL(Object(Config\App))
#1 D:\Xampp-server-php_7-4-30\htdocs\lht-ci\system\HTTP\SiteURI.php(100): CodeIgniter\HTTP\SiteURI->determineBaseURL(Object(Config\App), NULL, NULL)
#2 D:\Xampp-server-php_7-4-30\htdocs\lht-ci\system\HTTP\SiteURIFactory.php(224): CodeIgniter\HTTP\SiteURI->__construct(Object(Config\App), '/', NULL)
#3 D:\Xampp-server-php_7-4-30\htdocs\lht-ci\system\HTTP\SiteURIFactory.php(45): CodeIgniter\HTTP\SiteURIFactory->createURIFromRoutePath('/')
#4 D:\Xampp-server-php_7-4-30\htdocs\lht-ci\system\Config\Services.php(799): CodeIgniter\HTTP\SiteURIFactory->createFromGlobals()
#5 D:\Xampp-server-php_7-4-30\htdocs\lht-ci\system\Config\BaseService.php(258): CodeIgniter\Config\Services::uri(NU
【Previous Exception】
CodeIgniter\Exceptions\ConfigException
Config\App::$baseURL "http://localhost:lht-ci/" is not a valid URL.
#0 D:\Xampp-server-php_7-4-30\htdocs\lht-ci\system\HTTP\SiteURI.php(145): CodeIgniter\HTTP\SiteURI->normalizeBaseURL(Object(Config\App))
#1 D:\Xampp-server-php_7-4-30\htdocs\lht-ci\system\HTTP\SiteURI.php(100): CodeIgniter\HTTP\SiteURI->determineBaseURL(Object(Config\App), NULL, NULL)
#2 D:\Xampp-server-php_7-4-30\htdocs\lht-ci\system\HTTP\SiteURIFactory.php(224): CodeIgniter\HTTP\SiteURI->__construct(Object(Config\App), '/', NULL)
#3 D:\Xampp-server-php_7-4-30\htdocs\lht-ci\system\HTTP\SiteURIFactory.php(45): CodeIgniter\HTTP\SiteURIFactory->createURIFromRoutePath('/')
#4 D:\Xampp-server-php_7-4-30\htdocs\lht-ci\system\Config\Services.php(799): CodeIgniter\HTTP\SiteURIFactory->createFromGlobals()
#5 D:\Xampp-server-php_7-4-30\htdocs\lht-ci\system\Config\BaseService.php(258): CodeIgniter\Config\Services::uri(NULL, false)
#6 D:\Xampp-server-php_7-4-30\htdocs\lht-ci\system\Config\BaseService.php(199): CodeIgniter\Config\BaseService::__callStatic('uri', Array)
#7 D:\Xampp-server-php_7-4-30\htdocs\lht-ci\system\Config\Services.php(792): CodeIgniter\Config\BaseService::getSharedInstance('uri', NULL)
#8 D:\Xampp-server-php_7-4-30\htdocs\lht-ci\system\Config\BaseService.php(258): CodeIgniter\Config\Services::uri()
#9 D:\Xampp-server-php_7-4-30\htdocs\lht-ci\system\Config\Services.php(566): CodeIgniter\Config\BaseService::__callStatic('uri', Array)
#10 D:\Xampp-server-php_7-4-30\htdocs\lht-ci\system\Config\BaseService.php(258): CodeIgniter\Config\Services::incomingrequest(Object(Config\App), false)
#11 D:\Xampp-server-php_7-4-30\htdocs\lht-ci\system\Config\Services.php(524): CodeIgniter\Config\BaseService::__callStatic('incomingrequest', Array)
#12 D:\Xampp-server-php_7-4-30\htdocs\lht-ci\system\Config\BaseService.php(258): CodeIgniter\Config\Services::request(Object(Config\App), false)
#13 D:\Xampp-server-php_7-4-30\htdocs\lht-ci\system\Config\BaseService.php(199): CodeIgniter\Config\BaseService::__callStatic('request', Array)
#14 D:\Xampp-server-php_7-4-30\htdocs\lht-ci\system\Config\Services.php(559): CodeIgniter\Config\BaseService::getSharedInstance('request', Object(Config\App))
#15 D:\Xampp-server-php_7-4-30\htdocs\lht-ci\system\Config\BaseService.php(258): CodeIgniter\Config\Services::incomingrequest(Object(Config\App))
#16 D:\Xampp-server-php_7-4-30\htdocs\lht-ci\system\Config\Services.php(539): CodeIgniter\Config\BaseService::__callStatic('incomingrequest', Array)
#17 D:\Xampp-server-php_7-4-30\htdocs\lht-ci\system\Config\BaseService.php(258): CodeIgniter\Config\Services::createRequest(Object(Config\App))
#18 D:\Xampp-server-php_7-4-30\htdocs\lht-ci\system\CodeIgniter.php(655): CodeIgniter\Config\BaseService::__callStatic('createRequest', Array)
#19 D:\Xampp-server-php_7-4-30\htdocs\lht-ci\system\CodeIgniter.php(355): CodeIgniter\CodeIgniter->getRequestObject()
#20 D:\Xampp-server-php_7-4-30\htdocs\lht-ci\index.php(79): CodeIgniter\CodeIgniter->run()
#21 {main}
in SYSTEMPATH\HTTP\SiteURI.php on line 199.
 1 [internal function]: CodeIgniter\Debug\Exceptions->shutdownHandler()
CRITICAL - 2024-04-15 08:02:18 --> CodeIgniter\Exceptions\ConfigException: Config\App::$baseURL "http://localhost:lht-ci/" is not a valid URL.
in SYSTEMPATH\HTTP\SiteURI.php on line 199.
 1 SYSTEMPATH\HTTP\SiteURI.php(145): CodeIgniter\HTTP\SiteURI->normalizeBaseURL(Object(Config\App))
 2 SYSTEMPATH\HTTP\SiteURI.php(100): CodeIgniter\HTTP\SiteURI->determineBaseURL(Object(Config\App), null, null)
 3 SYSTEMPATH\HTTP\SiteURIFactory.php(224): CodeIgniter\HTTP\SiteURI->__construct(Object(Config\App), '/', null)
 4 SYSTEMPATH\HTTP\SiteURIFactory.php(45): CodeIgniter\HTTP\SiteURIFactory->createURIFromRoutePath('/')
 5 SYSTEMPATH\Config\Services.php(799): CodeIgniter\HTTP\SiteURIFactory->createFromGlobals()
 6 SYSTEMPATH\Config\BaseService.php(258): CodeIgniter\Config\Services::uri(null, false)
 7 SYSTEMPATH\Config\BaseService.php(199): CodeIgniter\Config\BaseService::__callStatic('uri', [...])
 8 SYSTEMPATH\Config\Services.php(792): CodeIgniter\Config\BaseService::getSharedInstance('uri', null)
 9 SYSTEMPATH\Config\BaseService.php(258): CodeIgniter\Config\Services::uri()
10 SYSTEMPATH\Config\Services.php(566): CodeIgniter\Config\BaseService::__callStatic('uri', [])
11 SYSTEMPATH\Config\BaseService.php(258): CodeIgniter\Config\Services::incomingrequest(Object(Config\App), false)
12 SYSTEMPATH\Config\Services.php(524): CodeIgniter\Config\BaseService::__callStatic('incomingrequest', [...])
13 SYSTEMPATH\Config\BaseService.php(258): CodeIgniter\Config\Services::request(Object(Config\App), false)
14 SYSTEMPATH\Config\BaseService.php(199): CodeIgniter\Config\BaseService::__callStatic('request', [...])
15 SYSTEMPATH\Config\Services.php(559): CodeIgniter\Config\BaseService::getSharedInstance('request', Object(Config\App))
16 SYSTEMPATH\Config\BaseService.php(258): CodeIgniter\Config\Services::incomingrequest(Object(Config\App))
17 SYSTEMPATH\Config\Services.php(539): CodeIgniter\Config\BaseService::__callStatic('incomingrequest', [...])
18 SYSTEMPATH\Config\BaseService.php(258): CodeIgniter\Config\Services::createRequest(Object(Config\App))
19 SYSTEMPATH\CodeIgniter.php(655): CodeIgniter\Config\BaseService::__callStatic('createRequest', [...])
20 SYSTEMPATH\CodeIgniter.php(355): CodeIgniter\CodeIgniter->getRequestObject()
21 FCPATH\index.php(79): CodeIgniter\CodeIgniter->run()
CRITICAL - 2024-04-15 08:02:18 --> ErrorException: Uncaught CodeIgniter\Exceptions\ConfigException: Config\App::$baseURL "http://localhost:lht-ci/" is not a valid URL. in D:\Xampp-server-php_7-4-30\htdocs\lht-ci\system\HTTP\SiteURI.php:199
Stack trace:
#0 D:\Xampp-server-php_7-4-30\htdocs\lht-ci\system\HTTP\SiteURI.php(145): CodeIgniter\HTTP\SiteURI->normalizeBaseURL(Object(Config\App))
#1 D:\Xampp-server-php_7-4-30\htdocs\lht-ci\system\HTTP\SiteURI.php(100): CodeIgniter\HTTP\SiteURI->determineBaseURL(Object(Config\App), NULL, NULL)
#2 D:\Xampp-server-php_7-4-30\htdocs\lht-ci\system\HTTP\SiteURIFactory.php(224): CodeIgniter\HTTP\SiteURI->__construct(Object(Config\App), '/', NULL)
#3 D:\Xampp-server-php_7-4-30\htdocs\lht-ci\system\HTTP\SiteURIFactory.php(45): CodeIgniter\HTTP\SiteURIFactory->createURIFromRoutePath('/')
#4 D:\Xampp-server-php_7-4-30\htdocs\lht-ci\system\Config\Services.php(799): CodeIgniter\HTTP\SiteURIFactory->createFromGlobals()
#5 D:\Xampp-server-php_7-4-30\htdocs\lht-ci\system\Config\BaseService.php(258): CodeIgniter\Config\Services::uri(NU
【Previous Exception】
CodeIgniter\Exceptions\ConfigException
Config\App::$baseURL "http://localhost:lht-ci/" is not a valid URL.
#0 D:\Xampp-server-php_7-4-30\htdocs\lht-ci\system\HTTP\SiteURI.php(145): CodeIgniter\HTTP\SiteURI->normalizeBaseURL(Object(Config\App))
#1 D:\Xampp-server-php_7-4-30\htdocs\lht-ci\system\HTTP\SiteURI.php(100): CodeIgniter\HTTP\SiteURI->determineBaseURL(Object(Config\App), NULL, NULL)
#2 D:\Xampp-server-php_7-4-30\htdocs\lht-ci\system\HTTP\SiteURIFactory.php(224): CodeIgniter\HTTP\SiteURI->__construct(Object(Config\App), '/', NULL)
#3 D:\Xampp-server-php_7-4-30\htdocs\lht-ci\system\HTTP\SiteURIFactory.php(45): CodeIgniter\HTTP\SiteURIFactory->createURIFromRoutePath('/')
#4 D:\Xampp-server-php_7-4-30\htdocs\lht-ci\system\Config\Services.php(799): CodeIgniter\HTTP\SiteURIFactory->createFromGlobals()
#5 D:\Xampp-server-php_7-4-30\htdocs\lht-ci\system\Config\BaseService.php(258): CodeIgniter\Config\Services::uri(NULL, false)
#6 D:\Xampp-server-php_7-4-30\htdocs\lht-ci\system\Config\BaseService.php(199): CodeIgniter\Config\BaseService::__callStatic('uri', Array)
#7 D:\Xampp-server-php_7-4-30\htdocs\lht-ci\system\Config\Services.php(792): CodeIgniter\Config\BaseService::getSharedInstance('uri', NULL)
#8 D:\Xampp-server-php_7-4-30\htdocs\lht-ci\system\Config\BaseService.php(258): CodeIgniter\Config\Services::uri()
#9 D:\Xampp-server-php_7-4-30\htdocs\lht-ci\system\Config\Services.php(566): CodeIgniter\Config\BaseService::__callStatic('uri', Array)
#10 D:\Xampp-server-php_7-4-30\htdocs\lht-ci\system\Config\BaseService.php(258): CodeIgniter\Config\Services::incomingrequest(Object(Config\App), false)
#11 D:\Xampp-server-php_7-4-30\htdocs\lht-ci\system\Config\Services.php(524): CodeIgniter\Config\BaseService::__callStatic('incomingrequest', Array)
#12 D:\Xampp-server-php_7-4-30\htdocs\lht-ci\system\Config\BaseService.php(258): CodeIgniter\Config\Services::request(Object(Config\App), false)
#13 D:\Xampp-server-php_7-4-30\htdocs\lht-ci\system\Config\BaseService.php(199): CodeIgniter\Config\BaseService::__callStatic('request', Array)
#14 D:\Xampp-server-php_7-4-30\htdocs\lht-ci\system\Config\Services.php(559): CodeIgniter\Config\BaseService::getSharedInstance('request', Object(Config\App))
#15 D:\Xampp-server-php_7-4-30\htdocs\lht-ci\system\Config\BaseService.php(258): CodeIgniter\Config\Services::incomingrequest(Object(Config\App))
#16 D:\Xampp-server-php_7-4-30\htdocs\lht-ci\system\Config\Services.php(539): CodeIgniter\Config\BaseService::__callStatic('incomingrequest', Array)
#17 D:\Xampp-server-php_7-4-30\htdocs\lht-ci\system\Config\BaseService.php(258): CodeIgniter\Config\Services::createRequest(Object(Config\App))
#18 D:\Xampp-server-php_7-4-30\htdocs\lht-ci\system\CodeIgniter.php(655): CodeIgniter\Config\BaseService::__callStatic('createRequest', Array)
#19 D:\Xampp-server-php_7-4-30\htdocs\lht-ci\system\CodeIgniter.php(355): CodeIgniter\CodeIgniter->getRequestObject()
#20 D:\Xampp-server-php_7-4-30\htdocs\lht-ci\index.php(79): CodeIgniter\CodeIgniter->run()
#21 {main}
in SYSTEMPATH\HTTP\SiteURI.php on line 199.
 1 [internal function]: CodeIgniter\Debug\Exceptions->shutdownHandler()
