INFO - 2024-08-20 04:28:56 --> Session: Class initialized using 'CodeIgniter\Session\Handlers\FileHandler' driver.
INFO - 2024-08-20 06:19:44 --> Session: Class initialized using 'CodeIgniter\Session\Handlers\FileHandler' driver.
INFO - 2024-08-20 06:20:41 --> Session: Class initialized using 'CodeIgniter\Session\Handlers\FileHandler' driver.
INFO - 2024-08-20 06:20:42 --> Session: Class initialized using 'CodeIgniter\Session\Handlers\FileHandler' driver.
INFO - 2024-08-20 06:44:00 --> Session: Class initialized using 'CodeIgniter\Session\Handlers\FileHandler' driver.
INFO - 2024-08-20 06:44:01 --> Session: Class initialized using 'CodeIgniter\Session\Handlers\FileHandler' driver.
INFO - 2024-08-20 06:44:02 --> Session: Class initialized using 'CodeIgniter\Session\Handlers\FileHandler' driver.
INFO - 2024-08-20 06:44:04 --> Session: Class initialized using 'CodeIgniter\Session\Handlers\FileHandler' driver.
INFO - 2024-08-20 06:44:31 --> Session: Class initialized using 'CodeIgniter\Session\Handlers\FileHandler' driver.
INFO - 2024-08-20 06:44:31 --> Session: Class initialized using 'CodeIgniter\Session\Handlers\FileHandler' driver.
INFO - 2024-08-20 06:46:03 --> Session: Class initialized using 'CodeIgniter\Session\Handlers\FileHandler' driver.
INFO - 2024-08-20 06:46:04 --> Session: Class initialized using 'CodeIgniter\Session\Handlers\FileHandler' driver.
INFO - 2024-08-20 06:46:05 --> Session: Class initialized using 'CodeIgniter\Session\Handlers\FileHandler' driver.
INFO - 2024-08-20 06:46:06 --> Session: Class initialized using 'CodeIgniter\Session\Handlers\FileHandler' driver.
INFO - 2024-08-20 06:46:06 --> Session: Class initialized using 'CodeIgniter\Session\Handlers\FileHandler' driver.
INFO - 2024-08-20 06:46:07 --> Session: Class initialized using 'CodeIgniter\Session\Handlers\FileHandler' driver.
INFO - 2024-08-20 06:46:07 --> Session: Class initialized using 'CodeIgniter\Session\Handlers\FileHandler' driver.
INFO - 2024-08-20 06:46:19 --> Session: Class initialized using 'CodeIgniter\Session\Handlers\FileHandler' driver.
INFO - 2024-08-20 06:46:24 --> Session: Class initialized using 'CodeIgniter\Session\Handlers\FileHandler' driver.
INFO - 2024-08-20 06:46:24 --> Session: Class initialized using 'CodeIgniter\Session\Handlers\FileHandler' driver.
INFO - 2024-08-20 06:46:24 --> Session: Class initialized using 'CodeIgniter\Session\Handlers\FileHandler' driver.
INFO - 2024-08-20 06:50:08 --> Session: Class initialized using 'CodeIgniter\Session\Handlers\FileHandler' driver.
INFO - 2024-08-20 06:50:08 --> Session: Class initialized using 'CodeIgniter\Session\Handlers\FileHandler' driver.
INFO - 2024-08-20 06:51:23 --> Session: Class initialized using 'CodeIgniter\Session\Handlers\FileHandler' driver.
INFO - 2024-08-20 06:51:43 --> Session: Class initialized using 'CodeIgniter\Session\Handlers\FileHandler' driver.
INFO - 2024-08-20 06:51:44 --> Session: Class initialized using 'CodeIgniter\Session\Handlers\FileHandler' driver.
INFO - 2024-08-20 06:54:45 --> Session: Class initialized using 'CodeIgniter\Session\Handlers\FileHandler' driver.
INFO - 2024-08-20 06:54:46 --> Session: Class initialized using 'CodeIgniter\Session\Handlers\FileHandler' driver.
INFO - 2024-08-20 06:54:59 --> Session: Class initialized using 'CodeIgniter\Session\Handlers\FileHandler' driver.
INFO - 2024-08-20 06:54:59 --> Session: Class initialized using 'CodeIgniter\Session\Handlers\FileHandler' driver.
INFO - 2024-08-20 07:18:18 --> Session: Class initialized using 'CodeIgniter\Session\Handlers\FileHandler' driver.
INFO - 2024-08-20 07:18:19 --> Session: Class initialized using 'CodeIgniter\Session\Handlers\FileHandler' driver.
INFO - 2024-08-20 07:18:19 --> Session: Class initialized using 'CodeIgniter\Session\Handlers\FileHandler' driver.
INFO - 2024-08-20 07:18:28 --> Session: Class initialized using 'CodeIgniter\Session\Handlers\FileHandler' driver.
INFO - 2024-08-20 07:18:28 --> Session: Class initialized using 'CodeIgniter\Session\Handlers\FileHandler' driver.
INFO - 2024-08-20 07:20:17 --> Session: Class initialized using 'CodeIgniter\Session\Handlers\FileHandler' driver.
INFO - 2024-08-20 07:20:18 --> Session: Class initialized using 'CodeIgniter\Session\Handlers\FileHandler' driver.
INFO - 2024-08-20 07:20:18 --> Session: Class initialized using 'CodeIgniter\Session\Handlers\FileHandler' driver.
INFO - 2024-08-20 07:20:24 --> Session: Class initialized using 'CodeIgniter\Session\Handlers\FileHandler' driver.
INFO - 2024-08-20 07:20:24 --> Session: Class initialized using 'CodeIgniter\Session\Handlers\FileHandler' driver.
INFO - 2024-08-20 08:51:10 --> Session: Class initialized using 'CodeIgniter\Session\Handlers\FileHandler' driver.
CRITICAL - 2024-08-20 08:51:10 --> Error: Class "App\Models\RegistrarModel" not found
in APPPATH\Controllers\RegistrarController.php on line 22.
 1 SYSTEMPATH\CodeIgniter.php(941): App\Controllers\RegistrarController->index()
 2 SYSTEMPATH\CodeIgniter.php(502): CodeIgniter\CodeIgniter->runController(Object(App\Controllers\RegistrarController))
 3 SYSTEMPATH\CodeIgniter.php(361): CodeIgniter\CodeIgniter->handleRequest(null, Object(Config\Cache), false)
 4 FCPATH\index.php(79): CodeIgniter\CodeIgniter->run()
INFO - 2024-08-20 08:52:30 --> Session: Class initialized using 'CodeIgniter\Session\Handlers\FileHandler' driver.
CRITICAL - 2024-08-20 08:52:30 --> Exception: Invalid type
in APPPATH\Models\RegistrarModel.php on line 29.
 1 APPPATH\Models\RegistrarModel.php(13): App\Models\RegistrarModel->getTableByType('manuscript1_m')
 2 APPPATH\Controllers\RegistrarController.php(24): App\Models\RegistrarModel->fetchApprovedByCataloguer('manuscript1_m')
 3 SYSTEMPATH\CodeIgniter.php(941): App\Controllers\RegistrarController->index()
 4 SYSTEMPATH\CodeIgniter.php(502): CodeIgniter\CodeIgniter->runController(Object(App\Controllers\RegistrarController))
 5 SYSTEMPATH\CodeIgniter.php(361): CodeIgniter\CodeIgniter->handleRequest(null, Object(Config\Cache), false)
 6 FCPATH\index.php(79): CodeIgniter\CodeIgniter->run()
INFO - 2024-08-20 08:53:06 --> Session: Class initialized using 'CodeIgniter\Session\Handlers\FileHandler' driver.
CRITICAL - 2024-08-20 08:53:06 --> CodeIgniter\Database\Exceptions\DatabaseException: You must set the database table to be used with your query.
in SYSTEMPATH\Database\BaseConnection.php on line 884.
 1 SYSTEMPATH\Model.php(662): CodeIgniter\Database\BaseConnection->table(null)
 2 SYSTEMPATH\Model.php(864): CodeIgniter\Model->builder()
 3 APPPATH\Models\RegistrarModel.php(14): CodeIgniter\Model->__call('where', [...])
 4 APPPATH\Controllers\RegistrarController.php(24): App\Models\RegistrarModel->fetchApprovedByCataloguer('manuscript1_m')
 5 SYSTEMPATH\CodeIgniter.php(941): App\Controllers\RegistrarController->index()
 6 SYSTEMPATH\CodeIgniter.php(502): CodeIgniter\CodeIgniter->runController(Object(App\Controllers\RegistrarController))
 7 SYSTEMPATH\CodeIgniter.php(361): CodeIgniter\CodeIgniter->handleRequest(null, Object(Config\Cache), false)
 8 FCPATH\index.php(79): CodeIgniter\CodeIgniter->run()
INFO - 2024-08-20 08:58:09 --> Session: Class initialized using 'CodeIgniter\Session\Handlers\FileHandler' driver.
CRITICAL - 2024-08-20 08:58:25 --> CodeIgniter\Database\Exceptions\DatabaseException: You must set the database table to be used with your query.
in SYSTEMPATH\Database\BaseConnection.php on line 884.
 1 SYSTEMPATH\Model.php(662): CodeIgniter\Database\BaseConnection->table('')
 2 SYSTEMPATH\Model.php(864): CodeIgniter\Model->builder()
 3 APPPATH\Controllers\RegistrarController.php(35): CodeIgniter\Model->__call('getTableByType', [...])
 4 SYSTEMPATH\CodeIgniter.php(941): App\Controllers\RegistrarController->view_pdf('27', 'periodical')
 5 SYSTEMPATH\CodeIgniter.php(502): CodeIgniter\CodeIgniter->runController(Object(App\Controllers\RegistrarController))
 6 SYSTEMPATH\CodeIgniter.php(361): CodeIgniter\CodeIgniter->handleRequest(null, Object(Config\Cache), false)
 7 FCPATH\index.php(79): CodeIgniter\CodeIgniter->run()
INFO - 2024-08-20 08:58:31 --> Session: Class initialized using 'CodeIgniter\Session\Handlers\FileHandler' driver.
CRITICAL - 2024-08-20 08:58:35 --> CodeIgniter\Database\Exceptions\DatabaseException: You must set the database table to be used with your query.
in SYSTEMPATH\Database\BaseConnection.php on line 884.
 1 SYSTEMPATH\Model.php(662): CodeIgniter\Database\BaseConnection->table('')
 2 SYSTEMPATH\Model.php(864): CodeIgniter\Model->builder()
 3 APPPATH\Controllers\RegistrarController.php(35): CodeIgniter\Model->__call('getTableByType', [...])
 4 SYSTEMPATH\CodeIgniter.php(941): App\Controllers\RegistrarController->view_pdf('19', 'catalogue')
 5 SYSTEMPATH\CodeIgniter.php(502): CodeIgniter\CodeIgniter->runController(Object(App\Controllers\RegistrarController))
 6 SYSTEMPATH\CodeIgniter.php(361): CodeIgniter\CodeIgniter->handleRequest(null, Object(Config\Cache), false)
 7 FCPATH\index.php(79): CodeIgniter\CodeIgniter->run()
CRITICAL - 2024-08-20 09:02:31 --> CodeIgniter\Database\Exceptions\DatabaseException: You must set the database table to be used with your query.
in SYSTEMPATH\Database\BaseConnection.php on line 884.
 1 SYSTEMPATH\Model.php(662): CodeIgniter\Database\BaseConnection->table('')
 2 SYSTEMPATH\Model.php(864): CodeIgniter\Model->builder()
 3 APPPATH\Controllers\RegistrarController.php(35): CodeIgniter\Model->__call('getTableByType', [...])
 4 SYSTEMPATH\CodeIgniter.php(941): App\Controllers\RegistrarController->view_pdf('19', 'catalogue')
 5 SYSTEMPATH\CodeIgniter.php(502): CodeIgniter\CodeIgniter->runController(Object(App\Controllers\RegistrarController))
 6 SYSTEMPATH\CodeIgniter.php(361): CodeIgniter\CodeIgniter->handleRequest(null, Object(Config\Cache), false)
 7 FCPATH\index.php(79): CodeIgniter\CodeIgniter->run()
CRITICAL - 2024-08-20 09:02:33 --> CodeIgniter\Database\Exceptions\DatabaseException: You must set the database table to be used with your query.
in SYSTEMPATH\Database\BaseConnection.php on line 884.
 1 SYSTEMPATH\Model.php(662): CodeIgniter\Database\BaseConnection->table('')
 2 SYSTEMPATH\Model.php(864): CodeIgniter\Model->builder()
 3 APPPATH\Controllers\RegistrarController.php(35): CodeIgniter\Model->__call('getTableByType', [...])
 4 SYSTEMPATH\CodeIgniter.php(941): App\Controllers\RegistrarController->view_pdf('19', 'catalogue')
 5 SYSTEMPATH\CodeIgniter.php(502): CodeIgniter\CodeIgniter->runController(Object(App\Controllers\RegistrarController))
 6 SYSTEMPATH\CodeIgniter.php(361): CodeIgniter\CodeIgniter->handleRequest(null, Object(Config\Cache), false)
 7 FCPATH\index.php(79): CodeIgniter\CodeIgniter->run()
CRITICAL - 2024-08-20 09:02:34 --> CodeIgniter\Database\Exceptions\DatabaseException: You must set the database table to be used with your query.
in SYSTEMPATH\Database\BaseConnection.php on line 884.
 1 SYSTEMPATH\Model.php(662): CodeIgniter\Database\BaseConnection->table('')
 2 SYSTEMPATH\Model.php(864): CodeIgniter\Model->builder()
 3 APPPATH\Controllers\RegistrarController.php(35): CodeIgniter\Model->__call('getTableByType', [...])
 4 SYSTEMPATH\CodeIgniter.php(941): App\Controllers\RegistrarController->view_pdf('19', 'catalogue')
 5 SYSTEMPATH\CodeIgniter.php(502): CodeIgniter\CodeIgniter->runController(Object(App\Controllers\RegistrarController))
 6 SYSTEMPATH\CodeIgniter.php(361): CodeIgniter\CodeIgniter->handleRequest(null, Object(Config\Cache), false)
 7 FCPATH\index.php(79): CodeIgniter\CodeIgniter->run()
CRITICAL - 2024-08-20 09:02:34 --> CodeIgniter\Database\Exceptions\DatabaseException: You must set the database table to be used with your query.
in SYSTEMPATH\Database\BaseConnection.php on line 884.
 1 SYSTEMPATH\Model.php(662): CodeIgniter\Database\BaseConnection->table('')
 2 SYSTEMPATH\Model.php(864): CodeIgniter\Model->builder()
 3 APPPATH\Controllers\RegistrarController.php(35): CodeIgniter\Model->__call('getTableByType', [...])
 4 SYSTEMPATH\CodeIgniter.php(941): App\Controllers\RegistrarController->view_pdf('19', 'catalogue')
 5 SYSTEMPATH\CodeIgniter.php(502): CodeIgniter\CodeIgniter->runController(Object(App\Controllers\RegistrarController))
 6 SYSTEMPATH\CodeIgniter.php(361): CodeIgniter\CodeIgniter->handleRequest(null, Object(Config\Cache), false)
 7 FCPATH\index.php(79): CodeIgniter\CodeIgniter->run()
CRITICAL - 2024-08-20 09:02:34 --> CodeIgniter\Database\Exceptions\DatabaseException: You must set the database table to be used with your query.
in SYSTEMPATH\Database\BaseConnection.php on line 884.
 1 SYSTEMPATH\Model.php(662): CodeIgniter\Database\BaseConnection->table('')
 2 SYSTEMPATH\Model.php(864): CodeIgniter\Model->builder()
 3 APPPATH\Controllers\RegistrarController.php(35): CodeIgniter\Model->__call('getTableByType', [...])
 4 SYSTEMPATH\CodeIgniter.php(941): App\Controllers\RegistrarController->view_pdf('19', 'catalogue')
 5 SYSTEMPATH\CodeIgniter.php(502): CodeIgniter\CodeIgniter->runController(Object(App\Controllers\RegistrarController))
 6 SYSTEMPATH\CodeIgniter.php(361): CodeIgniter\CodeIgniter->handleRequest(null, Object(Config\Cache), false)
 7 FCPATH\index.php(79): CodeIgniter\CodeIgniter->run()
INFO - 2024-08-20 09:02:44 --> Session: Class initialized using 'CodeIgniter\Session\Handlers\FileHandler' driver.
INFO - 2024-08-20 09:02:46 --> Session: Class initialized using 'CodeIgniter\Session\Handlers\FileHandler' driver.
CRITICAL - 2024-08-20 09:02:48 --> CodeIgniter\Database\Exceptions\DatabaseException: You must set the database table to be used with your query.
in SYSTEMPATH\Database\BaseConnection.php on line 884.
 1 SYSTEMPATH\Model.php(662): CodeIgniter\Database\BaseConnection->table('')
 2 SYSTEMPATH\Model.php(864): CodeIgniter\Model->builder()
 3 APPPATH\Controllers\RegistrarController.php(35): CodeIgniter\Model->__call('getTableByType', [...])
 4 SYSTEMPATH\CodeIgniter.php(941): App\Controllers\RegistrarController->view_pdf('14', 'manuscript1_m')
 5 SYSTEMPATH\CodeIgniter.php(502): CodeIgniter\CodeIgniter->runController(Object(App\Controllers\RegistrarController))
 6 SYSTEMPATH\CodeIgniter.php(361): CodeIgniter\CodeIgniter->handleRequest(null, Object(Config\Cache), false)
 7 FCPATH\index.php(79): CodeIgniter\CodeIgniter->run()
INFO - 2024-08-20 09:02:51 --> Session: Class initialized using 'CodeIgniter\Session\Handlers\FileHandler' driver.
CRITICAL - 2024-08-20 09:02:53 --> CodeIgniter\Database\Exceptions\DatabaseException: You must set the database table to be used with your query.
in SYSTEMPATH\Database\BaseConnection.php on line 884.
 1 SYSTEMPATH\Model.php(662): CodeIgniter\Database\BaseConnection->table('')
 2 SYSTEMPATH\Model.php(864): CodeIgniter\Model->builder()
 3 APPPATH\Controllers\RegistrarController.php(54): CodeIgniter\Model->__call('getTableByType', [...])
 4 SYSTEMPATH\CodeIgniter.php(941): App\Controllers\RegistrarController->download('14', 'manuscript1_m')
 5 SYSTEMPATH\CodeIgniter.php(502): CodeIgniter\CodeIgniter->runController(Object(App\Controllers\RegistrarController))
 6 SYSTEMPATH\CodeIgniter.php(361): CodeIgniter\CodeIgniter->handleRequest(null, Object(Config\Cache), false)
 7 FCPATH\index.php(79): CodeIgniter\CodeIgniter->run()
CRITICAL - 2024-08-20 09:04:49 --> CodeIgniter\Database\Exceptions\DatabaseException: You must set the database table to be used with your query.
in SYSTEMPATH\Database\BaseConnection.php on line 884.
 1 SYSTEMPATH\Model.php(662): CodeIgniter\Database\BaseConnection->table('')
 2 SYSTEMPATH\Model.php(864): CodeIgniter\Model->builder()
 3 APPPATH\Controllers\RegistrarController.php(54): CodeIgniter\Model->__call('getTableByType', [...])
 4 SYSTEMPATH\CodeIgniter.php(941): App\Controllers\RegistrarController->download('14', 'manuscript1_m')
 5 SYSTEMPATH\CodeIgniter.php(502): CodeIgniter\CodeIgniter->runController(Object(App\Controllers\RegistrarController))
 6 SYSTEMPATH\CodeIgniter.php(361): CodeIgniter\CodeIgniter->handleRequest(null, Object(Config\Cache), false)
 7 FCPATH\index.php(79): CodeIgniter\CodeIgniter->run()
CRITICAL - 2024-08-20 09:04:50 --> CodeIgniter\Database\Exceptions\DatabaseException: You must set the database table to be used with your query.
in SYSTEMPATH\Database\BaseConnection.php on line 884.
 1 SYSTEMPATH\Model.php(662): CodeIgniter\Database\BaseConnection->table('')
 2 SYSTEMPATH\Model.php(864): CodeIgniter\Model->builder()
 3 APPPATH\Controllers\RegistrarController.php(54): CodeIgniter\Model->__call('getTableByType', [...])
 4 SYSTEMPATH\CodeIgniter.php(941): App\Controllers\RegistrarController->download('14', 'manuscript1_m')
 5 SYSTEMPATH\CodeIgniter.php(502): CodeIgniter\CodeIgniter->runController(Object(App\Controllers\RegistrarController))
 6 SYSTEMPATH\CodeIgniter.php(361): CodeIgniter\CodeIgniter->handleRequest(null, Object(Config\Cache), false)
 7 FCPATH\index.php(79): CodeIgniter\CodeIgniter->run()
CRITICAL - 2024-08-20 09:04:50 --> CodeIgniter\Database\Exceptions\DatabaseException: You must set the database table to be used with your query.
in SYSTEMPATH\Database\BaseConnection.php on line 884.
 1 SYSTEMPATH\Model.php(662): CodeIgniter\Database\BaseConnection->table('')
 2 SYSTEMPATH\Model.php(864): CodeIgniter\Model->builder()
 3 APPPATH\Controllers\RegistrarController.php(54): CodeIgniter\Model->__call('getTableByType', [...])
 4 SYSTEMPATH\CodeIgniter.php(941): App\Controllers\RegistrarController->download('14', 'manuscript1_m')
 5 SYSTEMPATH\CodeIgniter.php(502): CodeIgniter\CodeIgniter->runController(Object(App\Controllers\RegistrarController))
 6 SYSTEMPATH\CodeIgniter.php(361): CodeIgniter\CodeIgniter->handleRequest(null, Object(Config\Cache), false)
 7 FCPATH\index.php(79): CodeIgniter\CodeIgniter->run()
CRITICAL - 2024-08-20 09:04:50 --> CodeIgniter\Database\Exceptions\DatabaseException: You must set the database table to be used with your query.
in SYSTEMPATH\Database\BaseConnection.php on line 884.
 1 SYSTEMPATH\Model.php(662): CodeIgniter\Database\BaseConnection->table('')
 2 SYSTEMPATH\Model.php(864): CodeIgniter\Model->builder()
 3 APPPATH\Controllers\RegistrarController.php(54): CodeIgniter\Model->__call('getTableByType', [...])
 4 SYSTEMPATH\CodeIgniter.php(941): App\Controllers\RegistrarController->download('14', 'manuscript1_m')
 5 SYSTEMPATH\CodeIgniter.php(502): CodeIgniter\CodeIgniter->runController(Object(App\Controllers\RegistrarController))
 6 SYSTEMPATH\CodeIgniter.php(361): CodeIgniter\CodeIgniter->handleRequest(null, Object(Config\Cache), false)
 7 FCPATH\index.php(79): CodeIgniter\CodeIgniter->run()
CRITICAL - 2024-08-20 09:04:51 --> CodeIgniter\Database\Exceptions\DatabaseException: You must set the database table to be used with your query.
in SYSTEMPATH\Database\BaseConnection.php on line 884.
 1 SYSTEMPATH\Model.php(662): CodeIgniter\Database\BaseConnection->table('')
 2 SYSTEMPATH\Model.php(864): CodeIgniter\Model->builder()
 3 APPPATH\Controllers\RegistrarController.php(54): CodeIgniter\Model->__call('getTableByType', [...])
 4 SYSTEMPATH\CodeIgniter.php(941): App\Controllers\RegistrarController->download('14', 'manuscript1_m')
 5 SYSTEMPATH\CodeIgniter.php(502): CodeIgniter\CodeIgniter->runController(Object(App\Controllers\RegistrarController))
 6 SYSTEMPATH\CodeIgniter.php(361): CodeIgniter\CodeIgniter->handleRequest(null, Object(Config\Cache), false)
 7 FCPATH\index.php(79): CodeIgniter\CodeIgniter->run()
INFO - 2024-08-20 09:04:52 --> Session: Class initialized using 'CodeIgniter\Session\Handlers\FileHandler' driver.
INFO - 2024-08-20 09:04:53 --> Session: Class initialized using 'CodeIgniter\Session\Handlers\FileHandler' driver.
INFO - 2024-08-20 09:04:54 --> Session: Class initialized using 'CodeIgniter\Session\Handlers\FileHandler' driver.
INFO - 2024-08-20 09:04:58 --> Session: Class initialized using 'CodeIgniter\Session\Handlers\FileHandler' driver.
CRITICAL - 2024-08-20 09:05:00 --> CodeIgniter\Database\Exceptions\DatabaseException: You must set the database table to be used with your query.
in SYSTEMPATH\Database\BaseConnection.php on line 884.
 1 SYSTEMPATH\Model.php(662): CodeIgniter\Database\BaseConnection->table('')
 2 SYSTEMPATH\Model.php(864): CodeIgniter\Model->builder()
 3 APPPATH\Controllers\RegistrarController.php(35): CodeIgniter\Model->__call('getTableByType', [...])
 4 SYSTEMPATH\CodeIgniter.php(941): App\Controllers\RegistrarController->view_pdf('14', 'manuscript1_m')
 5 SYSTEMPATH\CodeIgniter.php(502): CodeIgniter\CodeIgniter->runController(Object(App\Controllers\RegistrarController))
 6 SYSTEMPATH\CodeIgniter.php(361): CodeIgniter\CodeIgniter->handleRequest(null, Object(Config\Cache), false)
 7 FCPATH\index.php(79): CodeIgniter\CodeIgniter->run()
INFO - 2024-08-20 09:05:02 --> Session: Class initialized using 'CodeIgniter\Session\Handlers\FileHandler' driver.
CRITICAL - 2024-08-20 09:05:04 --> CodeIgniter\Database\Exceptions\DatabaseException: You must set the database table to be used with your query.
in SYSTEMPATH\Database\BaseConnection.php on line 884.
 1 SYSTEMPATH\Model.php(662): CodeIgniter\Database\BaseConnection->table('')
 2 SYSTEMPATH\Model.php(864): CodeIgniter\Model->builder()
 3 APPPATH\Controllers\RegistrarController.php(35): CodeIgniter\Model->__call('getTableByType', [...])
 4 SYSTEMPATH\CodeIgniter.php(941): App\Controllers\RegistrarController->view_pdf('27', 'rare_books1')
 5 SYSTEMPATH\CodeIgniter.php(502): CodeIgniter\CodeIgniter->runController(Object(App\Controllers\RegistrarController))
 6 SYSTEMPATH\CodeIgniter.php(361): CodeIgniter\CodeIgniter->handleRequest(null, Object(Config\Cache), false)
 7 FCPATH\index.php(79): CodeIgniter\CodeIgniter->run()
INFO - 2024-08-20 09:05:07 --> Session: Class initialized using 'CodeIgniter\Session\Handlers\FileHandler' driver.
INFO - 2024-08-20 09:08:18 --> Session: Class initialized using 'CodeIgniter\Session\Handlers\FileHandler' driver.
CRITICAL - 2024-08-20 09:08:21 --> CodeIgniter\Database\Exceptions\DatabaseException: You must set the database table to be used with your query.
in SYSTEMPATH\Database\BaseConnection.php on line 884.
 1 SYSTEMPATH\Model.php(662): CodeIgniter\Database\BaseConnection->table('')
 2 SYSTEMPATH\Model.php(864): CodeIgniter\Model->builder()
 3 APPPATH\Controllers\RegistrarController.php(36): CodeIgniter\Model->__call('getTableByType', [...])
 4 SYSTEMPATH\CodeIgniter.php(941): App\Controllers\RegistrarController->view_pdf('14', 'manuscript1_m')
 5 SYSTEMPATH\CodeIgniter.php(502): CodeIgniter\CodeIgniter->runController(Object(App\Controllers\RegistrarController))
 6 SYSTEMPATH\CodeIgniter.php(361): CodeIgniter\CodeIgniter->handleRequest(null, Object(Config\Cache), false)
 7 FCPATH\index.php(79): CodeIgniter\CodeIgniter->run()
INFO - 2024-08-20 09:11:39 --> Session: Class initialized using 'CodeIgniter\Session\Handlers\FileHandler' driver.
INFO - 2024-08-20 09:11:42 --> Session: Class initialized using 'CodeIgniter\Session\Handlers\FileHandler' driver.
CRITICAL - 2024-08-20 09:11:43 --> Error: Cannot access protected property App\Models\RegistrarModel::$table
in APPPATH\Controllers\RegistrarController.php on line 36.
 1 SYSTEMPATH\CodeIgniter.php(941): App\Controllers\RegistrarController->view_pdf('14', 'manuscript1_m')
 2 SYSTEMPATH\CodeIgniter.php(502): CodeIgniter\CodeIgniter->runController(Object(App\Controllers\RegistrarController))
 3 SYSTEMPATH\CodeIgniter.php(361): CodeIgniter\CodeIgniter->handleRequest(null, Object(Config\Cache), false)
 4 FCPATH\index.php(79): CodeIgniter\CodeIgniter->run()
CRITICAL - 2024-08-20 09:13:17 --> Error: Cannot access protected property App\Models\RegistrarModel::$table
in APPPATH\Controllers\RegistrarController.php on line 36.
 1 SYSTEMPATH\CodeIgniter.php(941): App\Controllers\RegistrarController->view_pdf('14', 'manuscript1_m')
 2 SYSTEMPATH\CodeIgniter.php(502): CodeIgniter\CodeIgniter->runController(Object(App\Controllers\RegistrarController))
 3 SYSTEMPATH\CodeIgniter.php(361): CodeIgniter\CodeIgniter->handleRequest(null, Object(Config\Cache), false)
 4 FCPATH\index.php(79): CodeIgniter\CodeIgniter->run()
CRITICAL - 2024-08-20 09:13:19 --> Error: Cannot access protected property App\Models\RegistrarModel::$table
in APPPATH\Controllers\RegistrarController.php on line 36.
 1 SYSTEMPATH\CodeIgniter.php(941): App\Controllers\RegistrarController->view_pdf('14', 'manuscript1_m')
 2 SYSTEMPATH\CodeIgniter.php(502): CodeIgniter\CodeIgniter->runController(Object(App\Controllers\RegistrarController))
 3 SYSTEMPATH\CodeIgniter.php(361): CodeIgniter\CodeIgniter->handleRequest(null, Object(Config\Cache), false)
 4 FCPATH\index.php(79): CodeIgniter\CodeIgniter->run()
CRITICAL - 2024-08-20 09:13:47 --> Error: Cannot access protected property App\Models\RegistrarModel::$table
in APPPATH\Controllers\RegistrarController.php on line 36.
 1 SYSTEMPATH\CodeIgniter.php(941): App\Controllers\RegistrarController->view_pdf('14', 'manuscript1_m')
 2 SYSTEMPATH\CodeIgniter.php(502): CodeIgniter\CodeIgniter->runController(Object(App\Controllers\RegistrarController))
 3 SYSTEMPATH\CodeIgniter.php(361): CodeIgniter\CodeIgniter->handleRequest(null, Object(Config\Cache), false)
 4 FCPATH\index.php(79): CodeIgniter\CodeIgniter->run()
INFO - 2024-08-20 09:13:50 --> Session: Class initialized using 'CodeIgniter\Session\Handlers\FileHandler' driver.
CRITICAL - 2024-08-20 09:13:51 --> Error: Cannot access protected property App\Models\RegistrarModel::$table
in APPPATH\Controllers\RegistrarController.php on line 36.
 1 SYSTEMPATH\CodeIgniter.php(941): App\Controllers\RegistrarController->view_pdf('19', 'manuscript1_m')
 2 SYSTEMPATH\CodeIgniter.php(502): CodeIgniter\CodeIgniter->runController(Object(App\Controllers\RegistrarController))
 3 SYSTEMPATH\CodeIgniter.php(361): CodeIgniter\CodeIgniter->handleRequest(null, Object(Config\Cache), false)
 4 FCPATH\index.php(79): CodeIgniter\CodeIgniter->run()
CRITICAL - 2024-08-20 09:14:23 --> Error: Cannot access protected property App\Models\RegistrarModel::$table
in APPPATH\Controllers\RegistrarController.php on line 36.
 1 SYSTEMPATH\CodeIgniter.php(941): App\Controllers\RegistrarController->view_pdf('19', 'manuscript1_m')
 2 SYSTEMPATH\CodeIgniter.php(502): CodeIgniter\CodeIgniter->runController(Object(App\Controllers\RegistrarController))
 3 SYSTEMPATH\CodeIgniter.php(361): CodeIgniter\CodeIgniter->handleRequest(null, Object(Config\Cache), false)
 4 FCPATH\index.php(79): CodeIgniter\CodeIgniter->run()
CRITICAL - 2024-08-20 09:14:27 --> Error: Cannot access protected property App\Models\RegistrarModel::$table
in APPPATH\Controllers\RegistrarController.php on line 36.
 1 SYSTEMPATH\CodeIgniter.php(941): App\Controllers\RegistrarController->view_pdf('19', 'manuscript1_m')
 2 SYSTEMPATH\CodeIgniter.php(502): CodeIgniter\CodeIgniter->runController(Object(App\Controllers\RegistrarController))
 3 SYSTEMPATH\CodeIgniter.php(361): CodeIgniter\CodeIgniter->handleRequest(null, Object(Config\Cache), false)
 4 FCPATH\index.php(79): CodeIgniter\CodeIgniter->run()
CRITICAL - 2024-08-20 09:14:28 --> Error: Cannot access protected property App\Models\RegistrarModel::$table
in APPPATH\Controllers\RegistrarController.php on line 36.
 1 SYSTEMPATH\CodeIgniter.php(941): App\Controllers\RegistrarController->view_pdf('19', 'manuscript1_m')
 2 SYSTEMPATH\CodeIgniter.php(502): CodeIgniter\CodeIgniter->runController(Object(App\Controllers\RegistrarController))
 3 SYSTEMPATH\CodeIgniter.php(361): CodeIgniter\CodeIgniter->handleRequest(null, Object(Config\Cache), false)
 4 FCPATH\index.php(79): CodeIgniter\CodeIgniter->run()
CRITICAL - 2024-08-20 09:22:18 --> CodeIgniter\Database\Exceptions\DatabaseException: You must set the database table to be used with your query.
in SYSTEMPATH\Database\BaseConnection.php on line 884.
 1 SYSTEMPATH\Model.php(662): CodeIgniter\Database\BaseConnection->table('')
 2 SYSTEMPATH\Model.php(187): CodeIgniter\Model->builder()
 3 SYSTEMPATH\BaseModel.php(577): CodeIgniter\Model->doFind(true, '19')
 4 APPPATH\Controllers\RegistrarController.php(37): CodeIgniter\BaseModel->find('19')
 5 SYSTEMPATH\CodeIgniter.php(941): App\Controllers\RegistrarController->view_pdf('19', 'manuscript1_m')
 6 SYSTEMPATH\CodeIgniter.php(502): CodeIgniter\CodeIgniter->runController(Object(App\Controllers\RegistrarController))
 7 SYSTEMPATH\CodeIgniter.php(361): CodeIgniter\CodeIgniter->handleRequest(null, Object(Config\Cache), false)
 8 FCPATH\index.php(79): CodeIgniter\CodeIgniter->run()
INFO - 2024-08-20 09:23:17 --> Session: Class initialized using 'CodeIgniter\Session\Handlers\FileHandler' driver.
INFO - 2024-08-20 09:23:17 --> Session: Class initialized using 'CodeIgniter\Session\Handlers\FileHandler' driver.
INFO - 2024-08-20 09:23:24 --> Session: Class initialized using 'CodeIgniter\Session\Handlers\FileHandler' driver.
INFO - 2024-08-20 09:23:24 --> Session: Class initialized using 'CodeIgniter\Session\Handlers\FileHandler' driver.
INFO - 2024-08-20 09:23:30 --> Session: Class initialized using 'CodeIgniter\Session\Handlers\FileHandler' driver.
INFO - 2024-08-20 09:23:30 --> Session: Class initialized using 'CodeIgniter\Session\Handlers\FileHandler' driver.
INFO - 2024-08-20 09:24:00 --> Session: Class initialized using 'CodeIgniter\Session\Handlers\FileHandler' driver.
INFO - 2024-08-20 09:24:00 --> Session: Class initialized using 'CodeIgniter\Session\Handlers\FileHandler' driver.
INFO - 2024-08-20 09:24:01 --> Session: Class initialized using 'CodeIgniter\Session\Handlers\FileHandler' driver.
INFO - 2024-08-20 09:24:01 --> Session: Class initialized using 'CodeIgniter\Session\Handlers\FileHandler' driver.
INFO - 2024-08-20 09:24:02 --> Session: Class initialized using 'CodeIgniter\Session\Handlers\FileHandler' driver.
INFO - 2024-08-20 09:24:02 --> Session: Class initialized using 'CodeIgniter\Session\Handlers\FileHandler' driver.
INFO - 2024-08-20 09:24:03 --> Session: Class initialized using 'CodeIgniter\Session\Handlers\FileHandler' driver.
INFO - 2024-08-20 09:24:03 --> Session: Class initialized using 'CodeIgniter\Session\Handlers\FileHandler' driver.
INFO - 2024-08-20 09:24:04 --> Session: Class initialized using 'CodeIgniter\Session\Handlers\FileHandler' driver.
INFO - 2024-08-20 09:24:04 --> Session: Class initialized using 'CodeIgniter\Session\Handlers\FileHandler' driver.
INFO - 2024-08-20 09:24:04 --> Session: Class initialized using 'CodeIgniter\Session\Handlers\FileHandler' driver.
INFO - 2024-08-20 09:24:04 --> Session: Class initialized using 'CodeIgniter\Session\Handlers\FileHandler' driver.
INFO - 2024-08-20 09:24:05 --> Session: Class initialized using 'CodeIgniter\Session\Handlers\FileHandler' driver.
INFO - 2024-08-20 09:24:05 --> Session: Class initialized using 'CodeIgniter\Session\Handlers\FileHandler' driver.
INFO - 2024-08-20 09:24:12 --> Session: Class initialized using 'CodeIgniter\Session\Handlers\FileHandler' driver.
INFO - 2024-08-20 09:24:12 --> Session: Class initialized using 'CodeIgniter\Session\Handlers\FileHandler' driver.
INFO - 2024-08-20 09:24:15 --> Session: Class initialized using 'CodeIgniter\Session\Handlers\FileHandler' driver.
INFO - 2024-08-20 09:24:15 --> Session: Class initialized using 'CodeIgniter\Session\Handlers\FileHandler' driver.
INFO - 2024-08-20 09:24:16 --> Session: Class initialized using 'CodeIgniter\Session\Handlers\FileHandler' driver.
INFO - 2024-08-20 09:24:16 --> Session: Class initialized using 'CodeIgniter\Session\Handlers\FileHandler' driver.
INFO - 2024-08-20 09:24:26 --> Session: Class initialized using 'CodeIgniter\Session\Handlers\FileHandler' driver.
INFO - 2024-08-20 09:24:26 --> Session: Class initialized using 'CodeIgniter\Session\Handlers\FileHandler' driver.
INFO - 2024-08-20 09:24:27 --> Session: Class initialized using 'CodeIgniter\Session\Handlers\FileHandler' driver.
INFO - 2024-08-20 09:24:27 --> Session: Class initialized using 'CodeIgniter\Session\Handlers\FileHandler' driver.
INFO - 2024-08-20 09:24:28 --> Session: Class initialized using 'CodeIgniter\Session\Handlers\FileHandler' driver.
INFO - 2024-08-20 09:24:28 --> Session: Class initialized using 'CodeIgniter\Session\Handlers\FileHandler' driver.
INFO - 2024-08-20 09:24:41 --> Session: Class initialized using 'CodeIgniter\Session\Handlers\FileHandler' driver.
INFO - 2024-08-20 09:24:41 --> Session: Class initialized using 'CodeIgniter\Session\Handlers\FileHandler' driver.
INFO - 2024-08-20 09:24:43 --> Session: Class initialized using 'CodeIgniter\Session\Handlers\FileHandler' driver.
INFO - 2024-08-20 09:24:43 --> Session: Class initialized using 'CodeIgniter\Session\Handlers\FileHandler' driver.
INFO - 2024-08-20 09:24:45 --> Session: Class initialized using 'CodeIgniter\Session\Handlers\FileHandler' driver.
INFO - 2024-08-20 09:24:45 --> Session: Class initialized using 'CodeIgniter\Session\Handlers\FileHandler' driver.
INFO - 2024-08-20 10:57:55 --> Session: Class initialized using 'CodeIgniter\Session\Handlers\FileHandler' driver.
INFO - 2024-08-20 10:57:55 --> Session: Class initialized using 'CodeIgniter\Session\Handlers\FileHandler' driver.
INFO - 2024-08-20 10:58:29 --> Session: Class initialized using 'CodeIgniter\Session\Handlers\FileHandler' driver.
INFO - 2024-08-20 10:58:30 --> Session: Class initialized using 'CodeIgniter\Session\Handlers\FileHandler' driver.
INFO - 2024-08-20 10:59:07 --> Session: Class initialized using 'CodeIgniter\Session\Handlers\FileHandler' driver.
INFO - 2024-08-20 10:59:07 --> Session: Class initialized using 'CodeIgniter\Session\Handlers\FileHandler' driver.
INFO - 2024-08-20 10:59:07 --> Session: Class initialized using 'CodeIgniter\Session\Handlers\FileHandler' driver.
INFO - 2024-08-20 10:59:09 --> Session: Class initialized using 'CodeIgniter\Session\Handlers\FileHandler' driver.
INFO - 2024-08-20 10:59:25 --> Session: Class initialized using 'CodeIgniter\Session\Handlers\FileHandler' driver.
INFO - 2024-08-20 10:59:25 --> Session: Class initialized using 'CodeIgniter\Session\Handlers\FileHandler' driver.
INFO - 2024-08-20 10:59:27 --> Session: Class initialized using 'CodeIgniter\Session\Handlers\FileHandler' driver.
INFO - 2024-08-20 10:59:28 --> Session: Class initialized using 'CodeIgniter\Session\Handlers\FileHandler' driver.
INFO - 2024-08-20 10:59:33 --> Session: Class initialized using 'CodeIgniter\Session\Handlers\FileHandler' driver.
INFO - 2024-08-20 10:59:34 --> Session: Class initialized using 'CodeIgniter\Session\Handlers\FileHandler' driver.
INFO - 2024-08-20 10:59:34 --> Session: Class initialized using 'CodeIgniter\Session\Handlers\FileHandler' driver.
INFO - 2024-08-20 10:59:40 --> Session: Class initialized using 'CodeIgniter\Session\Handlers\FileHandler' driver.
INFO - 2024-08-20 10:59:43 --> Session: Class initialized using 'CodeIgniter\Session\Handlers\FileHandler' driver.
INFO - 2024-08-20 11:00:02 --> Session: Class initialized using 'CodeIgniter\Session\Handlers\FileHandler' driver.
INFO - 2024-08-20 11:00:02 --> Session: Class initialized using 'CodeIgniter\Session\Handlers\FileHandler' driver.
INFO - 2024-08-20 11:00:06 --> Session: Class initialized using 'CodeIgniter\Session\Handlers\FileHandler' driver.
INFO - 2024-08-20 11:00:06 --> Session: Class initialized using 'CodeIgniter\Session\Handlers\FileHandler' driver.
INFO - 2024-08-20 11:00:25 --> Session: Class initialized using 'CodeIgniter\Session\Handlers\FileHandler' driver.
INFO - 2024-08-20 11:00:25 --> Session: Class initialized using 'CodeIgniter\Session\Handlers\FileHandler' driver.
INFO - 2024-08-20 11:00:38 --> Session: Class initialized using 'CodeIgniter\Session\Handlers\FileHandler' driver.
INFO - 2024-08-20 11:00:38 --> Session: Class initialized using 'CodeIgniter\Session\Handlers\FileHandler' driver.
INFO - 2024-08-20 11:00:55 --> Session: Class initialized using 'CodeIgniter\Session\Handlers\FileHandler' driver.
INFO - 2024-08-20 11:00:56 --> Session: Class initialized using 'CodeIgniter\Session\Handlers\FileHandler' driver.
INFO - 2024-08-20 11:01:07 --> Session: Class initialized using 'CodeIgniter\Session\Handlers\FileHandler' driver.
INFO - 2024-08-20 11:01:07 --> Session: Class initialized using 'CodeIgniter\Session\Handlers\FileHandler' driver.
INFO - 2024-08-20 11:01:41 --> Session: Class initialized using 'CodeIgniter\Session\Handlers\FileHandler' driver.
INFO - 2024-08-20 11:01:41 --> Session: Class initialized using 'CodeIgniter\Session\Handlers\FileHandler' driver.
INFO - 2024-08-20 11:01:41 --> Session: Class initialized using 'CodeIgniter\Session\Handlers\FileHandler' driver.
INFO - 2024-08-20 11:02:50 --> Session: Class initialized using 'CodeIgniter\Session\Handlers\FileHandler' driver.
INFO - 2024-08-20 11:02:50 --> Session: Class initialized using 'CodeIgniter\Session\Handlers\FileHandler' driver.
INFO - 2024-08-20 11:02:58 --> Session: Class initialized using 'CodeIgniter\Session\Handlers\FileHandler' driver.
INFO - 2024-08-20 11:02:58 --> Session: Class initialized using 'CodeIgniter\Session\Handlers\FileHandler' driver.
INFO - 2024-08-20 11:03:22 --> Session: Class initialized using 'CodeIgniter\Session\Handlers\FileHandler' driver.
INFO - 2024-08-20 11:03:22 --> Session: Class initialized using 'CodeIgniter\Session\Handlers\FileHandler' driver.
INFO - 2024-08-20 11:03:22 --> Session: Class initialized using 'CodeIgniter\Session\Handlers\FileHandler' driver.
CRITICAL - 2024-08-20 11:03:53 --> Error: Cannot access protected property App\Models\RegistrarModel::$table
in APPPATH\Controllers\RegistrarController.php on line 55.
 1 SYSTEMPATH\CodeIgniter.php(941): App\Controllers\RegistrarController->download('35', 'manuscript1_m')
 2 SYSTEMPATH\CodeIgniter.php(502): CodeIgniter\CodeIgniter->runController(Object(App\Controllers\RegistrarController))
 3 SYSTEMPATH\CodeIgniter.php(361): CodeIgniter\CodeIgniter->handleRequest(null, Object(Config\Cache), false)
 4 FCPATH\index.php(79): CodeIgniter\CodeIgniter->run()
