CRITICAL - 2024-05-31 06:24:11 --> ParseError: syntax error, unexpected '<'
in APPPATH\Views\partials\manuscript_view.php on line 89.
 1 SYSTEMPATH\View\View.php(231): CodeIgniter\View\View->CodeIgniter\View\{closure}()
 2 SYSTEMPATH\Common.php(1178): CodeIgniter\View\View->render('partials/manuscript_view', [], true)
 3 APPPATH\Controllers\ManuscriptController.php(55): view('partials/manuscript_view', [...])
 4 APPPATH\Controllers\ManuscriptController.php(28): App\Controllers\ManuscriptController->getAllSystemDetails()
 5 SYSTEMPATH\CodeIgniter.php(941): App\Controllers\ManuscriptController->index()
 6 SYSTEMPATH\CodeIgniter.php(502): CodeIgniter\CodeIgniter->runController(Object(App\Controllers\ManuscriptController))
 7 SYSTEMPATH\CodeIgniter.php(361): CodeIgniter\CodeIgniter->handleRequest(null, Object(Config\Cache), false)
 8 FCPATH\index.php(79): CodeIgniter\CodeIgniter->run()
CRITICAL - 2024-05-31 06:27:27 --> ParseError: syntax error, unexpected '}'
in APPPATH\Views\partials\manuscript_view.php on line 105.
 1 SYSTEMPATH\View\View.php(231): CodeIgniter\View\View->CodeIgniter\View\{closure}()
 2 SYSTEMPATH\Common.php(1178): CodeIgniter\View\View->render('partials/manuscript_view', [], true)
 3 APPPATH\Controllers\ManuscriptController.php(55): view('partials/manuscript_view', [...])
 4 APPPATH\Controllers\ManuscriptController.php(28): App\Controllers\ManuscriptController->getAllSystemDetails()
 5 SYSTEMPATH\CodeIgniter.php(941): App\Controllers\ManuscriptController->index()
 6 SYSTEMPATH\CodeIgniter.php(502): CodeIgniter\CodeIgniter->runController(Object(App\Controllers\ManuscriptController))
 7 SYSTEMPATH\CodeIgniter.php(361): CodeIgniter\CodeIgniter->handleRequest(null, Object(Config\Cache), false)
 8 FCPATH\index.php(79): CodeIgniter\CodeIgniter->run()
CRITICAL - 2024-05-31 06:29:34 --> ParseError: syntax error, unexpected 'echo' (T_ECHO)
in APPPATH\Views\partials\manuscript_view.php on line 98.
 1 SYSTEMPATH\View\View.php(231): CodeIgniter\View\View->CodeIgniter\View\{closure}()
 2 SYSTEMPATH\Common.php(1178): CodeIgniter\View\View->render('partials/manuscript_view', [], true)
 3 APPPATH\Controllers\ManuscriptController.php(55): view('partials/manuscript_view', [...])
 4 APPPATH\Controllers\ManuscriptController.php(28): App\Controllers\ManuscriptController->getAllSystemDetails()
 5 SYSTEMPATH\CodeIgniter.php(941): App\Controllers\ManuscriptController->index()
 6 SYSTEMPATH\CodeIgniter.php(502): CodeIgniter\CodeIgniter->runController(Object(App\Controllers\ManuscriptController))
 7 SYSTEMPATH\CodeIgniter.php(361): CodeIgniter\CodeIgniter->handleRequest(null, Object(Config\Cache), false)
 8 FCPATH\index.php(79): CodeIgniter\CodeIgniter->run()
CRITICAL - 2024-05-31 06:31:35 --> ParseError: syntax error, unexpected 'echo' (T_ECHO)
in APPPATH\Views\partials\manuscript_view.php on line 98.
 1 SYSTEMPATH\View\View.php(231): CodeIgniter\View\View->CodeIgniter\View\{closure}()
 2 SYSTEMPATH\Common.php(1178): CodeIgniter\View\View->render('partials/manuscript_view', [], true)
 3 APPPATH\Controllers\ManuscriptController.php(55): view('partials/manuscript_view', [...])
 4 APPPATH\Controllers\ManuscriptController.php(28): App\Controllers\ManuscriptController->getAllSystemDetails()
 5 SYSTEMPATH\CodeIgniter.php(941): App\Controllers\ManuscriptController->index()
 6 SYSTEMPATH\CodeIgniter.php(502): CodeIgniter\CodeIgniter->runController(Object(App\Controllers\ManuscriptController))
 7 SYSTEMPATH\CodeIgniter.php(361): CodeIgniter\CodeIgniter->handleRequest(null, Object(Config\Cache), false)
 8 FCPATH\index.php(79): CodeIgniter\CodeIgniter->run()
CRITICAL - 2024-05-31 06:50:25 --> ParseError: syntax error, unexpected '<'
in APPPATH\Views\partials\manuscript_view.php on line 92.
 1 SYSTEMPATH\View\View.php(231): CodeIgniter\View\View->CodeIgniter\View\{closure}()
 2 SYSTEMPATH\Common.php(1178): CodeIgniter\View\View->render('partials/manuscript_view', [], true)
 3 APPPATH\Controllers\ManuscriptController.php(55): view('partials/manuscript_view', [...])
 4 APPPATH\Controllers\ManuscriptController.php(28): App\Controllers\ManuscriptController->getAllSystemDetails()
 5 SYSTEMPATH\CodeIgniter.php(941): App\Controllers\ManuscriptController->index()
 6 SYSTEMPATH\CodeIgniter.php(502): CodeIgniter\CodeIgniter->runController(Object(App\Controllers\ManuscriptController))
 7 SYSTEMPATH\CodeIgniter.php(361): CodeIgniter\CodeIgniter->handleRequest(null, Object(Config\Cache), false)
 8 FCPATH\index.php(79): CodeIgniter\CodeIgniter->run()
CRITICAL - 2024-05-31 06:50:43 --> ParseError: syntax error, unexpected '<'
in APPPATH\Views\partials\manuscript_view.php on line 92.
 1 SYSTEMPATH\View\View.php(231): CodeIgniter\View\View->CodeIgniter\View\{closure}()
 2 SYSTEMPATH\Common.php(1178): CodeIgniter\View\View->render('partials/manuscript_view', [], true)
 3 APPPATH\Controllers\ManuscriptController.php(55): view('partials/manuscript_view', [...])
 4 APPPATH\Controllers\ManuscriptController.php(28): App\Controllers\ManuscriptController->getAllSystemDetails()
 5 SYSTEMPATH\CodeIgniter.php(941): App\Controllers\ManuscriptController->index()
 6 SYSTEMPATH\CodeIgniter.php(502): CodeIgniter\CodeIgniter->runController(Object(App\Controllers\ManuscriptController))
 7 SYSTEMPATH\CodeIgniter.php(361): CodeIgniter\CodeIgniter->handleRequest(null, Object(Config\Cache), false)
 8 FCPATH\index.php(79): CodeIgniter\CodeIgniter->run()
CRITICAL - 2024-05-31 06:53:59 --> ParseError: syntax error, unexpected end of file
in APPPATH\Views\partials\manuscript_view.php on line 158.
 1 SYSTEMPATH\View\View.php(231): CodeIgniter\View\View->CodeIgniter\View\{closure}()
 2 SYSTEMPATH\Common.php(1178): CodeIgniter\View\View->render('partials/manuscript_view', [], true)
 3 APPPATH\Controllers\ManuscriptController.php(55): view('partials/manuscript_view', [...])
 4 APPPATH\Controllers\ManuscriptController.php(28): App\Controllers\ManuscriptController->getAllSystemDetails()
 5 SYSTEMPATH\CodeIgniter.php(941): App\Controllers\ManuscriptController->index()
 6 SYSTEMPATH\CodeIgniter.php(502): CodeIgniter\CodeIgniter->runController(Object(App\Controllers\ManuscriptController))
 7 SYSTEMPATH\CodeIgniter.php(361): CodeIgniter\CodeIgniter->handleRequest(null, Object(Config\Cache), false)
 8 FCPATH\index.php(79): CodeIgniter\CodeIgniter->run()
CRITICAL - 2024-05-31 06:54:18 --> Error: Object of class stdClass could not be converted to string
in APPPATH\Views\partials\manuscript_view.php on line 90.
 1 SYSTEMPATH\View\View.php(228): include()
 2 SYSTEMPATH\View\View.php(231): CodeIgniter\View\View->CodeIgniter\View\{closure}()
 3 SYSTEMPATH\Common.php(1178): CodeIgniter\View\View->render('partials/manuscript_view', [], true)
 4 APPPATH\Controllers\ManuscriptController.php(55): view('partials/manuscript_view', [...])
 5 APPPATH\Controllers\ManuscriptController.php(28): App\Controllers\ManuscriptController->getAllSystemDetails()
 6 SYSTEMPATH\CodeIgniter.php(941): App\Controllers\ManuscriptController->index()
 7 SYSTEMPATH\CodeIgniter.php(502): CodeIgniter\CodeIgniter->runController(Object(App\Controllers\ManuscriptController))
 8 SYSTEMPATH\CodeIgniter.php(361): CodeIgniter\CodeIgniter->handleRequest(null, Object(Config\Cache), false)
 9 FCPATH\index.php(79): CodeIgniter\CodeIgniter->run()
CRITICAL - 2024-05-31 06:54:19 --> Error: Object of class stdClass could not be converted to string
in APPPATH\Views\partials\manuscript_view.php on line 90.
 1 SYSTEMPATH\View\View.php(228): include()
 2 SYSTEMPATH\View\View.php(231): CodeIgniter\View\View->CodeIgniter\View\{closure}()
 3 SYSTEMPATH\Common.php(1178): CodeIgniter\View\View->render('partials/manuscript_view', [], true)
 4 APPPATH\Controllers\ManuscriptController.php(55): view('partials/manuscript_view', [...])
 5 APPPATH\Controllers\ManuscriptController.php(28): App\Controllers\ManuscriptController->getAllSystemDetails()
 6 SYSTEMPATH\CodeIgniter.php(941): App\Controllers\ManuscriptController->index()
 7 SYSTEMPATH\CodeIgniter.php(502): CodeIgniter\CodeIgniter->runController(Object(App\Controllers\ManuscriptController))
 8 SYSTEMPATH\CodeIgniter.php(361): CodeIgniter\CodeIgniter->handleRequest(null, Object(Config\Cache), false)
 9 FCPATH\index.php(79): CodeIgniter\CodeIgniter->run()
CRITICAL - 2024-05-31 06:55:10 --> Error: Object of class stdClass could not be converted to string
in APPPATH\Views\partials\manuscript_view.php on line 90.
 1 SYSTEMPATH\View\View.php(228): include()
 2 SYSTEMPATH\View\View.php(231): CodeIgniter\View\View->CodeIgniter\View\{closure}()
 3 SYSTEMPATH\Common.php(1178): CodeIgniter\View\View->render('partials/manuscript_view', [], true)
 4 APPPATH\Controllers\ManuscriptController.php(55): view('partials/manuscript_view', [...])
 5 APPPATH\Controllers\ManuscriptController.php(28): App\Controllers\ManuscriptController->getAllSystemDetails()
 6 SYSTEMPATH\CodeIgniter.php(941): App\Controllers\ManuscriptController->index()
 7 SYSTEMPATH\CodeIgniter.php(502): CodeIgniter\CodeIgniter->runController(Object(App\Controllers\ManuscriptController))
 8 SYSTEMPATH\CodeIgniter.php(361): CodeIgniter\CodeIgniter->handleRequest(null, Object(Config\Cache), false)
 9 FCPATH\index.php(79): CodeIgniter\CodeIgniter->run()
CRITICAL - 2024-05-31 06:55:11 --> Error: Object of class stdClass could not be converted to string
in APPPATH\Views\partials\manuscript_view.php on line 90.
 1 SYSTEMPATH\View\View.php(228): include()
 2 SYSTEMPATH\View\View.php(231): CodeIgniter\View\View->CodeIgniter\View\{closure}()
 3 SYSTEMPATH\Common.php(1178): CodeIgniter\View\View->render('partials/manuscript_view', [], true)
 4 APPPATH\Controllers\ManuscriptController.php(55): view('partials/manuscript_view', [...])
 5 APPPATH\Controllers\ManuscriptController.php(28): App\Controllers\ManuscriptController->getAllSystemDetails()
 6 SYSTEMPATH\CodeIgniter.php(941): App\Controllers\ManuscriptController->index()
 7 SYSTEMPATH\CodeIgniter.php(502): CodeIgniter\CodeIgniter->runController(Object(App\Controllers\ManuscriptController))
 8 SYSTEMPATH\CodeIgniter.php(361): CodeIgniter\CodeIgniter->handleRequest(null, Object(Config\Cache), false)
 9 FCPATH\index.php(79): CodeIgniter\CodeIgniter->run()
CRITICAL - 2024-05-31 06:55:58 --> Error: Object of class stdClass could not be converted to string
in APPPATH\Views\partials\manuscript_view.php on line 90.
 1 SYSTEMPATH\View\View.php(228): include()
 2 SYSTEMPATH\View\View.php(231): CodeIgniter\View\View->CodeIgniter\View\{closure}()
 3 SYSTEMPATH\Common.php(1178): CodeIgniter\View\View->render('partials/manuscript_view', [], true)
 4 APPPATH\Controllers\ManuscriptController.php(55): view('partials/manuscript_view', [...])
 5 APPPATH\Controllers\ManuscriptController.php(28): App\Controllers\ManuscriptController->getAllSystemDetails()
 6 SYSTEMPATH\CodeIgniter.php(941): App\Controllers\ManuscriptController->index()
 7 SYSTEMPATH\CodeIgniter.php(502): CodeIgniter\CodeIgniter->runController(Object(App\Controllers\ManuscriptController))
 8 SYSTEMPATH\CodeIgniter.php(361): CodeIgniter\CodeIgniter->handleRequest(null, Object(Config\Cache), false)
 9 FCPATH\index.php(79): CodeIgniter\CodeIgniter->run()
CRITICAL - 2024-05-31 06:59:58 --> Error: Cannot use object of type stdClass as array
in APPPATH\Views\partials\manuscript_view.php on line 94.
 1 SYSTEMPATH\View\View.php(228): include()
 2 SYSTEMPATH\View\View.php(231): CodeIgniter\View\View->CodeIgniter\View\{closure}()
 3 SYSTEMPATH\Common.php(1178): CodeIgniter\View\View->render('partials/manuscript_view', [], true)
 4 APPPATH\Controllers\ManuscriptController.php(55): view('partials/manuscript_view', [...])
 5 APPPATH\Controllers\ManuscriptController.php(28): App\Controllers\ManuscriptController->getAllSystemDetails()
 6 SYSTEMPATH\CodeIgniter.php(941): App\Controllers\ManuscriptController->index()
 7 SYSTEMPATH\CodeIgniter.php(502): CodeIgniter\CodeIgniter->runController(Object(App\Controllers\ManuscriptController))
 8 SYSTEMPATH\CodeIgniter.php(361): CodeIgniter\CodeIgniter->handleRequest(null, Object(Config\Cache), false)
 9 FCPATH\index.php(79): CodeIgniter\CodeIgniter->run()
CRITICAL - 2024-05-31 07:00:00 --> Error: Cannot use object of type stdClass as array
in APPPATH\Views\partials\manuscript_view.php on line 94.
 1 SYSTEMPATH\View\View.php(228): include()
 2 SYSTEMPATH\View\View.php(231): CodeIgniter\View\View->CodeIgniter\View\{closure}()
 3 SYSTEMPATH\Common.php(1178): CodeIgniter\View\View->render('partials/manuscript_view', [], true)
 4 APPPATH\Controllers\ManuscriptController.php(55): view('partials/manuscript_view', [...])
 5 APPPATH\Controllers\ManuscriptController.php(28): App\Controllers\ManuscriptController->getAllSystemDetails()
 6 SYSTEMPATH\CodeIgniter.php(941): App\Controllers\ManuscriptController->index()
 7 SYSTEMPATH\CodeIgniter.php(502): CodeIgniter\CodeIgniter->runController(Object(App\Controllers\ManuscriptController))
 8 SYSTEMPATH\CodeIgniter.php(361): CodeIgniter\CodeIgniter->handleRequest(null, Object(Config\Cache), false)
 9 FCPATH\index.php(79): CodeIgniter\CodeIgniter->run()
CRITICAL - 2024-05-31 07:00:35 --> Error: Cannot use object of type stdClass as array
in APPPATH\Views\partials\manuscript_view.php on line 94.
 1 SYSTEMPATH\View\View.php(228): include()
 2 SYSTEMPATH\View\View.php(231): CodeIgniter\View\View->CodeIgniter\View\{closure}()
 3 SYSTEMPATH\Common.php(1178): CodeIgniter\View\View->render('partials/manuscript_view', [], true)
 4 APPPATH\Controllers\ManuscriptController.php(55): view('partials/manuscript_view', [...])
 5 APPPATH\Controllers\ManuscriptController.php(28): App\Controllers\ManuscriptController->getAllSystemDetails()
 6 SYSTEMPATH\CodeIgniter.php(941): App\Controllers\ManuscriptController->index()
 7 SYSTEMPATH\CodeIgniter.php(502): CodeIgniter\CodeIgniter->runController(Object(App\Controllers\ManuscriptController))
 8 SYSTEMPATH\CodeIgniter.php(361): CodeIgniter\CodeIgniter->handleRequest(null, Object(Config\Cache), false)
 9 FCPATH\index.php(79): CodeIgniter\CodeIgniter->run()
CRITICAL - 2024-05-31 07:04:13 --> ParseError: syntax error, unexpected '<', expecting end of file
in APPPATH\Views\partials\manuscript_view.php on line 87.
 1 SYSTEMPATH\View\View.php(231): CodeIgniter\View\View->CodeIgniter\View\{closure}()
 2 SYSTEMPATH\Common.php(1178): CodeIgniter\View\View->render('partials/manuscript_view', [], true)
 3 APPPATH\Controllers\ManuscriptController.php(55): view('partials/manuscript_view', [...])
 4 APPPATH\Controllers\ManuscriptController.php(28): App\Controllers\ManuscriptController->getAllSystemDetails()
 5 SYSTEMPATH\CodeIgniter.php(941): App\Controllers\ManuscriptController->index()
 6 SYSTEMPATH\CodeIgniter.php(502): CodeIgniter\CodeIgniter->runController(Object(App\Controllers\ManuscriptController))
 7 SYSTEMPATH\CodeIgniter.php(361): CodeIgniter\CodeIgniter->handleRequest(null, Object(Config\Cache), false)
 8 FCPATH\index.php(79): CodeIgniter\CodeIgniter->run()
CRITICAL - 2024-05-31 07:04:15 --> ParseError: syntax error, unexpected '<', expecting end of file
in APPPATH\Views\partials\manuscript_view.php on line 87.
 1 SYSTEMPATH\View\View.php(231): CodeIgniter\View\View->CodeIgniter\View\{closure}()
 2 SYSTEMPATH\Common.php(1178): CodeIgniter\View\View->render('partials/manuscript_view', [], true)
 3 APPPATH\Controllers\ManuscriptController.php(55): view('partials/manuscript_view', [...])
 4 APPPATH\Controllers\ManuscriptController.php(28): App\Controllers\ManuscriptController->getAllSystemDetails()
 5 SYSTEMPATH\CodeIgniter.php(941): App\Controllers\ManuscriptController->index()
 6 SYSTEMPATH\CodeIgniter.php(502): CodeIgniter\CodeIgniter->runController(Object(App\Controllers\ManuscriptController))
 7 SYSTEMPATH\CodeIgniter.php(361): CodeIgniter\CodeIgniter->handleRequest(null, Object(Config\Cache), false)
 8 FCPATH\index.php(79): CodeIgniter\CodeIgniter->run()
CRITICAL - 2024-05-31 07:04:45 --> ParseError: syntax error, unexpected '<', expecting end of file
in APPPATH\Views\partials\manuscript_view.php on line 87.
 1 SYSTEMPATH\View\View.php(231): CodeIgniter\View\View->CodeIgniter\View\{closure}()
 2 SYSTEMPATH\Common.php(1178): CodeIgniter\View\View->render('partials/manuscript_view', [], true)
 3 APPPATH\Controllers\ManuscriptController.php(55): view('partials/manuscript_view', [...])
 4 APPPATH\Controllers\ManuscriptController.php(28): App\Controllers\ManuscriptController->getAllSystemDetails()
 5 SYSTEMPATH\CodeIgniter.php(941): App\Controllers\ManuscriptController->index()
 6 SYSTEMPATH\CodeIgniter.php(502): CodeIgniter\CodeIgniter->runController(Object(App\Controllers\ManuscriptController))
 7 SYSTEMPATH\CodeIgniter.php(361): CodeIgniter\CodeIgniter->handleRequest(null, Object(Config\Cache), false)
 8 FCPATH\index.php(79): CodeIgniter\CodeIgniter->run()
CRITICAL - 2024-05-31 07:06:41 --> ErrorException: Invalid argument supplied for foreach()
in APPPATH\Views\partials\manuscript_view.php on line 87.
 1 APPPATH\Views\partials\manuscript_view.php(87): CodeIgniter\Debug\Exceptions->errorHandler(2, 'Invalid argument supplied for foreach()', 'D:\\Xampp-server-php_7-4-30\\htdocs\\amar\\app\\Views\\partials\\manuscript_view.php', 87, [...])
 2 SYSTEMPATH\View\View.php(228): include('D:\\Xampp-server-php_7-4-30\\htdocs\\amar\\app\\Views\\partials\\manuscript_view.php')
 3 SYSTEMPATH\View\View.php(231): CodeIgniter\View\View->CodeIgniter\View\{closure}()
 4 SYSTEMPATH\Common.php(1178): CodeIgniter\View\View->render('partials/manuscript_view', [], true)
 5 APPPATH\Controllers\ManuscriptController.php(55): view('partials/manuscript_view', [...])
 6 APPPATH\Controllers\ManuscriptController.php(28): App\Controllers\ManuscriptController->getAllSystemDetails()
 7 SYSTEMPATH\CodeIgniter.php(941): App\Controllers\ManuscriptController->index()
 8 SYSTEMPATH\CodeIgniter.php(502): CodeIgniter\CodeIgniter->runController(Object(App\Controllers\ManuscriptController))
 9 SYSTEMPATH\CodeIgniter.php(361): CodeIgniter\CodeIgniter->handleRequest(null, Object(Config\Cache), false)
10 FCPATH\index.php(79): CodeIgniter\CodeIgniter->run()
CRITICAL - 2024-05-31 07:06:42 --> ErrorException: Invalid argument supplied for foreach()
in APPPATH\Views\partials\manuscript_view.php on line 87.
 1 APPPATH\Views\partials\manuscript_view.php(87): CodeIgniter\Debug\Exceptions->errorHandler(2, 'Invalid argument supplied for foreach()', 'D:\\Xampp-server-php_7-4-30\\htdocs\\amar\\app\\Views\\partials\\manuscript_view.php', 87, [...])
 2 SYSTEMPATH\View\View.php(228): include('D:\\Xampp-server-php_7-4-30\\htdocs\\amar\\app\\Views\\partials\\manuscript_view.php')
 3 SYSTEMPATH\View\View.php(231): CodeIgniter\View\View->CodeIgniter\View\{closure}()
 4 SYSTEMPATH\Common.php(1178): CodeIgniter\View\View->render('partials/manuscript_view', [], true)
 5 APPPATH\Controllers\ManuscriptController.php(55): view('partials/manuscript_view', [...])
 6 APPPATH\Controllers\ManuscriptController.php(28): App\Controllers\ManuscriptController->getAllSystemDetails()
 7 SYSTEMPATH\CodeIgniter.php(941): App\Controllers\ManuscriptController->index()
 8 SYSTEMPATH\CodeIgniter.php(502): CodeIgniter\CodeIgniter->runController(Object(App\Controllers\ManuscriptController))
 9 SYSTEMPATH\CodeIgniter.php(361): CodeIgniter\CodeIgniter->handleRequest(null, Object(Config\Cache), false)
10 FCPATH\index.php(79): CodeIgniter\CodeIgniter->run()
CRITICAL - 2024-05-31 07:18:56 --> ErrorException: Invalid argument supplied for foreach()
in APPPATH\Views\partials\manuscript_view.php on line 87.
 1 APPPATH\Views\partials\manuscript_view.php(87): CodeIgniter\Debug\Exceptions->errorHandler(2, 'Invalid argument supplied for foreach()', 'D:\\Xampp-server-php_7-4-30\\htdocs\\amar\\app\\Views\\partials\\manuscript_view.php', 87, [...])
 2 SYSTEMPATH\View\View.php(228): include('D:\\Xampp-server-php_7-4-30\\htdocs\\amar\\app\\Views\\partials\\manuscript_view.php')
 3 SYSTEMPATH\View\View.php(231): CodeIgniter\View\View->CodeIgniter\View\{closure}()
 4 SYSTEMPATH\Common.php(1178): CodeIgniter\View\View->render('partials/manuscript_view', [], true)
 5 APPPATH\Controllers\ManuscriptController.php(55): view('partials/manuscript_view', [...])
 6 APPPATH\Controllers\ManuscriptController.php(28): App\Controllers\ManuscriptController->getAllSystemDetails()
 7 SYSTEMPATH\CodeIgniter.php(941): App\Controllers\ManuscriptController->index()
 8 SYSTEMPATH\CodeIgniter.php(502): CodeIgniter\CodeIgniter->runController(Object(App\Controllers\ManuscriptController))
 9 SYSTEMPATH\CodeIgniter.php(361): CodeIgniter\CodeIgniter->handleRequest(null, Object(Config\Cache), false)
10 FCPATH\index.php(79): CodeIgniter\CodeIgniter->run()
CRITICAL - 2024-05-31 07:19:15 --> ErrorException: Invalid argument supplied for foreach()
in APPPATH\Views\partials\manuscript_view.php on line 87.
 1 APPPATH\Views\partials\manuscript_view.php(87): CodeIgniter\Debug\Exceptions->errorHandler(2, 'Invalid argument supplied for foreach()', 'D:\\Xampp-server-php_7-4-30\\htdocs\\amar\\app\\Views\\partials\\manuscript_view.php', 87, [...])
 2 SYSTEMPATH\View\View.php(228): include('D:\\Xampp-server-php_7-4-30\\htdocs\\amar\\app\\Views\\partials\\manuscript_view.php')
 3 SYSTEMPATH\View\View.php(231): CodeIgniter\View\View->CodeIgniter\View\{closure}()
 4 SYSTEMPATH\Common.php(1178): CodeIgniter\View\View->render('partials/manuscript_view', [], true)
 5 APPPATH\Controllers\ManuscriptController.php(55): view('partials/manuscript_view', [...])
 6 APPPATH\Controllers\ManuscriptController.php(28): App\Controllers\ManuscriptController->getAllSystemDetails()
 7 SYSTEMPATH\CodeIgniter.php(941): App\Controllers\ManuscriptController->index()
 8 SYSTEMPATH\CodeIgniter.php(502): CodeIgniter\CodeIgniter->runController(Object(App\Controllers\ManuscriptController))
 9 SYSTEMPATH\CodeIgniter.php(361): CodeIgniter\CodeIgniter->handleRequest(null, Object(Config\Cache), false)
10 FCPATH\index.php(79): CodeIgniter\CodeIgniter->run()
CRITICAL - 2024-05-31 07:22:18 --> Error: Cannot use object of type stdClass as array
in APPPATH\Views\partials\manuscript_view.php on line 88.
 1 SYSTEMPATH\View\View.php(228): include()
 2 SYSTEMPATH\View\View.php(231): CodeIgniter\View\View->CodeIgniter\View\{closure}()
 3 SYSTEMPATH\Common.php(1178): CodeIgniter\View\View->render('partials/manuscript_view', [], true)
 4 APPPATH\Controllers\ManuscriptController.php(55): view('partials/manuscript_view', [...])
 5 APPPATH\Controllers\ManuscriptController.php(28): App\Controllers\ManuscriptController->getAllSystemDetails()
 6 SYSTEMPATH\CodeIgniter.php(941): App\Controllers\ManuscriptController->index()
 7 SYSTEMPATH\CodeIgniter.php(502): CodeIgniter\CodeIgniter->runController(Object(App\Controllers\ManuscriptController))
 8 SYSTEMPATH\CodeIgniter.php(361): CodeIgniter\CodeIgniter->handleRequest(null, Object(Config\Cache), false)
 9 FCPATH\index.php(79): CodeIgniter\CodeIgniter->run()
CRITICAL - 2024-05-31 07:22:19 --> Error: Cannot use object of type stdClass as array
in APPPATH\Views\partials\manuscript_view.php on line 88.
 1 SYSTEMPATH\View\View.php(228): include()
 2 SYSTEMPATH\View\View.php(231): CodeIgniter\View\View->CodeIgniter\View\{closure}()
 3 SYSTEMPATH\Common.php(1178): CodeIgniter\View\View->render('partials/manuscript_view', [], true)
 4 APPPATH\Controllers\ManuscriptController.php(55): view('partials/manuscript_view', [...])
 5 APPPATH\Controllers\ManuscriptController.php(28): App\Controllers\ManuscriptController->getAllSystemDetails()
 6 SYSTEMPATH\CodeIgniter.php(941): App\Controllers\ManuscriptController->index()
 7 SYSTEMPATH\CodeIgniter.php(502): CodeIgniter\CodeIgniter->runController(Object(App\Controllers\ManuscriptController))
 8 SYSTEMPATH\CodeIgniter.php(361): CodeIgniter\CodeIgniter->handleRequest(null, Object(Config\Cache), false)
 9 FCPATH\index.php(79): CodeIgniter\CodeIgniter->run()
CRITICAL - 2024-05-31 07:22:19 --> Error: Cannot use object of type stdClass as array
in APPPATH\Views\partials\manuscript_view.php on line 88.
 1 SYSTEMPATH\View\View.php(228): include()
 2 SYSTEMPATH\View\View.php(231): CodeIgniter\View\View->CodeIgniter\View\{closure}()
 3 SYSTEMPATH\Common.php(1178): CodeIgniter\View\View->render('partials/manuscript_view', [], true)
 4 APPPATH\Controllers\ManuscriptController.php(55): view('partials/manuscript_view', [...])
 5 APPPATH\Controllers\ManuscriptController.php(28): App\Controllers\ManuscriptController->getAllSystemDetails()
 6 SYSTEMPATH\CodeIgniter.php(941): App\Controllers\ManuscriptController->index()
 7 SYSTEMPATH\CodeIgniter.php(502): CodeIgniter\CodeIgniter->runController(Object(App\Controllers\ManuscriptController))
 8 SYSTEMPATH\CodeIgniter.php(361): CodeIgniter\CodeIgniter->handleRequest(null, Object(Config\Cache), false)
 9 FCPATH\index.php(79): CodeIgniter\CodeIgniter->run()
CRITICAL - 2024-05-31 07:22:19 --> Error: Cannot use object of type stdClass as array
in APPPATH\Views\partials\manuscript_view.php on line 88.
 1 SYSTEMPATH\View\View.php(228): include()
 2 SYSTEMPATH\View\View.php(231): CodeIgniter\View\View->CodeIgniter\View\{closure}()
 3 SYSTEMPATH\Common.php(1178): CodeIgniter\View\View->render('partials/manuscript_view', [], true)
 4 APPPATH\Controllers\ManuscriptController.php(55): view('partials/manuscript_view', [...])
 5 APPPATH\Controllers\ManuscriptController.php(28): App\Controllers\ManuscriptController->getAllSystemDetails()
 6 SYSTEMPATH\CodeIgniter.php(941): App\Controllers\ManuscriptController->index()
 7 SYSTEMPATH\CodeIgniter.php(502): CodeIgniter\CodeIgniter->runController(Object(App\Controllers\ManuscriptController))
 8 SYSTEMPATH\CodeIgniter.php(361): CodeIgniter\CodeIgniter->handleRequest(null, Object(Config\Cache), false)
 9 FCPATH\index.php(79): CodeIgniter\CodeIgniter->run()
CRITICAL - 2024-05-31 07:22:34 --> Error: Object of class stdClass could not be converted to string
in APPPATH\Views\partials\manuscript_view.php on line 88.
 1 SYSTEMPATH\View\View.php(228): include()
 2 SYSTEMPATH\View\View.php(231): CodeIgniter\View\View->CodeIgniter\View\{closure}()
 3 SYSTEMPATH\Common.php(1178): CodeIgniter\View\View->render('partials/manuscript_view', [], true)
 4 APPPATH\Controllers\ManuscriptController.php(55): view('partials/manuscript_view', [...])
 5 APPPATH\Controllers\ManuscriptController.php(28): App\Controllers\ManuscriptController->getAllSystemDetails()
 6 SYSTEMPATH\CodeIgniter.php(941): App\Controllers\ManuscriptController->index()
 7 SYSTEMPATH\CodeIgniter.php(502): CodeIgniter\CodeIgniter->runController(Object(App\Controllers\ManuscriptController))
 8 SYSTEMPATH\CodeIgniter.php(361): CodeIgniter\CodeIgniter->handleRequest(null, Object(Config\Cache), false)
 9 FCPATH\index.php(79): CodeIgniter\CodeIgniter->run()
CRITICAL - 2024-05-31 07:22:35 --> Error: Object of class stdClass could not be converted to string
in APPPATH\Views\partials\manuscript_view.php on line 88.
 1 SYSTEMPATH\View\View.php(228): include()
 2 SYSTEMPATH\View\View.php(231): CodeIgniter\View\View->CodeIgniter\View\{closure}()
 3 SYSTEMPATH\Common.php(1178): CodeIgniter\View\View->render('partials/manuscript_view', [], true)
 4 APPPATH\Controllers\ManuscriptController.php(55): view('partials/manuscript_view', [...])
 5 APPPATH\Controllers\ManuscriptController.php(28): App\Controllers\ManuscriptController->getAllSystemDetails()
 6 SYSTEMPATH\CodeIgniter.php(941): App\Controllers\ManuscriptController->index()
 7 SYSTEMPATH\CodeIgniter.php(502): CodeIgniter\CodeIgniter->runController(Object(App\Controllers\ManuscriptController))
 8 SYSTEMPATH\CodeIgniter.php(361): CodeIgniter\CodeIgniter->handleRequest(null, Object(Config\Cache), false)
 9 FCPATH\index.php(79): CodeIgniter\CodeIgniter->run()
CRITICAL - 2024-05-31 07:25:17 --> Error: Object of class stdClass could not be converted to string
in APPPATH\Views\partials\manuscript_view.php on line 88.
 1 SYSTEMPATH\View\View.php(228): include()
 2 SYSTEMPATH\View\View.php(231): CodeIgniter\View\View->CodeIgniter\View\{closure}()
 3 SYSTEMPATH\Common.php(1178): CodeIgniter\View\View->render('partials/manuscript_view', [], true)
 4 APPPATH\Controllers\ManuscriptController.php(55): view('partials/manuscript_view', [...])
 5 APPPATH\Controllers\ManuscriptController.php(28): App\Controllers\ManuscriptController->getAllSystemDetails()
 6 SYSTEMPATH\CodeIgniter.php(941): App\Controllers\ManuscriptController->index()
 7 SYSTEMPATH\CodeIgniter.php(502): CodeIgniter\CodeIgniter->runController(Object(App\Controllers\ManuscriptController))
 8 SYSTEMPATH\CodeIgniter.php(361): CodeIgniter\CodeIgniter->handleRequest(null, Object(Config\Cache), false)
 9 FCPATH\index.php(79): CodeIgniter\CodeIgniter->run()
CRITICAL - 2024-05-31 07:25:18 --> Error: Object of class stdClass could not be converted to string
in APPPATH\Views\partials\manuscript_view.php on line 88.
 1 SYSTEMPATH\View\View.php(228): include()
 2 SYSTEMPATH\View\View.php(231): CodeIgniter\View\View->CodeIgniter\View\{closure}()
 3 SYSTEMPATH\Common.php(1178): CodeIgniter\View\View->render('partials/manuscript_view', [], true)
 4 APPPATH\Controllers\ManuscriptController.php(55): view('partials/manuscript_view', [...])
 5 APPPATH\Controllers\ManuscriptController.php(28): App\Controllers\ManuscriptController->getAllSystemDetails()
 6 SYSTEMPATH\CodeIgniter.php(941): App\Controllers\ManuscriptController->index()
 7 SYSTEMPATH\CodeIgniter.php(502): CodeIgniter\CodeIgniter->runController(Object(App\Controllers\ManuscriptController))
 8 SYSTEMPATH\CodeIgniter.php(361): CodeIgniter\CodeIgniter->handleRequest(null, Object(Config\Cache), false)
 9 FCPATH\index.php(79): CodeIgniter\CodeIgniter->run()
CRITICAL - 2024-05-31 07:25:47 --> ErrorException: Cannot use [] for reading
in APPPATH\Views\partials\manuscript_view.php on line 88.
 1 [internal function]: CodeIgniter\Debug\Exceptions->shutdownHandler()
CRITICAL - 2024-05-31 07:25:48 --> ErrorException: Cannot use [] for reading
in APPPATH\Views\partials\manuscript_view.php on line 88.
 1 [internal function]: CodeIgniter\Debug\Exceptions->shutdownHandler()
CRITICAL - 2024-05-31 07:25:48 --> ErrorException: Cannot use [] for reading
in APPPATH\Views\partials\manuscript_view.php on line 88.
 1 [internal function]: CodeIgniter\Debug\Exceptions->shutdownHandler()
CRITICAL - 2024-05-31 07:25:49 --> ErrorException: Cannot use [] for reading
in APPPATH\Views\partials\manuscript_view.php on line 88.
 1 [internal function]: CodeIgniter\Debug\Exceptions->shutdownHandler()
CRITICAL - 2024-05-31 08:02:11 --> ParseError: syntax error, unexpected ';'
in APPPATH\Controllers\ManuscriptController.php on line 61.
 1 SYSTEMPATH\Autoloader\Autoloader.php(290): CodeIgniter\Autoloader\Autoloader->includeFile('D:\\Xampp-server-php_7-4-30\\htdocs\\amar\\app\\Controllers\\ManuscriptController.php')
 2 SYSTEMPATH\Autoloader\Autoloader.php(266): CodeIgniter\Autoloader\Autoloader->loadInNamespace('App\\Controllers\\ManuscriptController')
 3 [internal function]: CodeIgniter\Autoloader\Autoloader->loadClass('App\\Controllers\\ManuscriptController')
 4 [internal function]: spl_autoload_call('App\\Controllers\\ManuscriptController')
 5 SYSTEMPATH\CodeIgniter.php(899): class_exists('\\App\\Controllers\\ManuscriptController', true)
 6 SYSTEMPATH\CodeIgniter.php(489): CodeIgniter\CodeIgniter->startController()
 7 SYSTEMPATH\CodeIgniter.php(361): CodeIgniter\CodeIgniter->handleRequest(null, Object(Config\Cache), false)
 8 FCPATH\index.php(79): CodeIgniter\CodeIgniter->run()
CRITICAL - 2024-05-31 08:03:03 --> Error: Cannot use object of type App\Models\ViewManuscriptModel as array
in APPPATH\Controllers\ManuscriptController.php on line 57.
 1 APPPATH\Controllers\ManuscriptController.php(28): App\Controllers\ManuscriptController->getAllSystemDetails()
 2 SYSTEMPATH\CodeIgniter.php(941): App\Controllers\ManuscriptController->index()
 3 SYSTEMPATH\CodeIgniter.php(502): CodeIgniter\CodeIgniter->runController(Object(App\Controllers\ManuscriptController))
 4 SYSTEMPATH\CodeIgniter.php(361): CodeIgniter\CodeIgniter->handleRequest(null, Object(Config\Cache), false)
 5 FCPATH\index.php(79): CodeIgniter\CodeIgniter->run()
CRITICAL - 2024-05-31 08:04:24 --> Error: Cannot use object of type App\Models\ViewManuscriptModel as array
in APPPATH\Controllers\ManuscriptController.php on line 57.
 1 APPPATH\Controllers\ManuscriptController.php(28): App\Controllers\ManuscriptController->getAllSystemDetails()
 2 SYSTEMPATH\CodeIgniter.php(941): App\Controllers\ManuscriptController->index()
 3 SYSTEMPATH\CodeIgniter.php(502): CodeIgniter\CodeIgniter->runController(Object(App\Controllers\ManuscriptController))
 4 SYSTEMPATH\CodeIgniter.php(361): CodeIgniter\CodeIgniter->handleRequest(null, Object(Config\Cache), false)
 5 FCPATH\index.php(79): CodeIgniter\CodeIgniter->run()
CRITICAL - 2024-05-31 08:06:27 --> Error: Cannot use object of type App\Models\ViewManuscriptModel as array
in APPPATH\Controllers\ManuscriptController.php on line 57.
 1 APPPATH\Controllers\ManuscriptController.php(28): App\Controllers\ManuscriptController->getAllSystemDetails()
 2 SYSTEMPATH\CodeIgniter.php(941): App\Controllers\ManuscriptController->index()
 3 SYSTEMPATH\CodeIgniter.php(502): CodeIgniter\CodeIgniter->runController(Object(App\Controllers\ManuscriptController))
 4 SYSTEMPATH\CodeIgniter.php(361): CodeIgniter\CodeIgniter->handleRequest(null, Object(Config\Cache), false)
 5 FCPATH\index.php(79): CodeIgniter\CodeIgniter->run()
CRITICAL - 2024-05-31 08:06:28 --> Error: Cannot use object of type App\Models\ViewManuscriptModel as array
in APPPATH\Controllers\ManuscriptController.php on line 57.
 1 APPPATH\Controllers\ManuscriptController.php(28): App\Controllers\ManuscriptController->getAllSystemDetails()
 2 SYSTEMPATH\CodeIgniter.php(941): App\Controllers\ManuscriptController->index()
 3 SYSTEMPATH\CodeIgniter.php(502): CodeIgniter\CodeIgniter->runController(Object(App\Controllers\ManuscriptController))
 4 SYSTEMPATH\CodeIgniter.php(361): CodeIgniter\CodeIgniter->handleRequest(null, Object(Config\Cache), false)
 5 FCPATH\index.php(79): CodeIgniter\CodeIgniter->run()
CRITICAL - 2024-05-31 08:06:28 --> Error: Cannot use object of type App\Models\ViewManuscriptModel as array
in APPPATH\Controllers\ManuscriptController.php on line 57.
 1 APPPATH\Controllers\ManuscriptController.php(28): App\Controllers\ManuscriptController->getAllSystemDetails()
 2 SYSTEMPATH\CodeIgniter.php(941): App\Controllers\ManuscriptController->index()
 3 SYSTEMPATH\CodeIgniter.php(502): CodeIgniter\CodeIgniter->runController(Object(App\Controllers\ManuscriptController))
 4 SYSTEMPATH\CodeIgniter.php(361): CodeIgniter\CodeIgniter->handleRequest(null, Object(Config\Cache), false)
 5 FCPATH\index.php(79): CodeIgniter\CodeIgniter->run()
CRITICAL - 2024-05-31 08:06:56 --> Error: Cannot use object of type App\Models\ViewManuscriptModel as array
in APPPATH\Controllers\ManuscriptController.php on line 57.
 1 APPPATH\Controllers\ManuscriptController.php(28): App\Controllers\ManuscriptController->getAllSystemDetails()
 2 SYSTEMPATH\CodeIgniter.php(941): App\Controllers\ManuscriptController->index()
 3 SYSTEMPATH\CodeIgniter.php(502): CodeIgniter\CodeIgniter->runController(Object(App\Controllers\ManuscriptController))
 4 SYSTEMPATH\CodeIgniter.php(361): CodeIgniter\CodeIgniter->handleRequest(null, Object(Config\Cache), false)
 5 FCPATH\index.php(79): CodeIgniter\CodeIgniter->run()
CRITICAL - 2024-05-31 08:06:58 --> Error: Cannot use object of type App\Models\ViewManuscriptModel as array
in APPPATH\Controllers\ManuscriptController.php on line 57.
 1 APPPATH\Controllers\ManuscriptController.php(28): App\Controllers\ManuscriptController->getAllSystemDetails()
 2 SYSTEMPATH\CodeIgniter.php(941): App\Controllers\ManuscriptController->index()
 3 SYSTEMPATH\CodeIgniter.php(502): CodeIgniter\CodeIgniter->runController(Object(App\Controllers\ManuscriptController))
 4 SYSTEMPATH\CodeIgniter.php(361): CodeIgniter\CodeIgniter->handleRequest(null, Object(Config\Cache), false)
 5 FCPATH\index.php(79): CodeIgniter\CodeIgniter->run()
CRITICAL - 2024-05-31 08:09:33 --> Error: Call to a member function getallManuscriptSystemData() on null
in APPPATH\Controllers\ManuscriptController.php on line 55.
 1 APPPATH\Controllers\ManuscriptController.php(28): App\Controllers\ManuscriptController->getAllSystemDetails()
 2 SYSTEMPATH\CodeIgniter.php(941): App\Controllers\ManuscriptController->index()
 3 SYSTEMPATH\CodeIgniter.php(502): CodeIgniter\CodeIgniter->runController(Object(App\Controllers\ManuscriptController))
 4 SYSTEMPATH\CodeIgniter.php(361): CodeIgniter\CodeIgniter->handleRequest(null, Object(Config\Cache), false)
 5 FCPATH\index.php(79): CodeIgniter\CodeIgniter->run()
CRITICAL - 2024-05-31 08:09:34 --> Error: Call to a member function getallManuscriptSystemData() on null
in APPPATH\Controllers\ManuscriptController.php on line 55.
 1 APPPATH\Controllers\ManuscriptController.php(28): App\Controllers\ManuscriptController->getAllSystemDetails()
 2 SYSTEMPATH\CodeIgniter.php(941): App\Controllers\ManuscriptController->index()
 3 SYSTEMPATH\CodeIgniter.php(502): CodeIgniter\CodeIgniter->runController(Object(App\Controllers\ManuscriptController))
 4 SYSTEMPATH\CodeIgniter.php(361): CodeIgniter\CodeIgniter->handleRequest(null, Object(Config\Cache), false)
 5 FCPATH\index.php(79): CodeIgniter\CodeIgniter->run()
CRITICAL - 2024-05-31 08:52:25 --> Error: Cannot use object of type stdClass as array
in APPPATH\Controllers\ManuscriptController.php on line 54.
 1 APPPATH\Controllers\ManuscriptController.php(28): App\Controllers\ManuscriptController->getAllSystemDetails()
 2 SYSTEMPATH\CodeIgniter.php(941): App\Controllers\ManuscriptController->index()
 3 SYSTEMPATH\CodeIgniter.php(502): CodeIgniter\CodeIgniter->runController(Object(App\Controllers\ManuscriptController))
 4 SYSTEMPATH\CodeIgniter.php(361): CodeIgniter\CodeIgniter->handleRequest(null, Object(Config\Cache), false)
 5 FCPATH\index.php(79): CodeIgniter\CodeIgniter->run()
CRITICAL - 2024-05-31 09:02:21 --> Error: Cannot use object of type stdClass as array
in APPPATH\Controllers\ManuscriptController.php on line 54.
 1 APPPATH\Controllers\ManuscriptController.php(28): App\Controllers\ManuscriptController->getAllSystemDetails()
 2 SYSTEMPATH\CodeIgniter.php(941): App\Controllers\ManuscriptController->index()
 3 SYSTEMPATH\CodeIgniter.php(502): CodeIgniter\CodeIgniter->runController(Object(App\Controllers\ManuscriptController))
 4 SYSTEMPATH\CodeIgniter.php(361): CodeIgniter\CodeIgniter->handleRequest(null, Object(Config\Cache), false)
 5 FCPATH\index.php(79): CodeIgniter\CodeIgniter->run()
CRITICAL - 2024-05-31 09:03:13 --> Error: Cannot use object of type App\Models\ViewManuscriptModel as array
in APPPATH\Controllers\ManuscriptController.php on line 55.
 1 APPPATH\Controllers\ManuscriptController.php(28): App\Controllers\ManuscriptController->getAllSystemDetails()
 2 SYSTEMPATH\CodeIgniter.php(941): App\Controllers\ManuscriptController->index()
 3 SYSTEMPATH\CodeIgniter.php(502): CodeIgniter\CodeIgniter->runController(Object(App\Controllers\ManuscriptController))
 4 SYSTEMPATH\CodeIgniter.php(361): CodeIgniter\CodeIgniter->handleRequest(null, Object(Config\Cache), false)
 5 FCPATH\index.php(79): CodeIgniter\CodeIgniter->run()
CRITICAL - 2024-05-31 09:03:14 --> Error: Cannot use object of type App\Models\ViewManuscriptModel as array
in APPPATH\Controllers\ManuscriptController.php on line 55.
 1 APPPATH\Controllers\ManuscriptController.php(28): App\Controllers\ManuscriptController->getAllSystemDetails()
 2 SYSTEMPATH\CodeIgniter.php(941): App\Controllers\ManuscriptController->index()
 3 SYSTEMPATH\CodeIgniter.php(502): CodeIgniter\CodeIgniter->runController(Object(App\Controllers\ManuscriptController))
 4 SYSTEMPATH\CodeIgniter.php(361): CodeIgniter\CodeIgniter->handleRequest(null, Object(Config\Cache), false)
 5 FCPATH\index.php(79): CodeIgniter\CodeIgniter->run()
CRITICAL - 2024-05-31 09:05:16 --> Error: Cannot use object of type App\Models\ViewManuscriptModel as array
in APPPATH\Controllers\ManuscriptController.php on line 55.
 1 APPPATH\Controllers\ManuscriptController.php(28): App\Controllers\ManuscriptController->getAllSystemDetails()
 2 SYSTEMPATH\CodeIgniter.php(941): App\Controllers\ManuscriptController->index()
 3 SYSTEMPATH\CodeIgniter.php(502): CodeIgniter\CodeIgniter->runController(Object(App\Controllers\ManuscriptController))
 4 SYSTEMPATH\CodeIgniter.php(361): CodeIgniter\CodeIgniter->handleRequest(null, Object(Config\Cache), false)
 5 FCPATH\index.php(79): CodeIgniter\CodeIgniter->run()
CRITICAL - 2024-05-31 09:09:34 --> ParseError: syntax error, unexpected end of file, expecting function (T_FUNCTION) or const (T_CONST)
in APPPATH\Controllers\ManuscriptController.php on line 87.
 1 SYSTEMPATH\Autoloader\Autoloader.php(290): CodeIgniter\Autoloader\Autoloader->includeFile('D:\\Xampp-server-php_7-4-30\\htdocs\\amar\\app\\Controllers\\ManuscriptController.php')
 2 SYSTEMPATH\Autoloader\Autoloader.php(266): CodeIgniter\Autoloader\Autoloader->loadInNamespace('App\\Controllers\\ManuscriptController')
 3 [internal function]: CodeIgniter\Autoloader\Autoloader->loadClass('App\\Controllers\\ManuscriptController')
 4 [internal function]: spl_autoload_call('App\\Controllers\\ManuscriptController')
 5 SYSTEMPATH\CodeIgniter.php(899): class_exists('\\App\\Controllers\\ManuscriptController', true)
 6 SYSTEMPATH\CodeIgniter.php(489): CodeIgniter\CodeIgniter->startController()
 7 SYSTEMPATH\CodeIgniter.php(361): CodeIgniter\CodeIgniter->handleRequest(null, Object(Config\Cache), false)
 8 FCPATH\index.php(79): CodeIgniter\CodeIgniter->run()
CRITICAL - 2024-05-31 09:09:35 --> ParseError: syntax error, unexpected end of file, expecting function (T_FUNCTION) or const (T_CONST)
in APPPATH\Controllers\ManuscriptController.php on line 87.
 1 SYSTEMPATH\Autoloader\Autoloader.php(290): CodeIgniter\Autoloader\Autoloader->includeFile('D:\\Xampp-server-php_7-4-30\\htdocs\\amar\\app\\Controllers\\ManuscriptController.php')
 2 SYSTEMPATH\Autoloader\Autoloader.php(266): CodeIgniter\Autoloader\Autoloader->loadInNamespace('App\\Controllers\\ManuscriptController')
 3 [internal function]: CodeIgniter\Autoloader\Autoloader->loadClass('App\\Controllers\\ManuscriptController')
 4 [internal function]: spl_autoload_call('App\\Controllers\\ManuscriptController')
 5 SYSTEMPATH\CodeIgniter.php(899): class_exists('\\App\\Controllers\\ManuscriptController', true)
 6 SYSTEMPATH\CodeIgniter.php(489): CodeIgniter\CodeIgniter->startController()
 7 SYSTEMPATH\CodeIgniter.php(361): CodeIgniter\CodeIgniter->handleRequest(null, Object(Config\Cache), false)
 8 FCPATH\index.php(79): CodeIgniter\CodeIgniter->run()
CRITICAL - 2024-05-31 09:10:56 --> Error: Cannot use object of type stdClass as array
in APPPATH\Controllers\ManuscriptController.php on line 58.
 1 APPPATH\Controllers\ManuscriptController.php(28): App\Controllers\ManuscriptController->getAllSystemDetails()
 2 SYSTEMPATH\CodeIgniter.php(941): App\Controllers\ManuscriptController->index()
 3 SYSTEMPATH\CodeIgniter.php(502): CodeIgniter\CodeIgniter->runController(Object(App\Controllers\ManuscriptController))
 4 SYSTEMPATH\CodeIgniter.php(361): CodeIgniter\CodeIgniter->handleRequest(null, Object(Config\Cache), false)
 5 FCPATH\index.php(79): CodeIgniter\CodeIgniter->run()
CRITICAL - 2024-05-31 09:10:57 --> Error: Cannot use object of type stdClass as array
in APPPATH\Controllers\ManuscriptController.php on line 58.
 1 APPPATH\Controllers\ManuscriptController.php(28): App\Controllers\ManuscriptController->getAllSystemDetails()
 2 SYSTEMPATH\CodeIgniter.php(941): App\Controllers\ManuscriptController->index()
 3 SYSTEMPATH\CodeIgniter.php(502): CodeIgniter\CodeIgniter->runController(Object(App\Controllers\ManuscriptController))
 4 SYSTEMPATH\CodeIgniter.php(361): CodeIgniter\CodeIgniter->handleRequest(null, Object(Config\Cache), false)
 5 FCPATH\index.php(79): CodeIgniter\CodeIgniter->run()
CRITICAL - 2024-05-31 09:10:57 --> Error: Cannot use object of type stdClass as array
in APPPATH\Controllers\ManuscriptController.php on line 58.
 1 APPPATH\Controllers\ManuscriptController.php(28): App\Controllers\ManuscriptController->getAllSystemDetails()
 2 SYSTEMPATH\CodeIgniter.php(941): App\Controllers\ManuscriptController->index()
 3 SYSTEMPATH\CodeIgniter.php(502): CodeIgniter\CodeIgniter->runController(Object(App\Controllers\ManuscriptController))
 4 SYSTEMPATH\CodeIgniter.php(361): CodeIgniter\CodeIgniter->handleRequest(null, Object(Config\Cache), false)
 5 FCPATH\index.php(79): CodeIgniter\CodeIgniter->run()
CRITICAL - 2024-05-31 09:13:37 --> Error: Cannot use object of type stdClass as array
in APPPATH\Controllers\ManuscriptController.php on line 58.
 1 APPPATH\Controllers\ManuscriptController.php(28): App\Controllers\ManuscriptController->getAllSystemDetails()
 2 SYSTEMPATH\CodeIgniter.php(941): App\Controllers\ManuscriptController->index()
 3 SYSTEMPATH\CodeIgniter.php(502): CodeIgniter\CodeIgniter->runController(Object(App\Controllers\ManuscriptController))
 4 SYSTEMPATH\CodeIgniter.php(361): CodeIgniter\CodeIgniter->handleRequest(null, Object(Config\Cache), false)
 5 FCPATH\index.php(79): CodeIgniter\CodeIgniter->run()
CRITICAL - 2024-05-31 09:13:38 --> Error: Cannot use object of type stdClass as array
in APPPATH\Controllers\ManuscriptController.php on line 58.
 1 APPPATH\Controllers\ManuscriptController.php(28): App\Controllers\ManuscriptController->getAllSystemDetails()
 2 SYSTEMPATH\CodeIgniter.php(941): App\Controllers\ManuscriptController->index()
 3 SYSTEMPATH\CodeIgniter.php(502): CodeIgniter\CodeIgniter->runController(Object(App\Controllers\ManuscriptController))
 4 SYSTEMPATH\CodeIgniter.php(361): CodeIgniter\CodeIgniter->handleRequest(null, Object(Config\Cache), false)
 5 FCPATH\index.php(79): CodeIgniter\CodeIgniter->run()
CRITICAL - 2024-05-31 09:14:21 --> Error: Cannot use object of type stdClass as array
in APPPATH\Controllers\ManuscriptController.php on line 59.
 1 APPPATH\Controllers\ManuscriptController.php(28): App\Controllers\ManuscriptController->getAllSystemDetails()
 2 SYSTEMPATH\CodeIgniter.php(941): App\Controllers\ManuscriptController->index()
 3 SYSTEMPATH\CodeIgniter.php(502): CodeIgniter\CodeIgniter->runController(Object(App\Controllers\ManuscriptController))
 4 SYSTEMPATH\CodeIgniter.php(361): CodeIgniter\CodeIgniter->handleRequest(null, Object(Config\Cache), false)
 5 FCPATH\index.php(79): CodeIgniter\CodeIgniter->run()
CRITICAL - 2024-05-31 09:40:34 --> ParseError: syntax error, unexpected end of file, expecting function (T_FUNCTION) or const (T_CONST)
in APPPATH\Controllers\ManuscriptController.php on line 94.
 1 SYSTEMPATH\Autoloader\Autoloader.php(290): CodeIgniter\Autoloader\Autoloader->includeFile('D:\\Xampp-server-php_7-4-30\\htdocs\\amar\\app\\Controllers\\ManuscriptController.php')
 2 SYSTEMPATH\Autoloader\Autoloader.php(266): CodeIgniter\Autoloader\Autoloader->loadInNamespace('App\\Controllers\\ManuscriptController')
 3 [internal function]: CodeIgniter\Autoloader\Autoloader->loadClass('App\\Controllers\\ManuscriptController')
 4 [internal function]: spl_autoload_call('App\\Controllers\\ManuscriptController')
 5 SYSTEMPATH\CodeIgniter.php(899): class_exists('\\App\\Controllers\\ManuscriptController', true)
 6 SYSTEMPATH\CodeIgniter.php(489): CodeIgniter\CodeIgniter->startController()
 7 SYSTEMPATH\CodeIgniter.php(361): CodeIgniter\CodeIgniter->handleRequest(null, Object(Config\Cache), false)
 8 FCPATH\index.php(79): CodeIgniter\CodeIgniter->run()
CRITICAL - 2024-05-31 09:41:24 --> ParseError: syntax error, unexpected end of file, expecting function (T_FUNCTION) or const (T_CONST)
in APPPATH\Controllers\ManuscriptController.php on line 94.
 1 SYSTEMPATH\Autoloader\Autoloader.php(290): CodeIgniter\Autoloader\Autoloader->includeFile('D:\\Xampp-server-php_7-4-30\\htdocs\\amar\\app\\Controllers\\ManuscriptController.php')
 2 SYSTEMPATH\Autoloader\Autoloader.php(266): CodeIgniter\Autoloader\Autoloader->loadInNamespace('App\\Controllers\\ManuscriptController')
 3 [internal function]: CodeIgniter\Autoloader\Autoloader->loadClass('App\\Controllers\\ManuscriptController')
 4 [internal function]: spl_autoload_call('App\\Controllers\\ManuscriptController')
 5 SYSTEMPATH\CodeIgniter.php(899): class_exists('\\App\\Controllers\\ManuscriptController', true)
 6 SYSTEMPATH\CodeIgniter.php(489): CodeIgniter\CodeIgniter->startController()
 7 SYSTEMPATH\CodeIgniter.php(361): CodeIgniter\CodeIgniter->handleRequest(null, Object(Config\Cache), false)
 8 FCPATH\index.php(79): CodeIgniter\CodeIgniter->run()
CRITICAL - 2024-05-31 09:42:58 --> ParseError: syntax error, unexpected end of file, expecting function (T_FUNCTION) or const (T_CONST)
in APPPATH\Controllers\ManuscriptController.php on line 94.
 1 SYSTEMPATH\Autoloader\Autoloader.php(290): CodeIgniter\Autoloader\Autoloader->includeFile('D:\\Xampp-server-php_7-4-30\\htdocs\\amar\\app\\Controllers\\ManuscriptController.php')
 2 SYSTEMPATH\Autoloader\Autoloader.php(266): CodeIgniter\Autoloader\Autoloader->loadInNamespace('App\\Controllers\\ManuscriptController')
 3 [internal function]: CodeIgniter\Autoloader\Autoloader->loadClass('App\\Controllers\\ManuscriptController')
 4 [internal function]: spl_autoload_call('App\\Controllers\\ManuscriptController')
 5 SYSTEMPATH\CodeIgniter.php(899): class_exists('\\App\\Controllers\\ManuscriptController', true)
 6 SYSTEMPATH\CodeIgniter.php(489): CodeIgniter\CodeIgniter->startController()
 7 SYSTEMPATH\CodeIgniter.php(361): CodeIgniter\CodeIgniter->handleRequest(null, Object(Config\Cache), false)
 8 FCPATH\index.php(79): CodeIgniter\CodeIgniter->run()
CRITICAL - 2024-05-31 09:43:00 --> ParseError: syntax error, unexpected end of file, expecting function (T_FUNCTION) or const (T_CONST)
in APPPATH\Controllers\ManuscriptController.php on line 94.
 1 SYSTEMPATH\Autoloader\Autoloader.php(290): CodeIgniter\Autoloader\Autoloader->includeFile('D:\\Xampp-server-php_7-4-30\\htdocs\\amar\\app\\Controllers\\ManuscriptController.php')
 2 SYSTEMPATH\Autoloader\Autoloader.php(266): CodeIgniter\Autoloader\Autoloader->loadInNamespace('App\\Controllers\\ManuscriptController')
 3 [internal function]: CodeIgniter\Autoloader\Autoloader->loadClass('App\\Controllers\\ManuscriptController')
 4 [internal function]: spl_autoload_call('App\\Controllers\\ManuscriptController')
 5 SYSTEMPATH\CodeIgniter.php(899): class_exists('\\App\\Controllers\\ManuscriptController', true)
 6 SYSTEMPATH\CodeIgniter.php(489): CodeIgniter\CodeIgniter->startController()
 7 SYSTEMPATH\CodeIgniter.php(361): CodeIgniter\CodeIgniter->handleRequest(null, Object(Config\Cache), false)
 8 FCPATH\index.php(79): CodeIgniter\CodeIgniter->run()
CRITICAL - 2024-05-31 09:43:00 --> ParseError: syntax error, unexpected end of file, expecting function (T_FUNCTION) or const (T_CONST)
in APPPATH\Controllers\ManuscriptController.php on line 94.
 1 SYSTEMPATH\Autoloader\Autoloader.php(290): CodeIgniter\Autoloader\Autoloader->includeFile('D:\\Xampp-server-php_7-4-30\\htdocs\\amar\\app\\Controllers\\ManuscriptController.php')
 2 SYSTEMPATH\Autoloader\Autoloader.php(266): CodeIgniter\Autoloader\Autoloader->loadInNamespace('App\\Controllers\\ManuscriptController')
 3 [internal function]: CodeIgniter\Autoloader\Autoloader->loadClass('App\\Controllers\\ManuscriptController')
 4 [internal function]: spl_autoload_call('App\\Controllers\\ManuscriptController')
 5 SYSTEMPATH\CodeIgniter.php(899): class_exists('\\App\\Controllers\\ManuscriptController', true)
 6 SYSTEMPATH\CodeIgniter.php(489): CodeIgniter\CodeIgniter->startController()
 7 SYSTEMPATH\CodeIgniter.php(361): CodeIgniter\CodeIgniter->handleRequest(null, Object(Config\Cache), false)
 8 FCPATH\index.php(79): CodeIgniter\CodeIgniter->run()
CRITICAL - 2024-05-31 09:43:00 --> ParseError: syntax error, unexpected end of file, expecting function (T_FUNCTION) or const (T_CONST)
in APPPATH\Controllers\ManuscriptController.php on line 94.
 1 SYSTEMPATH\Autoloader\Autoloader.php(290): CodeIgniter\Autoloader\Autoloader->includeFile('D:\\Xampp-server-php_7-4-30\\htdocs\\amar\\app\\Controllers\\ManuscriptController.php')
 2 SYSTEMPATH\Autoloader\Autoloader.php(266): CodeIgniter\Autoloader\Autoloader->loadInNamespace('App\\Controllers\\ManuscriptController')
 3 [internal function]: CodeIgniter\Autoloader\Autoloader->loadClass('App\\Controllers\\ManuscriptController')
 4 [internal function]: spl_autoload_call('App\\Controllers\\ManuscriptController')
 5 SYSTEMPATH\CodeIgniter.php(899): class_exists('\\App\\Controllers\\ManuscriptController', true)
 6 SYSTEMPATH\CodeIgniter.php(489): CodeIgniter\CodeIgniter->startController()
 7 SYSTEMPATH\CodeIgniter.php(361): CodeIgniter\CodeIgniter->handleRequest(null, Object(Config\Cache), false)
 8 FCPATH\index.php(79): CodeIgniter\CodeIgniter->run()
