INFO - 2025-01-27 04:36:15 --> Session: Class initialized using 'CodeIgniter\Session\Handlers\FileHandler' driver.
INFO - 2025-01-27 05:53:41 --> Session: Class initialized using 'CodeIgniter\Session\Handlers\FileHandler' driver.
INFO - 2025-01-27 05:53:42 --> Session: Class initialized using 'CodeIgniter\Session\Handlers\FileHandler' driver.
INFO - 2025-01-27 05:53:46 --> Session: Class initialized using 'CodeIgniter\Session\Handlers\FileHandler' driver.
INFO - 2025-01-27 05:53:47 --> Session: Class initialized using 'CodeIgniter\Session\Handlers\FileHandler' driver.
INFO - 2025-01-27 05:53:47 --> Session: Class initialized using 'CodeIgniter\Session\Handlers\FileHandler' driver.
INFO - 2025-01-27 05:53:49 --> Session: Class initialized using 'CodeIgniter\Session\Handlers\FileHandler' driver.
INFO - 2025-01-27 05:53:52 --> Session: Class initialized using 'CodeIgniter\Session\Handlers\FileHandler' driver.
INFO - 2025-01-27 05:53:52 --> Session: Class initialized using 'CodeIgniter\Session\Handlers\FileHandler' driver.
INFO - 2025-01-27 06:07:54 --> Session: Class initialized using 'CodeIgniter\Session\Handlers\FileHandler' driver.
INFO - 2025-01-27 06:07:57 --> Session: Class initialized using 'CodeIgniter\Session\Handlers\FileHandler' driver.
INFO - 2025-01-27 06:07:57 --> Session: Class initialized using 'CodeIgniter\Session\Handlers\FileHandler' driver.
INFO - 2025-01-27 06:08:04 --> Session: Class initialized using 'CodeIgniter\Session\Handlers\FileHandler' driver.
INFO - 2025-01-27 06:08:05 --> Session: Class initialized using 'CodeIgniter\Session\Handlers\FileHandler' driver.
INFO - 2025-01-27 06:08:06 --> Session: Class initialized using 'CodeIgniter\Session\Handlers\FileHandler' driver.
INFO - 2025-01-27 06:08:06 --> Session: Class initialized using 'CodeIgniter\Session\Handlers\FileHandler' driver.
INFO - 2025-01-27 06:08:07 --> Session: Class initialized using 'CodeIgniter\Session\Handlers\FileHandler' driver.
INFO - 2025-01-27 06:08:11 --> Session: Class initialized using 'CodeIgniter\Session\Handlers\FileHandler' driver.
INFO - 2025-01-27 06:08:11 --> Session: Class initialized using 'CodeIgniter\Session\Handlers\FileHandler' driver.
INFO - 2025-01-27 06:08:11 --> Session: Class initialized using 'CodeIgniter\Session\Handlers\FileHandler' driver.
INFO - 2025-01-27 06:08:13 --> Session: Class initialized using 'CodeIgniter\Session\Handlers\FileHandler' driver.
INFO - 2025-01-27 06:08:15 --> Session: Class initialized using 'CodeIgniter\Session\Handlers\FileHandler' driver.
INFO - 2025-01-27 06:08:15 --> Session: Class initialized using 'CodeIgniter\Session\Handlers\FileHandler' driver.
INFO - 2025-01-27 06:58:16 --> Session: Class initialized using 'CodeIgniter\Session\Handlers\FileHandler' driver.
INFO - 2025-01-27 06:58:18 --> Session: Class initialized using 'CodeIgniter\Session\Handlers\FileHandler' driver.
INFO - 2025-01-27 06:58:19 --> Session: Class initialized using 'CodeIgniter\Session\Handlers\FileHandler' driver.
INFO - 2025-01-27 06:58:21 --> Session: Class initialized using 'CodeIgniter\Session\Handlers\FileHandler' driver.
INFO - 2025-01-27 06:58:21 --> Session: Class initialized using 'CodeIgniter\Session\Handlers\FileHandler' driver.
INFO - 2025-01-27 08:56:27 --> Session: Class initialized using 'CodeIgniter\Session\Handlers\FileHandler' driver.
INFO - 2025-01-27 08:56:27 --> Session: Class initialized using 'CodeIgniter\Session\Handlers\FileHandler' driver.
INFO - 2025-01-27 09:19:59 --> Session: Class initialized using 'CodeIgniter\Session\Handlers\FileHandler' driver.
INFO - 2025-01-27 11:30:36 --> Session: Class initialized using 'CodeIgniter\Session\Handlers\FileHandler' driver.
INFO - 2025-01-27 11:30:38 --> Session: Class initialized using 'CodeIgniter\Session\Handlers\FileHandler' driver.
INFO - 2025-01-27 12:08:33 --> Session: Class initialized using 'CodeIgniter\Session\Handlers\FileHandler' driver.
INFO - 2025-01-27 12:08:54 --> Session: Class initialized using 'CodeIgniter\Session\Handlers\FileHandler' driver.
INFO - 2025-01-27 12:08:54 --> Session: Class initialized using 'CodeIgniter\Session\Handlers\FileHandler' driver.
INFO - 2025-01-27 12:10:56 --> Session: Class initialized using 'CodeIgniter\Session\Handlers\FileHandler' driver.
INFO - 2025-01-27 12:11:06 --> Session: Class initialized using 'CodeIgniter\Session\Handlers\FileHandler' driver.
INFO - 2025-01-27 12:15:02 --> Session: Class initialized using 'CodeIgniter\Session\Handlers\FileHandler' driver.
ERROR - 2025-01-27 12:15:02 --> mysqli_sql_exception: Unknown column 'manuscripts_m.id' in 'where clause' in C:\xampp\htdocs\amar\system\Database\MySQLi\Connection.php:306
Stack trace:
#0 C:\xampp\htdocs\amar\system\Database\MySQLi\Connection.php(306): mysqli->query('SELECT *\nFROM `...', 0)
#1 C:\xampp\htdocs\amar\system\Database\BaseConnection.php(693): CodeIgniter\Database\MySQLi\Connection->execute('SELECT *\nFROM `...')
#2 C:\xampp\htdocs\amar\system\Database\BaseConnection.php(607): CodeIgniter\Database\BaseConnection->simpleQuery('SELECT *\nFROM `...')
#3 C:\xampp\htdocs\amar\system\Database\BaseBuilder.php(1616): CodeIgniter\Database\BaseConnection->query('SELECT *\nFROM `...', Array, false)
#4 C:\xampp\htdocs\amar\system\Model.php(199): CodeIgniter\Database\BaseBuilder->get()
#5 C:\xampp\htdocs\amar\system\BaseModel.php(577): CodeIgniter\Model->doFind(true, 4255)
#6 C:\xampp\htdocs\amar\app\Controllers\SupervisorController.php(177): CodeIgniter\BaseModel->find(4255)
#7 C:\xampp\htdocs\amar\system\CodeIgniter.php(941): App\Controllers\SupervisorController->publish('39', 'manuscript')
#8 C:\xampp\htdocs\amar\system\CodeIgniter.php(502): CodeIgniter\CodeIgniter->runController(Object(App\Controllers\SupervisorController))
#9 C:\xampp\htdocs\amar\system\CodeIgniter.php(361): CodeIgniter\CodeIgniter->handleRequest(NULL, Object(Config\Cache), false)
#10 C:\xampp\htdocs\amar\index.php(79): CodeIgniter\CodeIgniter->run()
#11 {main}
CRITICAL - 2025-01-27 12:15:02 --> CodeIgniter\Database\Exceptions\DatabaseException: Unknown column 'manuscripts_m.id' in 'where clause'
in SYSTEMPATH\Database\BaseConnection.php on line 647.
 1 SYSTEMPATH\Database\BaseBuilder.php(1616): CodeIgniter\Database\BaseConnection->query('SELECT *
FROM `manuscripts_m`
WHERE `manuscripts_m`.`id` = :manuscripts_m.id:', [...], false)
 2 SYSTEMPATH\Model.php(199): CodeIgniter\Database\BaseBuilder->get()
 3 SYSTEMPATH\BaseModel.php(577): CodeIgniter\Model->doFind(true, 4255)
 4 APPPATH\Controllers\SupervisorController.php(177): CodeIgniter\BaseModel->find(4255)
 5 SYSTEMPATH\CodeIgniter.php(941): App\Controllers\SupervisorController->publish('39', 'manuscript')
 6 SYSTEMPATH\CodeIgniter.php(502): CodeIgniter\CodeIgniter->runController(Object(App\Controllers\SupervisorController))
 7 SYSTEMPATH\CodeIgniter.php(361): CodeIgniter\CodeIgniter->handleRequest(null, Object(Config\Cache), false)
 8 FCPATH\index.php(79): CodeIgniter\CodeIgniter->run()
CRITICAL - 2025-01-27 12:15:02 --> [Caused by] CodeIgniter\Database\Exceptions\DatabaseException: Unknown column 'manuscripts_m.id' in 'where clause'
in SYSTEMPATH\Database\MySQLi\Connection.php on line 311.
 1 SYSTEMPATH\Database\BaseConnection.php(693): CodeIgniter\Database\MySQLi\Connection->execute('SELECT *
FROM `manuscripts_m`
WHERE `manuscripts_m`.`id` = 4255')
 2 SYSTEMPATH\Database\BaseConnection.php(607): CodeIgniter\Database\BaseConnection->simpleQuery('SELECT *
FROM `manuscripts_m`
WHERE `manuscripts_m`.`id` = 4255')
 3 SYSTEMPATH\Database\BaseBuilder.php(1616): CodeIgniter\Database\BaseConnection->query('SELECT *
FROM `manuscripts_m`
WHERE `manuscripts_m`.`id` = :manuscripts_m.id:', [...], false)
 4 SYSTEMPATH\Model.php(199): CodeIgniter\Database\BaseBuilder->get()
 5 SYSTEMPATH\BaseModel.php(577): CodeIgniter\Model->doFind(true, 4255)
 6 APPPATH\Controllers\SupervisorController.php(177): CodeIgniter\BaseModel->find(4255)
 7 SYSTEMPATH\CodeIgniter.php(941): App\Controllers\SupervisorController->publish('39', 'manuscript')
 8 SYSTEMPATH\CodeIgniter.php(502): CodeIgniter\CodeIgniter->runController(Object(App\Controllers\SupervisorController))
 9 SYSTEMPATH\CodeIgniter.php(361): CodeIgniter\CodeIgniter->handleRequest(null, Object(Config\Cache), false)
10 FCPATH\index.php(79): CodeIgniter\CodeIgniter->run()
CRITICAL - 2025-01-27 12:15:02 --> [Caused by] mysqli_sql_exception: Unknown column 'manuscripts_m.id' in 'where clause'
in SYSTEMPATH\Database\MySQLi\Connection.php on line 306.
 1 SYSTEMPATH\Database\MySQLi\Connection.php(306): mysqli->query('SELECT *
FROM `manuscripts_m`
WHERE `manuscripts_m`.`id` = 4255', 0)
 2 SYSTEMPATH\Database\BaseConnection.php(693): CodeIgniter\Database\MySQLi\Connection->execute('SELECT *
FROM `manuscripts_m`
WHERE `manuscripts_m`.`id` = 4255')
 3 SYSTEMPATH\Database\BaseConnection.php(607): CodeIgniter\Database\BaseConnection->simpleQuery('SELECT *
FROM `manuscripts_m`
WHERE `manuscripts_m`.`id` = 4255')
 4 SYSTEMPATH\Database\BaseBuilder.php(1616): CodeIgniter\Database\BaseConnection->query('SELECT *
FROM `manuscripts_m`
WHERE `manuscripts_m`.`id` = :manuscripts_m.id:', [...], false)
 5 SYSTEMPATH\Model.php(199): CodeIgniter\Database\BaseBuilder->get()
 6 SYSTEMPATH\BaseModel.php(577): CodeIgniter\Model->doFind(true, 4255)
 7 APPPATH\Controllers\SupervisorController.php(177): CodeIgniter\BaseModel->find(4255)
 8 SYSTEMPATH\CodeIgniter.php(941): App\Controllers\SupervisorController->publish('39', 'manuscript')
 9 SYSTEMPATH\CodeIgniter.php(502): CodeIgniter\CodeIgniter->runController(Object(App\Controllers\SupervisorController))
10 SYSTEMPATH\CodeIgniter.php(361): CodeIgniter\CodeIgniter->handleRequest(null, Object(Config\Cache), false)
11 FCPATH\index.php(79): CodeIgniter\CodeIgniter->run()
INFO - 2025-01-27 12:15:07 --> Session: Class initialized using 'CodeIgniter\Session\Handlers\FileHandler' driver.
INFO - 2025-01-27 12:15:09 --> Session: Class initialized using 'CodeIgniter\Session\Handlers\FileHandler' driver.
ERROR - 2025-01-27 12:15:09 --> mysqli_sql_exception: Unknown column 'manuscripts_m.id' in 'where clause' in C:\xampp\htdocs\amar\system\Database\MySQLi\Connection.php:306
Stack trace:
#0 C:\xampp\htdocs\amar\system\Database\MySQLi\Connection.php(306): mysqli->query('SELECT *\nFROM `...', 0)
#1 C:\xampp\htdocs\amar\system\Database\BaseConnection.php(693): CodeIgniter\Database\MySQLi\Connection->execute('SELECT *\nFROM `...')
#2 C:\xampp\htdocs\amar\system\Database\BaseConnection.php(607): CodeIgniter\Database\BaseConnection->simpleQuery('SELECT *\nFROM `...')
#3 C:\xampp\htdocs\amar\system\Database\BaseBuilder.php(1616): CodeIgniter\Database\BaseConnection->query('SELECT *\nFROM `...', Array, false)
#4 C:\xampp\htdocs\amar\system\Model.php(199): CodeIgniter\Database\BaseBuilder->get()
#5 C:\xampp\htdocs\amar\system\BaseModel.php(577): CodeIgniter\Model->doFind(true, 4256)
#6 C:\xampp\htdocs\amar\app\Controllers\SupervisorController.php(177): CodeIgniter\BaseModel->find(4256)
#7 C:\xampp\htdocs\amar\system\CodeIgniter.php(941): App\Controllers\SupervisorController->publish('39', 'manuscript')
#8 C:\xampp\htdocs\amar\system\CodeIgniter.php(502): CodeIgniter\CodeIgniter->runController(Object(App\Controllers\SupervisorController))
#9 C:\xampp\htdocs\amar\system\CodeIgniter.php(361): CodeIgniter\CodeIgniter->handleRequest(NULL, Object(Config\Cache), false)
#10 C:\xampp\htdocs\amar\index.php(79): CodeIgniter\CodeIgniter->run()
#11 {main}
CRITICAL - 2025-01-27 12:15:09 --> CodeIgniter\Database\Exceptions\DatabaseException: Unknown column 'manuscripts_m.id' in 'where clause'
in SYSTEMPATH\Database\BaseConnection.php on line 647.
 1 SYSTEMPATH\Database\BaseBuilder.php(1616): CodeIgniter\Database\BaseConnection->query('SELECT *
FROM `manuscripts_m`
WHERE `manuscripts_m`.`id` = :manuscripts_m.id:', [...], false)
 2 SYSTEMPATH\Model.php(199): CodeIgniter\Database\BaseBuilder->get()
 3 SYSTEMPATH\BaseModel.php(577): CodeIgniter\Model->doFind(true, 4256)
 4 APPPATH\Controllers\SupervisorController.php(177): CodeIgniter\BaseModel->find(4256)
 5 SYSTEMPATH\CodeIgniter.php(941): App\Controllers\SupervisorController->publish('39', 'manuscript')
 6 SYSTEMPATH\CodeIgniter.php(502): CodeIgniter\CodeIgniter->runController(Object(App\Controllers\SupervisorController))
 7 SYSTEMPATH\CodeIgniter.php(361): CodeIgniter\CodeIgniter->handleRequest(null, Object(Config\Cache), false)
 8 FCPATH\index.php(79): CodeIgniter\CodeIgniter->run()
CRITICAL - 2025-01-27 12:15:09 --> [Caused by] CodeIgniter\Database\Exceptions\DatabaseException: Unknown column 'manuscripts_m.id' in 'where clause'
in SYSTEMPATH\Database\MySQLi\Connection.php on line 311.
 1 SYSTEMPATH\Database\BaseConnection.php(693): CodeIgniter\Database\MySQLi\Connection->execute('SELECT *
FROM `manuscripts_m`
WHERE `manuscripts_m`.`id` = 4256')
 2 SYSTEMPATH\Database\BaseConnection.php(607): CodeIgniter\Database\BaseConnection->simpleQuery('SELECT *
FROM `manuscripts_m`
WHERE `manuscripts_m`.`id` = 4256')
 3 SYSTEMPATH\Database\BaseBuilder.php(1616): CodeIgniter\Database\BaseConnection->query('SELECT *
FROM `manuscripts_m`
WHERE `manuscripts_m`.`id` = :manuscripts_m.id:', [...], false)
 4 SYSTEMPATH\Model.php(199): CodeIgniter\Database\BaseBuilder->get()
 5 SYSTEMPATH\BaseModel.php(577): CodeIgniter\Model->doFind(true, 4256)
 6 APPPATH\Controllers\SupervisorController.php(177): CodeIgniter\BaseModel->find(4256)
 7 SYSTEMPATH\CodeIgniter.php(941): App\Controllers\SupervisorController->publish('39', 'manuscript')
 8 SYSTEMPATH\CodeIgniter.php(502): CodeIgniter\CodeIgniter->runController(Object(App\Controllers\SupervisorController))
 9 SYSTEMPATH\CodeIgniter.php(361): CodeIgniter\CodeIgniter->handleRequest(null, Object(Config\Cache), false)
10 FCPATH\index.php(79): CodeIgniter\CodeIgniter->run()
CRITICAL - 2025-01-27 12:15:09 --> [Caused by] mysqli_sql_exception: Unknown column 'manuscripts_m.id' in 'where clause'
in SYSTEMPATH\Database\MySQLi\Connection.php on line 306.
 1 SYSTEMPATH\Database\MySQLi\Connection.php(306): mysqli->query('SELECT *
FROM `manuscripts_m`
WHERE `manuscripts_m`.`id` = 4256', 0)
 2 SYSTEMPATH\Database\BaseConnection.php(693): CodeIgniter\Database\MySQLi\Connection->execute('SELECT *
FROM `manuscripts_m`
WHERE `manuscripts_m`.`id` = 4256')
 3 SYSTEMPATH\Database\BaseConnection.php(607): CodeIgniter\Database\BaseConnection->simpleQuery('SELECT *
FROM `manuscripts_m`
WHERE `manuscripts_m`.`id` = 4256')
 4 SYSTEMPATH\Database\BaseBuilder.php(1616): CodeIgniter\Database\BaseConnection->query('SELECT *
FROM `manuscripts_m`
WHERE `manuscripts_m`.`id` = :manuscripts_m.id:', [...], false)
 5 SYSTEMPATH\Model.php(199): CodeIgniter\Database\BaseBuilder->get()
 6 SYSTEMPATH\BaseModel.php(577): CodeIgniter\Model->doFind(true, 4256)
 7 APPPATH\Controllers\SupervisorController.php(177): CodeIgniter\BaseModel->find(4256)
 8 SYSTEMPATH\CodeIgniter.php(941): App\Controllers\SupervisorController->publish('39', 'manuscript')
 9 SYSTEMPATH\CodeIgniter.php(502): CodeIgniter\CodeIgniter->runController(Object(App\Controllers\SupervisorController))
10 SYSTEMPATH\CodeIgniter.php(361): CodeIgniter\CodeIgniter->handleRequest(null, Object(Config\Cache), false)
11 FCPATH\index.php(79): CodeIgniter\CodeIgniter->run()
INFO - 2025-01-27 12:15:48 --> Session: Class initialized using 'CodeIgniter\Session\Handlers\FileHandler' driver.
INFO - 2025-01-27 12:16:22 --> Session: Class initialized using 'CodeIgniter\Session\Handlers\FileHandler' driver.
INFO - 2025-01-27 12:16:57 --> Session: Class initialized using 'CodeIgniter\Session\Handlers\FileHandler' driver.
ERROR - 2025-01-27 12:16:57 --> mysqli_sql_exception: Unknown column 'manuscripts_m.id' in 'where clause' in C:\xampp\htdocs\amar\system\Database\MySQLi\Connection.php:306
Stack trace:
#0 C:\xampp\htdocs\amar\system\Database\MySQLi\Connection.php(306): mysqli->query('SELECT *\nFROM `...', 0)
#1 C:\xampp\htdocs\amar\system\Database\BaseConnection.php(693): CodeIgniter\Database\MySQLi\Connection->execute('SELECT *\nFROM `...')
#2 C:\xampp\htdocs\amar\system\Database\BaseConnection.php(607): CodeIgniter\Database\BaseConnection->simpleQuery('SELECT *\nFROM `...')
#3 C:\xampp\htdocs\amar\system\Database\BaseBuilder.php(1616): CodeIgniter\Database\BaseConnection->query('SELECT *\nFROM `...', Array, false)
#4 C:\xampp\htdocs\amar\system\Model.php(199): CodeIgniter\Database\BaseBuilder->get()
#5 C:\xampp\htdocs\amar\system\BaseModel.php(577): CodeIgniter\Model->doFind(true, 4259)
#6 C:\xampp\htdocs\amar\app\Controllers\SupervisorController.php(180): CodeIgniter\BaseModel->find(4259)
#7 C:\xampp\htdocs\amar\system\CodeIgniter.php(941): App\Controllers\SupervisorController->publish('39', 'manuscript')
#8 C:\xampp\htdocs\amar\system\CodeIgniter.php(502): CodeIgniter\CodeIgniter->runController(Object(App\Controllers\SupervisorController))
#9 C:\xampp\htdocs\amar\system\CodeIgniter.php(361): CodeIgniter\CodeIgniter->handleRequest(NULL, Object(Config\Cache), false)
#10 C:\xampp\htdocs\amar\index.php(79): CodeIgniter\CodeIgniter->run()
#11 {main}
CRITICAL - 2025-01-27 12:16:57 --> CodeIgniter\Database\Exceptions\DatabaseException: Unknown column 'manuscripts_m.id' in 'where clause'
in SYSTEMPATH\Database\BaseConnection.php on line 647.
 1 SYSTEMPATH\Database\BaseBuilder.php(1616): CodeIgniter\Database\BaseConnection->query('SELECT *
FROM `manuscripts_m`
WHERE `manuscripts_m`.`id` = :manuscripts_m.id:', [...], false)
 2 SYSTEMPATH\Model.php(199): CodeIgniter\Database\BaseBuilder->get()
 3 SYSTEMPATH\BaseModel.php(577): CodeIgniter\Model->doFind(true, 4259)
 4 APPPATH\Controllers\SupervisorController.php(180): CodeIgniter\BaseModel->find(4259)
 5 SYSTEMPATH\CodeIgniter.php(941): App\Controllers\SupervisorController->publish('39', 'manuscript')
 6 SYSTEMPATH\CodeIgniter.php(502): CodeIgniter\CodeIgniter->runController(Object(App\Controllers\SupervisorController))
 7 SYSTEMPATH\CodeIgniter.php(361): CodeIgniter\CodeIgniter->handleRequest(null, Object(Config\Cache), false)
 8 FCPATH\index.php(79): CodeIgniter\CodeIgniter->run()
CRITICAL - 2025-01-27 12:16:57 --> [Caused by] CodeIgniter\Database\Exceptions\DatabaseException: Unknown column 'manuscripts_m.id' in 'where clause'
in SYSTEMPATH\Database\MySQLi\Connection.php on line 311.
 1 SYSTEMPATH\Database\BaseConnection.php(693): CodeIgniter\Database\MySQLi\Connection->execute('SELECT *
FROM `manuscripts_m`
WHERE `manuscripts_m`.`id` = 4259')
 2 SYSTEMPATH\Database\BaseConnection.php(607): CodeIgniter\Database\BaseConnection->simpleQuery('SELECT *
FROM `manuscripts_m`
WHERE `manuscripts_m`.`id` = 4259')
 3 SYSTEMPATH\Database\BaseBuilder.php(1616): CodeIgniter\Database\BaseConnection->query('SELECT *
FROM `manuscripts_m`
WHERE `manuscripts_m`.`id` = :manuscripts_m.id:', [...], false)
 4 SYSTEMPATH\Model.php(199): CodeIgniter\Database\BaseBuilder->get()
 5 SYSTEMPATH\BaseModel.php(577): CodeIgniter\Model->doFind(true, 4259)
 6 APPPATH\Controllers\SupervisorController.php(180): CodeIgniter\BaseModel->find(4259)
 7 SYSTEMPATH\CodeIgniter.php(941): App\Controllers\SupervisorController->publish('39', 'manuscript')
 8 SYSTEMPATH\CodeIgniter.php(502): CodeIgniter\CodeIgniter->runController(Object(App\Controllers\SupervisorController))
 9 SYSTEMPATH\CodeIgniter.php(361): CodeIgniter\CodeIgniter->handleRequest(null, Object(Config\Cache), false)
10 FCPATH\index.php(79): CodeIgniter\CodeIgniter->run()
CRITICAL - 2025-01-27 12:16:57 --> [Caused by] mysqli_sql_exception: Unknown column 'manuscripts_m.id' in 'where clause'
in SYSTEMPATH\Database\MySQLi\Connection.php on line 306.
 1 SYSTEMPATH\Database\MySQLi\Connection.php(306): mysqli->query('SELECT *
FROM `manuscripts_m`
WHERE `manuscripts_m`.`id` = 4259', 0)
 2 SYSTEMPATH\Database\BaseConnection.php(693): CodeIgniter\Database\MySQLi\Connection->execute('SELECT *
FROM `manuscripts_m`
WHERE `manuscripts_m`.`id` = 4259')
 3 SYSTEMPATH\Database\BaseConnection.php(607): CodeIgniter\Database\BaseConnection->simpleQuery('SELECT *
FROM `manuscripts_m`
WHERE `manuscripts_m`.`id` = 4259')
 4 SYSTEMPATH\Database\BaseBuilder.php(1616): CodeIgniter\Database\BaseConnection->query('SELECT *
FROM `manuscripts_m`
WHERE `manuscripts_m`.`id` = :manuscripts_m.id:', [...], false)
 5 SYSTEMPATH\Model.php(199): CodeIgniter\Database\BaseBuilder->get()
 6 SYSTEMPATH\BaseModel.php(577): CodeIgniter\Model->doFind(true, 4259)
 7 APPPATH\Controllers\SupervisorController.php(180): CodeIgniter\BaseModel->find(4259)
 8 SYSTEMPATH\CodeIgniter.php(941): App\Controllers\SupervisorController->publish('39', 'manuscript')
 9 SYSTEMPATH\CodeIgniter.php(502): CodeIgniter\CodeIgniter->runController(Object(App\Controllers\SupervisorController))
10 SYSTEMPATH\CodeIgniter.php(361): CodeIgniter\CodeIgniter->handleRequest(null, Object(Config\Cache), false)
11 FCPATH\index.php(79): CodeIgniter\CodeIgniter->run()
INFO - 2025-01-27 12:19:50 --> Session: Class initialized using 'CodeIgniter\Session\Handlers\FileHandler' driver.
